20:47:55.335 [main] INFO  Play_Now.DGBM_B_TestCase_1 - Left logo is present>>=factile
20:48:18.237 [main] INFO  Play_Now.DGBP_B_TestCase_2 - Driver is Initilize
20:48:29.422 [main] INFO  Play_Now.DGBP_B_TestCase_2 - Navigated to homePage
20:49:05.681 [main] INFO  Play_Now.DGBP_B_TestCase_2 - Mascot image is uploaded
20:50:00.913 [main] INFO  Play_Now.DGBP_HSB_TestCase_3 - Driver is Initilize
20:50:25.677 [main] INFO  Play_Now.DGBP_HSB_TestCase_3 - Navigated to homePage
20:52:20.676 [main] INFO  TestCases_Execution.TestCase_1 - Driver is Initilize
20:52:52.254 [main] INFO  TestCases_Execution.TestCase_1 - Navigated to homePage
20:57:26.426 [main] INFO  TestCases_Execution.TestCase_1 - Twitter link is>>null
20:58:37.858 [main] INFO  Play_Now.DGBP_HSB_TestCase_5 - Driver is Initilize
20:58:48.399 [main] INFO  Play_Now.DGBP_HSB_TestCase_5 - Navigated to homePage
20:59:05.828 [main] INFO  Play_Now.DGBP_HSB_TestCase_5 - At customization page>> UnCheck display exact case>> 
21:00:41.105 [main] INFO  Play_Now.DGBP_HSB_TestCase_5 - when unchecked from customization setting>>Exact case is not displayed
21:05:39.097 [main] INFO  Play_Now.DGBM_B_TestCase_1 - Driver is Initilize
21:05:46.348 [main] INFO  Play_Now.DGBM_B_TestCase_1 - Navigated to homePage
21:08:20.334 [main] INFO  Play_Now.DGBM_B_TestCase_1 - Left logo is present>>=factile
21:08:34.347 [main] INFO  Play_Now.DGBP_B_TestCase_2 - Driver is Initilize
21:08:42.568 [main] INFO  Play_Now.DGBP_B_TestCase_2 - Navigated to homePage
21:09:16.301 [main] INFO  Play_Now.DGBP_B_TestCase_2 - Mascot image is uploaded
21:09:24.956 [main] INFO  Play_Now.DGBP_B_TestCase_2 - New mascot is Activated.
21:10:28.566 [main] INFO  Play_Now.DGBP_B_TestCase_2 - uploaded masoct is active & selected at player screen .
21:10:39.719 [main] INFO  Play_Now.DGBP_HSB_TestCase_3 - Driver is Initilize
21:10:49.610 [main] INFO  Play_Now.DGBP_HSB_TestCase_3 - Navigated to homePage
21:12:51.966 [main] INFO  TestCases_Execution.TestCase_1 - Driver is Initilize
21:13:02.272 [main] INFO  TestCases_Execution.TestCase_1 - Navigated to homePage
21:14:46.951 [main] INFO  TestCases_Execution.TestCase_1 - Twitter link is>>null
21:15:01.988 [main] INFO  Play_Now.DGBP_HSB_TestCase_5 - Driver is Initilize
21:15:08.673 [main] INFO  Play_Now.DGBP_HSB_TestCase_5 - Navigated to homePage
21:15:25.583 [main] INFO  Play_Now.DGBP_HSB_TestCase_5 - At customization page>> UnCheck display exact case>> 
21:16:43.406 [main] INFO  Play_Now.DGBP_HSB_TestCase_5 - when unchecked from customization setting>>Exact case is not displayed
21:25:20.672 [main] INFO  Play_Now.DGBM_B_TestCase_1 - Driver is Initilize
21:25:35.141 [main] INFO  Play_Now.DGBM_B_TestCase_1 - Navigated to homePage
21:27:53.617 [main] INFO  Play_Now.DGBM_B_TestCase_1 - Left logo is present>>=factile
21:28:09.132 [main] INFO  Play_Now.DGBP_B_TestCase_2 - Driver is Initilize
21:28:16.837 [main] INFO  Play_Now.DGBP_B_TestCase_2 - Navigated to homePage
21:28:49.225 [main] INFO  Play_Now.DGBP_B_TestCase_2 - Mascot image is uploaded
21:28:58.173 [main] INFO  Play_Now.DGBP_B_TestCase_2 - New mascot is Activated.
21:30:04.531 [main] INFO  Play_Now.DGBP_B_TestCase_2 - uploaded masoct is active & selected at player screen .
21:30:16.612 [main] INFO  Play_Now.DGBP_HSB_TestCase_3 - Driver is Initilize
21:30:23.711 [main] INFO  Play_Now.DGBP_HSB_TestCase_3 - Navigated to homePage
21:32:39.786 [main] INFO  Play_Now.DGBP_HSB_TestCase_3 - Background image is successfully loaded at gameboard, image url is= background: url("https://factile-test-dynamic.s3.amazonaws.com/backgrounds/bg1604332883256pf64453.jpg");
21:32:39.831 [main] INFO  Play_Now.DGBP_HSB_TestCase_3 - At Modearter >> Game Board Color is=background-color: rgb(255, 255, 255);
21:32:39.874 [main] INFO  Play_Now.DGBP_HSB_TestCase_3 - At Modearter >> Question Tile Color & Dollar colour is=background-color: rgb(242, 184, 58); color: rgb(31, 31, 31);
21:32:39.934 [main] INFO  Play_Now.DGBP_HSB_TestCase_3 - At Modearter >> game category title color=color: rgb(135, 81, 232); font-size: 13.66px;
21:32:40.017 [main] INFO  Play_Now.DGBP_HSB_TestCase_3 - At player >> gameboard background image is>>background: url("https://factile-test-dynamic.s3.amazonaws.com/backgrounds/bg1604332883256pf64453.jpg");
21:32:40.055 [main] INFO  Play_Now.DGBP_HSB_TestCase_3 - At player >> gameboard gameboard colour is =>>background: rgb(255, 255, 255);
21:32:40.106 [main] INFO  Play_Now.DGBP_HSB_TestCase_3 - At player >>game tile color is =>>background: rgb(242, 184, 58);
21:32:40.147 [main] INFO  Play_Now.DGBP_HSB_TestCase_3 - At player >>Dollar colour is=>>color: rgb(31, 31, 31);
21:32:40.189 [main] INFO  Play_Now.DGBP_HSB_TestCase_3 - At Modearter >> game category Title color=color: rgb(135, 81, 232);
21:32:49.507 [main] INFO  TestCases_Execution.TestCase_1 - Driver is Initilize
21:32:58.826 [main] INFO  TestCases_Execution.TestCase_1 - Navigated to homePage
21:34:26.301 [main] INFO  TestCases_Execution.TestCase_1 - Twitter link is>>null
