15:40:49.424 [main] INFO  Factile_Mode_v3.HideCategoryWithPointsUnChecked - At customization page>> Check Hide Category with Points>> 
15:41:50.486 [main] INFO  Factile_Mode_v3.HideCategoryWithPointsUnChecked - Hide category with points is not working >>When UnChecked
15:41:59.511 [main] INFO  Factile_Mode_v3.PlayAsJeopardyStyle - Driver is Initilize
15:42:07.381 [main] INFO  Factile_Mode_v3.PlayAsJeopardyStyle - Navigated to homePage
15:42:21.145 [main] INFO  Factile_Mode_v3.PlayAsJeopardyStyle - At customization page>> Checked Play As Numbered Tiles Instead Of Jeopardy-style >> 
15:43:24.193 [main] INFO  Factile_Mode_v3.PlayAsJeopardyStyle - Play as Jeopardy Style
15:43:31.804 [main] INFO  Factile_Mode_v3.PlayAsNumberedTilesInsteadOfJeopardyStyleChecked - Driver is Initilize
15:43:40.869 [main] INFO  Factile_Mode_v3.PlayAsNumberedTilesInsteadOfJeopardyStyleChecked - Navigated to homePage
15:43:54.264 [main] INFO  Factile_Mode_v3.PlayAsNumberedTilesInsteadOfJeopardyStyleChecked - At customization page>> Checked Play As Numbered Tiles Instead Of Jeopardy-style >> 
15:44:58.116 [main] INFO  Factile_Mode_v3.PlayAsNumberedTilesInsteadOfJeopardyStyleChecked - Play as Numbered Tiles Instead OF Jeopardy Style
15:51:01.097 [main] INFO  Factile_Mode_v3.DoubleFactile - Driver is Initilize
15:51:09.437 [main] INFO  Factile_Mode_v3.DoubleFactile - Navigated to homePage
15:51:43.271 [main] INFO  Factile_Mode_v3.DoubleFactile - At customization page>> Double Factile is Checked >> 
15:54:20.211 [main] INFO  Factile_Mode_v3.DoubleFactile - Double Factile is working fine
15:54:28.722 [main] INFO  Factile_Mode_v3.DailyDouble - Driver is Initilize
15:54:35.560 [main] INFO  Factile_Mode_v3.DailyDouble - Navigated to homePage
15:55:01.546 [main] INFO  Factile_Mode_v3.DailyDouble - At customization page>> Checked Daily Double >> 
15:56:12.842 [main] INFO  Factile_Mode_v3.DisplayAnswerButton - Driver is Initilize
15:56:20.290 [main] INFO  Factile_Mode_v3.DisplayAnswerButton - Navigated to homePage
15:56:34.912 [main] INFO  Factile_Mode_v3.DisplayAnswerButton - At customization page>> Checked Display Answer Button >> 
15:57:39.401 [main] INFO  Factile_Mode_v3.DisplayAnswerButton - Display Answer Button>> When Checked
15:57:47.727 [main] INFO  Factile_Mode_v3.DisplayExactCaseChecked - Driver is Initilize
15:57:54.949 [main] INFO  Factile_Mode_v3.DisplayExactCaseChecked - Navigated to homePage
15:58:07.308 [main] INFO  Factile_Mode_v3.DisplayExactCaseChecked - At customization page>> Checked Display Exact Case >> 
15:59:09.618 [main] INFO  Factile_Mode_v3.DisplayExactCaseChecked - Display Exact Case>> When Checked
15:59:17.544 [main] INFO  Factile_Mode_v3.DisplayExactCaseUnChecked - Driver is Initilize
15:59:22.118 [main] INFO  Factile_Mode_v3.DisplayExactCaseUnChecked - Navigated to homePage
15:59:35.597 [main] INFO  Factile_Mode_v3.DisplayExactCaseUnChecked - At customization page>> Checked Display Exact Case >> 
16:00:37.975 [main] INFO  Factile_Mode_v3.DisplayExactCaseUnChecked - Display Exact Case>> When Checked
16:00:45.966 [main] INFO  Factile_Mode_v3.DisplayQuestionOnGameBoardTileChecked - Driver is Initilize
16:00:52.203 [main] INFO  Factile_Mode_v3.DisplayQuestionOnGameBoardTileChecked - Navigated to homePage
16:01:05.288 [main] INFO  Factile_Mode_v3.DisplayQuestionOnGameBoardTileChecked - At customization page>> Checked Display Exact Case >> 
17:08:53.559 [main] INFO  Factile_Mode_v3.Sign_Out - Driver is Initilize
17:08:59.480 [main] INFO  Factile_Mode_v3.Sign_Out - Navigated to homePage
17:11:50.001 [main] INFO  Factile_Mode_v3.GoProToSubscriptionHomeSchoolMonthlyData_Verify - Driver is Initilize
17:11:58.029 [main] INFO  Factile_Mode_v3.GoProToSubscriptionHomeSchoolMonthlyData_Verify - Navigated to homePage
17:12:44.879 [main] INFO  Factile_Mode_v3.GoProToSubscriptionHomeSchoolYearlyData_Verify - Driver is Initilize
17:12:51.820 [main] INFO  Factile_Mode_v3.GoProToSubscriptionHomeSchoolYearlyData_Verify - Navigated to homePage
17:13:48.211 [main] INFO  Factile_Mode_v3.GoProToSubscriptionBussinessMonthlyData_Verify - Driver is Initilize
17:13:55.891 [main] INFO  Factile_Mode_v3.GoProToSubscriptionBussinessMonthlyData_Verify - Navigated to homePage
17:14:47.467 [main] INFO  Factile_Mode_v3.GoProToSubscriptionBussinessYearlyData_Verify - Driver is Initilize
17:14:51.057 [main] INFO  Factile_Mode_v3.GoProToSubscriptionBussinessYearlyData_Verify - Navigated to homePage
17:15:30.229 [main] INFO  Factile_Mode_v3.Sign_UP - Driver is Initilize
17:15:37.067 [main] INFO  Factile_Mode_v3.Sign_UP - Navigated to homePage
17:16:13.558 [main] INFO  Factile_Mode_v3.Log_In - Driver is Initilize
17:16:20.622 [main] INFO  Factile_Mode_v3.Log_In - Navigated to homePage
17:16:25.926 [main] INFO  Factile_Mode_v3.Log_In - Log in working fine
17:16:26.974 [main] INFO  Factile_Mode_v3.Sign_Out - Driver is Initilize
17:16:34.667 [main] INFO  Factile_Mode_v3.Sign_Out - Navigated to homePage
17:16:51.267 [main] INFO  Factile_Mode_v3.ForgetPassword - Driver is Initilize
