12:17:04.949 [main] INFO  Factile_Mode_v3.PageNotFound_Links_at_HomePage - Driver is Initilize
12:17:09.279 [main] INFO  Factile_Mode_v3.PageNotFound_Links_at_HomePage - Navigated to homePage
12:20:47.930 [main] INFO  Factile_Mode_v3.GoProToSubscriptionHomeSchoolMonthlyData_Verify - Driver is Initilize
12:20:53.430 [main] INFO  Factile_Mode_v3.GoProToSubscriptionHomeSchoolMonthlyData_Verify - Navigated to homePage
12:21:23.586 [main] INFO  Factile_Mode_v3.GoProToSubscriptionHomeSchoolYearlyData_Verify - Driver is Initilize
12:21:29.591 [main] INFO  Factile_Mode_v3.GoProToSubscriptionHomeSchoolYearlyData_Verify - Navigated to homePage
12:22:03.509 [main] INFO  Factile_Mode_v3.GoProToSubscriptionBussinessMonthlyData_Verify - Driver is Initilize
12:22:07.867 [main] INFO  Factile_Mode_v3.GoProToSubscriptionBussinessMonthlyData_Verify - Navigated to homePage
12:22:37.722 [main] INFO  Factile_Mode_v3.GoProToSubscriptionBussinessYearlyData_Verify - Driver is Initilize
12:22:41.742 [main] INFO  Factile_Mode_v3.GoProToSubscriptionBussinessYearlyData_Verify - Navigated to homePage
15:34:16.619 [main] INFO  Factile_Mode_v3.GoProToSubscriptionBussinessMonthlyData_Verify - Driver is Initilize
15:34:21.918 [main] INFO  Factile_Mode_v3.GoProToSubscriptionBussinessMonthlyData_Verify - Navigated to homePage
15:38:13.798 [main] INFO  Factile_Mode_v3.GoProToSubscriptionBussinessYearlyData_Verify - Driver is Initilize
15:38:19.131 [main] INFO  Factile_Mode_v3.GoProToSubscriptionBussinessYearlyData_Verify - Navigated to homePage
15:40:37.703 [main] INFO  Factile_Mode_v3.GoProToSubscriptionHomeSchoolYearlyData_Verify - Driver is Initilize
15:40:41.800 [main] INFO  Factile_Mode_v3.GoProToSubscriptionHomeSchoolYearlyData_Verify - Navigated to homePage
17:15:03.076 [main] INFO  Factile_Mode_v3.TwoFactorAuthentication - Driver is Initilize
17:15:07.914 [main] INFO  Factile_Mode_v3.TwoFactorAuthentication - Navigated to homePage
17:34:51.456 [main] INFO  Factile_Mode_v3.DeleteAccount - Driver is Initilize
17:34:56.252 [main] INFO  Factile_Mode_v3.DeleteAccount - Navigated to homePage
13:39:26.141 [main] INFO  Factile_Mode_v3.DeleteAccount - Driver is Initilize
13:39:31.736 [main] INFO  Factile_Mode_v3.DeleteAccount - Navigated to homePage
13:41:48.923 [main] INFO  Factile_Mode_v3.DeleteAccount - Driver is Initilize
13:41:55.141 [main] INFO  Factile_Mode_v3.DeleteAccount - Navigated to homePage
13:51:41.329 [main] INFO  Factile_Mode_v3.DeleteAccount - Driver is Initilize
13:51:46.327 [main] INFO  Factile_Mode_v3.DeleteAccount - Navigated to homePage
13:56:23.412 [main] INFO  Factile_Mode_v3.Sign_UP - Driver is Initilize
13:56:28.293 [main] INFO  Factile_Mode_v3.Sign_UP - Navigated to homePage
13:56:39.516 [main] INFO  Factile_Mode_v3.Log_In - Driver is Initilize
13:56:43.358 [main] INFO  Factile_Mode_v3.Log_In - Navigated to homePage
13:56:47.948 [main] INFO  Factile_Mode_v3.Sign_Out - Driver is Initilize
13:56:50.758 [main] INFO  Factile_Mode_v3.Sign_Out - Navigated to homePage
13:57:02.887 [main] INFO  Factile_Mode_v3.ForgetPassword - Driver is Initilize
13:57:06.147 [main] INFO  Factile_Mode_v3.ForgetPassword - Navigated to homePage
13:57:53.861 [main] INFO  Factile_Mode_v3.TwoFactorAuthentication - Driver is Initilize
13:57:58.176 [main] INFO  Factile_Mode_v3.TwoFactorAuthentication - Navigated to homePage
13:58:39.627 [main] INFO  Factile_Mode_v3.ChangePassword - Driver is Initilize
13:58:42.208 [main] INFO  Factile_Mode_v3.ChangePassword - Navigated to homePage
13:58:56.780 [main] INFO  Factile_Mode_v3.Support_Form - Driver is Initilize
13:58:59.798 [main] INFO  Factile_Mode_v3.Support_Form - Navigated to homePage
14:00:14.162 [main] INFO  Factile_Mode_v3.DeleteAccount - Driver is Initilize
14:00:19.198 [main] INFO  Factile_Mode_v3.DeleteAccount - Navigated to homePage
14:01:27.805 [main] INFO  Factile_Mode_v3.HeaderMenuInFreeAccount - Driver is Initilize
14:01:32.408 [main] INFO  Factile_Mode_v3.HeaderMenuInFreeAccount - Navigated to homePage
14:01:38.881 [main] INFO  Factile_Mode_v3.HeaderMenuInPaidAccount - Driver is Initilize
14:01:41.935 [main] INFO  Factile_Mode_v3.HeaderMenuInPaidAccount - Navigated to homePage
14:01:48.284 [main] INFO  Factile_Mode_v3.PageNotFound_Links_at_HomePage - Driver is Initilize
14:01:51.680 [main] INFO  Factile_Mode_v3.PageNotFound_Links_at_HomePage - Navigated to homePage
14:04:26.263 [main] INFO  Factile_Mode_v3.GoProToSubscriptionHomeSchoolMonthlyData_Verify - Driver is Initilize
14:04:30.777 [main] INFO  Factile_Mode_v3.GoProToSubscriptionHomeSchoolMonthlyData_Verify - Navigated to homePage
14:05:35.105 [main] INFO  Factile_Mode_v3.GoProToSubscriptionHomeSchoolYearlyData_Verify - Driver is Initilize
14:05:39.472 [main] INFO  Factile_Mode_v3.GoProToSubscriptionHomeSchoolYearlyData_Verify - Navigated to homePage
14:06:10.813 [main] INFO  Factile_Mode_v3.GoProToSubscriptionBussinessMonthlyData_Verify - Driver is Initilize
14:06:15.090 [main] INFO  Factile_Mode_v3.GoProToSubscriptionBussinessMonthlyData_Verify - Navigated to homePage
