18:39:34.253 [main] INFO  Factile_Mode.DGBP_HSB_TestCase_16 - Navigated to homePage
18:41:15.308 [main] INFO  Factile_Mode.DGBP_HSB_TestCase_17 - Driver is Initilize
18:41:19.535 [main] INFO  Factile_Mode.DGBP_HSB_TestCase_17 - Navigated to homePage
18:43:09.955 [main] INFO  Factile_Mode.DGBP_HSB_TestCase_18 - Driver is Initilize
18:43:14.209 [main] INFO  Factile_Mode.DGBP_HSB_TestCase_18 - Navigated to homePage
18:45:48.265 [main] INFO  Factile_Mode.DGBP_HSB_TestCase_18 - JGame_Point_Symbol_€_Before is working fine
18:48:31.673 [main] INFO  Factile_Mode.DGBM_B_TestCase_1 - Driver is Initilize
18:48:37.152 [main] INFO  Factile_Mode.DGBM_B_TestCase_1 - Navigated to homePage
18:49:48.259 [main] INFO  Factile_Mode.DGBM_B_TestCase_1 - Left logo is present>>=factile
18:49:56.491 [main] INFO  Factile_Mode.DGBP_B_TestCase_2 - Driver is Initilize
18:50:00.992 [main] INFO  Factile_Mode.DGBP_B_TestCase_2 - Navigated to homePage
18:50:30.304 [main] INFO  Factile_Mode.DGBP_B_TestCase_2 - Mascot image is uploaded
18:51:26.387 [main] INFO  Factile_Mode.DGBP_B_TestCase_2 - uploaded masoct is active & selected at player screen .
18:51:40.882 [main] INFO  Factile_Mode.DGBP_B_TestCase_2 - uploaded masoct is visible on player screen
18:51:45.842 [main] INFO  Factile_Mode.DGBP_HSB_TestCase_3 - Driver is Initilize
18:51:50.840 [main] INFO  Factile_Mode.DGBP_HSB_TestCase_3 - Navigated to homePage
18:54:13.266 [main] INFO  Factile_Mode.DGBP_HSB_TestCase_3 - Background image is successfully loaded at gameboard, image url is= background: url("https://factile-test-dynamic.s3.amazonaws.com/backgrounds/bg1605187387315pf33605.jpg");
18:54:13.293 [main] INFO  Factile_Mode.DGBP_HSB_TestCase_3 - At Modearter >> Game Board Color is=background-color: rgb(255, 255, 255);
18:54:13.311 [main] INFO  Factile_Mode.DGBP_HSB_TestCase_3 - At Modearter >> Question Tile Color & Dollar colour is=background-color: rgb(242, 184, 58); color: rgb(31, 31, 31);
18:54:13.327 [main] INFO  Factile_Mode.DGBP_HSB_TestCase_3 - At Modearter >> game category title color=color: rgb(135, 81, 232); font-size: 16px;
18:54:17.390 [main] INFO  Factile_Mode.DGBP_HSB_TestCase_3 - At player >> gameboard background image is>>background: url("https://factile-test-dynamic.s3.amazonaws.com/backgrounds/bg1605187387315pf33605.jpg");
18:54:17.423 [main] INFO  Factile_Mode.DGBP_HSB_TestCase_3 - At player >> gameboard gameboard colour is =>>background: rgb(255, 255, 255);
18:54:17.443 [main] INFO  Factile_Mode.DGBP_HSB_TestCase_3 - At player >>game tile color is =>>background: rgb(242, 184, 58);
18:54:17.460 [main] INFO  Factile_Mode.DGBP_HSB_TestCase_3 - At player >>Dollar colour is=>>color: rgb(31, 31, 31);
18:54:17.475 [main] INFO  Factile_Mode.DGBP_HSB_TestCase_3 - At Modearter >> game category Title color=color: rgb(135, 81, 232);
18:54:22.426 [main] INFO  TestCases_Execution.TestCase_1 - Driver is Initilize
18:54:26.819 [main] INFO  TestCases_Execution.TestCase_1 - Navigated to homePage
18:55:50.941 [main] INFO  TestCases_Execution.TestCase_1 - When unchecked from customization setting>>Twitter link is displaying
18:55:50.941 [main] INFO  TestCases_Execution.TestCase_1 - When unchecked from customization setting>>Pintrest link is displaying
18:55:55.765 [main] INFO  TestCases_Execution.TestCase_1 - Driver is Initilize
18:55:59.739 [main] INFO  TestCases_Execution.TestCase_1 - Navigated to homePage
18:57:40.386 [main] INFO  TestCases_Execution.TestCase_1 - SMO(Twiiter & Pintrest) Links not present on gameboard at moderater screen
18:57:45.304 [main] INFO  Factile_Mode.DGBP_HSB_TestCase_6 - Driver is Initilize
18:57:49.792 [main] INFO  Factile_Mode.DGBP_HSB_TestCase_6 - Navigated to homePage
18:58:11.017 [main] INFO  Factile_Mode.DGBP_HSB_TestCase_6 - At customization page>> UnCheck display exact case>> 
18:59:05.575 [main] INFO  Factile_Mode.DGBP_HSB_TestCase_6 - when unchecked from customization setting>>Exact case is not displayed
18:59:10.485 [main] INFO  Factile_Mode.DGBP_HSB_TestCase_7 - Driver is Initilize
18:59:14.724 [main] INFO  Factile_Mode.DGBP_HSB_TestCase_7 - Navigated to homePage
18:59:31.652 [main] INFO  Factile_Mode.DGBP_HSB_TestCase_7 - At customization page>> UnCheck display exact case>> 
19:01:12.707 [main] INFO  Factile_Mode.DGBP_HSB_TestCase_7 - when Checked from customization setting>>Exact case is  displayed
19:01:17.670 [main] INFO  Factile_Mode.DGBP_HSB_TestCase_8 - Driver is Initilize
19:01:22.003 [main] INFO  Factile_Mode.DGBP_HSB_TestCase_8 - Navigated to homePage
19:01:53.331 [main] INFO  Factile_Mode.DGBP_HSB_TestCase_8 - At customization page>> UnCheck Hide Category with Points>> 
19:02:47.173 [main] INFO  Factile_Mode.DGBP_HSB_TestCase_8 - category with points is =T3 FOR 100
19:02:52.020 [main] INFO  Factile_Mode.DGBP_HSB_TestCase_9 - Driver is Initilize
19:02:57.561 [main] INFO  Factile_Mode.DGBP_HSB_TestCase_9 - Navigated to homePage
19:03:12.223 [main] INFO  Factile_Mode.DGBP_HSB_TestCase_9 - At customization page>> Check Hide Category with Points>> 
