10:57:29.800 [main] INFO  Factile_Mode_v3.TwoFactorAuthentication - Navigated to homePage
10:58:08.046 [main] INFO  Factile_Mode_v3.ChangePassword - Driver is Initilize
10:58:11.048 [main] INFO  Factile_Mode_v3.ChangePassword - Navigated to homePage
10:58:23.527 [main] INFO  Factile_Mode_v3.Support_Form - Driver is Initilize
10:58:27.808 [main] INFO  Factile_Mode_v3.Support_Form - Navigated to homePage
10:58:43.696 [main] INFO  Factile_Mode_v3.DeleteAccount - Driver is Initilize
10:58:47.432 [main] INFO  Factile_Mode_v3.DeleteAccount - Navigated to homePage
10:59:14.144 [main] INFO  Factile_Mode_v3.HeaderMenuInFreeAccount - Driver is Initilize
10:59:18.368 [main] INFO  Factile_Mode_v3.HeaderMenuInFreeAccount - Navigated to homePage
10:59:23.594 [main] INFO  Factile_Mode_v3.HeaderMenuInPaidAccount - Driver is Initilize
10:59:28.034 [main] INFO  Factile_Mode_v3.HeaderMenuInPaidAccount - Navigated to homePage
10:59:33.543 [main] INFO  Factile_Mode_v3.PageNotFound_Links_at_HomePage - Driver is Initilize
10:59:37.009 [main] INFO  Factile_Mode_v3.PageNotFound_Links_at_HomePage - Navigated to homePage
11:30:06.140 [main] INFO  Factile_Mode_v3.NoOfGameAllowedToCreate_IN_FreeAccount - Driver is Initilize
11:30:10.789 [main] INFO  Factile_Mode_v3.NoOfGameAllowedToCreate_IN_FreeAccount - Navigated to homePage
11:31:46.728 [main] INFO  Factile_Mode_v3.Sign_UP - Driver is Initilize
11:31:51.573 [main] INFO  Factile_Mode_v3.Sign_UP - Navigated to homePage
11:32:14.770 [main] INFO  Factile_Mode_v3.Log_In - Driver is Initilize
11:32:18.739 [main] INFO  Factile_Mode_v3.Log_In - Navigated to homePage
11:32:20.998 [main] INFO  Factile_Mode_v3.Sign_Out - Driver is Initilize
11:32:25.336 [main] INFO  Factile_Mode_v3.Sign_Out - Navigated to homePage
11:32:37.068 [main] INFO  Factile_Mode_v3.ForgetPassword - Driver is Initilize
11:32:41.100 [main] INFO  Factile_Mode_v3.ForgetPassword - Navigated to homePage
11:33:10.046 [main] INFO  Factile_Mode_v3.TwoFactorAuthentication - Driver is Initilize
11:33:13.787 [main] INFO  Factile_Mode_v3.TwoFactorAuthentication - Navigated to homePage
11:33:52.517 [main] INFO  Factile_Mode_v3.ChangePassword - Driver is Initilize
11:33:56.793 [main] INFO  Factile_Mode_v3.ChangePassword - Navigated to homePage
11:34:10.096 [main] INFO  Factile_Mode_v3.Support_Form - Driver is Initilize
11:34:14.864 [main] INFO  Factile_Mode_v3.Support_Form - Navigated to homePage
11:34:30.926 [main] INFO  Factile_Mode_v3.DeleteAccount - Driver is Initilize
11:34:35.554 [main] INFO  Factile_Mode_v3.DeleteAccount - Navigated to homePage
11:35:02.653 [main] INFO  Factile_Mode_v3.HeaderMenuInFreeAccount - Driver is Initilize
11:35:06.342 [main] INFO  Factile_Mode_v3.HeaderMenuInFreeAccount - Navigated to homePage
11:35:11.663 [main] INFO  Factile_Mode_v3.HeaderMenuInPaidAccount - Driver is Initilize
11:35:15.474 [main] INFO  Factile_Mode_v3.HeaderMenuInPaidAccount - Navigated to homePage
11:35:20.487 [main] INFO  Factile_Mode_v3.PageNotFound_Links_at_HomePage - Driver is Initilize
11:35:24.000 [main] INFO  Factile_Mode_v3.PageNotFound_Links_at_HomePage - Navigated to homePage
11:40:16.108 [main] INFO  Factile_Mode_v3.GoProToSubscriptionBussinessMonthlyData_Verify - Driver is Initilize
11:40:20.793 [main] INFO  Factile_Mode_v3.GoProToSubscriptionBussinessMonthlyData_Verify - Navigated to homePage
11:41:23.051 [main] INFO  Factile_Mode_v3.GoProToSubscriptionBussinessYearlyData_Verify - Driver is Initilize
11:41:27.008 [main] INFO  Factile_Mode_v3.GoProToSubscriptionBussinessYearlyData_Verify - Navigated to homePage
11:42:25.428 [main] INFO  Factile_Mode_v3.GoProToSubscriptionHomeSchoolMonthlyData_Verify - Driver is Initilize
11:42:29.458 [main] INFO  Factile_Mode_v3.GoProToSubscriptionHomeSchoolMonthlyData_Verify - Navigated to homePage
11:43:12.939 [main] INFO  Factile_Mode_v3.GoProToSubscriptionHomeSchoolYearlyData_Verify - Driver is Initilize
11:43:16.837 [main] INFO  Factile_Mode_v3.GoProToSubscriptionHomeSchoolYearlyData_Verify - Navigated to homePage
12:03:23.380 [main] INFO  Factile_Mode_v3.HideCategoryWithPoints - Driver is Initilize
12:03:28.258 [main] INFO  Factile_Mode_v3.HideCategoryWithPoints - Navigated to homePage
12:07:52.855 [main] INFO  Factile_Mode_v3.HideCategoryWithPoints - Driver is Initilize
12:07:57.354 [main] INFO  Factile_Mode_v3.HideCategoryWithPoints - Navigated to homePage
13:33:32.977 [main] INFO  Factile_Mode_v3.HideCategoryWithPoints - Driver is Initilize
13:33:59.135 [main] INFO  Factile_Mode_v3.HideCategoryWithPoints - Driver is Initilize
13:34:03.485 [main] INFO  Factile_Mode_v3.HideCategoryWithPoints - Navigated to homePage
13:34:15.318 [main] INFO  Factile_Mode_v3.HideCategoryWithPoints - At customization page>> Check Hide Category with Points>> 
13:50:15.804 [main] INFO  Factile_Mode_v3.HideCategoryWithPoints - Driver is Initilize
13:50:20.683 [main] INFO  Factile_Mode_v3.HideCategoryWithPoints - Driver is Initilize
13:50:20.880 [main] INFO  Factile_Mode_v3.HideCategoryWithPoints - Navigated to homePage
13:50:24.817 [main] INFO  Factile_Mode_v3.HideCategoryWithPoints - Navigated to homePage
