11:30:01.890 [main] INFO  Factile_Mode_v3.Sign_UP - Driver is Initilize
11:30:07.283 [main] INFO  Factile_Mode_v3.Sign_UP - Navigated to homePage
11:30:17.585 [main] INFO  Factile_Mode_v3.Log_In - Driver is Initilize
11:30:22.099 [main] INFO  Factile_Mode_v3.Log_In - Navigated to homePage
11:30:25.956 [main] INFO  Factile_Mode_v3.Sign_Out - Driver is Initilize
11:30:31.016 [main] INFO  Factile_Mode_v3.Sign_Out - Navigated to homePage
11:30:45.341 [main] INFO  Factile_Mode_v3.ForgetPassword - Driver is Initilize
11:30:51.020 [main] INFO  Factile_Mode_v3.ForgetPassword - Navigated to homePage
11:31:19.907 [main] INFO  Factile_Mode_v3.TwoFactorAuthentication - Driver is Initilize
11:31:24.068 [main] INFO  Factile_Mode_v3.TwoFactorAuthentication - Navigated to homePage
11:32:05.124 [main] INFO  Factile_Mode_v3.ChangePassword - Driver is Initilize
11:32:10.618 [main] INFO  Factile_Mode_v3.ChangePassword - Navigated to homePage
11:32:24.248 [main] INFO  Factile_Mode_v3.Support_Form - Driver is Initilize
11:32:30.679 [main] INFO  Factile_Mode_v3.Support_Form - Navigated to homePage
11:33:46.220 [main] INFO  Factile_Mode_v3.DeleteAccount - Driver is Initilize
11:33:50.937 [main] INFO  Factile_Mode_v3.DeleteAccount - Navigated to homePage
11:34:11.005 [main] INFO  Factile_Mode_v3.HeaderMenuInFreeAccount - Driver is Initilize
11:34:14.958 [main] INFO  Factile_Mode_v3.HeaderMenuInFreeAccount - Navigated to homePage
11:34:20.808 [main] INFO  Factile_Mode_v3.HeaderMenuInPaidAccount - Driver is Initilize
11:34:26.224 [main] INFO  Factile_Mode_v3.HeaderMenuInPaidAccount - Navigated to homePage
11:34:32.703 [main] INFO  Factile_Mode_v3.PageNotFound_Links_at_HomePage - Driver is Initilize
11:34:38.464 [main] INFO  Factile_Mode_v3.PageNotFound_Links_at_HomePage - Navigated to homePage
11:37:24.044 [main] INFO  Factile_Mode_v3.GoProToSubscriptionHomeSchoolMonthlyData_Verify - Driver is Initilize
11:37:27.977 [main] INFO  Factile_Mode_v3.GoProToSubscriptionHomeSchoolMonthlyData_Verify - Navigated to homePage
11:37:58.503 [main] INFO  Factile_Mode_v3.GoProToSubscriptionHomeSchoolYearlyData_Verify - Driver is Initilize
11:38:03.948 [main] INFO  Factile_Mode_v3.GoProToSubscriptionHomeSchoolYearlyData_Verify - Navigated to homePage
11:38:34.853 [main] INFO  Factile_Mode_v3.GoProToSubscriptionBussinessMonthlyData_Verify - Driver is Initilize
11:38:40.533 [main] INFO  Factile_Mode_v3.GoProToSubscriptionBussinessMonthlyData_Verify - Navigated to homePage
11:39:14.356 [main] INFO  Factile_Mode_v3.GoProToSubscriptionBussinessYearlyData_Verify - Driver is Initilize
11:39:19.505 [main] INFO  Factile_Mode_v3.GoProToSubscriptionBussinessYearlyData_Verify - Navigated to homePage
11:50:31.623 [main] INFO  Factile_Mode_v3.TwoFactorAuthentication - Driver is Initilize
11:50:38.522 [main] INFO  Factile_Mode_v3.TwoFactorAuthentication - Navigated to homePage
12:02:56.789 [main] INFO  Factile_Mode_v3.DeleteAccount - Driver is Initilize
12:03:02.279 [main] INFO  Factile_Mode_v3.DeleteAccount - Navigated to homePage
12:03:23.616 [main] INFO  Factile_Mode_v3.TwoFactorAuthentication - Driver is Initilize
12:03:27.826 [main] INFO  Factile_Mode_v3.TwoFactorAuthentication - Navigated to homePage
12:04:07.798 [main] INFO  Factile_Mode_v3.ChangePassword - Driver is Initilize
12:04:13.783 [main] INFO  Factile_Mode_v3.ChangePassword - Navigated to homePage
12:12:35.056 [main] INFO  Factile_Mode_v3.Sign_UP - Driver is Initilize
12:12:40.557 [main] INFO  Factile_Mode_v3.Sign_UP - Navigated to homePage
12:12:49.937 [main] INFO  Factile_Mode_v3.Log_In - Driver is Initilize
12:12:55.252 [main] INFO  Factile_Mode_v3.Log_In - Navigated to homePage
12:12:58.943 [main] INFO  Factile_Mode_v3.Sign_Out - Driver is Initilize
12:13:03.237 [main] INFO  Factile_Mode_v3.Sign_Out - Navigated to homePage
12:13:17.017 [main] INFO  Factile_Mode_v3.ForgetPassword - Driver is Initilize
12:13:21.467 [main] INFO  Factile_Mode_v3.ForgetPassword - Navigated to homePage
12:13:50.892 [main] INFO  Factile_Mode_v3.TwoFactorAuthentication - Driver is Initilize
12:13:57.818 [main] INFO  Factile_Mode_v3.TwoFactorAuthentication - Navigated to homePage
12:14:38.235 [main] INFO  Factile_Mode_v3.ChangePassword - Driver is Initilize
12:14:42.791 [main] INFO  Factile_Mode_v3.ChangePassword - Navigated to homePage
12:14:56.167 [main] INFO  Factile_Mode_v3.Support_Form - Driver is Initilize
12:15:03.199 [main] INFO  Factile_Mode_v3.Support_Form - Navigated to homePage
12:16:17.801 [main] INFO  Factile_Mode_v3.DeleteAccount - Driver is Initilize
12:16:21.854 [main] INFO  Factile_Mode_v3.DeleteAccount - Navigated to homePage
12:16:41.835 [main] INFO  Factile_Mode_v3.HeaderMenuInFreeAccount - Driver is Initilize
12:16:46.492 [main] INFO  Factile_Mode_v3.HeaderMenuInFreeAccount - Navigated to homePage
12:16:52.327 [main] INFO  Factile_Mode_v3.HeaderMenuInPaidAccount - Driver is Initilize
12:16:58.217 [main] INFO  Factile_Mode_v3.HeaderMenuInPaidAccount - Navigated to homePage
