15:37:05.375 [main] INFO  Factile_Mode_v3.Sign_UP - Navigated to homePage
15:37:57.206 [main] INFO  Factile_Mode_v3.Sign_UP - Driver is Initilize
15:38:01.479 [main] INFO  Factile_Mode_v3.Sign_UP - Navigated to homePage
15:39:40.334 [main] INFO  Factile_Mode_v3.Sign_UP - Driver is Initilize
15:39:44.605 [main] INFO  Factile_Mode_v3.Sign_UP - Navigated to homePage
16:01:32.685 [main] INFO  Factile_Mode_v3.Sign_UP - Driver is Initilize
16:01:36.978 [main] INFO  Factile_Mode_v3.Sign_UP - Navigated to homePage
16:03:06.982 [main] INFO  Factile_Mode_v3.Sign_UP - Driver is Initilize
16:03:10.922 [main] INFO  Factile_Mode_v3.Sign_UP - Navigated to homePage
16:50:59.112 [main] INFO  Factile_Mode_v3.Sign_UP - Driver is Initilize
16:51:03.182 [main] INFO  Factile_Mode_v3.Sign_UP - Navigated to homePage
17:08:12.764 [main] INFO  Factile_Mode_v3.Sign_UP - Driver is Initilize
17:08:19.320 [main] INFO  Factile_Mode_v3.Sign_UP - Navigated to homePage
17:12:56.725 [main] INFO  Factile_Mode_v3.Sign_UP - Driver is Initilize
17:13:00.623 [main] INFO  Factile_Mode_v3.Sign_UP - Navigated to homePage
17:20:25.649 [main] INFO  Factile_Mode_v3.Sign_UP - Driver is Initilize
17:20:29.904 [main] INFO  Factile_Mode_v3.Sign_UP - Navigated to homePage
17:21:25.550 [main] INFO  Factile_Mode_v3.Sign_UP - Driver is Initilize
17:21:29.891 [main] INFO  Factile_Mode_v3.Sign_UP - Navigated to homePage
17:22:00.325 [main] INFO  Factile_Mode_v3.Sign_UP - Driver is Initilize
17:22:04.474 [main] INFO  Factile_Mode_v3.Sign_UP - Navigated to homePage
18:20:53.723 [main] INFO  Factile_Mode_v3.Log_In - Driver is Initilize
18:21:00.108 [main] INFO  Factile_Mode_v3.Log_In - Navigated to homePage
18:21:24.845 [main] INFO  Factile_Mode_v3.Log_In - Driver is Initilize
18:21:29.294 [main] INFO  Factile_Mode_v3.Log_In - Navigated to homePage
19:17:53.560 [main] INFO  Factile_Mode_v3.ForgetPassword - Driver is Initilize
19:17:58.245 [main] INFO  Factile_Mode_v3.ForgetPassword - Navigated to homePage
19:18:12.267 [main] INFO  Factile_Mode_v3.ForgetPassword - Driver is Initilize
19:18:16.462 [main] INFO  Factile_Mode_v3.ForgetPassword - Navigated to homePage
19:18:42.485 [main] INFO  Factile_Mode_v3.ForgetPassword - Driver is Initilize
19:18:46.702 [main] INFO  Factile_Mode_v3.ForgetPassword - Navigated to homePage
19:19:05.606 [main] INFO  Factile_Mode_v3.ForgetPassword - Driver is Initilize
19:19:09.049 [main] INFO  Factile_Mode_v3.ForgetPassword - Navigated to homePage
19:29:13.830 [main] INFO  Factile_Mode_v3.ForgetPassword - Driver is Initilize
19:29:18.301 [main] INFO  Factile_Mode_v3.ForgetPassword - Navigated to homePage
09:06:39.901 [main] INFO  Factile_Mode_v3.ForgetPassword - Driver is Initilize
09:06:43.962 [main] INFO  Factile_Mode_v3.ForgetPassword - Navigated to homePage
09:26:28.197 [main] INFO  Factile_Mode_v3.ForgetPassword - Driver is Initilize
09:26:32.424 [main] INFO  Factile_Mode_v3.ForgetPassword - Navigated to homePage
09:28:22.653 [main] INFO  Factile_Mode_v3.ForgetPassword - Driver is Initilize
09:28:26.693 [main] INFO  Factile_Mode_v3.ForgetPassword - Navigated to homePage
09:49:40.945 [main] INFO  Factile_Mode_v3.ForgetPassword - Driver is Initilize
09:49:45.132 [main] INFO  Factile_Mode_v3.ForgetPassword - Navigated to homePage
09:51:23.163 [main] INFO  Factile_Mode_v3.ForgetPassword - Driver is Initilize
09:51:27.647 [main] INFO  Factile_Mode_v3.ForgetPassword - Navigated to homePage
10:09:31.201 [main] INFO  Factile_Mode_v3.ForgetPassword - Driver is Initilize
10:09:36.267 [main] INFO  Factile_Mode_v3.ForgetPassword - Navigated to homePage
10:22:22.583 [main] INFO  Factile_Mode_v3.ForgetPassword - Driver is Initilize
10:22:26.398 [main] INFO  Factile_Mode_v3.ForgetPassword - Navigated to homePage
10:24:36.354 [main] INFO  Factile_Mode_v3.ForgetPassword - Driver is Initilize
10:24:40.666 [main] INFO  Factile_Mode_v3.ForgetPassword - Navigated to homePage
10:25:39.026 [main] INFO  Factile_Mode_v3.ForgetPassword - Driver is Initilize
10:25:43.271 [main] INFO  Factile_Mode_v3.ForgetPassword - Navigated to homePage
10:30:34.467 [main] INFO  Factile_Mode_v3.ForgetPassword - Driver is Initilize
10:30:38.205 [main] INFO  Factile_Mode_v3.ForgetPassword - Navigated to homePage
10:38:20.811 [main] INFO  Factile_Mode_v3.ForgetPassword - Driver is Initilize
10:38:24.979 [main] INFO  Factile_Mode_v3.ForgetPassword - Navigated to homePage
10:39:49.159 [main] INFO  Factile_Mode_v3.ForgetPassword - Driver is Initilize
10:39:53.082 [main] INFO  Factile_Mode_v3.ForgetPassword - Navigated to homePage
10:44:31.239 [main] INFO  Factile_Mode_v3.ForgetPassword - Driver is Initilize
10:44:35.433 [main] INFO  Factile_Mode_v3.ForgetPassword - Navigated to homePage
11:06:08.119 [main] INFO  Factile_Mode_v3.ForgetPassword - Driver is Initilize
11:06:13.576 [main] INFO  Factile_Mode_v3.ForgetPassword - Navigated to homePage
11:17:09.485 [main] INFO  Factile_Mode_v3.ForgetPassword - Driver is Initilize
