13:26:36.423 [main] INFO  Factile_Mode.DGBP_HSB_TestCase_29 - Driver is Initilize
13:26:37.195 [main] INFO  Factile_Mode.DGBP_HSB_TestCase_29 - Navigated to homePage
13:28:59.660 [main] INFO  Factile_Mode.DGBP_HSB_TestCase_29 - Driver is Initilize
13:29:00.459 [main] INFO  Factile_Mode.DGBP_HSB_TestCase_29 - Navigated to homePage
13:46:25.359 [main] INFO  Factile_Mode.DGBP_HSB_TestCase_29 - Driver is Initilize
13:46:26.102 [main] INFO  Factile_Mode.DGBP_HSB_TestCase_29 - Navigated to homePage
13:55:12.637 [main] INFO  Factile_Mode.DGBP_HSB_TestCase_29 - Driver is Initilize
13:55:13.435 [main] INFO  Factile_Mode.DGBP_HSB_TestCase_29 - Navigated to homePage
14:05:03.674 [main] INFO  Factile_Mode.DGBP_HSB_TestCase_29 - Driver is Initilize
14:05:04.478 [main] INFO  Factile_Mode.DGBP_HSB_TestCase_29 - Navigated to homePage
14:12:18.718 [main] INFO  Factile_Mode.DGBP_HSB_TestCase_29 - Driver is Initilize
14:12:19.767 [main] INFO  Factile_Mode.DGBP_HSB_TestCase_29 - Navigated to homePage
14:18:30.388 [main] INFO  Factile_Mode.DGBP_HSB_TestCase_29 - Driver is Initilize
14:18:31.134 [main] INFO  Factile_Mode.DGBP_HSB_TestCase_29 - Navigated to homePage
14:48:05.108 [main] INFO  Factile_Mode.DGBP_HSB_TestCase_29 - Driver is Initilize
14:48:05.818 [main] INFO  Factile_Mode.DGBP_HSB_TestCase_29 - Navigated to homePage
14:50:00.552 [main] INFO  Factile_Mode.DGBP_HSB_TestCase_29 - Driver is Initilize
14:50:02.394 [main] INFO  Factile_Mode.DGBP_HSB_TestCase_29 - Navigated to homePage
15:13:51.526 [main] INFO  Factile_Mode.DGBP_HSB_TestCase_29 - Driver is Initilize
15:13:53.257 [main] INFO  Factile_Mode.DGBP_HSB_TestCase_29 - Navigated to homePage
15:19:45.106 [main] INFO  Factile_Mode.DGBP_HSB_TestCase_29 - Driver is Initilize
15:19:46.618 [main] INFO  Factile_Mode.DGBP_HSB_TestCase_29 - Navigated to homePage
15:21:28.361 [main] INFO  Factile_Mode.DGBP_HSB_TestCase_29 - Driver is Initilize
15:21:29.289 [main] INFO  Factile_Mode.DGBP_HSB_TestCase_29 - Navigated to homePage
15:40:58.205 [main] INFO  Factile_Mode.DGBP_HSB_TestCase_29 - Driver is Initilize
15:40:59.022 [main] INFO  Factile_Mode.DGBP_HSB_TestCase_29 - Navigated to homePage
16:05:12.743 [main] INFO  Factile_Mode.DGBP_HSB_TestCase_29 - Driver is Initilize
16:05:13.654 [main] INFO  Factile_Mode.DGBP_HSB_TestCase_29 - Navigated to homePage
16:24:41.889 [main] INFO  Factile_Mode.DGBP_HSB_TestCase_41 - Driver is Initilize
16:24:42.740 [main] INFO  Factile_Mode.DGBP_HSB_TestCase_41 - Navigated to homePage
18:49:59.354 [TestNG-test=Verify_same_game_running_by_two_moderaters-2] INFO  Factile_Mode.DGBP_HSB_TestCase_39 - Driver is Initilize
18:49:59.767 [TestNG-test=Verify_same_game_running_by_two_moderaters-1] INFO  Factile_Mode.DGBP_HSB_TestCase_39 - Navigated to homePage
18:50:00.041 [TestNG-test=Verify_same_game_running_by_two_moderaters-2] INFO  Factile_Mode.DGBP_HSB_TestCase_39 - Navigated to homePage
18:53:35.878 [main] INFO  Factile_Mode.DGBP_HSB_TestCase_29 - Driver is Initilize
18:53:37.917 [main] INFO  Factile_Mode.DGBP_HSB_TestCase_29 - Navigated to homePage
18:57:35.709 [main] INFO  Factile_Mode.DGBP_HSB_TestCase_41 - Driver is Initilize
18:57:37.294 [main] INFO  Factile_Mode.DGBP_HSB_TestCase_41 - Navigated to homePage
19:00:23.012 [main] INFO  Factile_Mode.DGBP_HSB_TestCase_39 - Driver is Initilize
19:00:23.729 [main] INFO  Factile_Mode.DGBP_HSB_TestCase_39 - Navigated to homePage
19:07:23.266 [main] INFO  Factile_Mode.DGBP_HSB_TestCase_29 - Driver is Initilize
19:07:24.966 [main] INFO  Factile_Mode.DGBP_HSB_TestCase_29 - Navigated to homePage
19:13:41.945 [main] INFO  Factile_Mode.DGBP_HSB_TestCase_29 - Driver is Initilize
19:13:42.674 [main] INFO  Factile_Mode.DGBP_HSB_TestCase_29 - Navigated to homePage
19:19:12.597 [main] INFO  Factile_Mode.DGBP_HSB_TestCase_41 - Driver is Initilize
19:19:13.379 [main] INFO  Factile_Mode.DGBP_HSB_TestCase_41 - Navigated to homePage
19:34:00.662 [TestNG-test=Verify_same_game_running_by_two_moderaters-2] INFO  Factile_Mode.DGBP_HSB_TestCase_39 - Driver is Initilize
19:34:01.116 [TestNG-test=Verify_same_game_running_by_two_moderaters-1] INFO  Factile_Mode.DGBP_HSB_TestCase_39 - Navigated to homePage
19:34:01.315 [TestNG-test=Verify_same_game_running_by_two_moderaters-2] INFO  Factile_Mode.DGBP_HSB_TestCase_39 - Navigated to homePage
19:37:05.298 [main] INFO  Factile_Mode.DGBP_HSB_TestCase_29 - Driver is Initilize
19:37:06.220 [main] INFO  Factile_Mode.DGBP_HSB_TestCase_29 - Navigated to homePage
19:45:01.276 [main] INFO  Factile_Mode.DGBP_HSB_TestCase_41 - Driver is Initilize
19:45:02.373 [main] INFO  Factile_Mode.DGBP_HSB_TestCase_41 - Navigated to homePage
15:18:27.277 [main] INFO  Factile_Mode.DGBP_HSB_TestCase_31 - Driver is Initilize
15:18:28.164 [main] INFO  Factile_Mode.DGBP_HSB_TestCase_31 - Navigated to homePage
15:18:50.334 [main] INFO  Factile_Mode.DGBP_HSB_TestCase_31 - At customization page>> >>Buzzer for final factile is on from customization
15:29:29.634 [main] INFO  Factile_Mode.DGBP_HSB_TestCase_31 - Driver is Initilize
