12:40:15.956 [main] INFO  Factile_Mode.DGBP_HSB_TestCase_31 - Driver is Initilize
12:40:16.849 [main] INFO  Factile_Mode.DGBP_HSB_TestCase_31 - Navigated to homePage
12:40:40.595 [main] INFO  Factile_Mode.DGBP_HSB_TestCase_31 - At customization page>> >>Buzzer for final factile is on from customization
13:02:05.872 [main] INFO  Factile_Mode.DGBP_HSB_TestCase_31 - Driver is Initilize
13:02:07.349 [main] INFO  Factile_Mode.DGBP_HSB_TestCase_31 - Navigated to homePage
13:02:29.782 [main] INFO  Factile_Mode.DGBP_HSB_TestCase_31 - At customization page>> >>Buzzer for final factile is on from customization
13:27:35.758 [main] INFO  Factile_Mode.DGBP_HSB_TestCase_30 - Driver is Initilize
13:27:36.735 [main] INFO  Factile_Mode.DGBP_HSB_TestCase_30 - Navigated to homePage
13:28:22.683 [main] INFO  Factile_Mode.DGBP_HSB_TestCase_30 - At customization page>> >>Buzzer is off for final factile 
13:32:22.235 [main] INFO  Factile_Mode.DGBP_HSB_TestCase_30 - Driver is Initilize
13:32:23.207 [main] INFO  Factile_Mode.DGBP_HSB_TestCase_30 - Navigated to homePage
13:33:04.084 [main] INFO  Factile_Mode.DGBP_HSB_TestCase_30 - At customization page>> >>Buzzer is off for final factile 
13:38:25.549 [main] INFO  Factile_Mode.DGBP_HSB_TestCase_30 - Driver is Initilize
13:38:26.467 [main] INFO  Factile_Mode.DGBP_HSB_TestCase_30 - Navigated to homePage
13:38:50.042 [main] INFO  Factile_Mode.DGBP_HSB_TestCase_30 - At customization page>> >>Buzzer is off for final factile 
13:50:57.789 [main] INFO  Factile_Mode.DGBP_HSB_TestCase_30 - Driver is Initilize
13:50:58.825 [main] INFO  Factile_Mode.DGBP_HSB_TestCase_30 - Navigated to homePage
13:51:20.910 [main] INFO  Factile_Mode.DGBP_HSB_TestCase_30 - At customization page>> >>Buzzer is off for final factile 
14:03:32.547 [main] INFO  Factile_Mode.DGBP_HSB_TestCase_30 - Driver is Initilize
14:03:33.434 [main] INFO  Factile_Mode.DGBP_HSB_TestCase_30 - Navigated to homePage
14:03:54.725 [main] INFO  Factile_Mode.DGBP_HSB_TestCase_30 - At customization page>> >>Buzzer is off for final factile 
14:16:16.891 [main] INFO  Factile_Mode.DGBP_HSB_TestCase_30 - Driver is Initilize
14:16:17.904 [main] INFO  Factile_Mode.DGBP_HSB_TestCase_30 - Navigated to homePage
14:16:39.107 [main] INFO  Factile_Mode.DGBP_HSB_TestCase_30 - At customization page>> >>Buzzer is off for final factile 
14:19:18.602 [main] INFO  Factile_Mode.DGBP_HSB_TestCase_30 - Driver is Initilize
14:19:19.682 [main] INFO  Factile_Mode.DGBP_HSB_TestCase_30 - Navigated to homePage
14:20:02.683 [main] INFO  Factile_Mode.DGBP_HSB_TestCase_30 - At customization page>> >>Buzzer is off for final factile 
14:30:36.615 [main] INFO  Factile_Mode.DGBP_HSB_TestCase_30 - Driver is Initilize
14:30:44.606 [main] INFO  Factile_Mode.DGBP_HSB_TestCase_30 - Navigated to homePage
14:31:12.449 [main] INFO  Factile_Mode.DGBP_HSB_TestCase_30 - At customization page>> >>Buzzer is off for final factile 
14:43:07.930 [main] INFO  Factile_Mode.DGBP_HSB_TestCase_30 - Driver is Initilize
14:43:08.800 [main] INFO  Factile_Mode.DGBP_HSB_TestCase_30 - Navigated to homePage
14:43:30.337 [main] INFO  Factile_Mode.DGBP_HSB_TestCase_30 - At customization page>> >>Buzzer is off for final factile 
14:58:51.840 [main] INFO  Factile_Mode.DGBP_HSB_TestCase_30 - Driver is Initilize
14:58:53.673 [main] INFO  Factile_Mode.DGBP_HSB_TestCase_30 - Navigated to homePage
14:59:36.416 [main] INFO  Factile_Mode.DGBP_HSB_TestCase_30 - At customization page>> >>Buzzer is off for final factile 
15:00:51.367 [main] INFO  Factile_Mode.DGBP_HSB_TestCase_30 - Driver is Initilize
15:00:52.308 [main] INFO  Factile_Mode.DGBP_HSB_TestCase_30 - Navigated to homePage
15:01:15.597 [main] INFO  Factile_Mode.DGBP_HSB_TestCase_30 - At customization page>> >>Buzzer is off for final factile 
15:15:23.521 [main] INFO  Factile_Mode.DGBP_HSB_TestCase_31 - Driver is Initilize
15:15:25.189 [main] INFO  Factile_Mode.DGBP_HSB_TestCase_31 - Navigated to homePage
15:15:46.338 [main] INFO  Factile_Mode.DGBP_HSB_TestCase_31 - At customization page>> >>Buzzer for final factile is on from customization
15:40:28.943 [main] INFO  Factile_Mode.DGBP_HSB_TestCase_31 - Driver is Initilize
15:40:29.927 [main] INFO  Factile_Mode.DGBP_HSB_TestCase_31 - Navigated to homePage
15:41:09.558 [main] INFO  Factile_Mode.DGBP_HSB_TestCase_31 - At customization page>> >>Buzzer for final factile is on from customization
15:42:43.336 [main] INFO  Factile_Mode.DGBP_HSB_TestCase_31 - Driver is Initilize
15:42:44.337 [main] INFO  Factile_Mode.DGBP_HSB_TestCase_31 - Navigated to homePage
15:43:06.694 [main] INFO  Factile_Mode.DGBP_HSB_TestCase_31 - At customization page>> >>Buzzer for final factile is on from customization
16:40:54.892 [main] INFO  Factile_Mode.DGBP_HSB_TestCase_32 - Driver is Initilize
16:40:55.805 [main] INFO  Factile_Mode.DGBP_HSB_TestCase_32 - Navigated to homePage
16:41:24.586 [main] INFO  Factile_Mode.DGBP_HSB_TestCase_32 - At customization page>> >>Enter answer for buzz is active from customization
