11:55:37.711 [main] INFO  Play_Now.test - Driver is Initilize
11:55:50.351 [main] INFO  Play_Now.test - Navigated to homePage
11:57:19.531 [main] INFO  Play_Now.test - Driver is Initilize
11:57:29.330 [main] INFO  Play_Now.test - Navigated to homePage
11:58:47.489 [main] INFO  Play_Now.test - Driver is Initilize
11:58:56.994 [main] INFO  Play_Now.test - Navigated to homePage
12:02:24.121 [main] INFO  TestCases_Execution.TestCase_1 - Driver is Initilize
12:02:32.064 [main] INFO  TestCases_Execution.TestCase_1 - Navigated to homePage
12:23:16.528 [main] INFO  TestCases_Execution.TestCase_1 - Driver is Initilize
12:23:33.380 [main] INFO  TestCases_Execution.TestCase_1 - Navigated to homePage
12:27:43.846 [main] INFO  TestCases_Execution.TestCase_1 - Driver is Initilize
12:28:03.878 [main] INFO  TestCases_Execution.TestCase_1 - Navigated to homePage
12:33:45.025 [main] INFO  TestCases_Execution.TestCase_1 - Driver is Initilize
12:33:53.169 [main] INFO  TestCases_Execution.TestCase_1 - Navigated to homePage
12:39:14.752 [main] INFO  TestCases_Execution.TestCase_1 - Driver is Initilize
12:39:28.450 [main] INFO  TestCases_Execution.TestCase_1 - Navigated to homePage
12:44:13.493 [main] INFO  TestCases_Execution.TestCase_1 - Driver is Initilize
12:44:20.895 [main] INFO  TestCases_Execution.TestCase_1 - Navigated to homePage
12:56:37.911 [main] INFO  TestCases_Execution.TestCase_1 - Driver is Initilize
12:56:44.101 [main] INFO  TestCases_Execution.TestCase_1 - Navigated to homePage
12:58:28.791 [main] INFO  TestCases_Execution.TestCase_1 - Twitter link is>>null
15:16:37.744 [main] INFO  Play_Now.DGBM_B_TestCase_1 - Driver is Initilize
15:16:51.044 [main] INFO  Play_Now.DGBM_B_TestCase_1 - Navigated to homePage
15:19:37.093 [main] INFO  Play_Now.DGBM_B_TestCase_1 - Left logo is present>>=factile
15:19:55.657 [main] INFO  Play_Now.DGBP_B_TestCase_2 - Driver is Initilize
15:20:12.165 [main] INFO  Play_Now.DGBP_B_TestCase_2 - Navigated to homePage
15:20:45.101 [main] INFO  Play_Now.DGBP_B_TestCase_2 - Mascot image is uploaded
15:21:01.696 [main] INFO  Play_Now.DGBP_B_TestCase_2 - New mascot is Activated.
15:22:01.308 [main] INFO  Play_Now.DGBP_B_TestCase_2 - uploaded masoct is active & selected at player screen .
15:22:16.170 [main] INFO  TestCases_Execution.TestCase_1 - Driver is Initilize
15:22:25.880 [main] INFO  TestCases_Execution.TestCase_1 - Navigated to homePage
15:24:44.038 [main] INFO  TestCases_Execution.TestCase_1 - Driver is Initilize
15:25:07.330 [main] INFO  TestCases_Execution.TestCase_1 - Navigated to homePage
17:00:32.491 [main] INFO  Play_Now.DGBM_B_TestCase_1 - Driver is Initilize
17:00:47.410 [main] INFO  Play_Now.DGBM_B_TestCase_1 - Navigated to homePage
17:03:16.245 [main] INFO  Play_Now.DGBM_B_TestCase_1 - Left logo is present>>=factile
17:03:35.055 [main] INFO  Play_Now.DGBP_B_TestCase_2 - Driver is Initilize
17:03:44.484 [main] INFO  Play_Now.DGBP_B_TestCase_2 - Navigated to homePage
17:04:11.263 [main] INFO  Play_Now.DGBP_B_TestCase_2 - Mascot image is uploaded
17:04:21.540 [main] INFO  Play_Now.DGBP_B_TestCase_2 - New mascot is Activated.
17:05:19.129 [main] INFO  Play_Now.DGBP_B_TestCase_2 - uploaded masoct is active & selected at player screen .
17:05:34.951 [main] INFO  TestCases_Execution.TestCase_1 - Driver is Initilize
17:05:45.393 [main] INFO  TestCases_Execution.TestCase_1 - Navigated to homePage
17:07:31.699 [main] INFO  TestCases_Execution.TestCase_1 - Driver is Initilize
17:08:00.865 [main] INFO  TestCases_Execution.TestCase_1 - Navigated to homePage
17:10:08.560 [main] INFO  TestCases_Execution.TestCase_1 - Twitter link is>>null
17:16:23.850 [main] INFO  TestCases_Execution.TestCase_1 - Driver is Initilize
17:16:31.398 [main] INFO  TestCases_Execution.TestCase_1 - Navigated to homePage
17:19:40.866 [main] INFO  TestCases_Execution.TestCase_1 - Background image is successfully loaded at gameboard, image url is= background: url("https://factile-test-dynamic.s3.amazonaws.com/backgrounds/bg1604058460907pf23711.jpg");
17:19:40.932 [main] INFO  TestCases_Execution.TestCase_1 - At Modearter >> Game Board Color is=background-color: rgb(255, 255, 255);
17:19:40.990 [main] INFO  TestCases_Execution.TestCase_1 - At Modearter >> Question Tile Color & Dollar colour is=background-color: rgb(242, 184, 58); color: rgb(31, 31, 31);
17:19:41.044 [main] INFO  TestCases_Execution.TestCase_1 - At Modearter >> game category title color=color: rgb(135, 81, 232); font-size: 13.66px;
17:19:41.126 [main] INFO  TestCases_Execution.TestCase_1 - At player >> gameboard background image is>>background: url("https://factile-test-dynamic.s3.amazonaws.com/backgrounds/bg1604058460907pf23711.jpg");
17:19:41.171 [main] INFO  TestCases_Execution.TestCase_1 - At player >> gameboard gameboard colour is =>>background: rgb(255, 255, 255);
17:19:41.208 [main] INFO  TestCases_Execution.TestCase_1 - At player >>game tile color is =>>background: rgb(242, 184, 58);
17:19:41.246 [main] INFO  TestCases_Execution.TestCase_1 - At player >>Dollar colour is=>>color: rgb(31, 31, 31);
