10:43:43.784 [main] INFO  Factile_Mode_v3.ChangePassword - Driver is Initilize
10:43:45.371 [main] INFO  Factile_Mode_v3.ChangePassword - Navigated to homePage
10:44:03.988 [main] INFO  Factile_Mode_v3.Support_Form - Driver is Initilize
10:44:05.072 [main] INFO  Factile_Mode_v3.Support_Form - Navigated to homePage
10:44:26.672 [main] INFO  Factile_Mode_v3.DeleteAccount - Driver is Initilize
10:44:28.297 [main] INFO  Factile_Mode_v3.DeleteAccount - Navigated to homePage
10:45:02.775 [main] INFO  Factile_Mode_v3.HeaderMenuInFreeAccount - Driver is Initilize
10:45:05.002 [main] INFO  Factile_Mode_v3.HeaderMenuInFreeAccount - Navigated to homePage
10:45:22.567 [main] INFO  Factile_Mode_v3.HeaderMenuInPaidAccount - Driver is Initilize
10:45:23.662 [main] INFO  Factile_Mode_v3.HeaderMenuInPaidAccount - Navigated to homePage
10:45:39.689 [main] INFO  Factile_Mode_v3.PageNotFound_Links_at_HomePage - Driver is Initilize
10:45:40.787 [main] INFO  Factile_Mode_v3.PageNotFound_Links_at_HomePage - Navigated to homePage
17:23:27.891 [main] INFO  Factile_Mode_v3.Sign_UP - Driver is Initilize
17:23:28.989 [main] INFO  Factile_Mode_v3.Sign_UP - Navigated to homePage
09:37:58.587 [main] INFO  Factile_Mode_v3.Sign_UP - Driver is Initilize
09:38:00.142 [main] INFO  Factile_Mode_v3.Sign_UP - Navigated to homePage
09:45:14.844 [main] INFO  Factile_Mode_v3.Sign_UP - Driver is Initilize
09:45:15.971 [main] INFO  Factile_Mode_v3.Sign_UP - Navigated to homePage
10:32:47.484 [main] INFO  Factile_Mode_v3.Sign_UP - Driver is Initilize
10:32:48.892 [main] INFO  Factile_Mode_v3.Sign_UP - Navigated to homePage
11:48:58.709 [main] INFO  Factile_Mode_v3.Sign_UP - Driver is Initilize
11:49:00.042 [main] INFO  Factile_Mode_v3.Sign_UP - Navigated to homePage
11:57:26.162 [main] INFO  Factile_Mode_v3.Sign_UP - Driver is Initilize
11:57:27.230 [main] INFO  Factile_Mode_v3.Sign_UP - Navigated to homePage
12:16:34.694 [main] INFO  Factile_Mode_v3.Sign_UP - Driver is Initilize
12:16:35.892 [main] INFO  Factile_Mode_v3.Sign_UP - Navigated to homePage
12:19:22.042 [main] INFO  Factile_Mode_v3.Sign_UP - Driver is Initilize
12:19:23.010 [main] INFO  Factile_Mode_v3.Sign_UP - Navigated to homePage
12:22:30.792 [main] INFO  Factile_Mode_v3.DeleteAccount - Driver is Initilize
12:22:32.176 [main] INFO  Factile_Mode_v3.DeleteAccount - Navigated to homePage
12:28:13.667 [main] INFO  Factile_Mode_v3.DeleteAccount - Driver is Initilize
12:28:14.699 [main] INFO  Factile_Mode_v3.DeleteAccount - Navigated to homePage
12:30:17.436 [main] INFO  Factile_Mode_v3.DeleteAccount - Driver is Initilize
12:30:18.310 [main] INFO  Factile_Mode_v3.DeleteAccount - Navigated to homePage
12:43:50.137 [main] INFO  Factile_Mode_v3.Sign_UP - Driver is Initilize
12:43:51.470 [main] INFO  Factile_Mode_v3.Sign_UP - Navigated to homePage
12:48:30.033 [main] INFO  Factile_Mode_v3.Sign_Out - Driver is Initilize
12:48:31.812 [main] INFO  Factile_Mode_v3.Sign_Out - Navigated to homePage
12:50:14.942 [main] INFO  Factile_Mode_v3.Sign_Out - Driver is Initilize
12:50:15.932 [main] INFO  Factile_Mode_v3.Sign_Out - Navigated to homePage
12:55:17.073 [main] INFO  Factile_Mode_v3.Sign_Out - Driver is Initilize
12:55:18.293 [main] INFO  Factile_Mode_v3.Sign_Out - Navigated to homePage
12:59:27.024 [main] INFO  Factile_Mode_v3.Support_Form - Driver is Initilize
12:59:28.114 [main] INFO  Factile_Mode_v3.Support_Form - Navigated to homePage
13:11:06.403 [main] INFO  Factile_Mode_v3.Log_In - Driver is Initilize
13:11:07.557 [main] INFO  Factile_Mode_v3.Log_In - Navigated to homePage
13:15:31.952 [main] INFO  Factile_Mode_v3.ForgetPassword - Driver is Initilize
13:15:32.914 [main] INFO  Factile_Mode_v3.ForgetPassword - Navigated to homePage
13:24:41.475 [main] INFO  Factile_Mode_v3.PageNotFound_Links_at_HomePage - Driver is Initilize
13:24:42.619 [main] INFO  Factile_Mode_v3.PageNotFound_Links_at_HomePage - Navigated to homePage
13:36:19.122 [main] INFO  Factile_Mode_v3.HeaderMenuInFreeAccount - Driver is Initilize
13:36:20.386 [main] INFO  Factile_Mode_v3.HeaderMenuInFreeAccount - Navigated to homePage
13:48:08.258 [main] INFO  Factile_Mode_v3.HeaderMenuInPaidAccount - Driver is Initilize
13:48:09.559 [main] INFO  Factile_Mode_v3.HeaderMenuInPaidAccount - Navigated to homePage
13:49:00.541 [main] INFO  Factile_Mode_v3.HeaderMenuInPaidAccount - Driver is Initilize
13:49:01.519 [main] INFO  Factile_Mode_v3.HeaderMenuInPaidAccount - Navigated to homePage
13:53:52.902 [main] INFO  Factile_Mode_v3.HeaderMenuInPaidAccount - Driver is Initilize
13:53:53.747 [main] INFO  Factile_Mode_v3.HeaderMenuInPaidAccount - Navigated to homePage
14:00:25.999 [main] INFO  Factile_Mode_v3.TwoFactorAuthentication - Driver is Initilize
14:00:26.961 [main] INFO  Factile_Mode_v3.TwoFactorAuthentication - Navigated to homePage
14:26:54.186 [main] INFO  Factile_Mode_v3.TwoFactorAuthentication - Driver is Initilize
14:26:55.650 [main] INFO  Factile_Mode_v3.TwoFactorAuthentication - Navigated to homePage
