16:26:41.014 [main] INFO  Factile_Mode_v3.DisplayAnswerButtonChecked - Display Answer Button>> When Checked
16:37:19.222 [main] INFO  Factile_Mode_v3.DisplayAnswerButtonChecked - Driver is Initilize
16:37:22.839 [main] INFO  Factile_Mode_v3.DisplayAnswerButtonChecked - Navigated to homePage
16:37:33.060 [main] INFO  Factile_Mode_v3.DisplayAnswerButtonChecked - At customization page>> Checked Display Answer Button >> 
16:39:08.294 [main] INFO  Factile_Mode_v3.DisplayAnswerButtonChecked - Driver is Initilize
16:39:14.172 [main] INFO  Factile_Mode_v3.DisplayAnswerButtonChecked - Navigated to homePage
16:39:27.541 [main] INFO  Factile_Mode_v3.DisplayAnswerButtonChecked - At customization page>> Checked Display Answer Button >> 
16:40:29.662 [main] INFO  Factile_Mode_v3.DisplayAnswerButtonChecked - Display Answer Button>> When Checked
16:43:03.640 [main] INFO  Factile_Mode_v3.DisplayExactCaseChecked - Driver is Initilize
16:43:10.851 [main] INFO  Factile_Mode_v3.DisplayExactCaseChecked - Navigated to homePage
16:43:25.270 [main] INFO  Factile_Mode_v3.DisplayExactCaseChecked - At customization page>> Checked Display Exact Case >> 
16:44:57.724 [main] INFO  Factile_Mode_v3.DisplayExactCaseChecked - Driver is Initilize
16:45:06.753 [main] INFO  Factile_Mode_v3.DisplayExactCaseChecked - Navigated to homePage
16:45:20.214 [main] INFO  Factile_Mode_v3.DisplayExactCaseChecked - At customization page>> Checked Display Exact Case >> 
16:46:20.697 [main] INFO  Factile_Mode_v3.DisplayExactCaseChecked - Display Exact Case>> When Checked
16:46:47.932 [main] INFO  Factile_Mode_v3.DisplayExactCaseUnChecked - Driver is Initilize
16:46:54.397 [main] INFO  Factile_Mode_v3.DisplayExactCaseUnChecked - Navigated to homePage
16:47:11.834 [main] INFO  Factile_Mode_v3.DisplayExactCaseUnChecked - At customization page>> Checked Display Exact Case >> 
16:51:17.690 [main] INFO  Factile_Mode_v3.DisplayExactCaseUnChecked - Driver is Initilize
16:51:26.532 [main] INFO  Factile_Mode_v3.DisplayExactCaseUnChecked - Navigated to homePage
16:51:47.777 [main] INFO  Factile_Mode_v3.DisplayExactCaseUnChecked - At customization page>> Checked Display Exact Case >> 
16:53:41.513 [main] INFO  Factile_Mode_v3.DisplayExactCaseUnChecked - Display Exact Case>> When Checked
16:54:00.402 [main] INFO  Factile_Mode_v3.DisplayQuestionOnGameBoardTileChecked - Driver is Initilize
16:54:08.191 [main] INFO  Factile_Mode_v3.DisplayQuestionOnGameBoardTileChecked - Navigated to homePage
16:54:24.845 [main] INFO  Factile_Mode_v3.DisplayQuestionOnGameBoardTileChecked - At customization page>> Checked Display Exact Case >> 
16:55:44.932 [main] INFO  Factile_Mode_v3.DisplayQuestionOnGameBoardTileChecked - Display question on GameBoard>> When Checked
16:56:00.372 [main] INFO  Factile_Mode_v3.DisplayQuestionOnGameBoardTileUnChecked - Driver is Initilize
16:56:07.705 [main] INFO  Factile_Mode_v3.DisplayQuestionOnGameBoardTileUnChecked - Navigated to homePage
16:56:21.233 [main] INFO  Factile_Mode_v3.DisplayQuestionOnGameBoardTileUnChecked - At customization page>> Checked Display Exact Case >> 
16:57:40.745 [main] INFO  Factile_Mode_v3.DisplayQuestionOnGameBoardTileUnChecked - Display question on GameBoard>> When UnChecked
16:58:06.262 [main] INFO  Factile_Mode_v3.HideCategoryWithPointsChecked - Driver is Initilize
16:58:16.002 [main] INFO  Factile_Mode_v3.HideCategoryWithPointsChecked - Navigated to homePage
16:58:30.539 [main] INFO  Factile_Mode_v3.HideCategoryWithPointsChecked - At customization page>> Check Hide Category with Points>> 
17:01:07.039 [main] INFO  Factile_Mode_v3.HideCategoryWithPointsChecked - Driver is Initilize
17:01:14.191 [main] INFO  Factile_Mode_v3.HideCategoryWithPointsChecked - Navigated to homePage
17:01:27.515 [main] INFO  Factile_Mode_v3.HideCategoryWithPointsChecked - At customization page>> Check Hide Category with Points>> 
17:04:08.015 [main] INFO  Factile_Mode_v3.HideCategoryWithPointsChecked - Driver is Initilize
17:04:15.615 [main] INFO  Factile_Mode_v3.HideCategoryWithPointsChecked - Navigated to homePage
17:04:28.960 [main] INFO  Factile_Mode_v3.HideCategoryWithPointsChecked - At customization page>> Check Hide Category with Points>> 
17:05:28.044 [main] INFO  Factile_Mode_v3.HideCategoryWithPointsChecked - Hide category with points is working fine>> When Checked
17:08:46.827 [main] INFO  Factile_Mode_v3.HideCategoryWithPointsUnChecked - Driver is Initilize
17:08:54.054 [main] INFO  Factile_Mode_v3.HideCategoryWithPointsUnChecked - Navigated to homePage
17:09:08.467 [main] INFO  Factile_Mode_v3.HideCategoryWithPointsUnChecked - At customization page>> Check Hide Category with Points>> 
17:10:06.890 [main] INFO  Factile_Mode_v3.HideCategoryWithPointsUnChecked - Hide category with points is not working >>When UnChecked
17:10:43.822 [main] INFO  Factile_Mode_v3.DisplayAnswerButtonChecked - Driver is Initilize
17:10:50.955 [main] INFO  Factile_Mode_v3.DisplayAnswerButtonChecked - Navigated to homePage
