11:18:58.185 [TestNG-test=Verify_same_game_running_by_two_moderaters-1] INFO  Factile_Mode.DGBP_HSB_TestCase_39 - Navigated to homePage
11:19:43.485 [TestNG-test=Verify_same_game_running_by_two_moderaters-2] INFO  Factile_Mode.DGBP_HSB_TestCase_39 - Driver is Initilize
11:19:47.368 [TestNG-test=Verify_same_game_running_by_two_moderaters-1] INFO  Factile_Mode.DGBP_HSB_TestCase_39 - Navigated to homePage
11:19:47.732 [TestNG-test=Verify_same_game_running_by_two_moderaters-2] INFO  Factile_Mode.DGBP_HSB_TestCase_39 - Navigated to homePage
11:20:10.354 [main] INFO  Factile_Mode.DGBP_HSB_TestCase_40 - Driver is Initilize
11:20:14.507 [main] INFO  Factile_Mode.DGBP_HSB_TestCase_40 - Navigated to homePage
11:20:51.350 [TestNG-test=Verify_same_game_running_by_two_moderaters-2] INFO  Factile_Mode.DGBP_HSB_TestCase_39 - Driver is Initilize
11:20:55.219 [TestNG-test=Verify_same_game_running_by_two_moderaters-1] INFO  Factile_Mode.DGBP_HSB_TestCase_39 - Navigated to homePage
11:20:55.691 [TestNG-test=Verify_same_game_running_by_two_moderaters-2] INFO  Factile_Mode.DGBP_HSB_TestCase_39 - Navigated to homePage
11:22:15.079 [TestNG-test=Verify_same_game_running_by_two_moderaters-2] INFO  Factile_Mode.DGBP_HSB_TestCase_39 - Driver is Initilize
11:22:18.919 [TestNG-test=Verify_same_game_running_by_two_moderaters-1] INFO  Factile_Mode.DGBP_HSB_TestCase_39 - Navigated to homePage
11:22:19.366 [TestNG-test=Verify_same_game_running_by_two_moderaters-2] INFO  Factile_Mode.DGBP_HSB_TestCase_39 - Navigated to homePage
11:23:19.114 [TestNG-test=Verify_same_game_running_by_two_moderaters-2] INFO  Factile_Mode.DGBP_HSB_TestCase_39 - Driver is Initilize
11:23:23.010 [TestNG-test=Verify_same_game_running_by_two_moderaters-2] INFO  Factile_Mode.DGBP_HSB_TestCase_39 - Navigated to homePage
11:23:23.223 [TestNG-test=Verify_same_game_running_by_two_moderaters-1] INFO  Factile_Mode.DGBP_HSB_TestCase_39 - Navigated to homePage
11:23:58.814 [TestNG-test=Verify_same_game_running_by_two_moderaters-2] INFO  Factile_Mode.DGBP_HSB_TestCase_39 - Driver is Initilize
11:24:02.890 [TestNG-test=Verify_same_game_running_by_two_moderaters-1] INFO  Factile_Mode.DGBP_HSB_TestCase_39 - Navigated to homePage
11:24:03.085 [TestNG-test=Verify_same_game_running_by_two_moderaters-2] INFO  Factile_Mode.DGBP_HSB_TestCase_39 - Navigated to homePage
11:24:46.813 [TestNG-test=Verify_same_game_running_by_two_moderaters-2] INFO  Factile_Mode.DGBP_HSB_TestCase_39 - Driver is Initilize
11:24:50.615 [TestNG-test=Verify_same_game_running_by_two_moderaters-1] INFO  Factile_Mode.DGBP_HSB_TestCase_39 - Navigated to homePage
11:24:50.649 [TestNG-test=Verify_same_game_running_by_two_moderaters-2] INFO  Factile_Mode.DGBP_HSB_TestCase_39 - Navigated to homePage
11:29:01.919 [TestNG-test=Verify_same_game_running_by_two_moderaters-2] INFO  Factile_Mode.DGBP_HSB_TestCase_39 - Driver is Initilize
11:29:06.135 [TestNG-test=Verify_same_game_running_by_two_moderaters-2] INFO  Factile_Mode.DGBP_HSB_TestCase_39 - Navigated to homePage
11:29:06.162 [TestNG-test=Verify_same_game_running_by_two_moderaters-1] INFO  Factile_Mode.DGBP_HSB_TestCase_39 - Navigated to homePage
11:30:42.192 [main] INFO  Factile_Mode.DGBP_HSB_TestCase_40 - Driver is Initilize
11:30:46.397 [main] INFO  Factile_Mode.DGBP_HSB_TestCase_40 - Navigated to homePage
11:41:35.080 [main] INFO  Factile_Mode_v3.Sign_UP - Driver is Initilize
11:41:39.466 [main] INFO  Factile_Mode_v3.Sign_UP - Navigated to homePage
11:59:41.253 [main] INFO  Factile_Mode_v3.Sign_UP - Driver is Initilize
11:59:45.505 [main] INFO  Factile_Mode_v3.Sign_UP - Navigated to homePage
12:02:16.828 [main] INFO  Factile_Mode_v3.Sign_UP - Driver is Initilize
12:02:20.996 [main] INFO  Factile_Mode_v3.Sign_UP - Navigated to homePage
12:05:58.567 [main] INFO  Factile_Mode_v3.Sign_UP - Driver is Initilize
12:06:02.357 [main] INFO  Factile_Mode_v3.Sign_UP - Navigated to homePage
12:10:34.378 [main] INFO  Factile_Mode_v3.Sign_UP - Driver is Initilize
12:10:38.696 [main] INFO  Factile_Mode_v3.Sign_UP - Navigated to homePage
12:20:12.126 [main] INFO  Factile_Mode_v3.Sign_UP - Driver is Initilize
12:20:16.352 [main] INFO  Factile_Mode_v3.Sign_UP - Navigated to homePage
12:21:21.618 [main] INFO  Factile_Mode_v3.Sign_UP - Driver is Initilize
12:21:27.091 [main] INFO  Factile_Mode_v3.Sign_UP - Navigated to homePage
12:22:22.377 [main] INFO  Factile_Mode_v3.Sign_UP - Driver is Initilize
12:22:26.562 [main] INFO  Factile_Mode_v3.Sign_UP - Navigated to homePage
14:20:17.656 [main] INFO  Factile_Mode_v3.Sign_UP - Driver is Initilize
14:20:21.970 [main] INFO  Factile_Mode_v3.Sign_UP - Navigated to homePage
15:05:04.365 [main] INFO  Factile_Mode_v3.Sign_UP - Driver is Initilize
15:05:09.032 [main] INFO  Factile_Mode_v3.Sign_UP - Navigated to homePage
15:34:51.296 [main] INFO  Factile_Mode_v3.Sign_UP - Driver is Initilize
15:34:57.324 [main] INFO  Factile_Mode_v3.Sign_UP - Navigated to homePage
15:37:01.081 [main] INFO  Factile_Mode_v3.Sign_UP - Driver is Initilize
