11:10:00.682 [main] INFO  Factile_Mode_v3.Sign_UP - Driver is Initilize
11:10:05.813 [main] INFO  Factile_Mode_v3.Sign_UP - Navigated to homePage
11:38:24.916 [main] INFO  Factile_Mode_v3.Sign_UP - Driver is Initilize
11:38:29.444 [main] INFO  Factile_Mode_v3.Sign_UP - Navigated to homePage
11:39:41.181 [main] INFO  Factile_Mode_v3.Sign_UP - Driver is Initilize
11:39:46.072 [main] INFO  Factile_Mode_v3.Sign_UP - Navigated to homePage
12:23:22.151 [main] INFO  Factile_Mode_v3.GoProToSubscription_Verify - Driver is Initilize
12:23:28.706 [main] INFO  Factile_Mode_v3.GoProToSubscription_Verify - Navigated to homePage
12:24:05.599 [main] INFO  Factile_Mode_v3.GoProToSubscription_Verify - Driver is Initilize
12:24:10.560 [main] INFO  Factile_Mode_v3.GoProToSubscription_Verify - Navigated to homePage
12:28:19.711 [main] INFO  Factile_Mode_v3.GoProToSubscription_Verify - Driver is Initilize
12:28:24.613 [main] INFO  Factile_Mode_v3.GoProToSubscription_Verify - Navigated to homePage
12:56:08.089 [main] INFO  Factile_Mode_v3.GoProToSubscription_Verify - Driver is Initilize
12:56:14.731 [main] INFO  Factile_Mode_v3.GoProToSubscription_Verify - Navigated to homePage
13:00:30.043 [main] INFO  Factile_Mode_v3.GoProToSubscription_Verify - Driver is Initilize
13:00:34.955 [main] INFO  Factile_Mode_v3.GoProToSubscription_Verify - Navigated to homePage
13:03:59.449 [main] INFO  Factile_Mode_v3.GoProToSubscription_Verify - Driver is Initilize
13:04:04.475 [main] INFO  Factile_Mode_v3.GoProToSubscription_Verify - Navigated to homePage
13:08:19.121 [main] INFO  Factile_Mode_v3.GoProToSubscription_Verify - Driver is Initilize
13:08:24.103 [main] INFO  Factile_Mode_v3.GoProToSubscription_Verify - Navigated to homePage
13:14:05.552 [main] INFO  Factile_Mode_v3.GoProToSubscription_Verify - Driver is Initilize
13:14:10.513 [main] INFO  Factile_Mode_v3.GoProToSubscription_Verify - Navigated to homePage
13:15:00.323 [main] INFO  Factile_Mode_v3.GoProToSubscription_Verify - Driver is Initilize
13:15:05.098 [main] INFO  Factile_Mode_v3.GoProToSubscription_Verify - Navigated to homePage
13:17:47.447 [main] INFO  Factile_Mode_v3.PageNotFound_Links_at_HomePage - Driver is Initilize
13:17:53.306 [main] INFO  Factile_Mode_v3.PageNotFound_Links_at_HomePage - Navigated to homePage
13:28:32.669 [main] INFO  Factile_Mode_v3.GoProToSubscription_Verify - Driver is Initilize
13:28:37.653 [main] INFO  Factile_Mode_v3.GoProToSubscription_Verify - Navigated to homePage
13:29:57.447 [main] INFO  Factile_Mode_v3.GoProToSubscription_Verify - Driver is Initilize
13:30:02.343 [main] INFO  Factile_Mode_v3.GoProToSubscription_Verify - Navigated to homePage
13:50:08.876 [main] INFO  Factile_Mode_v3.GoProToSubscription_Verify - Driver is Initilize
13:50:13.785 [main] INFO  Factile_Mode_v3.GoProToSubscription_Verify - Navigated to homePage
14:04:53.683 [main] INFO  Factile_Mode_v3.GoProToSubscription_Verify - Driver is Initilize
14:04:58.553 [main] INFO  Factile_Mode_v3.GoProToSubscription_Verify - Navigated to homePage
14:27:30.026 [main] INFO  Factile_Mode_v3.GoProToSubscription_Verify - Driver is Initilize
14:27:35.603 [main] INFO  Factile_Mode_v3.GoProToSubscription_Verify - Navigated to homePage
14:29:25.408 [main] INFO  Factile_Mode_v3.GoProToSubscription_Verify - Driver is Initilize
14:29:30.363 [main] INFO  Factile_Mode_v3.GoProToSubscription_Verify - Navigated to homePage
14:30:12.326 [main] INFO  Factile_Mode_v3.GoProToSubscription_Verify - Driver is Initilize
14:30:17.379 [main] INFO  Factile_Mode_v3.GoProToSubscription_Verify - Navigated to homePage
14:31:44.042 [main] INFO  Factile_Mode_v3.GoProToSubscription_Verify - Driver is Initilize
14:31:49.115 [main] INFO  Factile_Mode_v3.GoProToSubscription_Verify - Navigated to homePage
14:34:52.122 [main] INFO  Factile_Mode_v3.GoProToSubscription_Verify - Driver is Initilize
14:34:57.565 [main] INFO  Factile_Mode_v3.GoProToSubscription_Verify - Navigated to homePage
14:57:45.573 [main] INFO  Factile_Mode_v3.GoProToSubscription_Verify - Driver is Initilize
14:57:50.429 [main] INFO  Factile_Mode_v3.GoProToSubscription_Verify - Navigated to homePage
14:59:35.180 [main] INFO  Factile_Mode_v3.GoProToSubscription_Verify - Driver is Initilize
14:59:40.113 [main] INFO  Factile_Mode_v3.GoProToSubscription_Verify - Navigated to homePage
16:28:24.565 [main] INFO  Factile_Mode_v3.GoProToSubscription_Verify - Driver is Initilize
16:28:30.215 [main] INFO  Factile_Mode_v3.GoProToSubscription_Verify - Navigated to homePage
16:52:54.517 [main] INFO  Factile_Mode_v3.GoProToSubscription_Verify - Driver is Initilize
16:53:00.081 [main] INFO  Factile_Mode_v3.GoProToSubscription_Verify - Navigated to homePage
18:46:28.129 [main] INFO  Factile_Mode_v3.Sign_UP - Driver is Initilize
18:46:33.797 [main] INFO  Factile_Mode_v3.Sign_UP - Navigated to homePage
18:46:52.522 [main] INFO  Factile_Mode_v3.Log_In - Driver is Initilize
18:46:56.862 [main] INFO  Factile_Mode_v3.Log_In - Navigated to homePage
