11:48:31.117 [main] INFO  Factile_Mode_v3.SkipAndSeeAnswer - Navigated to homePage
11:49:47.625 [main] INFO  Factile_Mode_v3.SkipAndSeeAnswer - Skip/See Answer is working fine
12:26:25.818 [main] INFO  Factile_Mode_v3.TutorMode - Driver is Initilize
12:26:31.217 [main] INFO  Factile_Mode_v3.TutorMode - Navigated to homePage
12:26:42.510 [main] INFO  Factile_Mode_v3.TutorMode - At customization page>> Tutor Mode is checked >> 
12:53:43.823 [main] INFO  Factile_Mode_v3.TutorMode - Driver is Initilize
12:53:47.990 [main] INFO  Factile_Mode_v3.TutorMode - Navigated to homePage
12:53:57.908 [main] INFO  Factile_Mode_v3.TutorMode - At customization page>> Tutor Mode is checked >> 
13:04:32.359 [main] INFO  Factile_Mode_v3.TutorMode - Driver is Initilize
13:04:37.740 [main] INFO  Factile_Mode_v3.TutorMode - Navigated to homePage
13:04:48.039 [main] INFO  Factile_Mode_v3.TutorMode - At customization page>> Tutor Mode is checked >> 
13:08:48.525 [main] INFO  Factile_Mode_v3.TutorMode - Driver is Initilize
13:08:53.103 [main] INFO  Factile_Mode_v3.TutorMode - Navigated to homePage
13:09:03.104 [main] INFO  Factile_Mode_v3.TutorMode - At customization page>> Tutor Mode is checked >> 
13:12:04.391 [main] INFO  Factile_Mode_v3.TutorMode - Driver is Initilize
13:12:10.012 [main] INFO  Factile_Mode_v3.TutorMode - Navigated to homePage
13:12:20.490 [main] INFO  Factile_Mode_v3.TutorMode - At customization page>> Tutor Mode is checked >> 
13:15:19.611 [main] INFO  Factile_Mode_v3.TutorMode - Driver is Initilize
13:15:36.854 [main] INFO  Factile_Mode_v3.TutorMode - Navigated to homePage
13:15:47.810 [main] INFO  Factile_Mode_v3.TutorMode - At customization page>> Tutor Mode is checked >> 
13:25:53.806 [main] INFO  Factile_Mode_v3.TutorMode - Driver is Initilize
13:25:58.687 [main] INFO  Factile_Mode_v3.TutorMode - Navigated to homePage
13:26:08.647 [main] INFO  Factile_Mode_v3.TutorMode - At customization page>> Tutor Mode is checked >> 
13:50:10.990 [main] INFO  Factile_Mode_v3.TutorMode - Driver is Initilize
13:50:17.389 [main] INFO  Factile_Mode_v3.TutorMode - Navigated to homePage
13:50:27.989 [main] INFO  Factile_Mode_v3.TutorMode - At customization page>> Tutor Mode is checked >> 
14:00:22.650 [main] INFO  Factile_Mode_v3.TutorMode - Driver is Initilize
14:00:27.924 [main] INFO  Factile_Mode_v3.TutorMode - Navigated to homePage
14:00:46.349 [main] INFO  Factile_Mode_v3.TutorMode - At customization page>> Tutor Mode is checked >> 
14:25:12.639 [main] INFO  Factile_Mode_v3.TutorMode - Driver is Initilize
14:25:18.403 [main] INFO  Factile_Mode_v3.TutorMode - Navigated to homePage
14:25:36.046 [main] INFO  Factile_Mode_v3.TutorMode - At customization page>> Tutor Mode is checked >> 
14:32:14.315 [main] INFO  Factile_Mode_v3.TutorMode - Driver is Initilize
14:32:24.191 [main] INFO  Factile_Mode_v3.TutorMode - Navigated to homePage
14:32:43.142 [main] INFO  Factile_Mode_v3.TutorMode - At customization page>> Tutor Mode is checked >> 
14:36:22.611 [main] INFO  Factile_Mode_v3.TutorMode - Driver is Initilize
14:36:27.564 [main] INFO  Factile_Mode_v3.TutorMode - Navigated to homePage
14:36:45.028 [main] INFO  Factile_Mode_v3.TutorMode - At customization page>> Tutor Mode is checked >> 
14:40:42.693 [main] INFO  Factile_Mode_v3.TutorMode - Driver is Initilize
14:40:48.457 [main] INFO  Factile_Mode_v3.TutorMode - Navigated to homePage
14:41:06.753 [main] INFO  Factile_Mode_v3.TutorMode - At customization page>> Tutor Mode is checked >> 
14:45:58.569 [main] INFO  Factile_Mode_v3.TutorMode - Driver is Initilize
14:46:04.175 [main] INFO  Factile_Mode_v3.TutorMode - Navigated to homePage
14:46:21.052 [main] INFO  Factile_Mode_v3.TutorMode - At customization page>> Tutor Mode is checked >> 
14:51:16.697 [main] INFO  Factile_Mode_v3.TutorMode - Driver is Initilize
14:51:22.669 [main] INFO  Factile_Mode_v3.TutorMode - Navigated to homePage
14:51:41.051 [main] INFO  Factile_Mode_v3.TutorMode - At customization page>> Tutor Mode is checked >> 
14:58:25.948 [main] INFO  Factile_Mode_v3.TutorMode - Driver is Initilize
14:58:31.243 [main] INFO  Factile_Mode_v3.TutorMode - Navigated to homePage
14:58:48.589 [main] INFO  Factile_Mode_v3.TutorMode - At customization page>> Tutor Mode is checked >> 
15:07:42.390 [main] INFO  Factile_Mode_v3.TutorMode - Driver is Initilize
15:07:47.397 [main] INFO  Factile_Mode_v3.TutorMode - Navigated to homePage
15:08:04.791 [main] INFO  Factile_Mode_v3.TutorMode - At customization page>> Tutor Mode is checked >> 
15:13:45.746 [main] INFO  Factile_Mode_v3.TutorMode - Driver is Initilize
15:13:50.737 [main] INFO  Factile_Mode_v3.TutorMode - Navigated to homePage
15:14:08.368 [main] INFO  Factile_Mode_v3.TutorMode - At customization page>> Tutor Mode is checked >> 
15:18:21.282 [main] INFO  Factile_Mode_v3.TutorMode - Driver is Initilize
15:18:26.593 [main] INFO  Factile_Mode_v3.TutorMode - Navigated to homePage
15:18:43.833 [main] INFO  Factile_Mode_v3.TutorMode - At customization page>> Tutor Mode is checked >> 
