13:58:21.376 [main] INFO  TestCases_Execution.TestCase_1 - Mascot image is uploaded
13:58:26.139 [main] INFO  TestCases_Execution.TestCase_1 - New mascot is Activated.
13:59:57.757 [main] INFO  TestCases_Execution.TestCase_1 - Driver is Initilize
14:00:05.752 [main] INFO  TestCases_Execution.TestCase_1 - Navigated to homePage
14:00:36.587 [main] INFO  TestCases_Execution.TestCase_1 - Mascot image is uploaded
14:01:07.656 [main] INFO  TestCases_Execution.TestCase_1 - New mascot is Activated.
14:08:40.459 [main] INFO  TestCases_Execution.TestCase_1 - Driver is Initilize
14:08:52.816 [main] INFO  TestCases_Execution.TestCase_1 - Navigated to homePage
14:10:38.475 [main] INFO  TestCases_Execution.TestCase_1 - Driver is Initilize
14:10:44.594 [main] INFO  TestCases_Execution.TestCase_1 - Navigated to homePage
14:11:18.397 [main] INFO  TestCases_Execution.TestCase_1 - Mascot image is uploaded
14:11:24.166 [main] INFO  TestCases_Execution.TestCase_1 - New mascot is Activated.
14:44:48.074 [main] INFO  TestCases_Execution.TestCase_1 - Driver is Initilize
14:47:37.640 [main] INFO  TestCases_Execution.TestCase_1 - Navigated to homePage
14:48:40.195 [main] INFO  TestCases_Execution.TestCase_1 - Mascot image is uploaded
14:49:12.693 [main] INFO  TestCases_Execution.TestCase_1 - New mascot is Activated.
20:01:41.250 [main] INFO  TestCases_Execution.TestCase_1 - Driver is Initilize
20:01:53.706 [main] INFO  TestCases_Execution.TestCase_1 - Navigated to homePage
20:02:35.252 [main] INFO  TestCases_Execution.TestCase_1 - Mascot image is uploaded
20:02:43.179 [main] INFO  TestCases_Execution.TestCase_1 - New mascot is Activated.
20:11:05.059 [main] INFO  TestCases_Execution.TestCase_1 - Driver is Initilize
20:11:46.250 [main] INFO  TestCases_Execution.TestCase_1 - Navigated to homePage
20:12:29.774 [main] INFO  TestCases_Execution.TestCase_1 - Mascot image is uploaded
20:13:33.903 [main] INFO  TestCases_Execution.TestCase_1 - Driver is Initilize
20:13:42.771 [main] INFO  TestCases_Execution.TestCase_1 - Navigated to homePage
20:14:12.341 [main] INFO  TestCases_Execution.TestCase_1 - Mascot image is uploaded
20:14:16.704 [main] INFO  TestCases_Execution.TestCase_1 - New mascot is Activated.
20:24:51.105 [main] INFO  TestCases_Execution.TestCase_1 - Driver is Initilize
20:24:59.927 [main] INFO  TestCases_Execution.TestCase_1 - Navigated to homePage
20:25:32.418 [main] INFO  TestCases_Execution.TestCase_1 - Mascot image is uploaded
20:25:37.009 [main] INFO  TestCases_Execution.TestCase_1 - New mascot is Activated.
20:26:54.800 [main] INFO  TestCases_Execution.TestCase_1 - uploaded masoct is active & selected at player screen .
20:36:14.582 [main] INFO  TestCases_Execution.TestCase_1 - Driver is Initilize
20:36:24.412 [main] INFO  TestCases_Execution.TestCase_1 - Navigated to homePage
20:36:56.051 [main] INFO  TestCases_Execution.TestCase_1 - Mascot image is uploaded
20:37:00.435 [main] INFO  TestCases_Execution.TestCase_1 - New mascot is Activated.
20:41:46.221 [main] INFO  TestCases_Execution.TestCase_1 - Driver is Initilize
20:41:58.088 [main] INFO  TestCases_Execution.TestCase_1 - Navigated to homePage
20:42:29.453 [main] INFO  TestCases_Execution.TestCase_1 - Mascot image is uploaded
20:43:48.337 [main] INFO  TestCases_Execution.TestCase_1 - Driver is Initilize
20:43:57.015 [main] INFO  TestCases_Execution.TestCase_1 - Navigated to homePage
20:44:42.886 [main] INFO  TestCases_Execution.TestCase_1 - Mascot image is uploaded
20:44:46.955 [main] INFO  TestCases_Execution.TestCase_1 - New mascot is Activated.
20:47:25.214 [main] INFO  TestCases_Execution.TestCase_1 - Driver is Initilize
20:47:33.807 [main] INFO  TestCases_Execution.TestCase_1 - Navigated to homePage
20:48:03.616 [main] INFO  TestCases_Execution.TestCase_1 - Mascot image is uploaded
20:48:07.895 [main] INFO  TestCases_Execution.TestCase_1 - New mascot is Activated.
20:49:46.310 [main] INFO  TestCases_Execution.TestCase_1 - Driver is Initilize
20:49:52.905 [main] INFO  TestCases_Execution.TestCase_1 - Navigated to homePage
20:50:21.072 [main] INFO  TestCases_Execution.TestCase_1 - Mascot image is uploaded
20:50:35.607 [main] INFO  TestCases_Execution.TestCase_1 - New mascot is Activated.
20:51:50.975 [main] INFO  TestCases_Execution.TestCase_1 - uploaded masoct is active & selected at player screen .
21:36:48.856 [main] INFO  TestCases_Execution.TestCase_1 - Driver is Initilize
21:37:03.879 [main] INFO  TestCases_Execution.TestCase_1 - Navigated to homePage
21:39:26.675 [main] INFO  TestCases_Execution.TestCase_1 - Driver is Initilize
21:39:35.921 [main] INFO  TestCases_Execution.TestCase_1 - Navigated to homePage
21:40:19.078 [main] INFO  TestCases_Execution.TestCase_1 - Mascot image is uploaded
21:43:17.726 [main] INFO  TestCases_Execution.TestCase_1 - Driver is Initilize
21:43:29.168 [main] INFO  TestCases_Execution.TestCase_1 - Navigated to homePage
21:52:28.041 [main] INFO  TestCases_Execution.TestCase_1 - Driver is Initilize
