17:02:33.681 [main] INFO  Factile_Mode_v3.DeleteAccount - Driver is Initilize
17:02:36.966 [main] INFO  Factile_Mode_v3.DeleteAccount - Navigated to homePage
17:03:06.003 [main] INFO  Factile_Mode_v3.HeaderMenuInFreeAccount - Driver is Initilize
17:03:11.920 [main] INFO  Factile_Mode_v3.HeaderMenuInFreeAccount - Navigated to homePage
17:03:21.386 [main] INFO  Factile_Mode_v3.HeaderMenuInPaidAccount - Driver is Initilize
17:03:27.780 [main] INFO  Factile_Mode_v3.HeaderMenuInPaidAccount - Navigated to homePage
17:03:37.367 [main] INFO  Factile_Mode_v3.PageNotFound_Links_at_HomePage - Driver is Initilize
17:03:44.457 [main] INFO  Factile_Mode_v3.PageNotFound_Links_at_HomePage - Navigated to homePage
17:07:40.018 [main] INFO  Factile_Mode_v3.DoubleFactile - Driver is Initilize
17:07:46.568 [main] INFO  Factile_Mode_v3.DoubleFactile - Navigated to homePage
17:08:21.203 [main] INFO  Factile_Mode_v3.DoubleFactile - At customization page>> Double Factile is Checked >> 
17:10:56.022 [main] INFO  Factile_Mode_v3.DoubleFactile - Double Factile is working fine
17:11:03.379 [main] INFO  Factile_Mode_v3.DisplayAnswerButton - Driver is Initilize
17:11:10.268 [main] INFO  Factile_Mode_v3.DisplayAnswerButton - Navigated to homePage
17:11:25.038 [main] INFO  Factile_Mode_v3.DisplayAnswerButton - At customization page>> Checked Display Answer Button >> 
17:12:28.810 [main] INFO  Factile_Mode_v3.DisplayAnswerButton - Display Answer Button>> When Checked
17:12:36.130 [main] INFO  Factile_Mode_v3.DisplayExactCaseChecked - Driver is Initilize
17:12:44.495 [main] INFO  Factile_Mode_v3.DisplayExactCaseChecked - Navigated to homePage
17:12:57.974 [main] INFO  Factile_Mode_v3.DisplayExactCaseChecked - At customization page>> Checked Display Exact Case >> 
17:13:57.519 [main] INFO  Factile_Mode_v3.DisplayExactCaseChecked - Display Exact Case>> When Checked
17:14:04.738 [main] INFO  Factile_Mode_v3.DisplayExactCaseUnChecked - Driver is Initilize
17:14:10.110 [main] INFO  Factile_Mode_v3.DisplayExactCaseUnChecked - Navigated to homePage
17:14:24.189 [main] INFO  Factile_Mode_v3.DisplayExactCaseUnChecked - At customization page>> Checked Display Exact Case >> 
17:16:37.881 [main] INFO  Factile_Mode_v3.DisplayQuestionOnGameBoardTileChecked - Driver is Initilize
17:16:45.673 [main] INFO  Factile_Mode_v3.DisplayQuestionOnGameBoardTileChecked - Navigated to homePage
17:17:00.465 [main] INFO  Factile_Mode_v3.DisplayQuestionOnGameBoardTileChecked - At customization page>> Checked Display Exact Case >> 
17:19:12.847 [main] INFO  Factile_Mode_v3.DisplayQuestionOnGameBoardTileUnChecked - Driver is Initilize
17:19:20.079 [main] INFO  Factile_Mode_v3.DisplayQuestionOnGameBoardTileUnChecked - Navigated to homePage
17:19:34.054 [main] INFO  Factile_Mode_v3.DisplayQuestionOnGameBoardTileUnChecked - At customization page>> Checked Display Exact Case >> 
17:20:51.099 [main] INFO  Factile_Mode_v3.DisplayQuestionOnGameBoardTileUnChecked - Display question on GameBoard>> When UnChecked
17:20:58.489 [main] INFO  Factile_Mode_v3.HideCategoryWithPointsChecked - Driver is Initilize
17:21:06.506 [main] INFO  Factile_Mode_v3.HideCategoryWithPointsChecked - Navigated to homePage
17:21:20.546 [main] INFO  Factile_Mode_v3.HideCategoryWithPointsChecked - At customization page>> Check Hide Category with Points>> 
17:22:22.299 [main] INFO  Factile_Mode_v3.HideCategoryWithPointsChecked - Hide category with points is working fine>> When Checked
17:22:29.608 [main] INFO  Factile_Mode_v3.HideCategoryWithPointsUnChecked - Driver is Initilize
17:22:34.225 [main] INFO  Factile_Mode_v3.HideCategoryWithPointsUnChecked - Navigated to homePage
17:22:48.672 [main] INFO  Factile_Mode_v3.HideCategoryWithPointsUnChecked - At customization page>> Check Hide Category with Points>> 
17:23:51.656 [main] INFO  Factile_Mode_v3.HideCategoryWithPointsUnChecked - Hide category with points is not working >>When UnChecked
17:23:58.985 [main] INFO  Factile_Mode_v3.PlayAsJeopardyStyle - Driver is Initilize
17:24:05.806 [main] INFO  Factile_Mode_v3.PlayAsJeopardyStyle - Navigated to homePage
17:24:18.968 [main] INFO  Factile_Mode_v3.PlayAsJeopardyStyle - At customization page>> Checked Play As Numbered Tiles Instead Of Jeopardy-style >> 
17:25:16.998 [main] INFO  Factile_Mode_v3.PlayAsJeopardyStyle - Play as Jeopardy Style
17:25:24.265 [main] INFO  Factile_Mode_v3.PlayAsNumberedTilesInsteadOfJeopardyStyleChecked - Driver is Initilize
17:25:31.943 [main] INFO  Factile_Mode_v3.PlayAsNumberedTilesInsteadOfJeopardyStyleChecked - Navigated to homePage
17:25:45.022 [main] INFO  Factile_Mode_v3.PlayAsNumberedTilesInsteadOfJeopardyStyleChecked - At customization page>> Checked Play As Numbered Tiles Instead Of Jeopardy-style >> 
17:26:44.171 [main] INFO  Factile_Mode_v3.PlayAsNumberedTilesInsteadOfJeopardyStyleChecked - Play as Numbered Tiles Instead OF Jeopardy Style
17:26:51.473 [main] INFO  Factile_Mode_v3.DailyDouble - Driver is Initilize
17:26:58.053 [main] INFO  Factile_Mode_v3.DailyDouble - Navigated to homePage
