19:11:23.669 [main] INFO  Factile_Mode.DGBP_HSB_TestCase_32 - Navigated to homePage
19:12:16.853 [main] INFO  Factile_Mode.DGBP_HSB_TestCase_32 - At customization page>> >>Enter answer for buzz is active from customization
19:17:15.094 [main] INFO  Factile_Mode.DGBP_HSB_TestCase_32 - Driver is Initilize
19:17:15.840 [main] INFO  Factile_Mode.DGBP_HSB_TestCase_32 - Navigated to homePage
19:18:08.125 [main] INFO  Factile_Mode.DGBP_HSB_TestCase_32 - At customization page>> >>Enter answer for buzz is active from customization
19:25:48.946 [main] INFO  Factile_Mode.DGBP_HSB_TestCase_32 - Driver is Initilize
19:25:51.818 [main] INFO  Factile_Mode.DGBP_HSB_TestCase_32 - Navigated to homePage
19:26:18.972 [main] INFO  Factile_Mode.DGBP_HSB_TestCase_32 - At customization page>> >>Enter answer for buzz is active from customization
10:46:26.192 [main] INFO  Factile_Mode.DGBP_HSB_TestCase_32 - Driver is Initilize
10:46:27.130 [main] INFO  Factile_Mode.DGBP_HSB_TestCase_32 - Navigated to homePage
10:46:55.546 [main] INFO  Factile_Mode.DGBP_HSB_TestCase_32 - At customization page>> >>Enter answer for buzz is active from customization
12:23:36.267 [main] INFO  Factile_Mode.DGBP_HSB_TestCase_31 - Driver is Initilize
12:23:37.201 [main] INFO  Factile_Mode.DGBP_HSB_TestCase_31 - Navigated to homePage
12:23:59.483 [main] INFO  Factile_Mode.DGBP_HSB_TestCase_31 - At customization page>> >>Buzzer for final factile is on from customization
12:34:03.073 [main] INFO  Factile_Mode.DGBP_HSB_TestCase_32 - Driver is Initilize
12:34:04.189 [main] INFO  Factile_Mode.DGBP_HSB_TestCase_32 - Navigated to homePage
12:34:30.967 [main] INFO  Factile_Mode.DGBP_HSB_TestCase_32 - At customization page>> >>Enter answer for buzz is active from customization
13:47:40.068 [main] INFO  Factile_Mode.DGBP_B_TestCase_2 - Driver is Initilize
13:47:41.080 [main] INFO  Factile_Mode.DGBP_B_TestCase_2 - Navigated to homePage
13:48:06.926 [main] INFO  Factile_Mode.DGBP_B_TestCase_2 - You have not taken any subscription
13:49:13.048 [main] INFO  Factile_Mode.DGBP_HSB_TestCase_3 - Driver is Initilize
13:49:14.652 [main] INFO  Factile_Mode.DGBP_HSB_TestCase_3 - Navigated to homePage
15:22:59.156 [main] INFO  Factile_Mode.DGBP_HSB_TestCase_33 - Driver is Initilize
15:23:00.388 [main] INFO  Factile_Mode.DGBP_HSB_TestCase_33 - Navigated to homePage
15:28:10.665 [main] INFO  Factile_Mode.DGBP_HSB_TestCase_33 - Driver is Initilize
15:28:12.810 [main] INFO  Factile_Mode.DGBP_HSB_TestCase_33 - Navigated to homePage
15:35:40.676 [main] INFO  Factile_Mode.DGBP_HSB_TestCase_33 - Driver is Initilize
15:35:41.540 [main] INFO  Factile_Mode.DGBP_HSB_TestCase_33 - Navigated to homePage
15:37:13.078 [main] INFO  Factile_Mode.DGBP_HSB_TestCase_33 - Driver is Initilize
15:37:35.108 [main] INFO  Factile_Mode.DGBP_HSB_TestCase_33 - Navigated to homePage
15:40:47.887 [main] INFO  Factile_Mode.DGBP_HSB_TestCase_33 - Driver is Initilize
15:40:49.059 [main] INFO  Factile_Mode.DGBP_HSB_TestCase_33 - Navigated to homePage
15:41:47.631 [main] INFO  Factile_Mode.DGBP_HSB_TestCase_33 - Driver is Initilize
15:41:48.361 [main] INFO  Factile_Mode.DGBP_HSB_TestCase_33 - Navigated to homePage
15:46:11.424 [main] INFO  Factile_Mode.DGBP_HSB_TestCase_33 - Driver is Initilize
15:47:12.637 [main] INFO  Factile_Mode.DGBP_HSB_TestCase_33 - Driver is Initilize
15:47:14.326 [main] INFO  Factile_Mode.DGBP_HSB_TestCase_33 - Navigated to homePage
15:52:07.761 [main] INFO  Factile_Mode.DGBP_HSB_TestCase_33 - Driver is Initilize
15:52:08.975 [main] INFO  Factile_Mode.DGBP_HSB_TestCase_33 - Navigated to homePage
19:53:13.012 [main] INFO  Factile_Mode.DGBP_HSB_TestCase_33 - Driver is Initilize
19:53:14.186 [main] INFO  Factile_Mode.DGBP_HSB_TestCase_33 - Navigated to homePage
19:59:42.557 [main] INFO  Factile_Mode.DGBP_HSB_TestCase_33 - Driver is Initilize
19:59:43.842 [main] INFO  Factile_Mode.DGBP_HSB_TestCase_33 - Navigated to homePage
20:03:18.783 [main] INFO  Factile_Mode.DGBP_HSB_TestCase_33 - Driver is Initilize
20:03:19.863 [main] INFO  Factile_Mode.DGBP_HSB_TestCase_33 - Navigated to homePage
20:15:51.143 [main] INFO  Factile_Mode.DGBP_HSB_TestCase_33 - Driver is Initilize
20:15:52.860 [main] INFO  Factile_Mode.DGBP_HSB_TestCase_33 - Navigated to homePage
20:18:43.343 [main] INFO  Factile_Mode.DGBP_HSB_TestCase_33 - Driver is Initilize
20:18:45.002 [main] INFO  Factile_Mode.DGBP_HSB_TestCase_33 - Navigated to homePage
20:25:59.643 [main] INFO  Factile_Mode.DGBP_HSB_TestCase_33 - Driver is Initilize
20:26:00.750 [main] INFO  Factile_Mode.DGBP_HSB_TestCase_33 - Navigated to homePage
20:32:39.831 [main] INFO  Factile_Mode.DGBP_HSB_TestCase_33 - Driver is Initilize
20:32:40.809 [main] INFO  Factile_Mode.DGBP_HSB_TestCase_33 - Navigated to homePage
20:35:25.763 [main] INFO  Factile_Mode.DGBP_HSB_TestCase_33 - Driver is Initilize
20:35:26.754 [main] INFO  Factile_Mode.DGBP_HSB_TestCase_33 - Navigated to homePage
20:44:58.463 [main] INFO  Factile_Mode.DGBP_HSB_TestCase_33 - Driver is Initilize
