20:12:30.576 [main] INFO  Factile_Mode.DGBM_B_TestCase_1 - Left logo is present>>=factile
20:12:38.777 [main] INFO  Factile_Mode.DGBP_B_TestCase_2 - Driver is Initilize
20:12:43.104 [main] INFO  Factile_Mode.DGBP_B_TestCase_2 - Navigated to homePage
20:13:12.427 [main] INFO  Factile_Mode.DGBP_B_TestCase_2 - Mascot image is uploaded
20:14:03.844 [main] INFO  Factile_Mode.DGBP_B_TestCase_2 - uploaded masoct is active & selected at player screen .
20:14:18.313 [main] INFO  Factile_Mode.DGBP_B_TestCase_2 - uploaded masoct is visible on player screen
20:14:23.214 [main] INFO  Factile_Mode.DGBP_HSB_TestCase_3 - Driver is Initilize
20:14:27.776 [main] INFO  Factile_Mode.DGBP_HSB_TestCase_3 - Navigated to homePage
20:16:48.599 [main] INFO  Factile_Mode.DGBP_HSB_TestCase_3 - Background image is successfully loaded at gameboard, image url is= background: url("https://factile-test-dynamic.s3.amazonaws.com/backgrounds/bg1604933141553pf78843.jpg");
20:16:48.616 [main] INFO  Factile_Mode.DGBP_HSB_TestCase_3 - At Modearter >> Game Board Color is=background-color: rgb(255, 255, 255);
20:16:48.632 [main] INFO  Factile_Mode.DGBP_HSB_TestCase_3 - At Modearter >> Question Tile Color & Dollar colour is=background-color: rgb(242, 184, 58); color: rgb(31, 31, 31);
20:16:48.646 [main] INFO  Factile_Mode.DGBP_HSB_TestCase_3 - At Modearter >> game category title color=color: rgb(135, 81, 232); font-size: 16px;
20:16:52.686 [main] INFO  Factile_Mode.DGBP_HSB_TestCase_3 - At player >> gameboard background image is>>background: url("https://factile-test-dynamic.s3.amazonaws.com/backgrounds/bg1604933141553pf78843.jpg");
20:16:52.711 [main] INFO  Factile_Mode.DGBP_HSB_TestCase_3 - At player >> gameboard gameboard colour is =>>background: rgb(255, 255, 255);
20:16:52.729 [main] INFO  Factile_Mode.DGBP_HSB_TestCase_3 - At player >>game tile color is =>>background: rgb(242, 184, 58);
20:16:52.748 [main] INFO  Factile_Mode.DGBP_HSB_TestCase_3 - At player >>Dollar colour is=>>color: rgb(31, 31, 31);
20:16:52.766 [main] INFO  Factile_Mode.DGBP_HSB_TestCase_3 - At Modearter >> game category Title color=color: rgb(135, 81, 232);
20:16:57.651 [main] INFO  TestCases_Execution.TestCase_1 - Driver is Initilize
20:17:02.266 [main] INFO  TestCases_Execution.TestCase_1 - Navigated to homePage
20:18:12.298 [main] INFO  TestCases_Execution.TestCase_1 - When unchecked from customization setting>>Twitter link is displaying
20:18:12.298 [main] INFO  TestCases_Execution.TestCase_1 - When unchecked from customization setting>>Pintrest link is displaying
20:18:17.100 [main] INFO  TestCases_Execution.TestCase_1 - Driver is Initilize
20:18:23.612 [main] INFO  TestCases_Execution.TestCase_1 - Navigated to homePage
20:20:07.722 [main] INFO  Factile_Mode.DGBP_HSB_TestCase_6 - Driver is Initilize
20:20:13.683 [main] INFO  Factile_Mode.DGBP_HSB_TestCase_6 - Navigated to homePage
20:20:30.958 [main] INFO  Factile_Mode.DGBP_HSB_TestCase_6 - At customization page>> UnCheck display exact case>> 
20:21:25.937 [main] INFO  Factile_Mode.DGBP_HSB_TestCase_6 - when unchecked from customization setting>>Exact case is not displayed
20:21:30.794 [main] INFO  Factile_Mode.DGBP_HSB_TestCase_7 - Driver is Initilize
20:21:35.379 [main] INFO  Factile_Mode.DGBP_HSB_TestCase_7 - Navigated to homePage
20:21:57.499 [main] INFO  Factile_Mode.DGBP_HSB_TestCase_7 - At customization page>> UnCheck display exact case>> 
20:23:33.806 [main] INFO  Factile_Mode.DGBP_HSB_TestCase_7 - when Checked from customization setting>>Exact case is  displayed
20:23:38.782 [main] INFO  Factile_Mode.DGBP_HSB_TestCase_8 - Driver is Initilize
20:23:43.464 [main] INFO  Factile_Mode.DGBP_HSB_TestCase_8 - Navigated to homePage
20:23:59.314 [main] INFO  Factile_Mode.DGBP_HSB_TestCase_8 - At customization page>> UnCheck Hide Category with Points>> 
20:24:51.609 [main] INFO  Factile_Mode.DGBP_HSB_TestCase_8 - category with points is =T3 FOR 100
20:24:56.498 [main] INFO  Factile_Mode.DGBP_HSB_TestCase_9 - Driver is Initilize
20:25:00.920 [main] INFO  Factile_Mode.DGBP_HSB_TestCase_9 - Navigated to homePage
20:25:16.316 [main] INFO  Factile_Mode.DGBP_HSB_TestCase_9 - At customization page>> Check Hide Category with Points>> 
20:26:15.283 [main] INFO  Factile_Mode.DGBP_HSB_TestCase_10 - Driver is Initilize
20:26:19.852 [main] INFO  Factile_Mode.DGBP_HSB_TestCase_10 - Navigated to homePage
20:26:37.598 [main] INFO  Factile_Mode.DGBP_HSB_TestCase_10 - At customization page>> Check Diaplay Answer button>> 
20:28:28.773 [main] INFO  Factile_Mode.DGBP_HSB_TestCase_10 - Display answer is working fine
20:28:33.598 [main] INFO  Factile_Mode.DGBP_HSB_TestCase_11 - Driver is Initilize
20:28:38.554 [main] INFO  Factile_Mode.DGBP_HSB_TestCase_11 - Navigated to homePage
20:29:03.373 [main] INFO  Factile_Mode.DGBP_HSB_TestCase_11 - At customization page>> UNCheck Turn off tag name>> 
20:30:00.935 [main] INFO  Factile_Mode.DGBP_HSB_TestCase_11 - Display Tag name is working fine
20:30:05.799 [main] INFO  Factile_Mode.DGBP_HSB_TestCase_12 - Driver is Initilize
