12:28:19.295 [main] INFO  Factile_Mode_v3.Sign_UP - Navigated to homePage
12:30:15.061 [main] INFO  Factile_Mode_v3.Support_Form - Driver is Initilize
12:30:20.327 [main] INFO  Factile_Mode_v3.Support_Form - Navigated to homePage
12:33:37.155 [main] INFO  Factile_Mode_v3.Support_Form - Driver is Initilize
12:33:42.257 [main] INFO  Factile_Mode_v3.Support_Form - Navigated to homePage
12:35:21.706 [main] INFO  Factile_Mode_v3.Support_Form - Driver is Initilize
12:35:26.622 [main] INFO  Factile_Mode_v3.Support_Form - Navigated to homePage
12:36:40.279 [main] INFO  Factile_Mode_v3.Support_Form - Driver is Initilize
12:36:45.145 [main] INFO  Factile_Mode_v3.Support_Form - Navigated to homePage
12:39:59.298 [main] INFO  Factile_Mode_v3.Support_Form - Driver is Initilize
12:40:04.277 [main] INFO  Factile_Mode_v3.Support_Form - Navigated to homePage
12:40:48.968 [main] INFO  Factile_Mode_v3.Support_Form - Driver is Initilize
12:40:52.932 [main] INFO  Factile_Mode_v3.Support_Form - Navigated to homePage
12:41:38.080 [main] INFO  Factile_Mode_v3.Log_In - Driver is Initilize
12:41:41.122 [main] INFO  Factile_Mode_v3.Log_In - Navigated to homePage
12:41:53.494 [main] INFO  Factile_Mode_v3.PageNotFound_Links_at_HomePage - Driver is Initilize
12:41:57.648 [main] INFO  Factile_Mode_v3.PageNotFound_Links_at_HomePage - Navigated to homePage
12:46:38.299 [main] INFO  Factile_Mode_v3.DeleteAccount - Driver is Initilize
12:46:43.208 [main] INFO  Factile_Mode_v3.DeleteAccount - Navigated to homePage
12:47:22.552 [main] INFO  Factile_Mode_v3.DeleteAccount - Driver is Initilize
12:47:26.600 [main] INFO  Factile_Mode_v3.DeleteAccount - Navigated to homePage
13:08:31.434 [main] INFO  Factile_Mode_v3.DeleteAccount - Driver is Initilize
13:08:36.643 [main] INFO  Factile_Mode_v3.DeleteAccount - Navigated to homePage
13:09:39.510 [main] INFO  Factile_Mode_v3.HeaderMenuInPaidAccount - Driver is Initilize
13:09:44.434 [main] INFO  Factile_Mode_v3.HeaderMenuInPaidAccount - Navigated to homePage
13:10:01.878 [main] INFO  Factile_Mode_v3.HeaderMenuInFreeAccount - Driver is Initilize
13:10:05.615 [main] INFO  Factile_Mode_v3.HeaderMenuInFreeAccount - Navigated to homePage
13:14:37.575 [main] INFO  Factile_Mode_v3.ChangePassword - Driver is Initilize
13:14:42.719 [main] INFO  Factile_Mode_v3.ChangePassword - Navigated to homePage
13:15:18.437 [main] INFO  Factile_Mode_v3.ForgetPassword - Driver is Initilize
13:15:22.333 [main] INFO  Factile_Mode_v3.ForgetPassword - Navigated to homePage
13:16:08.022 [main] INFO  Factile_Mode_v3.FreeAccount_NoOfGameAllowedToCreate - Driver is Initilize
13:16:12.248 [main] INFO  Factile_Mode_v3.FreeAccount_NoOfGameAllowedToCreate - Navigated to homePage
13:18:54.246 [main] INFO  Factile_Mode_v3.GoProToSubscriptionBussinessMonthlyData_Verify - Driver is Initilize
13:18:59.046 [main] INFO  Factile_Mode_v3.GoProToSubscriptionBussinessMonthlyData_Verify - Navigated to homePage
13:25:34.545 [main] INFO  Factile_Mode_v3.GoProToSubscriptionBussinessMonthlyData_Verify - Driver is Initilize
13:25:39.698 [main] INFO  Factile_Mode_v3.GoProToSubscriptionBussinessMonthlyData_Verify - Navigated to homePage
13:35:09.741 [main] INFO  Factile_Mode_v3.GoProToSubscriptionBussinessMonthlyData_Verify - Driver is Initilize
13:35:17.128 [main] INFO  Factile_Mode_v3.GoProToSubscriptionBussinessMonthlyData_Verify - Navigated to homePage
13:41:29.112 [main] INFO  Factile_Mode_v3.GoProToSubscriptionBussinessMonthlyData_Verify - Driver is Initilize
13:41:34.294 [main] INFO  Factile_Mode_v3.GoProToSubscriptionBussinessMonthlyData_Verify - Navigated to homePage
13:44:10.050 [main] INFO  Factile_Mode_v3.GoProToSubscriptionBussinessMonthlyData_Verify - Driver is Initilize
13:44:15.114 [main] INFO  Factile_Mode_v3.GoProToSubscriptionBussinessMonthlyData_Verify - Navigated to homePage
13:45:48.441 [main] INFO  Factile_Mode_v3.GoProToSubscriptionBussinessMonthlyData_Verify - Driver is Initilize
13:45:53.376 [main] INFO  Factile_Mode_v3.GoProToSubscriptionBussinessMonthlyData_Verify - Navigated to homePage
13:55:14.799 [main] INFO  Factile_Mode_v3.GoProToSubscriptionBussinessMonthlyData_Verify - Driver is Initilize
13:55:20.031 [main] INFO  Factile_Mode_v3.GoProToSubscriptionBussinessMonthlyData_Verify - Navigated to homePage
13:57:43.863 [main] INFO  Factile_Mode_v3.GoProToSubscriptionBussinessMonthlyData_Verify - Driver is Initilize
13:57:43.974 [main] INFO  Factile_Mode_v3.GoProToSubscriptionBussinessMonthlyData_Verify - Driver is Initilize
13:57:48.779 [main] INFO  Factile_Mode_v3.GoProToSubscriptionBussinessMonthlyData_Verify - Navigated to homePage
13:57:48.883 [main] INFO  Factile_Mode_v3.GoProToSubscriptionBussinessMonthlyData_Verify - Navigated to homePage
14:02:12.155 [main] INFO  Factile_Mode_v3.GoProToSubscriptionBussinessMonthlyData_Verify - Driver is Initilize
14:02:17.127 [main] INFO  Factile_Mode_v3.GoProToSubscriptionBussinessMonthlyData_Verify - Navigated to homePage
14:06:02.457 [main] INFO  Factile_Mode_v3.GoProToSubscriptionBussinessMonthlyData_Verify - Driver is Initilize
