13:54:10.465 [main] INFO  Factile_Mode_v3.Log_In - Navigated to homePage
13:54:14.137 [main] INFO  Factile_Mode_v3.Sign_Out - Driver is Initilize
13:54:18.476 [main] INFO  Factile_Mode_v3.Sign_Out - Navigated to homePage
13:54:30.483 [main] INFO  Factile_Mode_v3.ForgetPassword - Driver is Initilize
13:54:36.183 [main] INFO  Factile_Mode_v3.ForgetPassword - Navigated to homePage
13:55:12.072 [main] INFO  Factile_Mode_v3.TwoFactorAuthentication - Driver is Initilize
13:55:16.925 [main] INFO  Factile_Mode_v3.TwoFactorAuthentication - Navigated to homePage
13:55:56.152 [main] INFO  Factile_Mode_v3.ChangePassword - Driver is Initilize
13:56:00.978 [main] INFO  Factile_Mode_v3.ChangePassword - Navigated to homePage
13:56:13.858 [main] INFO  Factile_Mode_v3.Support_Form - Driver is Initilize
13:56:18.930 [main] INFO  Factile_Mode_v3.Support_Form - Navigated to homePage
13:56:34.925 [main] INFO  Factile_Mode_v3.DeleteAccount - Driver is Initilize
13:56:40.292 [main] INFO  Factile_Mode_v3.DeleteAccount - Navigated to homePage
13:57:07.362 [main] INFO  Factile_Mode_v3.HeaderMenuInFreeAccount - Driver is Initilize
13:57:11.384 [main] INFO  Factile_Mode_v3.HeaderMenuInFreeAccount - Navigated to homePage
13:57:16.667 [main] INFO  Factile_Mode_v3.HeaderMenuInPaidAccount - Driver is Initilize
13:57:22.382 [main] INFO  Factile_Mode_v3.HeaderMenuInPaidAccount - Navigated to homePage
13:57:29.111 [main] INFO  Factile_Mode_v3.PageNotFound_Links_at_HomePage - Driver is Initilize
13:57:34.351 [main] INFO  Factile_Mode_v3.PageNotFound_Links_at_HomePage - Navigated to homePage
15:19:59.089 [main] INFO  Factile_Mode_v3.GoProToSubscriptionHomeSchoolMonthlyData_Verify - Driver is Initilize
15:20:05.017 [main] INFO  Factile_Mode_v3.GoProToSubscriptionHomeSchoolMonthlyData_Verify - Navigated to homePage
15:22:24.850 [main] INFO  Factile_Mode_v3.GoProToSubscriptionHomeSchoolYearlyData_Verify - Driver is Initilize
15:22:30.788 [main] INFO  Factile_Mode_v3.GoProToSubscriptionHomeSchoolYearlyData_Verify - Navigated to homePage
15:23:50.618 [main] INFO  Factile_Mode_v3.GoProToSubscriptionBussinessMonthlyData_Verify - Driver is Initilize
15:23:55.379 [main] INFO  Factile_Mode_v3.GoProToSubscriptionBussinessMonthlyData_Verify - Navigated to homePage
15:25:34.118 [main] INFO  Factile_Mode_v3.GoProToSubscriptionBussinessYearlyData_Verify - Driver is Initilize
15:25:40.053 [main] INFO  Factile_Mode_v3.GoProToSubscriptionBussinessYearlyData_Verify - Navigated to homePage
15:29:24.196 [main] INFO  Factile_Mode_v3.GoProToSubscriptionHomeSchoolMonthlyData_Verify - Driver is Initilize
15:29:30.506 [main] INFO  Factile_Mode_v3.GoProToSubscriptionHomeSchoolMonthlyData_Verify - Navigated to homePage
15:30:19.400 [main] INFO  Factile_Mode_v3.GoProToSubscriptionHomeSchoolYearlyData_Verify - Driver is Initilize
15:30:24.694 [main] INFO  Factile_Mode_v3.GoProToSubscriptionHomeSchoolYearlyData_Verify - Navigated to homePage
15:31:14.005 [main] INFO  Factile_Mode_v3.GoProToSubscriptionBussinessMonthlyData_Verify - Driver is Initilize
15:31:21.533 [main] INFO  Factile_Mode_v3.GoProToSubscriptionBussinessMonthlyData_Verify - Navigated to homePage
15:32:18.549 [main] INFO  Factile_Mode_v3.GoProToSubscriptionBussinessYearlyData_Verify - Driver is Initilize
15:32:24.486 [main] INFO  Factile_Mode_v3.GoProToSubscriptionBussinessYearlyData_Verify - Navigated to homePage
15:33:18.751 [main] INFO  Factile_Mode_v3.Sign_UP - Driver is Initilize
15:33:23.798 [main] INFO  Factile_Mode_v3.Sign_UP - Navigated to homePage
15:33:47.538 [main] INFO  Factile_Mode_v3.Log_In - Driver is Initilize
15:33:52.307 [main] INFO  Factile_Mode_v3.Log_In - Navigated to homePage
15:33:54.397 [main] INFO  Factile_Mode_v3.Sign_Out - Driver is Initilize
15:33:58.806 [main] INFO  Factile_Mode_v3.Sign_Out - Navigated to homePage
15:34:10.449 [main] INFO  Factile_Mode_v3.ForgetPassword - Driver is Initilize
15:34:16.370 [main] INFO  Factile_Mode_v3.ForgetPassword - Navigated to homePage
15:34:55.150 [main] INFO  Factile_Mode_v3.TwoFactorAuthentication - Driver is Initilize
15:35:01.189 [main] INFO  Factile_Mode_v3.TwoFactorAuthentication - Navigated to homePage
15:35:45.230 [main] INFO  Factile_Mode_v3.ChangePassword - Driver is Initilize
15:35:50.035 [main] INFO  Factile_Mode_v3.ChangePassword - Navigated to homePage
15:36:05.061 [main] INFO  Factile_Mode_v3.Support_Form - Driver is Initilize
15:36:10.891 [main] INFO  Factile_Mode_v3.Support_Form - Navigated to homePage
15:36:28.065 [main] INFO  Factile_Mode_v3.DeleteAccount - Driver is Initilize
15:36:32.288 [main] INFO  Factile_Mode_v3.DeleteAccount - Navigated to homePage
15:37:00.376 [main] INFO  Factile_Mode_v3.HeaderMenuInFreeAccount - Driver is Initilize
15:37:06.130 [main] INFO  Factile_Mode_v3.HeaderMenuInFreeAccount - Navigated to homePage
15:37:14.137 [main] INFO  Factile_Mode_v3.HeaderMenuInPaidAccount - Driver is Initilize
15:37:18.436 [main] INFO  Factile_Mode_v3.HeaderMenuInPaidAccount - Navigated to homePage
