21:21:56.132 [main] INFO  Factile_Mode.DGBP_HSB_TestCase_24 - At customization page>> >>Allow multiple team to answer is checked at global setting
21:27:25.241 [main] INFO  Factile_Mode.DGBP_HSB_TestCase_28 - Driver is Initilize
21:27:26.146 [main] INFO  Factile_Mode.DGBP_HSB_TestCase_28 - Navigated to homePage
21:27:50.333 [main] INFO  Factile_Mode.DGBP_HSB_TestCase_28 - At customization page>> >>Users Can Join Buzzer Mode after Game Begins is Unchecked
21:33:45.225 [main] INFO  Factile_Mode.DGBP_HSB_TestCase_29 - Driver is Initilize
21:33:46.081 [main] INFO  Factile_Mode.DGBP_HSB_TestCase_29 - Navigated to homePage
21:34:07.687 [main] INFO  Factile_Mode.DGBP_HSB_TestCase_29 - At customization page>> >>Buzzer for final factile is on from customization
21:38:34.489 [main] INFO  Factile_Mode.DGBP_HSB_TestCase_38 - Driver is Initilize
21:38:35.447 [main] INFO  Factile_Mode.DGBP_HSB_TestCase_38 - Navigated to homePage
15:07:31.251 [TestNG-test=Verify_same_game_running_by_two_moderaters-1] INFO  Factile_Mode.DGBP_HSB_TestCase_39 - Driver is Initilize
15:07:31.890 [TestNG-test=Verify_same_game_running_by_two_moderaters-1] INFO  Factile_Mode.DGBP_HSB_TestCase_39 - Navigated to homePage
15:07:32.002 [TestNG-test=Verify_same_game_running_by_two_moderaters-2] INFO  Factile_Mode.DGBP_HSB_TestCase_39 - Navigated to homePage
15:12:21.209 [TestNG-test=Verify_same_game_running_by_two_moderaters-1] INFO  Factile_Mode.DGBP_HSB_TestCase_39 - Driver is Initilize
15:12:21.809 [TestNG-test=Verify_same_game_running_by_two_moderaters-2] INFO  Factile_Mode.DGBP_HSB_TestCase_39 - Navigated to homePage
15:12:27.001 [TestNG-test=Verify_same_game_running_by_two_moderaters-1] INFO  Factile_Mode.DGBP_HSB_TestCase_39 - Navigated to homePage
18:56:26.145 [TestNG-test=Verify_same_game_running_by_two_moderaters-1] INFO  Factile_Mode.DGBP_HSB_TestCase_39 - Driver is Initilize
18:56:26.424 [TestNG-test=Verify_same_game_running_by_two_moderaters-2] INFO  Factile_Mode.DGBP_HSB_TestCase_39 - Navigated to homePage
18:56:26.835 [TestNG-test=Verify_same_game_running_by_two_moderaters-1] INFO  Factile_Mode.DGBP_HSB_TestCase_39 - Navigated to homePage
10:02:48.423 [main] INFO  Factile_Mode.DGBP_HSB_TestCase_29 - Driver is Initilize
10:02:49.213 [main] INFO  Factile_Mode.DGBP_HSB_TestCase_29 - Navigated to homePage
10:03:45.448 [main] INFO  Factile_Mode.DGBP_HSB_TestCase_29 - Driver is Initilize
10:03:46.153 [main] INFO  Factile_Mode.DGBP_HSB_TestCase_29 - Navigated to homePage
10:38:42.619 [main] INFO  Factile_Mode.DGBP_HSB_TestCase_29 - Driver is Initilize
10:38:43.351 [main] INFO  Factile_Mode.DGBP_HSB_TestCase_29 - Navigated to homePage
10:42:56.784 [main] INFO  Factile_Mode.DGBP_HSB_TestCase_29 - Driver is Initilize
10:42:57.486 [main] INFO  Factile_Mode.DGBP_HSB_TestCase_29 - Navigated to homePage
10:45:15.410 [main] INFO  Factile_Mode.DGBP_HSB_TestCase_29 - Driver is Initilize
10:45:16.600 [main] INFO  Factile_Mode.DGBP_HSB_TestCase_29 - Navigated to homePage
10:47:01.191 [main] INFO  Factile_Mode.DGBP_HSB_TestCase_29 - Driver is Initilize
10:47:01.950 [main] INFO  Factile_Mode.DGBP_HSB_TestCase_29 - Navigated to homePage
11:09:26.802 [main] INFO  Factile_Mode.DGBP_HSB_TestCase_29 - Driver is Initilize
11:09:27.515 [main] INFO  Factile_Mode.DGBP_HSB_TestCase_29 - Navigated to homePage
11:18:49.032 [main] INFO  Factile_Mode.DGBP_HSB_TestCase_29 - Driver is Initilize
11:18:49.884 [main] INFO  Factile_Mode.DGBP_HSB_TestCase_29 - Navigated to homePage
11:20:51.682 [main] INFO  Factile_Mode.DGBP_HSB_TestCase_29 - Driver is Initilize
11:20:52.481 [main] INFO  Factile_Mode.DGBP_HSB_TestCase_29 - Navigated to homePage
11:29:47.122 [main] INFO  Factile_Mode.DGBP_HSB_TestCase_29 - Driver is Initilize
11:29:47.956 [main] INFO  Factile_Mode.DGBP_HSB_TestCase_29 - Navigated to homePage
11:51:37.584 [main] INFO  Factile_Mode.DGBP_HSB_TestCase_29 - Driver is Initilize
11:51:38.558 [main] INFO  Factile_Mode.DGBP_HSB_TestCase_29 - Navigated to homePage
12:00:52.627 [main] INFO  Factile_Mode.DGBP_HSB_TestCase_29 - Driver is Initilize
12:00:53.423 [main] INFO  Factile_Mode.DGBP_HSB_TestCase_29 - Navigated to homePage
12:10:17.683 [main] INFO  Factile_Mode.DGBP_HSB_TestCase_29 - Driver is Initilize
12:10:18.365 [main] INFO  Factile_Mode.DGBP_HSB_TestCase_29 - Navigated to homePage
13:08:53.823 [main] INFO  Factile_Mode.DGBP_HSB_TestCase_29 - Driver is Initilize
13:08:54.578 [main] INFO  Factile_Mode.DGBP_HSB_TestCase_29 - Navigated to homePage
13:16:45.724 [main] INFO  Factile_Mode.DGBP_HSB_TestCase_29 - Driver is Initilize
13:16:46.482 [main] INFO  Factile_Mode.DGBP_HSB_TestCase_29 - Navigated to homePage
13:17:40.734 [main] INFO  Factile_Mode.DGBP_HSB_TestCase_29 - Driver is Initilize
13:17:41.451 [main] INFO  Factile_Mode.DGBP_HSB_TestCase_29 - Navigated to homePage
13:23:09.545 [main] INFO  Factile_Mode.DGBP_HSB_TestCase_29 - Driver is Initilize
13:23:10.329 [main] INFO  Factile_Mode.DGBP_HSB_TestCase_29 - Navigated to homePage
