12:37:05.493 [main] INFO  Factile_Mode_v3.GoProToSubscriptionHomeSchoolMonthlyData_Verify - Navigated to homePage
12:37:34.884 [main] INFO  Factile_Mode_v3.GoProToSubscriptionHomeSchoolYearlyData_Verify - Driver is Initilize
12:37:38.901 [main] INFO  Factile_Mode_v3.GoProToSubscriptionHomeSchoolYearlyData_Verify - Navigated to homePage
12:38:09.475 [main] INFO  Factile_Mode_v3.GoProToSubscriptionBussinessMonthlyData_Verify - Driver is Initilize
12:38:12.745 [main] INFO  Factile_Mode_v3.GoProToSubscriptionBussinessMonthlyData_Verify - Navigated to homePage
12:39:16.143 [main] INFO  Factile_Mode_v3.GoProToSubscriptionBussinessYearlyData_Verify - Driver is Initilize
12:39:20.551 [main] INFO  Factile_Mode_v3.GoProToSubscriptionBussinessYearlyData_Verify - Navigated to homePage
12:52:31.710 [main] INFO  Factile_Mode_v3.GoProToSubscriptionBussinessMonthlyData_Verify - Driver is Initilize
12:52:35.983 [main] INFO  Factile_Mode_v3.GoProToSubscriptionBussinessMonthlyData_Verify - Navigated to homePage
12:53:37.747 [main] INFO  Factile_Mode_v3.GoProToSubscriptionBussinessMonthlyData_Verify - Driver is Initilize
12:53:42.170 [main] INFO  Factile_Mode_v3.GoProToSubscriptionBussinessMonthlyData_Verify - Navigated to homePage
12:55:27.784 [main] INFO  Factile_Mode_v3.ForgetPassword - Driver is Initilize
12:55:33.214 [main] INFO  Factile_Mode_v3.ForgetPassword - Navigated to homePage
13:03:01.016 [main] INFO  Factile_Mode_v3.Sign_UP - Driver is Initilize
13:03:05.389 [main] INFO  Factile_Mode_v3.Sign_UP - Navigated to homePage
13:03:22.226 [main] INFO  Factile_Mode_v3.Sign_UP - Driver is Initilize
13:03:25.845 [main] INFO  Factile_Mode_v3.Sign_UP - Navigated to homePage
13:07:17.869 [main] INFO  Factile_Mode_v3.Sign_UP - Driver is Initilize
13:07:22.232 [main] INFO  Factile_Mode_v3.Sign_UP - Navigated to homePage
13:07:33.751 [main] INFO  Factile_Mode_v3.Log_In - Driver is Initilize
13:07:37.793 [main] INFO  Factile_Mode_v3.Log_In - Navigated to homePage
13:07:41.560 [main] INFO  Factile_Mode_v3.Sign_Out - Driver is Initilize
13:07:45.364 [main] INFO  Factile_Mode_v3.Sign_Out - Navigated to homePage
13:07:56.771 [main] INFO  Factile_Mode_v3.ForgetPassword - Driver is Initilize
13:07:59.803 [main] INFO  Factile_Mode_v3.ForgetPassword - Navigated to homePage
13:08:26.658 [main] INFO  Factile_Mode_v3.TwoFactorAuthentication - Driver is Initilize
13:08:30.100 [main] INFO  Factile_Mode_v3.TwoFactorAuthentication - Navigated to homePage
13:09:11.331 [main] INFO  Factile_Mode_v3.ChangePassword - Driver is Initilize
13:09:15.289 [main] INFO  Factile_Mode_v3.ChangePassword - Navigated to homePage
13:09:29.781 [main] INFO  Factile_Mode_v3.Support_Form - Driver is Initilize
13:09:32.557 [main] INFO  Factile_Mode_v3.Support_Form - Navigated to homePage
13:09:47.303 [main] INFO  Factile_Mode_v3.DeleteAccount - Driver is Initilize
13:09:50.141 [main] INFO  Factile_Mode_v3.DeleteAccount - Navigated to homePage
13:10:12.742 [main] INFO  Factile_Mode_v3.HeaderMenuInFreeAccount - Driver is Initilize
13:10:15.500 [main] INFO  Factile_Mode_v3.HeaderMenuInFreeAccount - Navigated to homePage
13:10:20.958 [main] INFO  Factile_Mode_v3.HeaderMenuInPaidAccount - Driver is Initilize
13:10:25.471 [main] INFO  Factile_Mode_v3.HeaderMenuInPaidAccount - Navigated to homePage
13:10:32.019 [main] INFO  Factile_Mode_v3.PageNotFound_Links_at_HomePage - Driver is Initilize
13:10:34.470 [main] INFO  Factile_Mode_v3.PageNotFound_Links_at_HomePage - Navigated to homePage
13:12:55.270 [main] INFO  Factile_Mode_v3.GoProToSubscriptionHomeSchoolMonthlyData_Verify - Driver is Initilize
13:12:58.661 [main] INFO  Factile_Mode_v3.GoProToSubscriptionHomeSchoolMonthlyData_Verify - Navigated to homePage
13:13:27.803 [main] INFO  Factile_Mode_v3.GoProToSubscriptionHomeSchoolYearlyData_Verify - Driver is Initilize
13:13:30.565 [main] INFO  Factile_Mode_v3.GoProToSubscriptionHomeSchoolYearlyData_Verify - Navigated to homePage
13:14:33.958 [main] INFO  Factile_Mode_v3.GoProToSubscriptionBussinessMonthlyData_Verify - Driver is Initilize
13:14:37.973 [main] INFO  Factile_Mode_v3.GoProToSubscriptionBussinessMonthlyData_Verify - Navigated to homePage
13:15:07.198 [main] INFO  Factile_Mode_v3.GoProToSubscriptionBussinessYearlyData_Verify - Driver is Initilize
13:15:12.634 [main] INFO  Factile_Mode_v3.GoProToSubscriptionBussinessYearlyData_Verify - Navigated to homePage
13:25:51.631 [main] INFO  Factile_Mode_v3.Sign_UP - Driver is Initilize
13:25:56.310 [main] INFO  Factile_Mode_v3.Sign_UP - Navigated to homePage
13:26:07.774 [main] INFO  Factile_Mode_v3.Log_In - Driver is Initilize
13:26:10.876 [main] INFO  Factile_Mode_v3.Log_In - Navigated to homePage
13:26:15.770 [main] INFO  Factile_Mode_v3.Sign_Out - Driver is Initilize
13:26:18.859 [main] INFO  Factile_Mode_v3.Sign_Out - Navigated to homePage
13:26:31.301 [main] INFO  Factile_Mode_v3.ForgetPassword - Driver is Initilize
13:26:34.485 [main] INFO  Factile_Mode_v3.ForgetPassword - Navigated to homePage
