12:02:30.415 [main] INFO  Factile_Mode.DGBP_HSB_TestCase_42 - At customization page>> >>Buzzer for final factile is on from customization
12:07:59.862 [main] INFO  Factile_Mode.DGBP_HSB_TestCase_41 - Driver is Initilize
12:08:03.254 [main] INFO  Factile_Mode.DGBP_HSB_TestCase_41 - Navigated to homePage
12:11:52.605 [main] INFO  Factile_Mode.DGBP_HSB_TestCase_43 - Driver is Initilize
12:11:56.062 [main] INFO  Factile_Mode.DGBP_HSB_TestCase_43 - Navigated to homePage
12:12:17.904 [main] INFO  Factile_Mode.DGBP_HSB_TestCase_43 - At customization page>> >>Buzzer for final factile is on from customization
12:15:45.082 [main] INFO  Factile_Mode.DGBP_HSB_TestCase_44 - Driver is Initilize
12:15:46.142 [main] INFO  Factile_Mode.DGBP_HSB_TestCase_44 - Navigated to homePage
12:16:07.871 [main] INFO  Factile_Mode.DGBP_HSB_TestCase_44 - At customization page>> >>Buzzer for final factile is on from customization
12:19:46.639 [main] INFO  Factile_Mode.DGBP_HSB_TestCase_45 - Driver is Initilize
12:19:47.844 [main] INFO  Factile_Mode.DGBP_HSB_TestCase_45 - Navigated to homePage
12:20:09.585 [main] INFO  Factile_Mode.DGBP_HSB_TestCase_45 - At customization page>> >>Buzzer for final factile is on from customization
12:23:48.419 [main] INFO  Factile_Mode.DGBP_HSB_TestCase_46 - Driver is Initilize
12:23:49.547 [main] INFO  Factile_Mode.DGBP_HSB_TestCase_46 - Navigated to homePage
12:24:11.445 [main] INFO  Factile_Mode.DGBP_HSB_TestCase_46 - At customization page>> >>Buzzer for final factile is on from customization
12:27:55.770 [main] INFO  Factile_Mode.DGBP_HSB_TestCase_47 - Driver is Initilize
12:27:58.896 [main] INFO  Factile_Mode.DGBP_HSB_TestCase_47 - Navigated to homePage
12:28:20.749 [main] INFO  Factile_Mode.DGBP_HSB_TestCase_47 - At customization page>> >>Buzzer for final factile is on from customization
12:31:10.925 [main] INFO  Factile_Mode.DGBP_HSB_TestCase_48 - Driver is Initilize
12:31:14.053 [main] INFO  Factile_Mode.DGBP_HSB_TestCase_48 - Navigated to homePage
12:31:35.945 [main] INFO  Factile_Mode.DGBP_HSB_TestCase_48 - At customization page>> >>Buzzer for final factile is on from customization
12:35:52.670 [main] INFO  Factile_Mode.DGBP_HSB_TestCase_49 - Driver is Initilize
12:35:55.047 [main] INFO  Factile_Mode.DGBP_HSB_TestCase_49 - Navigated to homePage
12:36:16.450 [main] INFO  Factile_Mode.DGBP_HSB_TestCase_49 - At customization page>> >>Buzzer for final factile is on from customization
12:39:59.464 [main] INFO  Factile_Mode.DGBP_HSB_TestCase_50 - Driver is Initilize
12:40:00.667 [main] INFO  Factile_Mode.DGBP_HSB_TestCase_50 - Navigated to homePage
12:40:22.750 [main] INFO  Factile_Mode.DGBP_HSB_TestCase_50 - At customization page>> >>Buzzer for final factile is on from customization
12:44:06.317 [main] INFO  Factile_Mode.DGBP_HSB_TestCase_51 - Driver is Initilize
12:44:10.135 [main] INFO  Factile_Mode.DGBP_HSB_TestCase_51 - Navigated to homePage
12:44:32.704 [main] INFO  Factile_Mode.DGBP_HSB_TestCase_51 - At customization page>> >>Buzzer for final factile is on from customization
12:48:20.421 [main] INFO  Factile_Mode.DGBP_HSB_TestCase_52 - Driver is Initilize
12:48:22.752 [main] INFO  Factile_Mode.DGBP_HSB_TestCase_52 - Navigated to homePage
12:48:43.634 [main] INFO  Factile_Mode.DGBP_HSB_TestCase_52 - At customization page>> >>Buzzer for final factile is on from customization
12:53:14.386 [main] INFO  Factile_Mode.DGBP_HSB_TestCase_52 - Driver is Initilize
12:53:15.526 [main] INFO  Factile_Mode.DGBP_HSB_TestCase_52 - Navigated to homePage
12:53:37.231 [main] INFO  Factile_Mode.DGBP_HSB_TestCase_52 - At customization page>> >>Buzzer for final factile is on from customization
13:09:41.087 [main] INFO  Factile_Mode.DGBP_HSB_TestCase_40 - Driver is Initilize
13:09:42.549 [main] INFO  Factile_Mode.DGBP_HSB_TestCase_40 - Navigated to homePage
13:17:00.844 [main] INFO  Factile_Mode.DGBP_HSB_TestCase_40 - Driver is Initilize
13:17:01.800 [main] INFO  Factile_Mode.DGBP_HSB_TestCase_40 - Navigated to homePage
13:23:16.680 [main] INFO  Factile_Mode.DGBP_HSB_TestCase_6 - Driver is Initilize
13:23:20.177 [main] INFO  Factile_Mode.DGBP_HSB_TestCase_6 - Navigated to homePage
13:23:34.889 [main] INFO  Factile_Mode.DGBP_HSB_TestCase_6 - At customization page>> UnCheck display exact case>> 
10:45:58.046 [main] INFO  Factile_Mode.DGBP_HSB_TestCase_26 - Driver is Initilize
10:46:01.100 [main] INFO  Factile_Mode.DGBP_HSB_TestCase_26 - Navigated to homePage
10:46:27.343 [main] INFO  Factile_Mode.DGBP_HSB_TestCase_26 - At customization page>> >>Users Can Join Buzzer Mode after Game Begins is checked
16:21:00.401 [main] INFO  Factile_Mode.DGBP_HSB_TestCase_6 - Driver is Initilize
16:21:02.062 [main] INFO  Factile_Mode.DGBP_HSB_TestCase_6 - Navigated to homePage
16:21:15.941 [main] INFO  Factile_Mode.DGBP_HSB_TestCase_6 - At customization page>> UnCheck display exact case>> 
16:29:37.930 [main] INFO  Factile_Mode.DGBP_HSB_TestCase_6 - Driver is Initilize
16:29:40.779 [main] INFO  Factile_Mode.DGBP_HSB_TestCase_6 - Navigated to homePage
