16:24:00.278 [main] INFO  Factile_Mode.DGBP_HSB_TestCase_20 - Navigated to homePage
16:46:12.141 [main] INFO  Factile_Mode.DGBP_HSB_TestCase_21 - Driver is Initilize
16:46:12.978 [main] INFO  Factile_Mode.DGBP_HSB_TestCase_21 - Navigated to homePage
16:46:23.721 [main] INFO  Factile_Mode.DGBP_HSB_TestCase_21 - At customization page>> >>Show skip answer is selected 
17:05:05.177 [main] INFO  Factile_Mode.DGBP_HSB_TestCase_22 - Driver is Initilize
17:05:05.977 [main] INFO  Factile_Mode.DGBP_HSB_TestCase_22 - Navigated to homePage
17:05:18.318 [main] INFO  Factile_Mode.DGBP_HSB_TestCase_22 - At customization page>> >>Show skip answer is selected 
17:08:15.299 [main] INFO  Factile_Mode.DGBP_HSB_TestCase_22 - Driver is Initilize
17:08:16.302 [main] INFO  Factile_Mode.DGBP_HSB_TestCase_22 - Navigated to homePage
17:08:31.571 [main] INFO  Factile_Mode.DGBP_HSB_TestCase_22 - At customization page>> >>Show skip answer is selected 
19:59:31.896 [main] INFO  Factile_Mode.DGBP_HSB_TestCase_22 - Driver is Initilize
19:59:34.277 [main] INFO  Factile_Mode.DGBP_HSB_TestCase_22 - Navigated to homePage
19:59:45.623 [main] INFO  Factile_Mode.DGBP_HSB_TestCase_22 - At customization page>> >>Show skip answer is selected 
20:06:16.396 [main] INFO  Factile_Mode.DGBP_HSB_TestCase_22 - Driver is Initilize
20:06:17.376 [main] INFO  Factile_Mode.DGBP_HSB_TestCase_22 - Navigated to homePage
20:06:32.908 [main] INFO  Factile_Mode.DGBP_HSB_TestCase_22 - At customization page>> >>Show skip answer is selected 
20:30:20.620 [main] INFO  Factile_Mode.DGBP_HSB_TestCase_4 - Driver is Initilize
20:30:21.707 [main] INFO  Factile_Mode.DGBP_HSB_TestCase_4 - Navigated to homePage
20:31:34.784 [main] INFO  Factile_Mode.DGBP_HSB_TestCase_4 - When unchecked from customization setting>>Twitter link is displaying
20:31:34.784 [main] INFO  Factile_Mode.DGBP_HSB_TestCase_4 - When unchecked from customization setting>>Pintrest link is displaying
20:31:43.158 [main] INFO  Factile_Mode.DGBP_HSB_TestCase_5 - Driver is Initilize
20:31:43.887 [main] INFO  Factile_Mode.DGBP_HSB_TestCase_5 - Navigated to homePage
20:33:46.131 [main] INFO  Factile_Mode.DGBP_HSB_TestCase_5 - SMO(Twiiter & Pintrest) Links not present on gameboard at moderater screen
20:33:55.922 [main] INFO  Factile_Mode.DGBP_HSB_TestCase_6 - Driver is Initilize
20:33:56.760 [main] INFO  Factile_Mode.DGBP_HSB_TestCase_6 - Navigated to homePage
20:34:14.327 [main] INFO  Factile_Mode.DGBP_HSB_TestCase_6 - At customization page>> UnCheck display exact case>> 
20:35:08.742 [main] INFO  Factile_Mode.DGBP_HSB_TestCase_6 - when unchecked from customization setting>>Exact case is not displayed
20:35:16.126 [main] INFO  Factile_Mode.DGBP_HSB_TestCase_7 - Driver is Initilize
20:35:16.870 [main] INFO  Factile_Mode.DGBP_HSB_TestCase_7 - Navigated to homePage
20:35:35.145 [main] INFO  Factile_Mode.DGBP_HSB_TestCase_7 - At customization page>> UnCheck display exact case>> 
20:37:21.772 [main] INFO  Factile_Mode.DGBP_HSB_TestCase_8 - Driver is Initilize
20:37:26.348 [main] INFO  Factile_Mode.DGBP_HSB_TestCase_8 - Navigated to homePage
20:37:39.886 [main] INFO  Factile_Mode.DGBP_HSB_TestCase_8 - At customization page>> UnCheck Hide Category with Points>> 
20:38:30.893 [main] INFO  Factile_Mode.DGBP_HSB_TestCase_8 - category with points is =CAT1 FOR 100
20:38:38.834 [main] INFO  Factile_Mode.DGBP_HSB_TestCase_9 - Driver is Initilize
20:38:39.566 [main] INFO  Factile_Mode.DGBP_HSB_TestCase_9 - Navigated to homePage
20:38:55.218 [main] INFO  Factile_Mode.DGBP_HSB_TestCase_9 - At customization page>> Check Hide Category with Points>> 
20:39:47.807 [main] INFO  Factile_Mode.DGBP_HSB_TestCase_9 - Hide category with points is working fine
20:39:55.124 [main] INFO  Factile_Mode.DGBP_HSB_TestCase_10 - Driver is Initilize
20:39:55.867 [main] INFO  Factile_Mode.DGBP_HSB_TestCase_10 - Navigated to homePage
20:40:10.540 [main] INFO  Factile_Mode.DGBP_HSB_TestCase_10 - At customization page>> Check Diaplay Answer button>> 
20:41:22.176 [main] INFO  Factile_Mode.DGBP_HSB_TestCase_10 - Display answer is working fine
20:41:29.640 [main] INFO  Factile_Mode.DGBP_HSB_TestCase_11 - Driver is Initilize
20:41:30.365 [main] INFO  Factile_Mode.DGBP_HSB_TestCase_11 - Navigated to homePage
20:41:54.430 [main] INFO  Factile_Mode.DGBP_HSB_TestCase_11 - At customization page>> UNCheck Turn off tag name>> 
20:42:48.798 [main] INFO  Factile_Mode.DGBP_HSB_TestCase_11 - Display Tag name is working fine
20:42:56.322 [main] INFO  Factile_Mode.DGBP_HSB_TestCase_12 - Driver is Initilize
20:42:57.032 [main] INFO  Factile_Mode.DGBP_HSB_TestCase_12 - Navigated to homePage
20:43:12.356 [main] INFO  Factile_Mode.DGBP_HSB_TestCase_12 - At customization page>> Check Turn off tag name>> 
20:43:18.180 [main] INFO  Factile_Mode.DGBP_HSB_TestCase_12 - Tag name turn off is working fine
20:46:04.034 [main] INFO  Factile_Mode.DGBP_HSB_TestCase_12 - Tag name turn off is working fine
20:46:11.601 [main] INFO  Factile_Mode.DGBP_HSB_TestCase_13 - Driver is Initilize
