11:17:13.640 [main] INFO  Factile_Mode_v3.ForgetPassword - Navigated to homePage
11:18:45.133 [main] INFO  Factile_Mode_v3.ForgetPassword - Driver is Initilize
11:18:49.657 [main] INFO  Factile_Mode_v3.ForgetPassword - Navigated to homePage
11:19:23.102 [main] INFO  Factile_Mode_v3.ForgetPassword - Driver is Initilize
11:19:27.345 [main] INFO  Factile_Mode_v3.ForgetPassword - Navigated to homePage
11:53:05.599 [main] INFO  Factile_Mode_v3.Sign_UP - Driver is Initilize
11:53:09.695 [main] INFO  Factile_Mode_v3.Sign_UP - Navigated to homePage
11:53:14.032 [main] INFO  Factile_Mode_v3.Log_In - Driver is Initilize
11:53:17.213 [main] INFO  Factile_Mode_v3.Log_In - Navigated to homePage
11:53:20.261 [main] INFO  Factile_Mode_v3.ForgetPassword - Driver is Initilize
11:53:24.053 [main] INFO  Factile_Mode_v3.ForgetPassword - Navigated to homePage
12:31:08.742 [main] INFO  Factile_Mode_v3.TwoFactorAuthentication - Driver is Initilize
12:31:24.158 [main] INFO  Factile_Mode_v3.TwoFactorAuthentication - Driver is Initilize
12:31:27.825 [main] INFO  Factile_Mode_v3.TwoFactorAuthentication - Navigated to homePage
12:33:37.066 [main] INFO  Factile_Mode_v3.TwoFactorAuthentication - Driver is Initilize
12:33:41.357 [main] INFO  Factile_Mode_v3.TwoFactorAuthentication - Navigated to homePage
12:34:18.232 [main] INFO  Factile_Mode_v3.TwoFactorAuthentication - Driver is Initilize
12:34:22.433 [main] INFO  Factile_Mode_v3.TwoFactorAuthentication - Navigated to homePage
12:35:57.245 [main] INFO  Factile_Mode_v3.TwoFactorAuthentication - Driver is Initilize
12:36:01.208 [main] INFO  Factile_Mode_v3.TwoFactorAuthentication - Navigated to homePage
12:45:48.849 [main] INFO  Factile_Mode_v3.TwoFactorAuthentication - Driver is Initilize
12:45:54.783 [main] INFO  Factile_Mode_v3.TwoFactorAuthentication - Navigated to homePage
12:49:08.897 [main] INFO  Factile_Mode_v3.TwoFactorAuthentication - Driver is Initilize
12:49:14.076 [main] INFO  Factile_Mode_v3.TwoFactorAuthentication - Navigated to homePage
12:49:58.388 [main] INFO  Factile_Mode_v3.TwoFactorAuthentication - Driver is Initilize
12:50:02.725 [main] INFO  Factile_Mode_v3.TwoFactorAuthentication - Navigated to homePage
12:51:04.646 [main] INFO  Factile_Mode_v3.TwoFactorAuthentication - Driver is Initilize
12:51:08.454 [main] INFO  Factile_Mode_v3.TwoFactorAuthentication - Navigated to homePage
12:54:49.424 [main] INFO  Factile_Mode_v3.TwoFactorAuthentication - Driver is Initilize
12:54:53.063 [main] INFO  Factile_Mode_v3.TwoFactorAuthentication - Navigated to homePage
13:06:35.015 [main] INFO  Factile_Mode_v3.TwoFactorAuthentication - Driver is Initilize
13:06:40.219 [main] INFO  Factile_Mode_v3.TwoFactorAuthentication - Navigated to homePage
13:10:33.576 [main] INFO  Factile_Mode_v3.TwoFactorAuthentication - Driver is Initilize
13:10:38.642 [main] INFO  Factile_Mode_v3.TwoFactorAuthentication - Navigated to homePage
13:17:47.855 [main] INFO  Factile_Mode_v3.TwoFactorAuthentication - Driver is Initilize
13:17:52.162 [main] INFO  Factile_Mode_v3.TwoFactorAuthentication - Navigated to homePage
13:23:32.860 [main] INFO  Factile_Mode_v3.TwoFactorAuthentication - Driver is Initilize
13:23:37.236 [main] INFO  Factile_Mode_v3.TwoFactorAuthentication - Navigated to homePage
13:35:22.265 [main] INFO  Factile_Mode_v3.TwoFactorAuthentication - Driver is Initilize
13:35:28.364 [main] INFO  Factile_Mode_v3.TwoFactorAuthentication - Navigated to homePage
13:38:07.483 [main] INFO  Factile_Mode_v3.TwoFactorAuthentication - Driver is Initilize
13:38:12.214 [main] INFO  Factile_Mode_v3.TwoFactorAuthentication - Navigated to homePage
13:40:11.094 [main] INFO  Factile_Mode_v3.TwoFactorAuthentication - Driver is Initilize
13:40:15.698 [main] INFO  Factile_Mode_v3.TwoFactorAuthentication - Navigated to homePage
15:47:00.189 [main] INFO  Factile_Mode_v3.TwoFactorAuthentication - Driver is Initilize
09:48:58.480 [main] INFO  Factile_Mode_v3.TwoFactorAuthentication - Driver is Initilize
09:49:02.716 [main] INFO  Factile_Mode_v3.TwoFactorAuthentication - Navigated to homePage
09:50:19.950 [main] INFO  Factile_Mode_v3.TwoFactorAuthentication - Driver is Initilize
09:50:24.670 [main] INFO  Factile_Mode_v3.TwoFactorAuthentication - Navigated to homePage
09:51:45.849 [main] INFO  Factile_Mode_v3.TwoFactorAuthentication - Driver is Initilize
09:51:50.094 [main] INFO  Factile_Mode_v3.TwoFactorAuthentication - Navigated to homePage
09:53:10.972 [main] INFO  Factile_Mode_v3.TwoFactorAuthentication - Driver is Initilize
09:53:16.135 [main] INFO  Factile_Mode_v3.TwoFactorAuthentication - Navigated to homePage
09:54:22.288 [main] INFO  Factile_Mode_v3.TwoFactorAuthentication - Driver is Initilize
09:54:26.657 [main] INFO  Factile_Mode_v3.TwoFactorAuthentication - Navigated to homePage
09:55:10.892 [main] INFO  Factile_Mode_v3.TwoFactorAuthentication - Driver is Initilize
09:55:15.118 [main] INFO  Factile_Mode_v3.TwoFactorAuthentication - Navigated to homePage
09:57:26.100 [main] INFO  Factile_Mode_v3.TwoFactorAuthentication - Driver is Initilize
