17:53:50.387 [main] INFO  Factile_Mode.DGBP_HSB_TestCase_23 - Driver is Initilize
17:53:51.190 [main] INFO  Factile_Mode.DGBP_HSB_TestCase_23 - Navigated to homePage
17:54:09.635 [main] INFO  Factile_Mode.DGBP_HSB_TestCase_23 - At customization page>> >>Display Answer before Question
18:10:00.927 [main] INFO  Factile_Mode.DGBP_HSB_TestCase_23 - Driver is Initilize
18:10:01.708 [main] INFO  Factile_Mode.DGBP_HSB_TestCase_23 - Navigated to homePage
18:10:19.691 [main] INFO  Factile_Mode.DGBP_HSB_TestCase_23 - At customization page>> >>Display Answer before Question
18:16:29.904 [main] INFO  Factile_Mode.DGBP_HSB_TestCase_23 - Driver is Initilize
18:16:30.764 [main] INFO  Factile_Mode.DGBP_HSB_TestCase_23 - Navigated to homePage
18:16:50.393 [main] INFO  Factile_Mode.DGBP_HSB_TestCase_23 - At customization page>> >>Display Answer before Question
18:35:05.340 [main] INFO  Factile_Mode.DGBP_HSB_TestCase_23 - Driver is Initilize
18:35:06.414 [main] INFO  Factile_Mode.DGBP_HSB_TestCase_23 - Navigated to homePage
18:35:26.267 [main] INFO  Factile_Mode.DGBP_HSB_TestCase_23 - At customization page>> >>Display Answer before Question
10:46:09.832 [main] INFO  Factile_Mode.DGBP_HSB_TestCase_23 - Driver is Initilize
10:46:10.912 [main] INFO  Factile_Mode.DGBP_HSB_TestCase_23 - Navigated to homePage
10:46:28.996 [main] INFO  Factile_Mode.DGBP_HSB_TestCase_23 - At customization page>> >>Display Answer before Question
11:13:42.004 [main] INFO  Factile_Mode.DGBP_HSB_TestCase_23 - Driver is Initilize
11:13:43.911 [main] INFO  Factile_Mode.DGBP_HSB_TestCase_23 - Navigated to homePage
11:14:01.211 [main] INFO  Factile_Mode.DGBP_HSB_TestCase_23 - At customization page>> >>Display Answer before Question
12:12:17.068 [main] INFO  Factile_Mode.DGBP_HSB_TestCase_23 - Driver is Initilize
12:12:17.893 [main] INFO  Factile_Mode.DGBP_HSB_TestCase_23 - Navigated to homePage
12:12:35.908 [main] INFO  Factile_Mode.DGBP_HSB_TestCase_23 - At customization page>> >>Display Answer before Question
12:34:17.364 [main] INFO  Factile_Mode.DGBP_HSB_TestCase_4 - Driver is Initilize
12:34:18.219 [main] INFO  Factile_Mode.DGBP_HSB_TestCase_4 - Navigated to homePage
12:35:27.380 [main] INFO  Factile_Mode.DGBP_HSB_TestCase_4 - When unchecked from customization setting>>Twitter link is displaying
12:35:27.380 [main] INFO  Factile_Mode.DGBP_HSB_TestCase_4 - When unchecked from customization setting>>Pintrest link is displaying
12:35:35.120 [main] INFO  Factile_Mode.DGBP_HSB_TestCase_5 - Driver is Initilize
12:35:35.825 [main] INFO  Factile_Mode.DGBP_HSB_TestCase_5 - Navigated to homePage
12:37:35.303 [main] INFO  Factile_Mode.DGBP_HSB_TestCase_5 - SMO(Twiiter & Pintrest) Links not present on gameboard at moderater screen
12:37:42.432 [main] INFO  Factile_Mode.DGBP_HSB_TestCase_6 - Driver is Initilize
12:37:43.513 [main] INFO  Factile_Mode.DGBP_HSB_TestCase_6 - Navigated to homePage
12:38:01.210 [main] INFO  Factile_Mode.DGBP_HSB_TestCase_6 - At customization page>> UnCheck display exact case>> 
12:40:03.541 [main] INFO  Factile_Mode.DGBP_HSB_TestCase_7 - Driver is Initilize
12:40:06.101 [main] INFO  Factile_Mode.DGBP_HSB_TestCase_7 - Navigated to homePage
12:40:22.493 [main] INFO  Factile_Mode.DGBP_HSB_TestCase_7 - At customization page>> UnCheck display exact case>> 
14:07:07.041 [main] INFO  Factile_Mode.DGBP_HSB_TestCase_23 - Driver is Initilize
14:07:07.989 [main] INFO  Factile_Mode.DGBP_HSB_TestCase_23 - Navigated to homePage
14:07:28.088 [main] INFO  Factile_Mode.DGBP_HSB_TestCase_23 - At customization page>> >>Show Final Factile Category Hint at Wager Time is checked
14:44:44.130 [main] INFO  Factile_Mode.DGBP_HSB_TestCase_23 - Driver is Initilize
14:44:46.185 [main] INFO  Factile_Mode.DGBP_HSB_TestCase_23 - Navigated to homePage
14:45:04.677 [main] INFO  Factile_Mode.DGBP_HSB_TestCase_23 - At customization page>> >>Show Final Factile Category Hint at Wager Time is checked
14:46:02.516 [main] INFO  Factile_Mode.DGBP_HSB_TestCase_23 - Driver is Initilize
14:46:03.456 [main] INFO  Factile_Mode.DGBP_HSB_TestCase_23 - Navigated to homePage
14:46:22.014 [main] INFO  Factile_Mode.DGBP_HSB_TestCase_23 - At customization page>> >>Show Final Factile Category Hint at Wager Time is checked
15:00:48.736 [main] INFO  Factile_Mode.DGBP_HSB_TestCase_23 - Driver is Initilize
15:00:49.619 [main] INFO  Factile_Mode.DGBP_HSB_TestCase_23 - Navigated to homePage
15:01:07.854 [main] INFO  Factile_Mode.DGBP_HSB_TestCase_23 - At customization page>> >>Show Final Factile Category Hint at Wager Time is checked
15:14:36.819 [main] INFO  Factile_Mode.DGBP_HSB_TestCase_23 - Driver is Initilize
15:14:37.663 [main] INFO  Factile_Mode.DGBP_HSB_TestCase_23 - Navigated to homePage
15:14:56.046 [main] INFO  Factile_Mode.DGBP_HSB_TestCase_23 - At customization page>> >>Show Final Factile Category Hint at Wager Time is checked
15:21:24.197 [main] INFO  Factile_Mode.DGBP_HSB_TestCase_23 - Driver is Initilize
15:21:28.436 [main] INFO  Factile_Mode.DGBP_HSB_TestCase_23 - Navigated to homePage
