13:07:58.047 [main] INFO  Factile_Mode.DGBP_HSB_TestCase_13 - At customization page>> Play as Numbered Tiles instead of Jeopardy-style is unchecked >> 
13:08:43.428 [main] INFO  Factile_Mode.DGBP_HSB_TestCase_13 - Jeopardy_Style is working fine
13:08:50.048 [main] INFO  Factile_Mode.DGBP_HSB_TestCase_14 - Driver is Initilize
13:08:50.778 [main] INFO  Factile_Mode.DGBP_HSB_TestCase_14 - Navigated to homePage
13:09:03.924 [main] INFO  Factile_Mode.DGBP_HSB_TestCase_14 - At customization page>> Play as Numbered Tiles instead of Jeopardy-style is checked >> 
13:09:51.176 [main] INFO  Factile_Mode.DGBP_HSB_TestCase_14 - Play as Numbered Tiles instead of Jeopardy-style is working fine 
13:09:57.978 [main] INFO  Factile_Mode.DGBP_HSB_TestCase_15 - Driver is Initilize
13:09:58.721 [main] INFO  Factile_Mode.DGBP_HSB_TestCase_15 - Navigated to homePage
13:10:22.436 [main] INFO  Factile_Mode.DGBP_HSB_TestCase_15 - At customization page>> Play as Numbered Tiles instead of Jeopardy-style is checked >> 
13:12:38.595 [main] INFO  Factile_Mode.DGBP_HSB_TestCase_15 - Game_Point_Symbol_$_Before is working fine
13:12:45.346 [main] INFO  Factile_Mode.DGBP_HSB_TestCase_16 - Driver is Initilize
13:12:46.073 [main] INFO  Factile_Mode.DGBP_HSB_TestCase_16 - Navigated to homePage
13:15:29.111 [main] INFO  Factile_Mode.DGBP_HSB_TestCase_16 - Game_Point_Symbol_$_After is working fine
13:15:35.879 [main] INFO  Factile_Mode.DGBP_HSB_TestCase_17 - Driver is Initilize
13:15:36.649 [main] INFO  Factile_Mode.DGBP_HSB_TestCase_17 - Navigated to homePage
13:18:18.782 [main] INFO  Factile_Mode.DGBP_HSB_TestCase_17 - Game_Point_Symbol_€_After is working fine
13:18:25.510 [main] INFO  Factile_Mode.DGBP_HSB_TestCase_18 - Driver is Initilize
13:18:26.237 [main] INFO  Factile_Mode.DGBP_HSB_TestCase_18 - Navigated to homePage
13:21:09.743 [main] INFO  Factile_Mode.DGBP_HSB_TestCase_18 - Game_Point_Symbol_€_Before is working fine
13:21:16.773 [main] INFO  Factile_Mode.DGBP_HSB_TestCase_19 - Driver is Initilize
13:21:17.874 [main] INFO  Factile_Mode.DGBP_HSB_TestCase_19 - Navigated to homePage
13:23:46.644 [main] INFO  Factile_Mode.DGBP_HSB_TestCase_20 - Driver is Initilize
13:23:47.546 [main] INFO  Factile_Mode.DGBP_HSB_TestCase_20 - Navigated to homePage
13:26:15.269 [main] INFO  Factile_Mode.DGBP_HSB_TestCase_21 - Driver is Initilize
13:26:16.204 [main] INFO  Factile_Mode.DGBP_HSB_TestCase_21 - Navigated to homePage
13:26:29.182 [main] INFO  Factile_Mode.DGBP_HSB_TestCase_21 - At customization page>> >>Show skip answer is selected 
13:28:29.662 [main] INFO  Factile_Mode.DGBP_HSB_TestCase_22 - Driver is Initilize
13:28:30.570 [main] INFO  Factile_Mode.DGBP_HSB_TestCase_22 - Navigated to homePage
13:28:49.223 [main] INFO  Factile_Mode.DGBP_HSB_TestCase_22 - At customization page>> >>Show skip answer is selected 
13:37:32.584 [main] INFO  Factile_Mode.DGBP_HSB_TestCase_4 - Driver is Initilize
13:37:33.406 [main] INFO  Factile_Mode.DGBP_HSB_TestCase_4 - Navigated to homePage
13:38:40.179 [main] INFO  Factile_Mode.DGBP_HSB_TestCase_4 - When unchecked from customization setting>>Twitter link is displaying
13:38:40.180 [main] INFO  Factile_Mode.DGBP_HSB_TestCase_4 - When unchecked from customization setting>>Pintrest link is displaying
13:38:47.234 [main] INFO  Factile_Mode.DGBP_HSB_TestCase_5 - Driver is Initilize
13:38:47.992 [main] INFO  Factile_Mode.DGBP_HSB_TestCase_5 - Navigated to homePage
13:40:45.885 [main] INFO  Factile_Mode.DGBP_HSB_TestCase_5 - SMO(Twiiter & Pintrest) Links not present on gameboard at moderater screen
13:40:52.678 [main] INFO  Factile_Mode.DGBP_HSB_TestCase_6 - Driver is Initilize
13:40:53.564 [main] INFO  Factile_Mode.DGBP_HSB_TestCase_6 - Navigated to homePage
13:41:09.305 [main] INFO  Factile_Mode.DGBP_HSB_TestCase_6 - At customization page>> UnCheck display exact case>> 
13:42:02.153 [main] INFO  Factile_Mode.DGBP_HSB_TestCase_6 - when unchecked from customization setting>>Exact case is not displayed
13:42:08.909 [main] INFO  Factile_Mode.DGBP_HSB_TestCase_7 - Driver is Initilize
13:42:10.269 [main] INFO  Factile_Mode.DGBP_HSB_TestCase_7 - Navigated to homePage
13:42:25.622 [main] INFO  Factile_Mode.DGBP_HSB_TestCase_7 - At customization page>> UnCheck display exact case>> 
13:44:17.406 [main] INFO  Factile_Mode.DGBP_HSB_TestCase_7 - when Checked from customization setting>>Exact case is  displayed
13:44:24.169 [main] INFO  Factile_Mode.DGBP_HSB_TestCase_8 - Driver is Initilize
13:44:25.291 [main] INFO  Factile_Mode.DGBP_HSB_TestCase_8 - Navigated to homePage
13:44:39.753 [main] INFO  Factile_Mode.DGBP_HSB_TestCase_8 - At customization page>> UnCheck Hide Category with Points>> 
13:45:28.785 [main] INFO  Factile_Mode.DGBP_HSB_TestCase_8 - category with points is =CAT1 FOR 100
13:45:35.479 [main] INFO  Factile_Mode.DGBP_HSB_TestCase_9 - Driver is Initilize
13:45:36.360 [main] INFO  Factile_Mode.DGBP_HSB_TestCase_9 - Navigated to homePage
13:45:51.054 [main] INFO  Factile_Mode.DGBP_HSB_TestCase_9 - At customization page>> Check Hide Category with Points>> 
