13:37:18.887 [main] INFO  Factile_Mode.DGBP_HSB_TestCase_12 - Tag name turn off is working fine
13:40:04.278 [main] INFO  Factile_Mode.DGBP_HSB_TestCase_12 - Tag name turn off is working fine
13:40:10.986 [main] INFO  Factile_Mode.DGBP_HSB_TestCase_13 - Driver is Initilize
13:40:13.185 [main] INFO  Factile_Mode.DGBP_HSB_TestCase_13 - Navigated to homePage
13:40:36.678 [main] INFO  Factile_Mode.DGBP_HSB_TestCase_13 - At customization page>> Play as Numbered Tiles instead of Jeopardy-style is unchecked >> 
13:42:20.001 [main] INFO  Factile_Mode.DGBP_HSB_TestCase_33 - Driver is Initilize
13:42:20.960 [main] INFO  Factile_Mode.DGBP_HSB_TestCase_33 - Navigated to homePage
13:46:09.791 [main] INFO  Factile_Mode.DGBP_HSB_TestCase_34 - Driver is Initilize
13:46:10.857 [main] INFO  Factile_Mode.DGBP_HSB_TestCase_34 - Navigated to homePage
13:50:40.353 [main] INFO  Factile_Mode.DGBP_HSB_TestCase_34 - Driver is Initilize
13:50:41.245 [main] INFO  Factile_Mode.DGBP_HSB_TestCase_34 - Navigated to homePage
14:00:16.342 [main] INFO  Factile_Mode.DGBP_HSB_TestCase_34 - Driver is Initilize
14:00:18.125 [main] INFO  Factile_Mode.DGBP_HSB_TestCase_34 - Navigated to homePage
14:25:52.628 [main] INFO  Factile_Mode.DGBP_HSB_TestCase_34 - Driver is Initilize
14:25:53.530 [main] INFO  Factile_Mode.DGBP_HSB_TestCase_34 - Navigated to homePage
14:37:21.028 [main] INFO  Factile_Mode.DGBP_HSB_TestCase_34 - Driver is Initilize
14:37:21.976 [main] INFO  Factile_Mode.DGBP_HSB_TestCase_34 - Navigated to homePage
14:40:18.881 [main] INFO  Factile_Mode.DGBP_HSB_TestCase_34 - Driver is Initilize
14:40:19.993 [main] INFO  Factile_Mode.DGBP_HSB_TestCase_34 - Navigated to homePage
15:09:40.491 [main] INFO  Factile_Mode.DGBP_HSB_TestCase_34 - Driver is Initilize
15:09:41.406 [main] INFO  Factile_Mode.DGBP_HSB_TestCase_34 - Navigated to homePage
15:25:10.051 [main] INFO  Factile_Mode.DGBP_HSB_TestCase_34 - Driver is Initilize
15:25:11.171 [main] INFO  Factile_Mode.DGBP_HSB_TestCase_34 - Navigated to homePage
15:43:12.183 [main] INFO  Factile_Mode.DGBP_HSB_TestCase_34 - Driver is Initilize
15:43:13.206 [main] INFO  Factile_Mode.DGBP_HSB_TestCase_34 - Navigated to homePage
15:46:25.661 [main] INFO  Factile_Mode.DGBP_HSB_TestCase_34 - Driver is Initilize
15:46:26.708 [main] INFO  Factile_Mode.DGBP_HSB_TestCase_34 - Navigated to homePage
15:50:49.632 [main] INFO  Factile_Mode.DGBP_HSB_TestCase_34 - Driver is Initilize
15:50:50.823 [main] INFO  Factile_Mode.DGBP_HSB_TestCase_34 - Navigated to homePage
15:54:34.519 [main] INFO  Factile_Mode.DGBP_HSB_TestCase_34 - Driver is Initilize
15:54:35.575 [main] INFO  Factile_Mode.DGBP_HSB_TestCase_34 - Navigated to homePage
15:55:05.093 [main] INFO  Factile_Mode.DGBP_HSB_TestCase_34 - Driver is Initilize
15:55:05.901 [main] INFO  Factile_Mode.DGBP_HSB_TestCase_34 - Navigated to homePage
15:58:39.758 [main] INFO  Factile_Mode.DGBP_HSB_TestCase_34 - Driver is Initilize
15:58:40.872 [main] INFO  Factile_Mode.DGBP_HSB_TestCase_34 - Navigated to homePage
16:06:57.071 [main] INFO  Factile_Mode.DGBP_HSB_TestCase_34 - Driver is Initilize
16:06:57.968 [main] INFO  Factile_Mode.DGBP_HSB_TestCase_34 - Navigated to homePage
16:09:17.351 [main] INFO  Factile_Mode.DGBP_HSB_TestCase_34 - Driver is Initilize
16:09:18.119 [main] INFO  Factile_Mode.DGBP_HSB_TestCase_34 - Navigated to homePage
16:17:35.812 [main] INFO  Factile_Mode.DGBP_HSB_TestCase_34 - Driver is Initilize
16:17:36.635 [main] INFO  Factile_Mode.DGBP_HSB_TestCase_34 - Navigated to homePage
16:21:40.492 [main] INFO  Factile_Mode.DGBP_HSB_TestCase_34 - Driver is Initilize
16:21:42.092 [main] INFO  Factile_Mode.DGBP_HSB_TestCase_34 - Navigated to homePage
16:38:40.199 [main] INFO  Factile_Mode.DGBP_HSB_TestCase_33 - Driver is Initilize
16:38:41.849 [main] INFO  Factile_Mode.DGBP_HSB_TestCase_33 - Navigated to homePage
16:42:30.379 [main] INFO  Factile_Mode.DGBP_HSB_TestCase_34 - Driver is Initilize
16:42:31.276 [main] INFO  Factile_Mode.DGBP_HSB_TestCase_34 - Navigated to homePage
19:31:42.016 [main] INFO  Factile_Mode.DGBP_HSB_TestCase_33 - Driver is Initilize
19:31:43.407 [main] INFO  Factile_Mode.DGBP_HSB_TestCase_33 - Navigated to homePage
19:32:15.335 [main] INFO  Factile_Mode.DGBP_HSB_TestCase_31 - Driver is Initilize
19:32:16.318 [main] INFO  Factile_Mode.DGBP_HSB_TestCase_31 - Navigated to homePage
19:32:37.706 [main] INFO  Factile_Mode.DGBP_HSB_TestCase_31 - At customization page>> >>Buzzer for final factile is on from customization
19:42:43.815 [main] INFO  Factile_Mode.DGBP_HSB_TestCase_32 - Driver is Initilize
19:42:45.804 [main] INFO  Factile_Mode.DGBP_HSB_TestCase_32 - Navigated to homePage
19:43:11.009 [main] INFO  Factile_Mode.DGBP_HSB_TestCase_32 - At customization page>> >>Enter answer for buzz is active from customization
19:51:06.953 [main] INFO  Factile_Mode.DGBP_HSB_TestCase_33 - Driver is Initilize
19:51:08.114 [main] INFO  Factile_Mode.DGBP_HSB_TestCase_33 - Navigated to homePage
19:54:13.795 [main] INFO  Factile_Mode.DGBP_HSB_TestCase_34 - Driver is Initilize
