16:17:00.139 [main] INFO  Factile_Mode_v3.Sign_UP - Driver is Initilize
16:17:02.927 [main] INFO  Factile_Mode_v3.Sign_UP - Navigated to homePage
16:17:35.415 [main] INFO  Factile_Mode_v3.Log_In - Driver is Initilize
16:17:37.651 [main] INFO  Factile_Mode_v3.Log_In - Navigated to homePage
16:17:40.731 [main] INFO  Factile_Mode_v3.Log_In - Log in working fine
16:17:41.646 [main] INFO  Factile_Mode_v3.Sign_Out - Driver is Initilize
16:17:43.679 [main] INFO  Factile_Mode_v3.Sign_Out - Navigated to homePage
16:17:57.171 [main] INFO  Factile_Mode_v3.ForgetPassword - Driver is Initilize
16:17:59.851 [main] INFO  Factile_Mode_v3.ForgetPassword - Navigated to homePage
16:19:19.427 [main] INFO  Factile_Mode_v3.TwoFactorAuthentication - Driver is Initilize
16:19:22.015 [main] INFO  Factile_Mode_v3.TwoFactorAuthentication - Navigated to homePage
16:20:03.640 [main] INFO  Factile_Mode_v3.ChangePassword - Driver is Initilize
16:20:06.245 [main] INFO  Factile_Mode_v3.ChangePassword - Navigated to homePage
16:20:18.622 [main] INFO  Factile_Mode_v3.Support_Form - Driver is Initilize
16:20:21.179 [main] INFO  Factile_Mode_v3.Support_Form - Navigated to homePage
16:20:37.736 [main] INFO  Factile_Mode_v3.DeleteAccount - Driver is Initilize
16:20:39.984 [main] INFO  Factile_Mode_v3.DeleteAccount - Navigated to homePage
16:21:07.231 [main] INFO  Factile_Mode_v3.HeaderMenuInFreeAccount - Driver is Initilize
16:21:09.821 [main] INFO  Factile_Mode_v3.HeaderMenuInFreeAccount - Navigated to homePage
16:21:15.427 [main] INFO  Factile_Mode_v3.HeaderMenuInPaidAccount - Driver is Initilize
16:21:17.875 [main] INFO  Factile_Mode_v3.HeaderMenuInPaidAccount - Navigated to homePage
16:21:24.764 [main] INFO  Factile_Mode_v3.PageNotFound_Links_at_HomePage - Driver is Initilize
16:21:27.096 [main] INFO  Factile_Mode_v3.PageNotFound_Links_at_HomePage - Navigated to homePage
16:24:20.698 [main] INFO  Factile_Mode_v3.DoubleFactile - Driver is Initilize
16:24:23.181 [main] INFO  Factile_Mode_v3.DoubleFactile - Navigated to homePage
16:24:54.295 [main] INFO  Factile_Mode_v3.DoubleFactile - At customization page>> Double Factile is Checked >> 
16:27:21.486 [main] INFO  Factile_Mode_v3.DoubleFactile - Double Factile is working fine
16:27:28.891 [main] INFO  Factile_Mode_v3.DisplayAnswerButton - Driver is Initilize
16:27:31.318 [main] INFO  Factile_Mode_v3.DisplayAnswerButton - Navigated to homePage
16:27:42.309 [main] INFO  Factile_Mode_v3.DisplayAnswerButton - At customization page>> Checked Display Answer Button >> 
16:28:37.752 [main] INFO  Factile_Mode_v3.DisplayAnswerButton - Display Answer Button>> When Checked
16:28:45.207 [main] INFO  Factile_Mode_v3.DisplayExactCaseChecked - Driver is Initilize
16:28:47.637 [main] INFO  Factile_Mode_v3.DisplayExactCaseChecked - Navigated to homePage
16:28:58.123 [main] INFO  Factile_Mode_v3.DisplayExactCaseChecked - At customization page>> Checked Display Exact Case >> 
16:29:54.054 [main] INFO  Factile_Mode_v3.DisplayExactCaseChecked - Display Exact Case>> When Checked
16:30:01.701 [main] INFO  Factile_Mode_v3.DisplayExactCaseUnChecked - Driver is Initilize
16:30:03.982 [main] INFO  Factile_Mode_v3.DisplayExactCaseUnChecked - Navigated to homePage
16:30:15.325 [main] INFO  Factile_Mode_v3.DisplayExactCaseUnChecked - At customization page>> Checked Display Exact Case >> 
16:31:10.805 [main] INFO  Factile_Mode_v3.DisplayExactCaseUnChecked - Display Exact Case>> When Checked
16:31:18.451 [main] INFO  Factile_Mode_v3.DisplayQuestionOnGameBoardTileChecked - Driver is Initilize
16:31:20.823 [main] INFO  Factile_Mode_v3.DisplayQuestionOnGameBoardTileChecked - Navigated to homePage
16:31:32.913 [main] INFO  Factile_Mode_v3.DisplayQuestionOnGameBoardTileChecked - At customization page>> Checked Display Exact Case >> 
16:32:43.530 [main] INFO  Factile_Mode_v3.DisplayQuestionOnGameBoardTileChecked - Display question on GameBoard>> When Checked
16:32:51.232 [main] INFO  Factile_Mode_v3.DisplayQuestionOnGameBoardTileUnChecked - Driver is Initilize
16:32:54.015 [main] INFO  Factile_Mode_v3.DisplayQuestionOnGameBoardTileUnChecked - Navigated to homePage
16:33:05.236 [main] INFO  Factile_Mode_v3.DisplayQuestionOnGameBoardTileUnChecked - At customization page>> Checked Display Exact Case >> 
16:34:13.909 [main] INFO  Factile_Mode_v3.DisplayQuestionOnGameBoardTileUnChecked - Display question on GameBoard>> When UnChecked
16:34:21.293 [main] INFO  Factile_Mode_v3.HideCategoryWithPointsChecked - Driver is Initilize
16:34:23.958 [main] INFO  Factile_Mode_v3.HideCategoryWithPointsChecked - Navigated to homePage
16:34:34.994 [main] INFO  Factile_Mode_v3.HideCategoryWithPointsChecked - At customization page>> Check Hide Category with Points>> 
16:35:27.366 [main] INFO  Factile_Mode_v3.HideCategoryWithPointsChecked - Hide category with points is working fine>> When Checked
16:35:34.609 [main] INFO  Factile_Mode_v3.HideCategoryWithPointsUnChecked - Driver is Initilize
16:35:36.879 [main] INFO  Factile_Mode_v3.HideCategoryWithPointsUnChecked - Navigated to homePage
