15:05:38.786 [main] INFO  Factile_Mode_v3.changePassword - Driver is Initilize
15:05:43.438 [main] INFO  Factile_Mode_v3.changePassword - Navigated to homePage
15:05:57.915 [main] INFO  Factile_Mode_v3.support_Form - Driver is Initilize
15:06:02.258 [main] INFO  Factile_Mode_v3.support_Form - Navigated to homePage
15:06:16.203 [main] INFO  Factile_Mode_v3.deleteAccount - Driver is Initilize
15:06:22.588 [main] INFO  Factile_Mode_v3.deleteAccount - Navigated to homePage
15:15:20.232 [main] INFO  Factile_Mode_v3.sign_Out - Driver is Initilize
15:15:25.349 [main] INFO  Factile_Mode_v3.sign_Out - Navigated to homePage
15:28:57.706 [main] INFO  Factile_Mode_v3.sign_UP - Driver is Initilize
15:29:02.117 [main] INFO  Factile_Mode_v3.sign_UP - Navigated to homePage
15:30:05.412 [main] INFO  Factile_Mode_v3.log_In - Driver is Initilize
15:30:09.621 [main] INFO  Factile_Mode_v3.log_In - Navigated to homePage
15:30:12.534 [main] INFO  Factile_Mode_v3.sign_Out - Driver is Initilize
15:30:16.758 [main] INFO  Factile_Mode_v3.sign_Out - Navigated to homePage
15:30:27.713 [main] INFO  Factile_Mode_v3.forgetPassword - Driver is Initilize
15:30:32.538 [main] INFO  Factile_Mode_v3.forgetPassword - Navigated to homePage
15:30:58.424 [main] INFO  Factile_Mode_v3.twoFactorAuthentication - Driver is Initilize
15:31:03.297 [main] INFO  Factile_Mode_v3.twoFactorAuthentication - Navigated to homePage
15:31:49.869 [main] INFO  Factile_Mode_v3.changePassword - Driver is Initilize
15:31:54.834 [main] INFO  Factile_Mode_v3.changePassword - Navigated to homePage
15:32:08.708 [main] INFO  Factile_Mode_v3.support_Form - Driver is Initilize
15:32:13.457 [main] INFO  Factile_Mode_v3.support_Form - Navigated to homePage
15:32:27.522 [main] INFO  Factile_Mode_v3.deleteAccount - Driver is Initilize
15:32:34.441 [main] INFO  Factile_Mode_v3.deleteAccount - Navigated to homePage
15:35:11.236 [main] INFO  Factile_Mode_v3.sign_UP - Driver is Initilize
15:35:16.261 [main] INFO  Factile_Mode_v3.sign_UP - Navigated to homePage
15:36:21.974 [main] INFO  Factile_Mode_v3.sign_UP - Driver is Initilize
15:36:26.702 [main] INFO  Factile_Mode_v3.sign_UP - Navigated to homePage
15:36:30.854 [main] INFO  Factile_Mode_v3.log_In - Driver is Initilize
15:36:35.032 [main] INFO  Factile_Mode_v3.log_In - Navigated to homePage
15:36:37.461 [main] INFO  Factile_Mode_v3.sign_Out - Driver is Initilize
15:36:42.201 [main] INFO  Factile_Mode_v3.sign_Out - Navigated to homePage
15:36:52.770 [main] INFO  Factile_Mode_v3.forgetPassword - Driver is Initilize
15:36:57.482 [main] INFO  Factile_Mode_v3.forgetPassword - Navigated to homePage
15:37:22.893 [main] INFO  Factile_Mode_v3.twoFactorAuthentication - Driver is Initilize
15:37:27.825 [main] INFO  Factile_Mode_v3.twoFactorAuthentication - Navigated to homePage
15:38:14.058 [main] INFO  Factile_Mode_v3.changePassword - Driver is Initilize
15:38:18.264 [main] INFO  Factile_Mode_v3.changePassword - Navigated to homePage
15:38:32.338 [main] INFO  Factile_Mode_v3.support_Form - Driver is Initilize
15:38:37.059 [main] INFO  Factile_Mode_v3.support_Form - Navigated to homePage
15:38:51.261 [main] INFO  Factile_Mode_v3.deleteAccount - Driver is Initilize
15:38:55.563 [main] INFO  Factile_Mode_v3.deleteAccount - Navigated to homePage
15:42:38.628 [main] INFO  Factile_Mode_v3.sign_UP - Driver is Initilize
15:42:43.232 [main] INFO  Factile_Mode_v3.sign_UP - Navigated to homePage
15:42:47.314 [main] INFO  Factile_Mode_v3.log_In - Driver is Initilize
15:42:51.772 [main] INFO  Factile_Mode_v3.log_In - Navigated to homePage
15:42:54.139 [main] INFO  Factile_Mode_v3.sign_Out - Driver is Initilize
15:42:58.199 [main] INFO  Factile_Mode_v3.sign_Out - Navigated to homePage
15:43:09.428 [main] INFO  Factile_Mode_v3.forgetPassword - Driver is Initilize
15:43:13.551 [main] INFO  Factile_Mode_v3.forgetPassword - Navigated to homePage
15:44:28.200 [main] INFO  Factile_Mode_v3.twoFactorAuthentication - Driver is Initilize
15:44:32.905 [main] INFO  Factile_Mode_v3.twoFactorAuthentication - Navigated to homePage
15:45:19.434 [main] INFO  Factile_Mode_v3.changePassword - Driver is Initilize
15:45:23.781 [main] INFO  Factile_Mode_v3.changePassword - Navigated to homePage
15:45:37.804 [main] INFO  Factile_Mode_v3.support_Form - Driver is Initilize
15:45:42.696 [main] INFO  Factile_Mode_v3.support_Form - Navigated to homePage
15:45:56.690 [main] INFO  Factile_Mode_v3.deleteAccount - Driver is Initilize
15:46:00.734 [main] INFO  Factile_Mode_v3.deleteAccount - Navigated to homePage
15:47:04.068 [main] INFO  Factile_Mode_v3.forgetPassword - Driver is Initilize
15:47:08.745 [main] INFO  Factile_Mode_v3.forgetPassword - Navigated to homePage
15:50:05.847 [main] INFO  Factile_Mode_v3.forgetPassword - Driver is Initilize
15:50:10.289 [main] INFO  Factile_Mode_v3.forgetPassword - Navigated to homePage
16:53:34.487 [main] INFO  Factile_Mode_v3.sign_UP - Driver is Initilize
16:53:40.499 [main] INFO  Factile_Mode_v3.sign_UP - Navigated to homePage
