15:06:05.456 [main] INFO  Factile_Mode.DGBP_HSB_TestCase_28 - At customization page>> >>Users Can Join Buzzer Mode after Game Begins is Unchecked
15:17:06.715 [main] INFO  Factile_Mode.DGBP_HSB_TestCase_28 - Driver is Initilize
15:17:08.645 [main] INFO  Factile_Mode.DGBP_HSB_TestCase_28 - Navigated to homePage
15:17:29.466 [main] INFO  Factile_Mode.DGBP_HSB_TestCase_28 - At customization page>> >>Users Can Join Buzzer Mode after Game Begins is Unchecked
15:31:15.442 [main] INFO  Factile_Mode.DGBP_HSB_TestCase_27 - Driver is Initilize
15:31:16.335 [main] INFO  Factile_Mode.DGBP_HSB_TestCase_27 - Navigated to homePage
15:31:38.020 [main] INFO  Factile_Mode.DGBP_HSB_TestCase_27 - At customization page>> >>Users Can Join Buzzer Mode after Game Begins throght team manage
15:48:01.125 [main] INFO  Factile_Mode.DGBP_HSB_TestCase_21 - Driver is Initilize
15:48:02.004 [main] INFO  Factile_Mode.DGBP_HSB_TestCase_21 - Navigated to homePage
15:48:31.759 [main] INFO  Factile_Mode.DGBP_HSB_TestCase_21 - At customization page>> >>Show skip answer is selected 
15:50:26.196 [main] INFO  Factile_Mode.DGBP_HSB_TestCase_21 - Driver is Initilize
15:50:27.267 [main] INFO  Factile_Mode.DGBP_HSB_TestCase_21 - Navigated to homePage
15:50:55.425 [main] INFO  Factile_Mode.DGBP_HSB_TestCase_21 - At customization page>> >>Show skip answer is selected 
15:52:24.404 [main] INFO  Factile_Mode.DGBP_HSB_TestCase_21 - Driver is Initilize
15:52:25.132 [main] INFO  Factile_Mode.DGBP_HSB_TestCase_21 - Navigated to homePage
15:53:01.570 [main] INFO  Factile_Mode.DGBP_HSB_TestCase_21 - At customization page>> >>Show skip answer is selected 
15:58:22.129 [main] INFO  Factile_Mode.DGBP_HSB_TestCase_21 - Driver is Initilize
15:58:23.113 [main] INFO  Factile_Mode.DGBP_HSB_TestCase_21 - Navigated to homePage
15:58:49.495 [main] INFO  Factile_Mode.DGBP_HSB_TestCase_21 - At customization page>> >>Show skip answer is selected 
16:00:33.485 [main] INFO  Factile_Mode.DGBP_HSB_TestCase_21 - Driver is Initilize
16:00:34.443 [main] INFO  Factile_Mode.DGBP_HSB_TestCase_21 - Navigated to homePage
16:01:07.902 [main] INFO  Factile_Mode.DGBP_HSB_TestCase_21 - At customization page>> >>Show skip answer is selected 
16:02:50.389 [main] INFO  Factile_Mode.DGBP_HSB_TestCase_22 - Driver is Initilize
16:02:51.331 [main] INFO  Factile_Mode.DGBP_HSB_TestCase_22 - Navigated to homePage
16:03:32.876 [main] INFO  Factile_Mode.DGBP_HSB_TestCase_22 - At customization page>> >>Show skip answer is selected 
16:20:34.220 [main] INFO  Factile_Mode.DGBP_HSB_TestCase_23 - Driver is Initilize
16:20:36.495 [main] INFO  Factile_Mode.DGBP_HSB_TestCase_23 - Navigated to homePage
16:20:57.687 [main] INFO  Factile_Mode.DGBP_HSB_TestCase_23 - At customization page>> >>Show Final Factile Category Hint at Wager Time is checked
16:32:50.654 [main] INFO  Factile_Mode.DGBP_HSB_TestCase_24 - Driver is Initilize
16:32:51.567 [main] INFO  Factile_Mode.DGBP_HSB_TestCase_24 - Navigated to homePage
16:33:13.907 [main] INFO  Factile_Mode.DGBP_HSB_TestCase_24 - At customization page>> >>Allow multiple team to answer is checked at global setting
16:46:57.809 [main] INFO  Factile_Mode.DGBP_HSB_TestCase_25 - Driver is Initilize
16:46:58.738 [main] INFO  Factile_Mode.DGBP_HSB_TestCase_25 - Navigated to homePage
16:47:19.600 [main] INFO  Factile_Mode.DGBP_HSB_TestCase_25 - At customization page>> >>Allow multiple user to answer is unchecked at global setting
16:57:00.445 [main] INFO  Factile_Mode.DGBP_HSB_TestCase_26 - Driver is Initilize
16:57:01.885 [main] INFO  Factile_Mode.DGBP_HSB_TestCase_26 - Navigated to homePage
16:57:24.232 [main] INFO  Factile_Mode.DGBP_HSB_TestCase_26 - At customization page>> >>Users Can Join Buzzer Mode after Game Begins is checked
17:07:33.635 [main] INFO  Factile_Mode.DGBP_HSB_TestCase_27 - Driver is Initilize
17:07:34.353 [main] INFO  Factile_Mode.DGBP_HSB_TestCase_27 - Navigated to homePage
17:07:55.795 [main] INFO  Factile_Mode.DGBP_HSB_TestCase_27 - At customization page>> >>Users Can Join Buzzer Mode after Game Begins throght team manage
17:18:54.549 [main] INFO  Factile_Mode.DGBP_HSB_TestCase_28 - Driver is Initilize
17:18:55.324 [main] INFO  Factile_Mode.DGBP_HSB_TestCase_28 - Navigated to homePage
17:19:41.070 [main] INFO  Factile_Mode.DGBP_HSB_TestCase_28 - At customization page>> >>Users Can Join Buzzer Mode after Game Begins is Unchecked
17:22:49.256 [main] INFO  Factile_Mode.DGBP_HSB_TestCase_29 - Driver is Initilize
17:22:50.207 [main] INFO  Factile_Mode.DGBP_HSB_TestCase_29 - Navigated to homePage
17:23:34.566 [main] INFO  Factile_Mode.DGBP_HSB_TestCase_29 - At customization page>> >>Buzzer for final factile is on from customization
17:31:07.444 [main] INFO  Factile_Mode.DGBP_HSB_TestCase_26 - Driver is Initilize
17:31:09.928 [main] INFO  Factile_Mode.DGBP_HSB_TestCase_26 - Navigated to homePage
17:34:10.010 [main] INFO  Factile_Mode.DGBP_HSB_TestCase_26 - At customization page>> >>Users Can Join Buzzer Mode after Game Begins is checked
