17:18:11.343 [main] INFO  Factile_Mode_v3.DeleteAccount - Navigated to homePage
17:18:19.511 [main] INFO  Factile_Mode_v3.HeaderMenuInFreeAccount - Driver is Initilize
17:18:23.264 [main] INFO  Factile_Mode_v3.HeaderMenuInFreeAccount - Navigated to homePage
17:18:29.241 [main] INFO  Factile_Mode_v3.HeaderMenuInPaidAccount - Driver is Initilize
17:18:34.783 [main] INFO  Factile_Mode_v3.HeaderMenuInPaidAccount - Navigated to homePage
17:18:41.328 [main] INFO  Factile_Mode_v3.PageNotFound_Links_at_HomePage - Driver is Initilize
17:18:45.839 [main] INFO  Factile_Mode_v3.PageNotFound_Links_at_HomePage - Navigated to homePage
17:22:00.233 [main] INFO  Factile_Mode_v3.GoProToSubscriptionHomeSchoolMonthlyData_Verify - Driver is Initilize
17:22:05.658 [main] INFO  Factile_Mode_v3.GoProToSubscriptionHomeSchoolMonthlyData_Verify - Navigated to homePage
17:22:36.425 [main] INFO  Factile_Mode_v3.GoProToSubscriptionHomeSchoolYearlyData_Verify - Driver is Initilize
17:22:40.167 [main] INFO  Factile_Mode_v3.GoProToSubscriptionHomeSchoolYearlyData_Verify - Navigated to homePage
17:23:10.321 [main] INFO  Factile_Mode_v3.GoProToSubscriptionBussinessMonthlyData_Verify - Driver is Initilize
17:23:15.881 [main] INFO  Factile_Mode_v3.GoProToSubscriptionBussinessMonthlyData_Verify - Navigated to homePage
17:23:47.241 [main] INFO  Factile_Mode_v3.GoProToSubscriptionBussinessYearlyData_Verify - Driver is Initilize
17:23:52.759 [main] INFO  Factile_Mode_v3.GoProToSubscriptionBussinessYearlyData_Verify - Navigated to homePage
17:28:54.949 [main] INFO  Factile_Mode_v3.ChangePassword - Driver is Initilize
17:28:59.838 [main] INFO  Factile_Mode_v3.ChangePassword - Navigated to homePage
17:29:27.780 [main] INFO  Factile_Mode_v3.DeleteAccount - Driver is Initilize
17:29:33.220 [main] INFO  Factile_Mode_v3.DeleteAccount - Navigated to homePage
17:29:55.826 [main] INFO  Factile_Mode_v3.DeleteAccount - Driver is Initilize
17:30:01.376 [main] INFO  Factile_Mode_v3.DeleteAccount - Navigated to homePage
17:30:35.820 [main] INFO  Factile_Mode_v3.DeleteAccount - Driver is Initilize
17:30:41.103 [main] INFO  Factile_Mode_v3.DeleteAccount - Navigated to homePage
17:33:33.329 [main] INFO  Factile_Mode_v3.DeleteAccount - Driver is Initilize
17:33:38.857 [main] INFO  Factile_Mode_v3.DeleteAccount - Navigated to homePage
17:37:46.577 [main] INFO  Factile_Mode_v3.DeleteAccount - Driver is Initilize
17:37:52.887 [main] INFO  Factile_Mode_v3.DeleteAccount - Navigated to homePage
17:38:18.343 [main] INFO  Factile_Mode_v3.DeleteAccount - Driver is Initilize
17:38:22.908 [main] INFO  Factile_Mode_v3.DeleteAccount - Navigated to homePage
17:38:50.123 [main] INFO  Factile_Mode_v3.DeleteAccount - Driver is Initilize
17:38:54.679 [main] INFO  Factile_Mode_v3.DeleteAccount - Navigated to homePage
17:51:12.782 [main] INFO  Factile_Mode_v3.Support_Form - Driver is Initilize
17:51:17.604 [main] INFO  Factile_Mode_v3.Support_Form - Navigated to homePage
18:11:59.887 [main] INFO  Factile_Mode_v3.Sign_UP - Driver is Initilize
18:12:05.356 [main] INFO  Factile_Mode_v3.Sign_UP - Navigated to homePage
18:12:16.167 [main] INFO  Factile_Mode_v3.Log_In - Driver is Initilize
18:12:20.506 [main] INFO  Factile_Mode_v3.Log_In - Navigated to homePage
18:12:24.196 [main] INFO  Factile_Mode_v3.Sign_Out - Driver is Initilize
18:12:29.875 [main] INFO  Factile_Mode_v3.Sign_Out - Navigated to homePage
18:12:42.249 [main] INFO  Factile_Mode_v3.ForgetPassword - Driver is Initilize
18:12:47.901 [main] INFO  Factile_Mode_v3.ForgetPassword - Navigated to homePage
18:13:17.387 [main] INFO  Factile_Mode_v3.TwoFactorAuthentication - Driver is Initilize
18:13:22.688 [main] INFO  Factile_Mode_v3.TwoFactorAuthentication - Navigated to homePage
18:13:57.718 [main] INFO  Factile_Mode_v3.ChangePassword - Driver is Initilize
18:14:03.147 [main] INFO  Factile_Mode_v3.ChangePassword - Navigated to homePage
18:14:11.173 [main] INFO  Factile_Mode_v3.Support_Form - Driver is Initilize
18:14:15.063 [main] INFO  Factile_Mode_v3.Support_Form - Navigated to homePage
18:15:30.839 [main] INFO  Factile_Mode_v3.DeleteAccount - Driver is Initilize
18:15:35.525 [main] INFO  Factile_Mode_v3.DeleteAccount - Navigated to homePage
18:15:43.648 [main] INFO  Factile_Mode_v3.HeaderMenuInFreeAccount - Driver is Initilize
18:15:48.935 [main] INFO  Factile_Mode_v3.HeaderMenuInFreeAccount - Navigated to homePage
18:15:55.022 [main] INFO  Factile_Mode_v3.HeaderMenuInPaidAccount - Driver is Initilize
18:15:59.817 [main] INFO  Factile_Mode_v3.HeaderMenuInPaidAccount - Navigated to homePage
18:16:06.522 [main] INFO  Factile_Mode_v3.PageNotFound_Links_at_HomePage - Driver is Initilize
18:16:12.116 [main] INFO  Factile_Mode_v3.PageNotFound_Links_at_HomePage - Navigated to homePage
18:19:38.682 [main] INFO  Factile_Mode_v3.GoProToSubscriptionHomeSchoolMonthlyData_Verify - Driver is Initilize
18:19:43.392 [main] INFO  Factile_Mode_v3.GoProToSubscriptionHomeSchoolMonthlyData_Verify - Navigated to homePage
