11:24:45.052 [main] INFO  Factile_Mode_v3.HideCategoryWithPoints - Driver is Initilize
11:24:51.303 [main] INFO  Factile_Mode_v3.HideCategoryWithPoints - Navigated to homePage
11:25:03.480 [main] INFO  Factile_Mode_v3.HideCategoryWithPoints - At customization page>> Check Hide Category with Points>> 
11:34:54.990 [main] INFO  Factile_Mode_v3.HideCategoryWithPoints - Driver is Initilize
11:35:31.841 [main] INFO  Factile_Mode_v3.HideCategoryWithPoints - Navigated to homePage
11:35:47.425 [main] INFO  Factile_Mode_v3.HideCategoryWithPoints - At customization page>> Check Hide Category with Points>> 
12:02:37.521 [main] INFO  Factile_Mode_v3.HideCategoryWithPoints - Driver is Initilize
12:02:47.990 [main] INFO  Factile_Mode_v3.HideCategoryWithPoints - Navigated to homePage
12:03:03.918 [main] INFO  Factile_Mode_v3.HideCategoryWithPoints - At customization page>> Check Hide Category with Points>> 
12:05:07.871 [main] INFO  Factile_Mode_v3.HideCategoryWithPoints - Driver is Initilize
12:05:23.369 [main] INFO  Factile_Mode_v3.HideCategoryWithPoints - Navigated to homePage
12:05:41.332 [main] INFO  Factile_Mode_v3.HideCategoryWithPoints - At customization page>> Check Hide Category with Points>> 
12:08:47.306 [main] INFO  Factile_Mode_v3.HideCategoryWithPoints - Driver is Initilize
12:08:54.418 [main] INFO  Factile_Mode_v3.HideCategoryWithPoints - Navigated to homePage
12:09:08.139 [main] INFO  Factile_Mode_v3.HideCategoryWithPoints - At customization page>> Check Hide Category with Points>> 
12:12:48.817 [main] INFO  Factile_Mode_v3.HideCategoryWithPoints - Driver is Initilize
12:12:56.221 [main] INFO  Factile_Mode_v3.HideCategoryWithPoints - Navigated to homePage
12:13:10.582 [main] INFO  Factile_Mode_v3.HideCategoryWithPoints - At customization page>> Check Hide Category with Points>> 
12:17:57.060 [main] INFO  Factile_Mode_v3.HideCategoryWithPoints - Driver is Initilize
12:18:04.058 [main] INFO  Factile_Mode_v3.HideCategoryWithPoints - Navigated to homePage
12:18:17.530 [main] INFO  Factile_Mode_v3.HideCategoryWithPoints - At customization page>> Check Hide Category with Points>> 
12:32:28.037 [main] INFO  Factile_Mode_v3.HideCategoryWithPoints - Driver is Initilize
12:32:57.373 [main] INFO  Factile_Mode_v3.HideCategoryWithPoints - Navigated to homePage
12:33:11.609 [main] INFO  Factile_Mode_v3.HideCategoryWithPoints - At customization page>> Check Hide Category with Points>> 
12:38:50.567 [main] INFO  Factile_Mode_v3.HideCategoryWithPoints - Driver is Initilize
12:38:58.132 [main] INFO  Factile_Mode_v3.HideCategoryWithPoints - Navigated to homePage
12:39:11.606 [main] INFO  Factile_Mode_v3.HideCategoryWithPoints - At customization page>> Check Hide Category with Points>> 
12:55:47.129 [main] INFO  Factile_Mode_v3.HideCategoryWithPoints - Driver is Initilize
12:55:54.831 [main] INFO  Factile_Mode_v3.HideCategoryWithPoints - Navigated to homePage
12:56:09.578 [main] INFO  Factile_Mode_v3.HideCategoryWithPoints - At customization page>> Check Hide Category with Points>> 
13:32:01.835 [main] INFO  Factile_Mode_v3.HideCategoryWithPoints - Driver is Initilize
13:32:09.481 [main] INFO  Factile_Mode_v3.HideCategoryWithPoints - Navigated to homePage
13:32:22.041 [main] INFO  Factile_Mode_v3.HideCategoryWithPoints - At customization page>> Check Hide Category with Points>> 
13:33:29.790 [main] INFO  Factile_Mode_v3.HideCategoryWithPoints - Hide category with points is working fine
13:50:54.906 [main] INFO  Factile_Mode_v3.HideCategoryWithPointsUnchecked - Driver is Initilize
13:51:02.614 [main] INFO  Factile_Mode_v3.HideCategoryWithPointsUnchecked - Navigated to homePage
13:51:17.628 [main] INFO  Factile_Mode_v3.HideCategoryWithPointsUnchecked - At customization page>> Check Hide Category with Points>> 
14:02:30.478 [main] INFO  Factile_Mode_v3.HideCategoryWithPointsChecked - Driver is Initilize
14:02:40.899 [main] INFO  Factile_Mode_v3.HideCategoryWithPointsChecked - Navigated to homePage
14:02:57.173 [main] INFO  Factile_Mode_v3.HideCategoryWithPointsChecked - At customization page>> Check Hide Category with Points>> 
14:11:10.235 [main] INFO  Factile_Mode_v3.HideCategoryWithPointsChecked - Driver is Initilize
14:11:30.178 [main] INFO  Factile_Mode_v3.HideCategoryWithPointsChecked - Navigated to homePage
14:11:44.542 [main] INFO  Factile_Mode_v3.HideCategoryWithPointsChecked - At customization page>> Check Hide Category with Points>> 
14:12:53.742 [main] INFO  Factile_Mode_v3.HideCategoryWithPointsChecked - Hide category with points is working fine>> When Checked
14:28:29.417 [main] INFO  Factile_Mode_v3.HideCategoryWithPointsUnchecked - Driver is Initilize
14:28:38.217 [main] INFO  Factile_Mode_v3.HideCategoryWithPointsUnchecked - Navigated to homePage
14:28:51.830 [main] INFO  Factile_Mode_v3.HideCategoryWithPointsUnchecked - At customization page>> Check Hide Category with Points>> 
14:29:50.865 [main] INFO  Factile_Mode_v3.HideCategoryWithPointsUnchecked - Hide category with points is working fine>>When UnChecked
