12:39:12.800 [main] INFO  Factile_Mode_v3.GoProToSubscriptionHomeSchoolYearlyData_Verify - Navigated to homePage
12:39:24.400 [main] INFO  Factile_Mode_v3.GoProToSubscriptionHomeSchoolYearlyData_Verify - Driver is Initilize
12:39:31.180 [main] INFO  Factile_Mode_v3.GoProToSubscriptionHomeSchoolYearlyData_Verify - Navigated to homePage
12:45:29.887 [main] INFO  Factile_Mode_v3.Sign_UP - Driver is Initilize
12:45:37.396 [main] INFO  Factile_Mode_v3.Sign_UP - Navigated to homePage
12:46:10.699 [main] INFO  Factile_Mode_v3.Log_In - Driver is Initilize
12:46:17.433 [main] INFO  Factile_Mode_v3.Log_In - Navigated to homePage
12:46:24.437 [main] INFO  Factile_Mode_v3.Sign_Out - Driver is Initilize
12:46:30.724 [main] INFO  Factile_Mode_v3.Sign_Out - Navigated to homePage
12:47:37.993 [main] INFO  Factile_Mode_v3.ForgetPassword - Driver is Initilize
12:47:44.292 [main] INFO  Factile_Mode_v3.ForgetPassword - Navigated to homePage
12:48:27.941 [main] INFO  Factile_Mode_v3.TwoFactorAuthentication - Driver is Initilize
12:48:34.297 [main] INFO  Factile_Mode_v3.TwoFactorAuthentication - Navigated to homePage
12:49:20.524 [main] INFO  Factile_Mode_v3.ChangePassword - Driver is Initilize
12:49:26.118 [main] INFO  Factile_Mode_v3.ChangePassword - Navigated to homePage
12:49:45.273 [main] INFO  Factile_Mode_v3.Support_Form - Driver is Initilize
12:49:51.763 [main] INFO  Factile_Mode_v3.Support_Form - Navigated to homePage
12:51:01.296 [main] INFO  Factile_Mode_v3.DeleteAccount - Driver is Initilize
12:51:08.459 [main] INFO  Factile_Mode_v3.DeleteAccount - Navigated to homePage
12:52:21.272 [main] INFO  Factile_Mode_v3.HeaderMenuInFreeAccount - Driver is Initilize
12:52:28.356 [main] INFO  Factile_Mode_v3.HeaderMenuInFreeAccount - Navigated to homePage
12:52:40.032 [main] INFO  Factile_Mode_v3.HeaderMenuInPaidAccount - Driver is Initilize
12:52:45.617 [main] INFO  Factile_Mode_v3.HeaderMenuInPaidAccount - Navigated to homePage
12:53:54.052 [main] INFO  Factile_Mode_v3.PageNotFound_Links_at_HomePage - Driver is Initilize
12:54:01.684 [main] INFO  Factile_Mode_v3.PageNotFound_Links_at_HomePage - Navigated to homePage
13:04:10.602 [main] INFO  Factile_Mode_v3.Support_Form - Driver is Initilize
13:04:18.195 [main] INFO  Factile_Mode_v3.Support_Form - Navigated to homePage
13:12:49.911 [main] INFO  Factile_Mode_v3.Support_Form - Driver is Initilize
13:13:12.688 [main] INFO  Factile_Mode_v3.Support_Form - Navigated to homePage
13:17:23.415 [main] INFO  Factile_Mode_v3.Support_Form - Driver is Initilize
13:17:30.399 [main] INFO  Factile_Mode_v3.Support_Form - Navigated to homePage
13:19:01.172 [main] INFO  Factile_Mode_v3.Support_Form - Driver is Initilize
13:19:07.484 [main] INFO  Factile_Mode_v3.Support_Form - Navigated to homePage
13:23:19.309 [main] INFO  Factile_Mode_v3.DeleteAccount - Driver is Initilize
13:23:26.430 [main] INFO  Factile_Mode_v3.DeleteAccount - Navigated to homePage
13:30:36.230 [main] INFO  Factile_Mode_v3.DeleteAccount - Driver is Initilize
13:30:43.313 [main] INFO  Factile_Mode_v3.DeleteAccount - Navigated to homePage
13:34:46.524 [main] INFO  Factile_Mode_v3.DeleteAccount - Driver is Initilize
13:34:54.039 [main] INFO  Factile_Mode_v3.DeleteAccount - Navigated to homePage
13:36:50.653 [main] INFO  Factile_Mode_v3.DeleteAccount - Driver is Initilize
13:36:57.209 [main] INFO  Factile_Mode_v3.DeleteAccount - Navigated to homePage
13:37:36.432 [main] INFO  Factile_Mode_v3.DeleteAccount - Driver is Initilize
13:37:42.993 [main] INFO  Factile_Mode_v3.DeleteAccount - Navigated to homePage
13:40:08.704 [main] INFO  Factile_Mode_v3.DeleteAccount - Driver is Initilize
13:40:16.015 [main] INFO  Factile_Mode_v3.DeleteAccount - Navigated to homePage
13:41:53.702 [main] INFO  Factile_Mode_v3.DeleteAccount - Driver is Initilize
13:42:00.511 [main] INFO  Factile_Mode_v3.DeleteAccount - Navigated to homePage
13:49:35.023 [main] INFO  Factile_Mode_v3.DeleteAccount - Driver is Initilize
13:49:43.463 [main] INFO  Factile_Mode_v3.DeleteAccount - Navigated to homePage
13:59:08.827 [main] INFO  Factile_Mode_v3.DeleteAccount - Driver is Initilize
13:59:16.413 [main] INFO  Factile_Mode_v3.DeleteAccount - Navigated to homePage
14:01:23.518 [main] INFO  Factile_Mode_v3.DeleteAccount - Driver is Initilize
14:01:33.692 [main] INFO  Factile_Mode_v3.DeleteAccount - Navigated to homePage
14:20:01.466 [main] INFO  Factile_Mode_v3.DeleteAccount - Driver is Initilize
14:20:09.046 [main] INFO  Factile_Mode_v3.DeleteAccount - Navigated to homePage
14:38:32.409 [main] INFO  Factile_Mode_v3.DeleteAccount - Driver is Initilize
14:38:39.053 [main] INFO  Factile_Mode_v3.DeleteAccount - Navigated to homePage
14:44:26.125 [main] INFO  Factile_Mode_v3.DeleteAccount - Driver is Initilize
14:44:32.694 [main] INFO  Factile_Mode_v3.DeleteAccount - Navigated to homePage
14:57:34.434 [main] INFO  Factile_Mode_v3.DeleteAccount - Driver is Initilize
14:57:41.943 [main] INFO  Factile_Mode_v3.DeleteAccount - Navigated to homePage
