15:13:16.333 [main] INFO  Factile_Mode_v3.HeaderMenuInPaidAccount - Driver is Initilize
15:13:23.785 [main] INFO  Factile_Mode_v3.HeaderMenuInPaidAccount - Navigated to homePage
15:13:34.434 [main] INFO  Factile_Mode_v3.PageNotFound_Links_at_HomePage - Driver is Initilize
15:13:41.797 [main] INFO  Factile_Mode_v3.PageNotFound_Links_at_HomePage - Navigated to homePage
16:48:20.094 [main] INFO  Factile_Mode.DGBM_B_TestCase_1 - Driver is Initilize
16:48:21.012 [main] INFO  Factile_Mode.DGBM_B_TestCase_1 - Navigated to homePage
16:49:25.576 [main] INFO  Factile_Mode.DGBP_B_TestCase_2 - Driver is Initilize
16:49:26.710 [main] INFO  Factile_Mode.DGBP_B_TestCase_2 - Navigated to homePage
16:50:29.734 [main] INFO  Factile_Mode.DGBP_HSB_TestCase_3 - Driver is Initilize
16:50:30.521 [main] INFO  Factile_Mode.DGBP_HSB_TestCase_3 - Navigated to homePage
16:51:36.626 [main] INFO  Factile_Mode.DGBP_HSB_TestCase_4 - Driver is Initilize
16:51:37.700 [main] INFO  Factile_Mode.DGBP_HSB_TestCase_4 - Navigated to homePage
16:53:06.065 [main] INFO  Factile_Mode_v3.Sign_UP - Driver is Initilize
16:53:06.887 [main] INFO  Factile_Mode_v3.Sign_UP - Navigated to homePage
16:53:37.273 [main] INFO  Factile_Mode_v3.Log_In - Driver is Initilize
16:53:38.125 [main] INFO  Factile_Mode_v3.Log_In - Navigated to homePage
16:53:44.579 [main] INFO  Factile_Mode_v3.Sign_Out - Driver is Initilize
16:53:46.311 [main] INFO  Factile_Mode_v3.Sign_Out - Navigated to homePage
16:54:01.798 [main] INFO  Factile_Mode_v3.ForgetPassword - Driver is Initilize
16:54:02.645 [main] INFO  Factile_Mode_v3.ForgetPassword - Navigated to homePage
16:54:42.586 [main] INFO  Factile_Mode_v3.TwoFactorAuthentication - Driver is Initilize
16:54:43.453 [main] INFO  Factile_Mode_v3.TwoFactorAuthentication - Navigated to homePage
16:56:29.530 [main] INFO  Factile_Mode_v3.ChangePassword - Driver is Initilize
16:56:30.400 [main] INFO  Factile_Mode_v3.ChangePassword - Navigated to homePage
16:56:50.308 [main] INFO  Factile_Mode_v3.Support_Form - Driver is Initilize
16:56:51.682 [main] INFO  Factile_Mode_v3.Support_Form - Navigated to homePage
16:57:13.307 [main] INFO  Factile_Mode_v3.DeleteAccount - Driver is Initilize
16:57:14.088 [main] INFO  Factile_Mode_v3.DeleteAccount - Navigated to homePage
16:57:44.741 [main] INFO  Factile_Mode_v3.HeaderMenuInFreeAccount - Driver is Initilize
16:57:45.598 [main] INFO  Factile_Mode_v3.HeaderMenuInFreeAccount - Navigated to homePage
16:57:55.243 [main] INFO  Factile_Mode_v3.HeaderMenuInPaidAccount - Driver is Initilize
16:57:56.078 [main] INFO  Factile_Mode_v3.HeaderMenuInPaidAccount - Navigated to homePage
16:58:05.690 [main] INFO  Factile_Mode_v3.PageNotFound_Links_at_HomePage - Driver is Initilize
16:58:06.999 [main] INFO  Factile_Mode_v3.PageNotFound_Links_at_HomePage - Navigated to homePage
17:08:07.354 [main] INFO  Factile_Mode_v3.NoOfGameAllowedToCreate_IN_FreeAccount - Driver is Initilize
17:08:08.473 [main] INFO  Factile_Mode_v3.NoOfGameAllowedToCreate_IN_FreeAccount - Navigated to homePage
17:14:17.631 [main] INFO  Factile_Mode_v3.Sign_UP - Driver is Initilize
17:14:18.482 [main] INFO  Factile_Mode_v3.Sign_UP - Navigated to homePage
17:14:49.215 [main] INFO  Factile_Mode_v3.Log_In - Driver is Initilize
17:14:50.112 [main] INFO  Factile_Mode_v3.Log_In - Navigated to homePage
17:14:58.933 [main] INFO  Factile_Mode_v3.Sign_Out - Driver is Initilize
17:15:00.149 [main] INFO  Factile_Mode_v3.Sign_Out - Navigated to homePage
17:15:16.925 [main] INFO  Factile_Mode_v3.ForgetPassword - Driver is Initilize
17:15:17.745 [main] INFO  Factile_Mode_v3.ForgetPassword - Navigated to homePage
17:15:58.637 [main] INFO  Factile_Mode_v3.TwoFactorAuthentication - Driver is Initilize
17:15:59.893 [main] INFO  Factile_Mode_v3.TwoFactorAuthentication - Navigated to homePage
17:17:39.686 [main] INFO  Factile_Mode_v3.ChangePassword - Driver is Initilize
17:17:40.776 [main] INFO  Factile_Mode_v3.ChangePassword - Navigated to homePage
17:17:59.599 [main] INFO  Factile_Mode_v3.Support_Form - Driver is Initilize
17:18:01.338 [main] INFO  Factile_Mode_v3.Support_Form - Navigated to homePage
17:18:22.650 [main] INFO  Factile_Mode_v3.DeleteAccount - Driver is Initilize
17:18:23.499 [main] INFO  Factile_Mode_v3.DeleteAccount - Navigated to homePage
17:18:54.266 [main] INFO  Factile_Mode_v3.HeaderMenuInFreeAccount - Driver is Initilize
17:18:55.423 [main] INFO  Factile_Mode_v3.HeaderMenuInFreeAccount - Navigated to homePage
17:19:05.198 [main] INFO  Factile_Mode_v3.HeaderMenuInPaidAccount - Driver is Initilize
17:19:06.996 [main] INFO  Factile_Mode_v3.HeaderMenuInPaidAccount - Navigated to homePage
17:19:18.208 [main] INFO  Factile_Mode_v3.PageNotFound_Links_at_HomePage - Driver is Initilize
17:19:19.481 [main] INFO  Factile_Mode_v3.PageNotFound_Links_at_HomePage - Navigated to homePage
17:23:21.009 [main] INFO  Factile_Mode_v3.Sign_UP - Driver is Initilize
17:23:22.222 [main] INFO  Factile_Mode_v3.Sign_UP - Navigated to homePage
