09:58:23.915 [main] INFO  Factile_Mode_v3.GoProToSubscriptionBussinessMonthlyData_Verify - Navigated to homePage
10:19:49.309 [main] INFO  Factile_Mode_v3.GoProToSubscriptionBussinessMonthlyData_Verify - Driver is Initilize
10:19:54.322 [main] INFO  Factile_Mode_v3.GoProToSubscriptionBussinessMonthlyData_Verify - Navigated to homePage
10:20:33.746 [main] INFO  Factile_Mode_v3.PageNotFound_Links_at_HomePage - Driver is Initilize
10:20:38.612 [main] INFO  Factile_Mode_v3.PageNotFound_Links_at_HomePage - Navigated to homePage
10:33:50.089 [main] INFO  Factile_Mode_v3.Sign_UP - Driver is Initilize
10:33:54.884 [main] INFO  Factile_Mode_v3.Sign_UP - Navigated to homePage
10:34:13.434 [main] INFO  Factile_Mode_v3.Log_In - Driver is Initilize
10:34:17.651 [main] INFO  Factile_Mode_v3.Log_In - Navigated to homePage
10:34:20.313 [main] INFO  Factile_Mode_v3.Sign_Out - Driver is Initilize
10:34:25.217 [main] INFO  Factile_Mode_v3.Sign_Out - Navigated to homePage
10:34:35.390 [main] INFO  Factile_Mode_v3.ForgetPassword - Driver is Initilize
10:34:40.262 [main] INFO  Factile_Mode_v3.ForgetPassword - Navigated to homePage
10:36:11.508 [main] INFO  Factile_Mode_v3.TwoFactorAuthentication - Driver is Initilize
10:36:16.308 [main] INFO  Factile_Mode_v3.TwoFactorAuthentication - Navigated to homePage
10:37:00.108 [main] INFO  Factile_Mode_v3.ChangePassword - Driver is Initilize
10:37:04.952 [main] INFO  Factile_Mode_v3.ChangePassword - Navigated to homePage
10:37:18.803 [main] INFO  Factile_Mode_v3.Support_Form - Driver is Initilize
10:37:23.643 [main] INFO  Factile_Mode_v3.Support_Form - Navigated to homePage
10:37:38.021 [main] INFO  Factile_Mode_v3.DeleteAccount - Driver is Initilize
10:37:42.810 [main] INFO  Factile_Mode_v3.DeleteAccount - Navigated to homePage
10:38:01.803 [main] INFO  Factile_Mode_v3.HeaderMenuInFreeAccount - Driver is Initilize
10:38:06.836 [main] INFO  Factile_Mode_v3.HeaderMenuInFreeAccount - Navigated to homePage
10:38:13.086 [main] INFO  Factile_Mode_v3.HeaderMenuInPaidAccount - Driver is Initilize
10:38:18.052 [main] INFO  Factile_Mode_v3.HeaderMenuInPaidAccount - Navigated to homePage
10:38:23.618 [main] INFO  Factile_Mode_v3.PageNotFound_Links_at_HomePage - Driver is Initilize
10:38:28.338 [main] INFO  Factile_Mode_v3.PageNotFound_Links_at_HomePage - Navigated to homePage
10:42:02.120 [main] INFO  Factile_Mode_v3.GoProToSubscriptionHomeSchoolMonthlyData_Verify - Driver is Initilize
10:42:07.126 [main] INFO  Factile_Mode_v3.GoProToSubscriptionHomeSchoolMonthlyData_Verify - Navigated to homePage
10:42:36.552 [main] INFO  Factile_Mode_v3.GoProToSubscriptionHomeSchoolYearlyData_Verify - Driver is Initilize
10:42:40.926 [main] INFO  Factile_Mode_v3.GoProToSubscriptionHomeSchoolYearlyData_Verify - Navigated to homePage
10:43:08.849 [main] INFO  Factile_Mode_v3.GoProToSubscriptionBussinessMonthlyData_Verify - Driver is Initilize
10:43:13.237 [main] INFO  Factile_Mode_v3.GoProToSubscriptionBussinessMonthlyData_Verify - Navigated to homePage
10:43:37.792 [main] INFO  Factile_Mode_v3.GoProToSubscriptionBussinessYearlyData_Verify - Driver is Initilize
10:43:42.238 [main] INFO  Factile_Mode_v3.GoProToSubscriptionBussinessYearlyData_Verify - Navigated to homePage
10:46:02.248 [main] INFO  Factile_Mode_v3.DeleteAccount - Driver is Initilize
10:46:06.569 [main] INFO  Factile_Mode_v3.DeleteAccount - Navigated to homePage
10:46:44.203 [main] INFO  Factile_Mode_v3.DeleteAccount - Driver is Initilize
10:46:48.550 [main] INFO  Factile_Mode_v3.DeleteAccount - Navigated to homePage
10:48:41.386 [main] INFO  Factile_Mode_v3.DeleteAccount - Driver is Initilize
10:48:46.270 [main] INFO  Factile_Mode_v3.DeleteAccount - Navigated to homePage
10:54:52.078 [main] INFO  Factile_Mode_v3.DeleteAccount - Driver is Initilize
10:54:57.195 [main] INFO  Factile_Mode_v3.DeleteAccount - Navigated to homePage
10:56:23.466 [main] INFO  Factile_Mode_v3.DeleteAccount - Driver is Initilize
10:56:28.384 [main] INFO  Factile_Mode_v3.DeleteAccount - Navigated to homePage
10:59:27.765 [main] INFO  Factile_Mode_v3.DeleteAccount - Driver is Initilize
10:59:32.873 [main] INFO  Factile_Mode_v3.DeleteAccount - Navigated to homePage
11:03:52.487 [main] INFO  Factile_Mode_v3.DeleteAccount - Driver is Initilize
11:03:56.825 [main] INFO  Factile_Mode_v3.DeleteAccount - Navigated to homePage
11:05:05.797 [main] INFO  Factile_Mode_v3.DeleteAccount - Driver is Initilize
11:05:10.759 [main] INFO  Factile_Mode_v3.DeleteAccount - Navigated to homePage
11:06:32.682 [main] INFO  Factile_Mode_v3.DeleteAccount - Driver is Initilize
11:06:37.710 [main] INFO  Factile_Mode_v3.DeleteAccount - Navigated to homePage
11:07:32.767 [main] INFO  Factile_Mode_v3.ForgetPassword - Driver is Initilize
11:07:37.623 [main] INFO  Factile_Mode_v3.ForgetPassword - Navigated to homePage
11:13:01.344 [main] INFO  Factile_Mode_v3.Support_Form - Driver is Initilize
11:13:06.424 [main] INFO  Factile_Mode_v3.Support_Form - Navigated to homePage
