15:03:22.714 [main] INFO  Factile_Mode.DGBP_HSB_TestCase_36 - Navigated to homePage
15:04:59.597 [main] INFO  Factile_Mode.DGBP_HSB_TestCase_37 - Driver is Initilize
15:05:00.852 [main] INFO  Factile_Mode.DGBP_HSB_TestCase_37 - Navigated to homePage
15:08:55.179 [TestNG-test=Verify_same_game_running_by_two_moderaters-2] INFO  Factile_Mode.DGBP_HSB_TestCase_39 - Driver is Initilize
15:08:56.675 [TestNG-test=Verify_same_game_running_by_two_moderaters-2] INFO  Factile_Mode.DGBP_HSB_TestCase_39 - Navigated to homePage
15:08:58.216 [TestNG-test=Verify_same_game_running_by_two_moderaters-1] INFO  Factile_Mode.DGBP_HSB_TestCase_39 - Navigated to homePage
15:10:42.647 [main] INFO  Factile_Mode.DGBP_HSB_TestCase_29 - Driver is Initilize
15:10:46.356 [main] INFO  Factile_Mode.DGBP_HSB_TestCase_29 - Navigated to homePage
15:14:20.781 [main] INFO  Factile_Mode.DGBP_HSB_TestCase_29 - Driver is Initilize
15:14:22.032 [main] INFO  Factile_Mode.DGBP_HSB_TestCase_29 - Navigated to homePage
15:17:16.564 [main] INFO  Factile_Mode.DGBP_HSB_TestCase_29 - Driver is Initilize
15:17:20.860 [main] INFO  Factile_Mode.DGBP_HSB_TestCase_29 - Navigated to homePage
15:22:35.140 [main] INFO  Factile_Mode.DGBP_HSB_TestCase_29 - Driver is Initilize
15:22:38.330 [main] INFO  Factile_Mode.DGBP_HSB_TestCase_29 - Navigated to homePage
15:26:26.048 [main] INFO  Factile_Mode.DGBP_HSB_TestCase_29 - Driver is Initilize
15:26:27.245 [main] INFO  Factile_Mode.DGBP_HSB_TestCase_29 - Navigated to homePage
15:30:39.165 [main] INFO  Factile_Mode.DGBP_HSB_TestCase_29 - Driver is Initilize
15:30:42.463 [main] INFO  Factile_Mode.DGBP_HSB_TestCase_29 - Navigated to homePage
15:35:27.731 [main] INFO  Factile_Mode.DGBP_HSB_TestCase_29 - Driver is Initilize
15:35:38.563 [main] INFO  Factile_Mode.DGBP_HSB_TestCase_29 - Driver is Initilize
15:35:41.938 [main] INFO  Factile_Mode.DGBP_HSB_TestCase_29 - Navigated to homePage
15:44:15.380 [main] INFO  Factile_Mode.DGBP_HSB_TestCase_29 - Driver is Initilize
15:44:17.679 [main] INFO  Factile_Mode.DGBP_HSB_TestCase_29 - Navigated to homePage
15:53:44.021 [main] INFO  Factile_Mode.DGBP_HSB_TestCase_39 - Driver is Initilize
15:53:45.549 [main] INFO  Factile_Mode.DGBP_HSB_TestCase_39 - Navigated to homePage
15:55:32.080 [main] INFO  Factile_Mode.DGBP_HSB_TestCase_29 - Driver is Initilize
15:55:35.491 [main] INFO  Factile_Mode.DGBP_HSB_TestCase_29 - Navigated to homePage
15:59:25.804 [main] INFO  Factile_Mode.DGBP_HSB_TestCase_39 - Driver is Initilize
15:59:27.139 [main] INFO  Factile_Mode.DGBP_HSB_TestCase_39 - Navigated to homePage
16:02:07.103 [main] INFO  Factile_Mode.DGBP_HSB_TestCase_39 - Driver is Initilize
16:02:08.641 [main] INFO  Factile_Mode.DGBP_HSB_TestCase_39 - Navigated to homePage
16:11:25.410 [main] INFO  Factile_Mode.DGBP_HSB_TestCase_39 - Driver is Initilize
16:11:28.697 [main] INFO  Factile_Mode.DGBP_HSB_TestCase_39 - Navigated to homePage
16:13:26.335 [main] INFO  Factile_Mode.DGBP_HSB_TestCase_39 - Driver is Initilize
16:13:27.522 [main] INFO  Factile_Mode.DGBP_HSB_TestCase_39 - Navigated to homePage
16:26:50.977 [main] INFO  Factile_Mode.DGBP_HSB_TestCase_39 - Driver is Initilize
16:26:53.294 [main] INFO  Factile_Mode.DGBP_HSB_TestCase_39 - Navigated to homePage
16:29:54.048 [main] INFO  Factile_Mode.DGBP_HSB_TestCase_39 - Driver is Initilize
16:29:55.112 [main] INFO  Factile_Mode.DGBP_HSB_TestCase_39 - Navigated to homePage
16:36:42.299 [main] INFO  Factile_Mode.DGBP_HSB_TestCase_39 - Driver is Initilize
16:36:43.572 [main] INFO  Factile_Mode.DGBP_HSB_TestCase_39 - Navigated to homePage
16:42:10.550 [main] INFO  Factile_Mode.DGBP_HSB_TestCase_41 - Driver is Initilize
16:42:11.944 [main] INFO  Factile_Mode.DGBP_HSB_TestCase_41 - Navigated to homePage
16:45:12.262 [main] INFO  Factile_Mode.DGBP_HSB_TestCase_41 - Driver is Initilize
16:45:14.329 [main] INFO  Factile_Mode.DGBP_HSB_TestCase_41 - Navigated to homePage
16:47:41.564 [main] INFO  Factile_Mode.DGBP_HSB_TestCase_42 - Driver is Initilize
16:47:42.844 [main] INFO  Factile_Mode.DGBP_HSB_TestCase_42 - Navigated to homePage
16:49:26.033 [main] INFO  Factile_Mode.DGBP_HSB_TestCase_43 - Driver is Initilize
16:49:27.787 [main] INFO  Factile_Mode.DGBP_HSB_TestCase_43 - Navigated to homePage
16:52:08.425 [main] INFO  Factile_Mode.DGBP_HSB_TestCase_43 - At customization page>> >>Buzzer for final factile is on from customization
16:56:40.138 [main] INFO  Factile_Mode.DGBP_HSB_TestCase_44 - Driver is Initilize
16:56:44.650 [main] INFO  Factile_Mode.DGBP_HSB_TestCase_44 - Navigated to homePage
16:58:01.458 [main] INFO  Factile_Mode.DGBP_HSB_TestCase_44 - At customization page>> >>Buzzer for final factile is on from customization
17:00:00.273 [main] INFO  Factile_Mode.DGBP_HSB_TestCase_45 - Driver is Initilize
17:00:01.452 [main] INFO  Factile_Mode.DGBP_HSB_TestCase_45 - Navigated to homePage
17:02:04.088 [main] INFO  Factile_Mode.DGBP_HSB_TestCase_46 - Driver is Initilize
17:02:07.185 [main] INFO  Factile_Mode.DGBP_HSB_TestCase_46 - Navigated to homePage
