14:34:17.030 [main] INFO  Factile_Mode_v3.PageNotFound_Links_at_HomePage - Driver is Initilize
14:34:20.086 [main] INFO  Factile_Mode_v3.PageNotFound_Links_at_HomePage - Navigated to homePage
14:41:52.466 [main] INFO  Factile_Mode_v3.PageNotFound_Links_at_HomePage - Driver is Initilize
14:41:55.675 [main] INFO  Factile_Mode_v3.PageNotFound_Links_at_HomePage - Navigated to homePage
14:51:54.836 [main] INFO  Factile_Mode_v3.PageNotFound_Links_at_HomePage - Driver is Initilize
14:51:57.672 [main] INFO  Factile_Mode_v3.PageNotFound_Links_at_HomePage - Navigated to homePage
15:01:48.647 [main] INFO  Factile_Mode_v3.GoProToSubscriptionHomeSchoolMonthlyData_Verify - Driver is Initilize
15:01:52.441 [main] INFO  Factile_Mode_v3.GoProToSubscriptionHomeSchoolMonthlyData_Verify - Navigated to homePage
15:03:07.515 [main] INFO  Factile_Mode_v3.NoOfGameAllowedToCreate_IN_FreeAccount - Driver is Initilize
15:03:10.998 [main] INFO  Factile_Mode_v3.NoOfGameAllowedToCreate_IN_FreeAccount - Navigated to homePage
15:04:46.658 [main] INFO  Factile_Mode_v3.Sign_UP - Driver is Initilize
15:04:49.426 [main] INFO  Factile_Mode_v3.Sign_UP - Navigated to homePage
15:05:13.112 [main] INFO  Factile_Mode_v3.Log_In - Driver is Initilize
15:05:16.366 [main] INFO  Factile_Mode_v3.Log_In - Navigated to homePage
15:05:19.282 [main] INFO  Factile_Mode_v3.Sign_Out - Driver is Initilize
15:05:22.826 [main] INFO  Factile_Mode_v3.Sign_Out - Navigated to homePage
15:05:35.208 [main] INFO  Factile_Mode_v3.ForgetPassword - Driver is Initilize
15:05:38.221 [main] INFO  Factile_Mode_v3.ForgetPassword - Navigated to homePage
15:06:07.403 [main] INFO  Factile_Mode_v3.TwoFactorAuthentication - Driver is Initilize
15:06:09.940 [main] INFO  Factile_Mode_v3.TwoFactorAuthentication - Navigated to homePage
15:06:53.220 [main] INFO  Factile_Mode_v3.ChangePassword - Driver is Initilize
15:06:56.766 [main] INFO  Factile_Mode_v3.ChangePassword - Navigated to homePage
15:07:11.482 [main] INFO  Factile_Mode_v3.Support_Form - Driver is Initilize
15:07:14.388 [main] INFO  Factile_Mode_v3.Support_Form - Navigated to homePage
15:07:31.256 [main] INFO  Factile_Mode_v3.DeleteAccount - Driver is Initilize
15:07:34.176 [main] INFO  Factile_Mode_v3.DeleteAccount - Navigated to homePage
15:08:04.144 [main] INFO  Factile_Mode_v3.HeaderMenuInFreeAccount - Driver is Initilize
15:08:07.862 [main] INFO  Factile_Mode_v3.HeaderMenuInFreeAccount - Navigated to homePage
15:08:14.364 [main] INFO  Factile_Mode_v3.HeaderMenuInPaidAccount - Driver is Initilize
15:08:16.495 [main] INFO  Factile_Mode_v3.HeaderMenuInPaidAccount - Navigated to homePage
15:08:22.279 [main] INFO  Factile_Mode_v3.PageNotFound_Links_at_HomePage - Driver is Initilize
15:08:24.927 [main] INFO  Factile_Mode_v3.PageNotFound_Links_at_HomePage - Navigated to homePage
15:11:35.773 [main] INFO  Factile_Mode_v3.NoOfGameAllowedToCreate_IN_FreeAccount - Driver is Initilize
15:11:38.422 [main] INFO  Factile_Mode_v3.NoOfGameAllowedToCreate_IN_FreeAccount - Navigated to homePage
15:13:14.435 [main] INFO  Factile_Mode_v3.Sign_UP - Driver is Initilize
15:13:16.861 [main] INFO  Factile_Mode_v3.Sign_UP - Navigated to homePage
15:13:41.307 [main] INFO  Factile_Mode_v3.Log_In - Driver is Initilize
15:13:43.955 [main] INFO  Factile_Mode_v3.Log_In - Navigated to homePage
15:13:46.791 [main] INFO  Factile_Mode_v3.Sign_Out - Driver is Initilize
15:13:49.145 [main] INFO  Factile_Mode_v3.Sign_Out - Navigated to homePage
15:14:01.191 [main] INFO  Factile_Mode_v3.ForgetPassword - Driver is Initilize
15:14:04.984 [main] INFO  Factile_Mode_v3.ForgetPassword - Navigated to homePage
15:14:34.181 [main] INFO  Factile_Mode_v3.TwoFactorAuthentication - Driver is Initilize
15:14:38.235 [main] INFO  Factile_Mode_v3.TwoFactorAuthentication - Navigated to homePage
15:15:21.960 [main] INFO  Factile_Mode_v3.ChangePassword - Driver is Initilize
15:15:25.866 [main] INFO  Factile_Mode_v3.ChangePassword - Navigated to homePage
15:15:40.819 [main] INFO  Factile_Mode_v3.Support_Form - Driver is Initilize
15:15:43.231 [main] INFO  Factile_Mode_v3.Support_Form - Navigated to homePage
15:15:59.848 [main] INFO  Factile_Mode_v3.DeleteAccount - Driver is Initilize
15:16:03.448 [main] INFO  Factile_Mode_v3.DeleteAccount - Navigated to homePage
15:16:30.697 [main] INFO  Factile_Mode_v3.HeaderMenuInFreeAccount - Driver is Initilize
15:16:34.734 [main] INFO  Factile_Mode_v3.HeaderMenuInFreeAccount - Navigated to homePage
15:16:41.734 [main] INFO  Factile_Mode_v3.HeaderMenuInPaidAccount - Driver is Initilize
15:16:44.104 [main] INFO  Factile_Mode_v3.HeaderMenuInPaidAccount - Navigated to homePage
15:16:49.955 [main] INFO  Factile_Mode_v3.PageNotFound_Links_at_HomePage - Driver is Initilize
15:16:52.542 [main] INFO  Factile_Mode_v3.PageNotFound_Links_at_HomePage - Navigated to homePage
15:56:33.762 [main] INFO  Factile_Mode_v3.GoProToSubscriptionHomeSchoolMonthlyData_Verify - Driver is Initilize
15:56:37.438 [main] INFO  Factile_Mode_v3.GoProToSubscriptionHomeSchoolMonthlyData_Verify - Navigated to homePage
