13:03:46.113 [main] INFO  Factile_Mode_v3.GoProToSubscriptionPlan_Verify - Navigated to homePage
13:21:19.563 [main] INFO  Factile_Mode_v3.GoProToSubscriptionPlan_Verify - Driver is Initilize
13:21:25.156 [main] INFO  Factile_Mode_v3.GoProToSubscriptionPlan_Verify - Navigated to homePage
13:23:23.434 [main] INFO  Factile_Mode_v3.GoProToSubscriptionPlan_Verify - Driver is Initilize
13:23:28.576 [main] INFO  Factile_Mode_v3.GoProToSubscriptionPlan_Verify - Navigated to homePage
13:24:36.875 [main] INFO  Factile_Mode_v3.GoProToSubscriptionPlan_Verify - Driver is Initilize
13:24:42.140 [main] INFO  Factile_Mode_v3.GoProToSubscriptionPlan_Verify - Navigated to homePage
13:30:03.064 [main] INFO  Factile_Mode_v3.GoProToSubscriptionPlan_Verify - Driver is Initilize
13:30:08.334 [main] INFO  Factile_Mode_v3.GoProToSubscriptionPlan_Verify - Navigated to homePage
13:32:53.608 [main] INFO  Factile_Mode_v3.GoProToSubscriptionPlan_Verify - Driver is Initilize
13:32:58.617 [main] INFO  Factile_Mode_v3.GoProToSubscriptionPlan_Verify - Navigated to homePage
13:35:02.561 [main] INFO  Factile_Mode_v3.GoProToSubscriptionPlan_Verify - Driver is Initilize
13:35:07.095 [main] INFO  Factile_Mode_v3.GoProToSubscriptionPlan_Verify - Navigated to homePage
17:20:40.638 [main] INFO  Factile_Mode_v3.GoProToSubscriptionPlan_Verify - Driver is Initilize
17:20:45.895 [main] INFO  Factile_Mode_v3.GoProToSubscriptionPlan_Verify - Navigated to homePage
19:27:02.245 [main] INFO  Factile_Mode_v3.GoProToSubscriptionHomeSchoolYearlyData_Verify - Driver is Initilize
19:27:07.283 [main] INFO  Factile_Mode_v3.GoProToSubscriptionHomeSchoolYearlyData_Verify - Navigated to homePage
19:44:32.262 [main] INFO  Factile_Mode_v3.GoProToSubscriptionHomeSchoolYearlyData_Verify - Driver is Initilize
19:44:37.095 [main] INFO  Factile_Mode_v3.GoProToSubscriptionHomeSchoolYearlyData_Verify - Navigated to homePage
19:49:45.396 [main] INFO  Factile_Mode_v3.GoProToSubscriptionHomeSchoolYearlyData_Verify - Driver is Initilize
19:49:49.991 [main] INFO  Factile_Mode_v3.GoProToSubscriptionHomeSchoolYearlyData_Verify - Navigated to homePage
19:52:37.027 [main] INFO  Factile_Mode_v3.GoProToSubscriptionHomeSchoolYearlyData_Verify - Driver is Initilize
19:52:42.596 [main] INFO  Factile_Mode_v3.GoProToSubscriptionHomeSchoolYearlyData_Verify - Navigated to homePage
19:53:59.315 [main] INFO  Factile_Mode_v3.GoProToSubscriptionHomeSchoolYearlyData_Verify - Driver is Initilize
19:54:04.646 [main] INFO  Factile_Mode_v3.GoProToSubscriptionHomeSchoolYearlyData_Verify - Navigated to homePage
20:06:36.828 [main] INFO  Factile_Mode_v3.Sign_UP - Driver is Initilize
20:06:41.235 [main] INFO  Factile_Mode_v3.Sign_UP - Navigated to homePage
20:06:58.941 [main] INFO  Factile_Mode_v3.Log_In - Driver is Initilize
20:07:03.768 [main] INFO  Factile_Mode_v3.Log_In - Navigated to homePage
20:07:06.225 [main] INFO  Factile_Mode_v3.Sign_Out - Driver is Initilize
20:07:11.205 [main] INFO  Factile_Mode_v3.Sign_Out - Navigated to homePage
20:07:22.025 [main] INFO  Factile_Mode_v3.ForgetPassword - Driver is Initilize
20:07:26.966 [main] INFO  Factile_Mode_v3.ForgetPassword - Navigated to homePage
20:08:48.255 [main] INFO  Factile_Mode_v3.TwoFactorAuthentication - Driver is Initilize
20:08:52.840 [main] INFO  Factile_Mode_v3.TwoFactorAuthentication - Navigated to homePage
20:09:36.847 [main] INFO  Factile_Mode_v3.ChangePassword - Driver is Initilize
20:09:41.752 [main] INFO  Factile_Mode_v3.ChangePassword - Navigated to homePage
20:09:55.662 [main] INFO  Factile_Mode_v3.Support_Form - Driver is Initilize
20:10:00.208 [main] INFO  Factile_Mode_v3.Support_Form - Navigated to homePage
20:10:15.167 [main] INFO  Factile_Mode_v3.DeleteAccount - Driver is Initilize
20:10:20.372 [main] INFO  Factile_Mode_v3.DeleteAccount - Navigated to homePage
20:10:38.435 [main] INFO  Factile_Mode_v3.HeaderMenuInFreeAccount - Driver is Initilize
20:10:42.845 [main] INFO  Factile_Mode_v3.HeaderMenuInFreeAccount - Navigated to homePage
20:10:47.707 [main] INFO  Factile_Mode_v3.HeaderMenuInPaidAccount - Driver is Initilize
20:10:52.295 [main] INFO  Factile_Mode_v3.HeaderMenuInPaidAccount - Navigated to homePage
20:10:57.721 [main] INFO  Factile_Mode_v3.PageNotFound_Links_at_HomePage - Driver is Initilize
20:11:04.889 [main] INFO  Factile_Mode_v3.PageNotFound_Links_at_HomePage - Navigated to homePage
20:17:19.255 [main] INFO  Factile_Mode_v3.ForgetPassword - Driver is Initilize
20:17:36.398 [main] INFO  Factile_Mode_v3.ForgetPassword - Navigated to homePage
20:18:33.265 [main] INFO  Factile_Mode_v3.Sign_UP - Driver is Initilize
20:18:38.039 [main] INFO  Factile_Mode_v3.Sign_UP - Navigated to homePage
20:18:55.851 [main] INFO  Factile_Mode_v3.Log_In - Driver is Initilize
20:19:00.268 [main] INFO  Factile_Mode_v3.Log_In - Navigated to homePage
20:19:03.009 [main] INFO  Factile_Mode_v3.Sign_Out - Driver is Initilize
20:19:07.951 [main] INFO  Factile_Mode_v3.Sign_Out - Navigated to homePage
