10:19:53.289 [main] INFO  Factile_Mode_v3.DoubleFactile - Double Factile is working fine
10:21:27.918 [main] INFO  Factile_Mode_v3.DoubleFactile - Driver is Initilize
10:21:32.503 [main] INFO  Factile_Mode_v3.DoubleFactile - Navigated to homePage
10:21:57.397 [main] INFO  Factile_Mode_v3.DoubleFactile - At customization page>> Double Factile is Checked >> 
10:23:18.857 [main] INFO  Factile_Mode_v3.DoubleFactile - Double Factile is working fine
10:30:21.167 [main] INFO  Factile_Mode_v3.DoubleFactile - Driver is Initilize
10:30:26.463 [main] INFO  Factile_Mode_v3.DoubleFactile - Navigated to homePage
10:30:51.249 [main] INFO  Factile_Mode_v3.DoubleFactile - At customization page>> Double Factile is Checked >> 
10:32:04.450 [main] INFO  Factile_Mode_v3.DoubleFactile - Driver is Initilize
10:32:09.432 [main] INFO  Factile_Mode_v3.DoubleFactile - Navigated to homePage
10:32:35.084 [main] INFO  Factile_Mode_v3.DoubleFactile - At customization page>> Double Factile is Checked >> 
10:38:18.009 [main] INFO  Factile_Mode_v3.DoubleFactile - Driver is Initilize
10:38:23.116 [main] INFO  Factile_Mode_v3.DoubleFactile - Navigated to homePage
10:38:48.175 [main] INFO  Factile_Mode_v3.DoubleFactile - At customization page>> Double Factile is Checked >> 
10:42:26.345 [main] INFO  Factile_Mode_v3.DoubleFactile - Driver is Initilize
10:42:31.477 [main] INFO  Factile_Mode_v3.DoubleFactile - Navigated to homePage
10:42:56.473 [main] INFO  Factile_Mode_v3.DoubleFactile - At customization page>> Double Factile is Checked >> 
10:46:53.027 [main] INFO  Factile_Mode_v3.DoubleFactile - Driver is Initilize
10:46:57.810 [main] INFO  Factile_Mode_v3.DoubleFactile - Navigated to homePage
10:47:22.590 [main] INFO  Factile_Mode_v3.DoubleFactile - At customization page>> Double Factile is Checked >> 
10:49:13.505 [main] INFO  Factile_Mode_v3.DoubleFactile - Driver is Initilize
10:49:18.003 [main] INFO  Factile_Mode_v3.DoubleFactile - Navigated to homePage
10:49:42.803 [main] INFO  Factile_Mode_v3.DoubleFactile - At customization page>> Double Factile is Checked >> 
10:52:16.862 [main] INFO  Factile_Mode_v3.DoubleFactile - Driver is Initilize
10:52:21.976 [main] INFO  Factile_Mode_v3.DoubleFactile - Navigated to homePage
10:52:46.696 [main] INFO  Factile_Mode_v3.DoubleFactile - At customization page>> Double Factile is Checked >> 
11:49:28.022 [main] INFO  Factile_Mode_v3.DoubleFactile - Driver is Initilize
11:49:35.064 [main] INFO  Factile_Mode_v3.DoubleFactile - Navigated to homePage
11:50:00.146 [main] INFO  Factile_Mode_v3.DoubleFactile - At customization page>> Double Factile is Checked >> 
11:53:55.169 [main] INFO  Factile_Mode_v3.DoubleFactile - Driver is Initilize
11:53:59.344 [main] INFO  Factile_Mode_v3.DoubleFactile - Navigated to homePage
11:54:23.742 [main] INFO  Factile_Mode_v3.DoubleFactile - At customization page>> Double Factile is Checked >> 
11:57:32.689 [main] INFO  Factile_Mode_v3.DoubleFactile - Driver is Initilize
11:57:37.534 [main] INFO  Factile_Mode_v3.DoubleFactile - Navigated to homePage
11:58:01.820 [main] INFO  Factile_Mode_v3.DoubleFactile - At customization page>> Double Factile is Checked >> 
12:04:34.230 [main] INFO  Factile_Mode_v3.DoubleFactile - Driver is Initilize
12:04:38.695 [main] INFO  Factile_Mode_v3.DoubleFactile - Navigated to homePage
12:05:02.868 [main] INFO  Factile_Mode_v3.DoubleFactile - At customization page>> Double Factile is Checked >> 
12:07:07.126 [main] INFO  Factile_Mode_v3.DoubleFactile - Driver is Initilize
12:07:12.270 [main] INFO  Factile_Mode_v3.DoubleFactile - Navigated to homePage
12:07:36.294 [main] INFO  Factile_Mode_v3.DoubleFactile - At customization page>> Double Factile is Checked >> 
12:09:06.189 [main] INFO  Factile_Mode_v3.DoubleFactile - Driver is Initilize
12:09:11.343 [main] INFO  Factile_Mode_v3.DoubleFactile - Navigated to homePage
12:09:35.695 [main] INFO  Factile_Mode_v3.DoubleFactile - At customization page>> Double Factile is Checked >> 
12:11:15.926 [main] INFO  Factile_Mode_v3.DoubleFactile - Driver is Initilize
12:11:20.390 [main] INFO  Factile_Mode_v3.DoubleFactile - Navigated to homePage
12:11:45.314 [main] INFO  Factile_Mode_v3.DoubleFactile - At customization page>> Double Factile is Checked >> 
12:18:29.789 [main] INFO  Factile_Mode_v3.DoubleFactile - Driver is Initilize
12:18:34.594 [main] INFO  Factile_Mode_v3.DoubleFactile - Navigated to homePage
12:18:59.294 [main] INFO  Factile_Mode_v3.DoubleFactile - At customization page>> Double Factile is Checked >> 
12:29:51.527 [main] INFO  Factile_Mode_v3.DoubleFactile - Driver is Initilize
12:29:55.874 [main] INFO  Factile_Mode_v3.DoubleFactile - Navigated to homePage
12:30:23.085 [main] INFO  Factile_Mode_v3.DoubleFactile - Driver is Initilize
12:30:30.081 [main] INFO  Factile_Mode_v3.DoubleFactile - Navigated to homePage
14:24:06.490 [main] INFO  Factile_Mode_v3.DisplayQuestionOnGameBoardTileChecked - Driver is Initilize
14:24:11.345 [main] INFO  Factile_Mode_v3.DisplayQuestionOnGameBoardTileChecked - Navigated to homePage
