15:20:03.762 [main] INFO  Factile_Mode_v3.HideCategoryWithPointsUnChecked - Driver is Initilize
15:20:10.771 [main] INFO  Factile_Mode_v3.HideCategoryWithPointsUnChecked - Navigated to homePage
15:20:25.073 [main] INFO  Factile_Mode_v3.HideCategoryWithPointsUnChecked - At customization page>> Check Hide Category with Points>> 
15:21:24.569 [main] INFO  Factile_Mode_v3.HideCategoryWithPointsUnChecked - Hide category with points is not working >>When UnChecked
15:21:31.943 [main] INFO  Factile_Mode_v3.PlayAsJeopardyStyle - Driver is Initilize
15:21:38.006 [main] INFO  Factile_Mode_v3.PlayAsJeopardyStyle - Navigated to homePage
15:21:51.249 [main] INFO  Factile_Mode_v3.PlayAsJeopardyStyle - At customization page>> Checked Play As Numbered Tiles Instead Of Jeopardy-style >> 
15:22:55.471 [main] INFO  Factile_Mode_v3.PlayAsJeopardyStyle - Play as Jeopardy Style
15:23:02.769 [main] INFO  Factile_Mode_v3.PlayAsNumberedTilesInsteadOfJeopardyStyleChecked - Driver is Initilize
15:23:09.057 [main] INFO  Factile_Mode_v3.PlayAsNumberedTilesInsteadOfJeopardyStyleChecked - Navigated to homePage
15:23:22.257 [main] INFO  Factile_Mode_v3.PlayAsNumberedTilesInsteadOfJeopardyStyleChecked - At customization page>> Checked Play As Numbered Tiles Instead Of Jeopardy-style >> 
15:24:45.516 [main] INFO  Factile_Mode_v3.PlayAsNumberedTilesInsteadOfJeopardyStyleChecked - Play as Numbered Tiles Instead OF Jeopardy Style
15:26:35.508 [main] INFO  Factile_Mode_v3.GoProToSubscriptionHomeSchoolMonthlyData_Verify - Driver is Initilize
15:26:44.871 [main] INFO  Factile_Mode_v3.GoProToSubscriptionHomeSchoolMonthlyData_Verify - Navigated to homePage
15:27:35.182 [main] INFO  Factile_Mode_v3.GoProToSubscriptionHomeSchoolYearlyData_Verify - Driver is Initilize
15:27:42.017 [main] INFO  Factile_Mode_v3.GoProToSubscriptionHomeSchoolYearlyData_Verify - Navigated to homePage
15:28:34.655 [main] INFO  Factile_Mode_v3.GoProToSubscriptionBussinessMonthlyData_Verify - Driver is Initilize
15:28:39.797 [main] INFO  Factile_Mode_v3.GoProToSubscriptionBussinessMonthlyData_Verify - Navigated to homePage
15:29:28.344 [main] INFO  Factile_Mode_v3.GoProToSubscriptionBussinessYearlyData_Verify - Driver is Initilize
15:29:34.634 [main] INFO  Factile_Mode_v3.GoProToSubscriptionBussinessYearlyData_Verify - Navigated to homePage
15:30:18.885 [main] INFO  Factile_Mode_v3.Sign_UP - Driver is Initilize
15:30:24.564 [main] INFO  Factile_Mode_v3.Sign_UP - Navigated to homePage
15:30:49.326 [main] INFO  Factile_Mode_v3.Log_In - Driver is Initilize
15:30:57.449 [main] INFO  Factile_Mode_v3.Log_In - Navigated to homePage
15:31:00.806 [main] INFO  Factile_Mode_v3.Log_In - Log in working fine
15:31:01.802 [main] INFO  Factile_Mode_v3.Sign_Out - Driver is Initilize
15:31:08.318 [main] INFO  Factile_Mode_v3.Sign_Out - Navigated to homePage
15:31:24.112 [main] INFO  Factile_Mode_v3.ForgetPassword - Driver is Initilize
15:31:28.810 [main] INFO  Factile_Mode_v3.ForgetPassword - Navigated to homePage
15:32:13.418 [main] INFO  Factile_Mode_v3.TwoFactorAuthentication - Driver is Initilize
15:32:19.874 [main] INFO  Factile_Mode_v3.TwoFactorAuthentication - Navigated to homePage
15:33:07.586 [main] INFO  Factile_Mode_v3.ChangePassword - Driver is Initilize
15:33:14.293 [main] INFO  Factile_Mode_v3.ChangePassword - Navigated to homePage
15:33:29.984 [main] INFO  Factile_Mode_v3.Support_Form - Driver is Initilize
15:34:30.864 [main] INFO  Factile_Mode_v3.DeleteAccount - Driver is Initilize
15:35:02.942 [main] INFO  Factile_Mode_v3.DeleteAccount - Navigated to homePage
15:35:41.025 [main] INFO  Factile_Mode_v3.HeaderMenuInFreeAccount - Driver is Initilize
15:35:47.847 [main] INFO  Factile_Mode_v3.HeaderMenuInFreeAccount - Navigated to homePage
15:35:53.608 [main] INFO  Factile_Mode_v3.HeaderMenuInPaidAccount - Driver is Initilize
15:36:01.522 [main] INFO  Factile_Mode_v3.HeaderMenuInPaidAccount - Navigated to homePage
15:36:10.609 [main] INFO  Factile_Mode_v3.PageNotFound_Links_at_HomePage - Driver is Initilize
15:36:17.438 [main] INFO  Factile_Mode_v3.PageNotFound_Links_at_HomePage - Navigated to homePage
16:25:49.033 [main] INFO  Factile_Mode_v3.DailyDouble - Driver is Initilize
16:25:55.756 [main] INFO  Factile_Mode_v3.DailyDouble - Navigated to homePage
16:26:17.157 [main] INFO  Factile_Mode_v3.DailyDouble - At customization page>> Checked Daily Double >> 
16:43:56.285 [main] INFO  Factile_Mode_v3.DailyDouble - Driver is Initilize
16:44:03.182 [main] INFO  Factile_Mode_v3.DailyDouble - Navigated to homePage
16:44:24.435 [main] INFO  Factile_Mode_v3.DailyDouble - At customization page>> Checked Daily Double >> 
16:45:08.724 [main] INFO  Factile_Mode_v3.DailyDouble - Driver is Initilize
16:45:14.573 [main] INFO  Factile_Mode_v3.DailyDouble - Navigated to homePage
16:45:35.756 [main] INFO  Factile_Mode_v3.DailyDouble - At customization page>> Checked Daily Double >> 
16:46:32.892 [main] INFO  Factile_Mode_v3.DailyDouble - Driver is Initilize
