15:07:12.749 [main] INFO  TestCases_Execution.TestCase_1 - At player >> gameboard gameboard colour is =>>background: rgb(255, 255, 255);
15:07:13.690 [main] INFO  TestCases_Execution.TestCase_1 - At player >>game tile color is =>>background: rgb(242, 184, 58);
15:07:13.773 [main] INFO  TestCases_Execution.TestCase_1 - At player >>Dollar colour is=>>color: rgb(31, 31, 31);
15:07:13.854 [main] INFO  TestCases_Execution.TestCase_1 - At Modearter >> game category Title color=color: rgb(135, 81, 232);
16:43:18.270 [TestNG-tests-1] INFO  Play_Now.DGBP_B_TestCase_1 - Driver is Initilize
16:43:18.270 [TestNG-tests-2] INFO  Play_Now.DGBP_B_TestCase_2 - Driver is Initilize
16:43:18.270 [TestNG-tests-3] INFO  TestCases_Execution.TestCase_1 - Driver is Initilize
16:44:02.716 [TestNG-tests-1] INFO  Play_Now.DGBP_B_TestCase_1 - Navigated to homePage
16:44:02.854 [TestNG-tests-3] INFO  TestCases_Execution.TestCase_1 - Navigated to homePage
16:44:03.540 [TestNG-tests-2] INFO  Play_Now.DGBP_B_TestCase_2 - Navigated to homePage
16:44:25.191 [TestNG-tests-2] INFO  Play_Now.DGBP_B_TestCase_2 - You have not taken any subscription
16:44:26.595 [TestNG-tests-1] INFO  Play_Now.DGBP_B_TestCase_1 - You have not taken any subscription
16:49:11.091 [TestNG-tests-2] INFO  Play_Now.DGBP_B_TestCase_2 - Driver is Initilize
16:49:11.091 [TestNG-tests-3] INFO  TestCases_Execution.TestCase_1 - Driver is Initilize
16:49:11.091 [TestNG-tests-1] INFO  Play_Now.DGBP_B_TestCase_1 - Driver is Initilize
16:49:40.263 [TestNG-tests-3] INFO  TestCases_Execution.TestCase_1 - Navigated to homePage
16:49:41.160 [TestNG-tests-2] INFO  Play_Now.DGBP_B_TestCase_2 - Navigated to homePage
16:49:41.275 [TestNG-tests-1] INFO  Play_Now.DGBP_B_TestCase_1 - Navigated to homePage
16:50:06.368 [TestNG-tests-2] INFO  Play_Now.DGBP_B_TestCase_2 - You have not taken any subscription
16:50:07.547 [TestNG-tests-1] INFO  Play_Now.DGBP_B_TestCase_1 - You have not taken any subscription
16:52:24.450 [TestNG-tests-3] INFO  TestCases_Execution.TestCase_1 - Background image is successfully loaded at gameboard, image url is= background: url("https://factile-test-dynamic.s3.amazonaws.com/backgrounds/bg1603970454015pf95252.jpg");
16:52:24.507 [TestNG-tests-3] INFO  TestCases_Execution.TestCase_1 - At Modearter >> Game Board Color is=background-color: rgb(255, 255, 255);
16:52:24.547 [TestNG-tests-3] INFO  TestCases_Execution.TestCase_1 - At Modearter >> Question Tile Color & Dollar colour is=background-color: rgb(242, 184, 58); color: rgb(31, 31, 31);
16:52:24.588 [TestNG-tests-3] INFO  TestCases_Execution.TestCase_1 - At Modearter >> game category title color=color: rgb(135, 81, 232);
16:52:24.641 [TestNG-tests-3] INFO  TestCases_Execution.TestCase_1 - At player >> gameboard background image is>>background: url("https://factile-test-dynamic.s3.amazonaws.com/backgrounds/bg1603970454015pf95252.jpg");
16:52:24.758 [TestNG-tests-3] INFO  TestCases_Execution.TestCase_1 - At player >> gameboard gameboard colour is =>>background: rgb(255, 255, 255);
16:52:24.795 [TestNG-tests-3] INFO  TestCases_Execution.TestCase_1 - At player >>game tile color is =>>background: rgb(242, 184, 58);
16:52:24.841 [TestNG-tests-3] INFO  TestCases_Execution.TestCase_1 - At player >>Dollar colour is=>>color: rgb(31, 31, 31);
16:52:24.877 [TestNG-tests-3] INFO  TestCases_Execution.TestCase_1 - At Modearter >> game category Title color=color: rgb(135, 81, 232);
16:54:35.484 [main] INFO  Play_Now.DGBP_B_TestCase_1 - Driver is Initilize
16:54:45.977 [main] INFO  Play_Now.DGBP_B_TestCase_1 - Navigated to homePage
16:55:02.006 [main] INFO  Play_Now.DGBP_B_TestCase_1 - You have not taken any subscription
16:55:14.302 [main] INFO  Play_Now.DGBP_B_TestCase_2 - Driver is Initilize
16:55:22.154 [main] INFO  Play_Now.DGBP_B_TestCase_2 - Navigated to homePage
16:55:36.145 [main] INFO  Play_Now.DGBP_B_TestCase_2 - You have not taken any subscription
16:55:47.974 [main] INFO  TestCases_Execution.TestCase_1 - Driver is Initilize
16:55:56.939 [main] INFO  TestCases_Execution.TestCase_1 - Navigated to homePage
16:58:50.110 [main] INFO  TestCases_Execution.TestCase_1 - Background image is successfully loaded at gameboard, image url is= background: url("https://factile-test-dynamic.s3.amazonaws.com/backgrounds/bg1603970831141pf58038.jpg");
16:58:50.196 [main] INFO  TestCases_Execution.TestCase_1 - At Modearter >> Game Board Color is=background-color: rgb(255, 255, 255);
16:58:50.257 [main] INFO  TestCases_Execution.TestCase_1 - At Modearter >> Question Tile Color & Dollar colour is=background-color: rgb(242, 184, 58); color: rgb(31, 31, 31);
16:58:50.305 [main] INFO  TestCases_Execution.TestCase_1 - At Modearter >> game category title color=color: rgb(135, 81, 232);
16:58:50.392 [main] INFO  TestCases_Execution.TestCase_1 - At player >> gameboard background image is>>background: url("https://factile-test-dynamic.s3.amazonaws.com/backgrounds/bg1603970831141pf58038.jpg");
16:58:50.435 [main] INFO  TestCases_Execution.TestCase_1 - At player >> gameboard gameboard colour is =>>background: rgb(255, 255, 255);
