13:19:29.717 [main] INFO  Factile_Mode.DGBP_HSB_TestCase_47 - Driver is Initilize
13:19:30.477 [main] INFO  Factile_Mode.DGBP_HSB_TestCase_47 - Navigated to homePage
13:19:51.899 [main] INFO  Factile_Mode.DGBP_HSB_TestCase_47 - At customization page>> >>Buzzer for final factile is on from customization
13:22:07.308 [main] INFO  Factile_Mode.DGBP_HSB_TestCase_44 - Driver is Initilize
13:22:08.107 [main] INFO  Factile_Mode.DGBP_HSB_TestCase_44 - Navigated to homePage
13:22:31.787 [main] INFO  Factile_Mode.DGBP_HSB_TestCase_44 - At customization page>> >>Buzzer for final factile is on from customization
14:46:27.108 [main] INFO  Factile_Mode.DGBP_HSB_TestCase_30 - Driver is Initilize
14:46:27.836 [main] INFO  Factile_Mode.DGBP_HSB_TestCase_30 - Navigated to homePage
14:47:59.907 [main] INFO  Factile_Mode.DGBP_HSB_TestCase_31 - Driver is Initilize
14:48:00.583 [main] INFO  Factile_Mode.DGBP_HSB_TestCase_31 - Navigated to homePage
14:49:32.133 [main] INFO  Factile_Mode.DGBP_HSB_TestCase_32 - Driver is Initilize
14:49:32.881 [main] INFO  Factile_Mode.DGBP_HSB_TestCase_32 - Navigated to homePage
14:51:04.185 [main] INFO  Factile_Mode.DGBP_HSB_TestCase_33 - Driver is Initilize
14:51:04.953 [main] INFO  Factile_Mode.DGBP_HSB_TestCase_33 - Navigated to homePage
14:54:26.115 [main] INFO  Factile_Mode.DGBP_HSB_TestCase_30 - Driver is Initilize
14:54:26.773 [main] INFO  Factile_Mode.DGBP_HSB_TestCase_30 - Navigated to homePage
14:54:48.433 [main] INFO  Factile_Mode.DGBP_HSB_TestCase_30 - At customization page>> >>Buzzer is off for final factile 
14:58:33.935 [main] INFO  Factile_Mode.DGBP_HSB_TestCase_31 - Driver is Initilize
14:58:35.344 [main] INFO  Factile_Mode.DGBP_HSB_TestCase_31 - Navigated to homePage
14:58:56.370 [main] INFO  Factile_Mode.DGBP_HSB_TestCase_31 - At customization page>> >>Buzzer for final factile is on from customization
15:08:02.796 [main] INFO  Factile_Mode.DGBP_HSB_TestCase_32 - Driver is Initilize
15:08:03.429 [main] INFO  Factile_Mode.DGBP_HSB_TestCase_32 - Navigated to homePage
15:08:34.040 [main] INFO  Factile_Mode.DGBP_HSB_TestCase_32 - At customization page>> >>Enter answer for buzz is active from customization
15:16:36.970 [main] INFO  Factile_Mode.DGBP_HSB_TestCase_33 - Driver is Initilize
15:16:37.827 [main] INFO  Factile_Mode.DGBP_HSB_TestCase_33 - Navigated to homePage
15:18:37.415 [main] INFO  Factile_Mode.DGBP_HSB_TestCase_34 - Driver is Initilize
15:18:38.059 [main] INFO  Factile_Mode.DGBP_HSB_TestCase_34 - Navigated to homePage
15:28:01.501 [main] INFO  Factile_Mode.DGBP_HSB_TestCase_35 - Driver is Initilize
15:28:02.235 [main] INFO  Factile_Mode.DGBP_HSB_TestCase_35 - Navigated to homePage
15:31:39.422 [main] INFO  Factile_Mode.DGBP_HSB_TestCase_36 - Driver is Initilize
15:31:40.099 [main] INFO  Factile_Mode.DGBP_HSB_TestCase_36 - Navigated to homePage
15:35:16.234 [main] INFO  Factile_Mode.DGBP_HSB_TestCase_37 - Driver is Initilize
15:35:16.966 [main] INFO  Factile_Mode.DGBP_HSB_TestCase_37 - Navigated to homePage
15:38:55.756 [main] INFO  Factile_Mode.DGBP_HSB_TestCase_38 - Driver is Initilize
15:38:56.413 [main] INFO  Factile_Mode.DGBP_HSB_TestCase_38 - Navigated to homePage
15:42:49.023 [TestNG-test=Verify_same_game_running_by_two_moderaters-2] INFO  Factile_Mode.DGBP_HSB_TestCase_39 - Driver is Initilize
15:42:49.123 [TestNG-test=Verify_same_game_running_by_two_moderaters-1] INFO  Factile_Mode.DGBP_HSB_TestCase_39 - Navigated to homePage
15:42:50.099 [TestNG-test=Verify_same_game_running_by_two_moderaters-2] INFO  Factile_Mode.DGBP_HSB_TestCase_39 - Navigated to homePage
15:45:58.025 [main] INFO  Factile_Mode.DGBP_HSB_TestCase_29 - Driver is Initilize
15:45:58.750 [main] INFO  Factile_Mode.DGBP_HSB_TestCase_29 - Navigated to homePage
15:51:00.499 [main] INFO  Factile_Mode.DGBP_HSB_TestCase_41 - Driver is Initilize
15:51:02.021 [main] INFO  Factile_Mode.DGBP_HSB_TestCase_41 - Navigated to homePage
15:59:52.760 [main] INFO  Factile_Mode.DGBP_HSB_TestCase_42 - Driver is Initilize
15:59:53.590 [main] INFO  Factile_Mode.DGBP_HSB_TestCase_42 - Navigated to homePage
16:01:12.482 [main] INFO  Factile_Mode.DGBP_HSB_TestCase_42 - At customization page>> >>Buzzer for final factile is on from customization
16:10:43.964 [main] INFO  Factile_Mode.DGBP_HSB_TestCase_43 - Driver is Initilize
16:10:44.769 [main] INFO  Factile_Mode.DGBP_HSB_TestCase_43 - Navigated to homePage
16:11:59.036 [main] INFO  Factile_Mode.DGBP_HSB_TestCase_43 - At customization page>> >>Buzzer for final factile is on from customization
16:17:51.599 [main] INFO  Factile_Mode.DGBP_HSB_TestCase_44 - Driver is Initilize
16:17:52.622 [main] INFO  Factile_Mode.DGBP_HSB_TestCase_44 - Navigated to homePage
16:18:46.251 [main] INFO  Factile_Mode.DGBP_HSB_TestCase_44 - At customization page>> >>Buzzer for final factile is on from customization
16:25:58.229 [main] INFO  Factile_Mode.DGBP_HSB_TestCase_29 - Driver is Initilize
16:25:59.069 [main] INFO  Factile_Mode.DGBP_HSB_TestCase_29 - Navigated to homePage
