12:57:23.718 [main] INFO  Factile_Mode_v3.sign_UP - Navigated to homePage
12:57:54.982 [main] INFO  Factile_Mode_v3.sign_UP - Driver is Initilize
12:57:59.671 [main] INFO  Factile_Mode_v3.sign_UP - Navigated to homePage
12:58:58.431 [main] INFO  Factile_Mode_v3.sign_UP - Driver is Initilize
12:59:03.108 [main] INFO  Factile_Mode_v3.sign_UP - Navigated to homePage
13:01:26.056 [main] INFO  Factile_Mode_v3.sign_UP - Driver is Initilize
13:01:30.820 [main] INFO  Factile_Mode_v3.sign_UP - Navigated to homePage
13:01:49.794 [main] INFO  Factile_Mode_v3.log_In - Driver is Initilize
13:01:54.541 [main] INFO  Factile_Mode_v3.log_In - Navigated to homePage
13:01:56.918 [main] INFO  Factile_Mode_v3.sign_Out - Driver is Initilize
13:02:01.533 [main] INFO  Factile_Mode_v3.sign_Out - Navigated to homePage
13:02:12.529 [main] INFO  Factile_Mode_v3.forgetPassword - Driver is Initilize
13:02:17.220 [main] INFO  Factile_Mode_v3.forgetPassword - Navigated to homePage
13:03:37.780 [main] INFO  Factile_Mode_v3.twoFactorAuthentication - Driver is Initilize
13:03:43.649 [main] INFO  Factile_Mode_v3.twoFactorAuthentication - Navigated to homePage
13:04:30.937 [main] INFO  Factile_Mode_v3.changePassword - Driver is Initilize
13:04:35.381 [main] INFO  Factile_Mode_v3.changePassword - Navigated to homePage
13:04:49.576 [main] INFO  Factile_Mode_v3.support_Form - Driver is Initilize
13:04:54.518 [main] INFO  Factile_Mode_v3.support_Form - Navigated to homePage
13:05:08.402 [main] INFO  Factile_Mode_v3.deleteAccount - Driver is Initilize
13:05:13.539 [main] INFO  Factile_Mode_v3.deleteAccount - Navigated to homePage
13:06:24.320 [main] INFO  Factile_Mode_v3.forgetPassword - Driver is Initilize
13:06:29.509 [main] INFO  Factile_Mode_v3.forgetPassword - Navigated to homePage
13:09:07.497 [main] INFO  Factile_Mode_v3.sign_UP - Driver is Initilize
13:09:12.166 [main] INFO  Factile_Mode_v3.sign_UP - Navigated to homePage
13:09:31.081 [main] INFO  Factile_Mode_v3.log_In - Driver is Initilize
13:09:35.201 [main] INFO  Factile_Mode_v3.log_In - Navigated to homePage
13:09:38.133 [main] INFO  Factile_Mode_v3.sign_Out - Driver is Initilize
13:09:42.753 [main] INFO  Factile_Mode_v3.sign_Out - Navigated to homePage
13:09:52.864 [main] INFO  Factile_Mode_v3.forgetPassword - Driver is Initilize
13:09:57.424 [main] INFO  Factile_Mode_v3.forgetPassword - Navigated to homePage
13:10:23.071 [main] INFO  Factile_Mode_v3.twoFactorAuthentication - Driver is Initilize
13:10:27.981 [main] INFO  Factile_Mode_v3.twoFactorAuthentication - Navigated to homePage
13:11:16.000 [main] INFO  Factile_Mode_v3.changePassword - Driver is Initilize
13:11:19.510 [main] INFO  Factile_Mode_v3.changePassword - Navigated to homePage
13:11:33.978 [main] INFO  Factile_Mode_v3.support_Form - Driver is Initilize
13:11:39.327 [main] INFO  Factile_Mode_v3.support_Form - Navigated to homePage
13:11:53.617 [main] INFO  Factile_Mode_v3.deleteAccount - Driver is Initilize
13:11:57.145 [main] INFO  Factile_Mode_v3.deleteAccount - Navigated to homePage
14:32:13.884 [main] INFO  Factile_Mode_v3.twoFactorAuthentication - Driver is Initilize
14:32:18.457 [main] INFO  Factile_Mode_v3.twoFactorAuthentication - Navigated to homePage
14:33:16.415 [main] INFO  Factile_Mode_v3.twoFactorAuthentication - Driver is Initilize
14:33:22.276 [main] INFO  Factile_Mode_v3.twoFactorAuthentication - Navigated to homePage
15:52:51.462 [main] INFO  Factile_Mode_v3.sign_UP - Driver is Initilize
15:52:57.388 [main] INFO  Factile_Mode_v3.sign_UP - Navigated to homePage
15:53:16.079 [main] INFO  Factile_Mode_v3.log_In - Driver is Initilize
15:53:21.036 [main] INFO  Factile_Mode_v3.log_In - Navigated to homePage
15:53:23.432 [main] INFO  Factile_Mode_v3.sign_Out - Driver is Initilize
15:53:27.963 [main] INFO  Factile_Mode_v3.sign_Out - Navigated to homePage
15:53:37.968 [main] INFO  Factile_Mode_v3.forgetPassword - Driver is Initilize
15:53:42.924 [main] INFO  Factile_Mode_v3.forgetPassword - Navigated to homePage
15:54:08.795 [main] INFO  Factile_Mode_v3.twoFactorAuthentication - Driver is Initilize
15:54:14.395 [main] INFO  Factile_Mode_v3.twoFactorAuthentication - Navigated to homePage
15:55:00.197 [main] INFO  Factile_Mode_v3.changePassword - Driver is Initilize
15:55:06.568 [main] INFO  Factile_Mode_v3.changePassword - Navigated to homePage
15:55:20.582 [main] INFO  Factile_Mode_v3.support_Form - Driver is Initilize
15:55:27.458 [main] INFO  Factile_Mode_v3.support_Form - Navigated to homePage
15:55:41.458 [main] INFO  Factile_Mode_v3.deleteAccount - Driver is Initilize
15:55:46.468 [main] INFO  Factile_Mode_v3.deleteAccount - Navigated to homePage
15:56:06.115 [main] INFO  Factile_Mode_v3.HeaderMenuInFreeAccount - Driver is Initilize
15:56:10.971 [main] INFO  Factile_Mode_v3.HeaderMenuInFreeAccount - Navigated to homePage
15:56:16.630 [main] INFO  Factile_Mode_v3.HeaderMenuInPaidAccount - Driver is Initilize
15:56:21.151 [main] INFO  Factile_Mode_v3.HeaderMenuInPaidAccount - Navigated to homePage
