11:46:52.240 [main] INFO  Factile_Mode_v3.Log_In - Navigated to homePage
11:47:36.171 [main] INFO  Factile_Mode_v3.Log_In - Driver is Initilize
11:47:41.018 [main] INFO  Factile_Mode_v3.Log_In - Navigated to homePage
11:49:57.071 [main] INFO  Factile_Mode_v3.Sign_UP - Driver is Initilize
11:50:01.966 [main] INFO  Factile_Mode_v3.Sign_UP - Navigated to homePage
11:50:20.251 [main] INFO  Factile_Mode_v3.Log_In - Driver is Initilize
11:50:25.024 [main] INFO  Factile_Mode_v3.Log_In - Navigated to homePage
11:50:27.481 [main] INFO  Factile_Mode_v3.Sign_Out - Driver is Initilize
11:50:31.852 [main] INFO  Factile_Mode_v3.Sign_Out - Navigated to homePage
11:50:42.003 [main] INFO  Factile_Mode_v3.ForgetPassword - Driver is Initilize
11:50:46.817 [main] INFO  Factile_Mode_v3.ForgetPassword - Navigated to homePage
11:51:20.752 [main] INFO  Factile_Mode_v3.TwoFactorAuthentication - Driver is Initilize
11:51:24.961 [main] INFO  Factile_Mode_v3.TwoFactorAuthentication - Navigated to homePage
11:52:12.244 [main] INFO  Factile_Mode_v3.ChangePassword - Driver is Initilize
11:52:18.028 [main] INFO  Factile_Mode_v3.ChangePassword - Navigated to homePage
11:52:32.085 [main] INFO  Factile_Mode_v3.Support_Form - Driver is Initilize
11:52:36.732 [main] INFO  Factile_Mode_v3.Support_Form - Navigated to homePage
11:52:51.105 [main] INFO  Factile_Mode_v3.DeleteAccount - Driver is Initilize
11:52:56.402 [main] INFO  Factile_Mode_v3.DeleteAccount - Navigated to homePage
11:53:14.918 [main] INFO  Factile_Mode_v3.HeaderMenuInFreeAccount - Driver is Initilize
11:53:19.207 [main] INFO  Factile_Mode_v3.HeaderMenuInFreeAccount - Navigated to homePage
11:53:24.783 [main] INFO  Factile_Mode_v3.HeaderMenuInPaidAccount - Driver is Initilize
11:53:29.730 [main] INFO  Factile_Mode_v3.HeaderMenuInPaidAccount - Navigated to homePage
12:17:24.083 [main] INFO  Factile_Mode_v3.Log_In - Driver is Initilize
12:17:28.932 [main] INFO  Factile_Mode_v3.Log_In - Navigated to homePage
12:34:17.381 [main] INFO  Factile_Mode_v3.Log_In - Driver is Initilize
12:34:22.375 [main] INFO  Factile_Mode_v3.Log_In - Navigated to homePage
12:36:58.027 [main] INFO  Factile_Mode_v3.Log_In - Driver is Initilize
12:37:02.899 [main] INFO  Factile_Mode_v3.Log_In - Navigated to homePage
13:31:01.935 [main] INFO  Factile_Mode_v3.Log_In - Driver is Initilize
13:31:06.939 [main] INFO  Factile_Mode_v3.Log_In - Navigated to homePage
13:37:48.897 [main] INFO  Factile_Mode_v3.Log_In - Driver is Initilize
13:37:54.587 [main] INFO  Factile_Mode_v3.Log_In - Navigated to homePage
13:44:24.400 [main] INFO  Factile_Mode_v3.Log_In - Driver is Initilize
13:44:29.481 [main] INFO  Factile_Mode_v3.Log_In - Navigated to homePage
13:52:34.324 [main] INFO  Factile_Mode_v3.Log_In - Driver is Initilize
13:52:39.418 [main] INFO  Factile_Mode_v3.Log_In - Navigated to homePage
13:54:08.093 [main] INFO  Factile_Mode_v3.Log_In - Driver is Initilize
13:54:11.046 [main] INFO  Factile_Mode_v3.Log_In - Navigated to homePage
14:28:59.940 [main] INFO  Factile_Mode_v3.Log_In - Driver is Initilize
14:29:03.867 [main] INFO  Factile_Mode_v3.Log_In - Navigated to homePage
14:30:02.090 [main] INFO  Factile_Mode_v3.Log_In - Driver is Initilize
14:30:07.146 [main] INFO  Factile_Mode_v3.Log_In - Navigated to homePage
14:42:10.472 [main] INFO  Factile_Mode_v3.Log_In - Driver is Initilize
14:42:14.875 [main] INFO  Factile_Mode_v3.Log_In - Navigated to homePage
14:48:20.056 [main] INFO  Factile_Mode_v3.Log_In - Driver is Initilize
14:48:20.706 [main] INFO  Factile_Mode_v3.Log_In - Navigated to homePage
15:01:10.413 [main] INFO  Factile_Mode_v3.Log_In - Driver is Initilize
15:01:15.446 [main] INFO  Factile_Mode_v3.Log_In - Navigated to homePage
15:08:57.220 [main] INFO  Factile_Mode_v3.Log_In - Driver is Initilize
15:09:02.129 [main] INFO  Factile_Mode_v3.Log_In - Navigated to homePage
15:17:17.940 [main] INFO  Factile_Mode_v3.Log_In - Driver is Initilize
15:17:18.946 [main] INFO  Factile_Mode_v3.Log_In - Navigated to homePage
15:28:00.403 [main] INFO  Factile_Mode_v3.Log_In - Driver is Initilize
15:28:01.421 [main] INFO  Factile_Mode_v3.Log_In - Navigated to homePage
15:28:45.580 [main] INFO  Factile_Mode_v3.Log_In - Driver is Initilize
15:28:50.656 [main] INFO  Factile_Mode_v3.Log_In - Navigated to homePage
15:47:08.822 [main] INFO  Factile_Mode_v3.Log_In - Driver is Initilize
15:47:13.731 [main] INFO  Factile_Mode_v3.Log_In - Navigated to homePage
15:48:23.823 [main] INFO  Factile_Mode_v3.Log_In - Driver is Initilize
15:48:28.765 [main] INFO  Factile_Mode_v3.Log_In - Navigated to homePage
15:50:07.897 [main] INFO  Factile_Mode_v3.Log_In - Driver is Initilize
15:50:13.032 [main] INFO  Factile_Mode_v3.Log_In - Navigated to homePage
15:51:06.715 [main] INFO  Factile_Mode_v3.Log_In - Driver is Initilize
15:51:11.580 [main] INFO  Factile_Mode_v3.Log_In - Navigated to homePage
15:54:05.085 [main] INFO  Factile_Mode_v3.Log_In - Driver is Initilize
15:54:10.255 [main] INFO  Factile_Mode_v3.Log_In - Navigated to homePage
