11:33:48.460 [main] INFO  Factile_Mode.DGBP_HSB_TestCase_16 - Driver is Initilize
11:33:52.239 [main] INFO  Factile_Mode.DGBP_HSB_TestCase_16 - Navigated to homePage
11:35:34.058 [main] INFO  Factile_Mode.DGBP_HSB_TestCase_16 - JGame_Point_Symbol_$After is working fine
11:54:59.543 [main] INFO  Factile_Mode.DGBP_HSB_TestCase_16 - Driver is Initilize
11:55:04.362 [main] INFO  Factile_Mode.DGBP_HSB_TestCase_16 - Navigated to homePage
11:57:47.301 [main] INFO  Factile_Mode.DGBP_HSB_TestCase_16 - JGame_Point_Symbol_$After is working fine
12:33:40.948 [main] INFO  Factile_Mode.DGBP_HSB_TestCase_16 - Driver is Initilize
12:33:55.819 [main] INFO  Factile_Mode.DGBP_HSB_TestCase_16 - Navigated to homePage
12:36:38.068 [main] INFO  Factile_Mode.DGBP_HSB_TestCase_16 - JGame_Point_Symbol_$_After is working fine
12:55:53.031 [main] INFO  Factile_Mode.DGBP_HSB_TestCase_16 - Driver is Initilize
12:55:56.816 [main] INFO  Factile_Mode.DGBP_HSB_TestCase_16 - Navigated to homePage
12:58:15.058 [main] INFO  Factile_Mode.DGBP_HSB_TestCase_16 - JGame_Point_Symbol_$_After is working fine
13:00:49.291 [main] INFO  Factile_Mode.DGBP_HSB_TestCase_16 - Driver is Initilize
13:00:55.460 [main] INFO  Factile_Mode.DGBP_HSB_TestCase_16 - Navigated to homePage
13:03:25.418 [main] INFO  Factile_Mode.DGBP_HSB_TestCase_16 - JGame_Point_Symbol_$_After is working fine
13:19:50.542 [main] INFO  Factile_Mode.DGBP_HSB_TestCase_16 - Driver is Initilize
13:19:54.905 [main] INFO  Factile_Mode.DGBP_HSB_TestCase_16 - Navigated to homePage
13:22:14.698 [main] INFO  Factile_Mode.DGBP_HSB_TestCase_16 - JGame_Point_Symbol_$_After is working fine
13:52:11.901 [main] INFO  Factile_Mode.DGBP_HSB_TestCase_17 - Driver is Initilize
13:52:15.971 [main] INFO  Factile_Mode.DGBP_HSB_TestCase_17 - Navigated to homePage
13:55:04.522 [main] INFO  Factile_Mode.DGBP_HSB_TestCase_17 - JGame_Point_Symbol_€_After is working fine
14:00:49.397 [main] INFO  Factile_Mode.DGBP_HSB_TestCase_18 - Driver is Initilize
14:00:53.099 [main] INFO  Factile_Mode.DGBP_HSB_TestCase_18 - Navigated to homePage
14:03:06.646 [main] INFO  Factile_Mode.DGBP_HSB_TestCase_18 - Driver is Initilize
14:03:10.377 [main] INFO  Factile_Mode.DGBP_HSB_TestCase_18 - Navigated to homePage
14:08:06.495 [main] INFO  Factile_Mode.DGBP_HSB_TestCase_18 - Driver is Initilize
14:08:11.221 [main] INFO  Factile_Mode.DGBP_HSB_TestCase_18 - Navigated to homePage
14:10:34.689 [main] INFO  Factile_Mode.DGBP_HSB_TestCase_18 - Driver is Initilize
14:10:39.763 [main] INFO  Factile_Mode.DGBP_HSB_TestCase_18 - Navigated to homePage
14:13:22.218 [main] INFO  Factile_Mode.DGBP_HSB_TestCase_18 - JGame_Point_Symbol_€_Before is working fine
14:39:23.118 [main] INFO  Factile_Mode.DGBP_HSB_TestCase_9 - Driver is Initilize
14:39:26.989 [main] INFO  Factile_Mode.DGBP_HSB_TestCase_9 - Navigated to homePage
14:39:42.928 [main] INFO  Factile_Mode.DGBP_HSB_TestCase_9 - At customization page>> Check Hide Category with Points>> 
14:45:22.065 [main] INFO  Factile_Mode.DGBM_B_TestCase_1 - Driver is Initilize
14:45:25.855 [main] INFO  Factile_Mode.DGBM_B_TestCase_1 - Navigated to homePage
14:50:05.983 [main] INFO  Factile_Mode.DGBM_B_TestCase_1 - Driver is Initilize
14:50:09.711 [main] INFO  Factile_Mode.DGBM_B_TestCase_1 - Navigated to homePage
15:07:47.279 [main] INFO  Factile_Mode.DGBM_B_TestCase_1 - Driver is Initilize
15:07:51.309 [main] INFO  Factile_Mode.DGBM_B_TestCase_1 - Navigated to homePage
15:12:20.413 [main] INFO  Factile_Mode.DGBM_B_TestCase_1 - Driver is Initilize
15:12:24.025 [main] INFO  Factile_Mode.DGBM_B_TestCase_1 - Navigated to homePage
22:39:52.981 [main] INFO  Factile_Mode.DGBP_HSB_TestCase_9 - Driver is Initilize
22:39:56.663 [main] INFO  Factile_Mode.DGBP_HSB_TestCase_9 - Navigated to homePage
22:40:30.354 [main] INFO  Factile_Mode.DGBP_HSB_TestCase_9 - At customization page>> Check Hide Category with Points>> 
22:45:29.473 [main] INFO  Factile_Mode.DGBP_HSB_TestCase_9 - Driver is Initilize
22:45:35.217 [main] INFO  Factile_Mode.DGBP_HSB_TestCase_9 - Navigated to homePage
22:45:50.816 [main] INFO  Factile_Mode.DGBP_HSB_TestCase_9 - At customization page>> Check Hide Category with Points>> 
22:48:01.776 [main] INFO  Factile_Mode.DGBP_HSB_TestCase_9 - Driver is Initilize
22:48:05.556 [main] INFO  Factile_Mode.DGBP_HSB_TestCase_9 - Navigated to homePage
22:48:20.964 [main] INFO  Factile_Mode.DGBP_HSB_TestCase_9 - At customization page>> Check Hide Category with Points>> 
22:51:02.650 [main] INFO  Factile_Mode.DGBP_HSB_TestCase_10 - Driver is Initilize
22:51:06.304 [main] INFO  Factile_Mode.DGBP_HSB_TestCase_10 - Navigated to homePage
22:51:22.497 [main] INFO  Factile_Mode.DGBP_HSB_TestCase_10 - At customization page>> Check Diaplay Answer button>> 
22:55:46.070 [main] INFO  Factile_Mode.DGBP_HSB_TestCase_9 - Driver is Initilize
22:55:49.926 [main] INFO  Factile_Mode.DGBP_HSB_TestCase_9 - Navigated to homePage
22:56:05.581 [main] INFO  Factile_Mode.DGBP_HSB_TestCase_9 - At customization page>> Check Hide Category with Points>> 
