16:08:57.517 [main] INFO  Factile_Mode_v3.Support_Form - Driver is Initilize
16:09:03.467 [main] INFO  Factile_Mode_v3.Support_Form - Navigated to homePage
16:09:20.925 [main] INFO  Factile_Mode_v3.DeleteAccount - Driver is Initilize
16:09:27.400 [main] INFO  Factile_Mode_v3.DeleteAccount - Navigated to homePage
16:09:58.763 [main] INFO  Factile_Mode_v3.HeaderMenuInFreeAccount - Driver is Initilize
16:10:04.744 [main] INFO  Factile_Mode_v3.HeaderMenuInFreeAccount - Navigated to homePage
16:10:12.558 [main] INFO  Factile_Mode_v3.HeaderMenuInPaidAccount - Driver is Initilize
16:10:18.164 [main] INFO  Factile_Mode_v3.HeaderMenuInPaidAccount - Navigated to homePage
16:10:25.346 [main] INFO  Factile_Mode_v3.PageNotFound_Links_at_HomePage - Driver is Initilize
16:10:30.895 [main] INFO  Factile_Mode_v3.PageNotFound_Links_at_HomePage - Navigated to homePage
16:18:16.890 [main] INFO  Factile_Mode_v3.ForgetPassword - Driver is Initilize
16:18:23.727 [main] INFO  Factile_Mode_v3.ForgetPassword - Navigated to homePage
10:33:38.299 [main] INFO  Factile_Mode_v3.HideCategoryWithPoints - Driver is Initilize
10:33:51.015 [main] INFO  Factile_Mode_v3.HideCategoryWithPoints - Navigated to homePage
10:36:10.373 [main] INFO  Factile_Mode_v3.HideCategoryWithPoints - Driver is Initilize
10:36:18.358 [main] INFO  Factile_Mode_v3.HideCategoryWithPoints - Navigated to homePage
10:55:18.996 [main] INFO  Factile_Mode_v3.HideCategoryWithPoints - Driver is Initilize
10:55:29.212 [main] INFO  Factile_Mode_v3.HideCategoryWithPoints - Navigated to homePage
11:30:53.361 [main] INFO  Factile_Mode_v3.HideCategoryWithPoints - Driver is Initilize
11:31:00.061 [main] INFO  Factile_Mode_v3.HideCategoryWithPoints - Navigated to homePage
12:24:59.034 [main] INFO  Factile_Mode_v3.HideCategoryWithPoints - Driver is Initilize
12:25:11.547 [main] INFO  Factile_Mode_v3.HideCategoryWithPoints - Navigated to homePage
12:38:13.453 [main] INFO  Factile_Mode_v3.HideCategoryWithPoints - Driver is Initilize
12:38:24.211 [main] INFO  Factile_Mode_v3.HideCategoryWithPoints - Navigated to homePage
13:11:06.138 [main] INFO  Factile_Mode_v3.HideCategoryWithPoints - Driver is Initilize
13:11:36.480 [main] INFO  Factile_Mode_v3.HideCategoryWithPoints - Navigated to homePage
13:17:33.142 [main] INFO  Factile_Mode_v3.HideCategoryWithPoints - Driver is Initilize
13:18:14.345 [main] INFO  Factile_Mode_v3.HideCategoryWithPoints - Navigated to homePage
13:19:08.350 [main] INFO  Factile_Mode_v3.HideCategoryWithPoints - Driver is Initilize
13:19:13.299 [main] INFO  Factile_Mode_v3.HideCategoryWithPoints - Navigated to homePage
11:41:54.323 [main] INFO  Factile_Mode_v3.HideCategoryWithPoints - Driver is Initilize
11:42:01.525 [main] INFO  Factile_Mode_v3.HideCategoryWithPoints - Navigated to homePage
12:00:03.738 [main] INFO  Factile_Mode_v3.HideCategoryWithPoints - Driver is Initilize
12:00:10.100 [main] INFO  Factile_Mode_v3.HideCategoryWithPoints - Navigated to homePage
12:07:23.085 [main] INFO  Factile_Mode_v3.HideCategoryWithPoints - Driver is Initilize
12:07:24.701 [main] INFO  Factile_Mode_v3.HideCategoryWithPoints - Navigated to homePage
12:07:55.402 [main] INFO  Factile_Mode_v3.HideCategoryWithPoints - Driver is Initilize
12:07:57.016 [main] INFO  Factile_Mode_v3.HideCategoryWithPoints - Navigated to homePage
12:10:10.346 [main] INFO  Factile_Mode_v3.HideCategoryWithPoints - Driver is Initilize
12:10:11.865 [main] INFO  Factile_Mode_v3.HideCategoryWithPoints - Navigated to homePage
12:10:51.834 [main] INFO  Factile_Mode_v3.HideCategoryWithPoints - Driver is Initilize
12:10:53.409 [main] INFO  Factile_Mode_v3.HideCategoryWithPoints - Navigated to homePage
12:11:17.577 [main] INFO  Factile_Mode_v3.Log_In - Driver is Initilize
12:11:19.124 [main] INFO  Factile_Mode_v3.Log_In - Navigated to homePage
12:37:45.566 [main] INFO  Factile_Mode_v3.HideCategoryWithPoints - Driver is Initilize
12:37:48.974 [main] INFO  Factile_Mode_v3.HideCategoryWithPoints - Navigated to homePage
12:39:04.869 [main] INFO  Factile_Mode_v3.HideCategoryWithPoints - Driver is Initilize
12:39:08.054 [main] INFO  Factile_Mode_v3.HideCategoryWithPoints - Navigated to homePage
12:41:50.169 [main] INFO  Factile_Mode_v3.HideCategoryWithPoints - Driver is Initilize
12:41:53.742 [main] INFO  Factile_Mode_v3.HideCategoryWithPoints - Navigated to homePage
12:51:56.346 [main] INFO  Factile_Mode_v3.HideCategoryWithPoints - Driver is Initilize
12:52:00.152 [main] INFO  Factile_Mode_v3.HideCategoryWithPoints - Navigated to homePage
12:53:11.674 [main] INFO  Factile_Mode_v3.HideCategoryWithPoints - Driver is Initilize
12:53:14.766 [main] INFO  Factile_Mode_v3.HideCategoryWithPoints - Navigated to homePage
12:59:38.598 [main] INFO  Factile_Mode_v3.HideCategoryWithPoints - Driver is Initilize
12:59:41.689 [main] INFO  Factile_Mode_v3.HideCategoryWithPoints - Navigated to homePage
12:59:48.297 [main] INFO  Factile_Mode_v3.HideCategoryWithPoints - At customization page>> Check Hide Category with Points>> 
