16:35:03.037 [main] INFO  TestCases_Execution.TestCase_3 - account is active  >>Yearly $48 (Ends 20-Oct-2021)
16:36:08.197 [main] INFO  TestCases_Execution.TestCase_4 - Game is created using excel upload
16:36:50.143 [main] INFO  TestCases_Execution.TestCase_5 - Mascot image is uploaded
16:37:11.746 [main] INFO  TestCases_Execution.TestCase_5 - Name given to new mascot uploaded image
16:37:11.864 [main] INFO  TestCases_Execution.TestCase_5 - New mascot is Activated.
10:10:41.148 [main] INFO  TestCases_Execution.TestCase_1 - Driver is Initilize
10:10:57.067 [main] INFO  TestCases_Execution.TestCase_1 - Navigated to homePage
10:10:58.330 [main] INFO  TestCases_Execution.TestCase_1 - Successsfully validated text message
10:11:01.516 [main] INFO  TestCases_Execution.TestCase_1 - Sign In page is Open
10:11:33.645 [main] INFO  TestCases_Execution.TestCase_2 - username is entered
10:11:33.800 [main] INFO  TestCases_Execution.TestCase_2 - password is entered
10:11:34.045 [main] INFO  TestCases_Execution.TestCase_2 - Sign_IN is successfully Done
10:12:15.785 [main] INFO  TestCases_Execution.TestCase_3 - account is active  >>Yearly $48 (Ends 22-Oct-2021)
10:13:18.302 [main] INFO  TestCases_Execution.TestCase_4 - Game is created using excel upload
10:14:16.944 [main] INFO  TestCases_Execution.TestCase_5 - Mascot image is uploaded
10:14:26.514 [main] INFO  TestCases_Execution.TestCase_5 - Name given to new mascot uploaded image
10:14:26.642 [main] INFO  TestCases_Execution.TestCase_5 - New mascot is Activated.
10:23:09.032 [main] INFO  TestCases_Execution.TestCase_1 - Driver is Initilize
10:23:19.215 [main] INFO  TestCases_Execution.TestCase_1 - Navigated to homePage
10:23:20.538 [main] INFO  TestCases_Execution.TestCase_1 - Successsfully validated text message
10:23:20.707 [main] INFO  TestCases_Execution.TestCase_1 - Sign In page is Open
10:23:45.601 [main] INFO  TestCases_Execution.TestCase_2 - username is entered
10:23:45.778 [main] INFO  TestCases_Execution.TestCase_2 - password is entered
10:23:45.930 [main] INFO  TestCases_Execution.TestCase_2 - Sign_IN is successfully Done
10:24:33.296 [main] INFO  TestCases_Execution.TestCase_3 - account is active  >>Yearly $48 (Ends 22-Oct-2021)
10:25:35.095 [main] INFO  TestCases_Execution.TestCase_4 - Game is created using excel upload
10:26:16.626 [main] INFO  TestCases_Execution.TestCase_5 - Mascot image is uploaded
10:29:30.690 [main] INFO  TestCases_Execution.TestCase_1 - Driver is Initilize
10:29:40.893 [main] INFO  TestCases_Execution.TestCase_1 - Navigated to homePage
10:29:41.665 [main] INFO  TestCases_Execution.TestCase_1 - Successsfully validated text message
10:29:41.849 [main] INFO  TestCases_Execution.TestCase_1 - Sign In page is Open
10:30:11.567 [main] INFO  TestCases_Execution.TestCase_2 - username is entered
10:30:11.708 [main] INFO  TestCases_Execution.TestCase_2 - password is entered
10:30:11.843 [main] INFO  TestCases_Execution.TestCase_2 - Sign_IN is successfully Done
10:30:52.450 [main] INFO  TestCases_Execution.TestCase_3 - account is active  >>Yearly $48 (Ends 22-Oct-2021)
10:31:59.683 [main] INFO  TestCases_Execution.TestCase_4 - Game is created using excel upload
10:33:03.652 [main] INFO  TestCases_Execution.TestCase_5 - Mascot image is uploaded
10:37:20.166 [main] INFO  TestCases_Execution.TestCase_1 - Driver is Initilize
10:37:27.038 [main] INFO  TestCases_Execution.TestCase_1 - Navigated to homePage
10:37:28.029 [main] INFO  TestCases_Execution.TestCase_1 - Successsfully validated text message
10:37:28.260 [main] INFO  TestCases_Execution.TestCase_1 - Sign In page is Open
10:37:43.979 [main] INFO  TestCases_Execution.TestCase_2 - username is entered
10:37:44.193 [main] INFO  TestCases_Execution.TestCase_2 - password is entered
10:37:44.305 [main] INFO  TestCases_Execution.TestCase_2 - Sign_IN is successfully Done
10:38:15.413 [main] INFO  TestCases_Execution.TestCase_3 - account is active  >>Yearly $48 (Ends 22-Oct-2021)
10:39:05.214 [main] INFO  TestCases_Execution.TestCase_4 - Game is created using excel upload
10:40:04.043 [main] INFO  TestCases_Execution.TestCase_5 - Mascot image is uploaded
10:41:39.966 [main] INFO  TestCases_Execution.TestCase_1 - Driver is Initilize
10:41:45.978 [main] INFO  TestCases_Execution.TestCase_1 - Navigated to homePage
10:41:48.748 [main] INFO  TestCases_Execution.TestCase_1 - Successsfully validated text message
10:41:48.906 [main] INFO  TestCases_Execution.TestCase_1 - Sign In page is Open
10:42:07.647 [main] INFO  TestCases_Execution.TestCase_2 - username is entered
10:42:07.851 [main] INFO  TestCases_Execution.TestCase_2 - password is entered
10:42:07.976 [main] INFO  TestCases_Execution.TestCase_2 - Sign_IN is successfully Done
10:42:42.244 [main] INFO  TestCases_Execution.TestCase_3 - account is active  >>Yearly $48 (Ends 22-Oct-2021)
10:44:01.502 [main] INFO  TestCases_Execution.TestCase_4 - Game is created using excel upload
10:45:09.271 [main] INFO  TestCases_Execution.TestCase_5 - Mascot image is uploaded
