14:06:50.460 [main] INFO  Factile_Mode.DGBP_HSB_TestCase_19 - Driver is Initilize
14:06:52.172 [main] INFO  Factile_Mode.DGBP_HSB_TestCase_19 - Navigated to homePage
14:09:24.216 [main] INFO  Factile_Mode.DGBP_HSB_TestCase_20 - Driver is Initilize
14:09:25.258 [main] INFO  Factile_Mode.DGBP_HSB_TestCase_20 - Navigated to homePage
14:11:49.530 [main] INFO  Factile_Mode.DGBP_HSB_TestCase_21 - Driver is Initilize
14:11:50.497 [main] INFO  Factile_Mode.DGBP_HSB_TestCase_21 - Navigated to homePage
14:12:01.405 [main] INFO  Factile_Mode.DGBP_HSB_TestCase_21 - At customization page>> >>Show skip answer is selected 
14:14:01.364 [main] INFO  Factile_Mode.DGBP_HSB_TestCase_22 - Driver is Initilize
14:14:02.263 [main] INFO  Factile_Mode.DGBP_HSB_TestCase_22 - Navigated to homePage
14:14:20.093 [main] INFO  Factile_Mode.DGBP_HSB_TestCase_22 - At customization page>> >>Show skip answer is selected 
14:22:12.081 [main] INFO  Factile_Mode.DGBP_HSB_TestCase_23 - Driver is Initilize
14:22:13.055 [main] INFO  Factile_Mode.DGBP_HSB_TestCase_23 - Navigated to homePage
14:22:34.268 [main] INFO  Factile_Mode.DGBP_HSB_TestCase_23 - At customization page>> >>Show Final Factile Category Hint at Wager Time is checked
14:31:44.987 [main] INFO  Factile_Mode.DGBP_HSB_TestCase_24 - Driver is Initilize
14:31:46.489 [main] INFO  Factile_Mode.DGBP_HSB_TestCase_24 - Navigated to homePage
14:32:08.247 [main] INFO  Factile_Mode.DGBP_HSB_TestCase_24 - At customization page>> >>Allow multiple team to answer is checked at global setting
14:41:41.169 [main] INFO  Factile_Mode.DGBP_HSB_TestCase_25 - Driver is Initilize
14:41:42.142 [main] INFO  Factile_Mode.DGBP_HSB_TestCase_25 - Navigated to homePage
14:42:02.968 [main] INFO  Factile_Mode.DGBP_HSB_TestCase_25 - At customization page>> >>Allow multiple user to answer is unchecked at global setting
14:51:49.720 [main] INFO  Factile_Mode.DGBP_HSB_TestCase_26 - Driver is Initilize
14:51:52.211 [main] INFO  Factile_Mode.DGBP_HSB_TestCase_26 - Navigated to homePage
14:52:15.662 [main] INFO  Factile_Mode.DGBP_HSB_TestCase_26 - At customization page>> >>Users Can Join Buzzer Mode after Game Begins is checked
15:00:24.094 [main] INFO  Factile_Mode.DGBP_HSB_TestCase_27 - Driver is Initilize
15:00:24.912 [main] INFO  Factile_Mode.DGBP_HSB_TestCase_27 - Navigated to homePage
15:00:46.289 [main] INFO  Factile_Mode.DGBP_HSB_TestCase_27 - At customization page>> >>Users Can Join Buzzer Mode after Game Begins throght team manage
15:10:11.523 [main] INFO  Factile_Mode.DGBP_HSB_TestCase_28 - Driver is Initilize
15:10:12.842 [main] INFO  Factile_Mode.DGBP_HSB_TestCase_28 - Navigated to homePage
15:11:02.857 [main] INFO  Factile_Mode.DGBP_HSB_TestCase_28 - At customization page>> >>Users Can Join Buzzer Mode after Game Begins is Unchecked
15:20:55.536 [main] INFO  Factile_Mode.DGBP_HSB_TestCase_29 - Driver is Initilize
15:20:56.695 [main] INFO  Factile_Mode.DGBP_HSB_TestCase_29 - Navigated to homePage
15:21:18.483 [main] INFO  Factile_Mode.DGBP_HSB_TestCase_29 - At customization page>> >>Users Can Join Buzzer Mode after Game Begins is Unchecked
15:33:44.957 [main] INFO  Factile_Mode.DGBP_HSB_TestCase_19 - Driver is Initilize
15:33:45.744 [main] INFO  Factile_Mode.DGBP_HSB_TestCase_19 - Navigated to homePage
15:33:51.243 [main] INFO  Factile_Mode.DGBP_HSB_TestCase_27 - Driver is Initilize
15:33:51.924 [main] INFO  Factile_Mode.DGBP_HSB_TestCase_27 - Navigated to homePage
15:34:14.066 [main] INFO  Factile_Mode.DGBP_HSB_TestCase_27 - At customization page>> >>Users Can Join Buzzer Mode after Game Begins throght team manage
15:41:30.595 [main] INFO  Factile_Mode.DGBP_HSB_TestCase_27 - Driver is Initilize
15:41:31.570 [main] INFO  Factile_Mode.DGBP_HSB_TestCase_27 - Navigated to homePage
15:41:54.187 [main] INFO  Factile_Mode.DGBP_HSB_TestCase_27 - At customization page>> >>Users Can Join Buzzer Mode after Game Begins throght team manage
15:54:14.370 [main] INFO  Factile_Mode.DGBP_HSB_TestCase_29 - Driver is Initilize
15:54:15.270 [main] INFO  Factile_Mode.DGBP_HSB_TestCase_29 - Navigated to homePage
15:54:55.070 [main] INFO  Factile_Mode.DGBP_HSB_TestCase_29 - At customization page>> >>Buzzer is on from customization for final factile 
16:02:59.135 [main] INFO  Factile_Mode.DGBP_HSB_TestCase_30 - Driver is Initilize
16:03:00.115 [main] INFO  Factile_Mode.DGBP_HSB_TestCase_30 - Navigated to homePage
16:03:41.738 [main] INFO  Factile_Mode.DGBP_HSB_TestCase_30 - At customization page>> >>Buzzer is off for final factile 
16:06:26.303 [main] INFO  Factile_Mode.DGBP_HSB_TestCase_30 - Driver is Initilize
16:06:27.215 [main] INFO  Factile_Mode.DGBP_HSB_TestCase_30 - Navigated to homePage
16:06:48.357 [main] INFO  Factile_Mode.DGBP_HSB_TestCase_30 - At customization page>> >>Buzzer is off for final factile 
16:23:22.585 [main] INFO  Factile_Mode.DGBP_HSB_TestCase_30 - Driver is Initilize
16:23:24.612 [main] INFO  Factile_Mode.DGBP_HSB_TestCase_30 - Navigated to homePage
16:23:45.925 [main] INFO  Factile_Mode.DGBP_HSB_TestCase_30 - At customization page>> >>Buzzer is off for final factile 
