10:34:54.200 [main] INFO  Factile_Mode.DGBP_HSB_TestCase_8 - At customization page>> UnCheck Hide Category with Points>> 
10:36:43.549 [main] INFO  Factile_Mode.DGBP_HSB_TestCase_8 - category with points is =CAT1 FOR 100
10:36:50.407 [main] INFO  Factile_Mode.DGBP_HSB_TestCase_9 - Driver is Initilize
10:36:51.042 [main] INFO  Factile_Mode.DGBP_HSB_TestCase_9 - Navigated to homePage
10:37:05.909 [main] INFO  Factile_Mode.DGBP_HSB_TestCase_9 - At customization page>> Check Hide Category with Points>> 
10:38:57.294 [main] INFO  Factile_Mode.DGBP_HSB_TestCase_9 - Hide category with points is working fine
10:39:04.200 [main] INFO  Factile_Mode.DGBP_HSB_TestCase_10 - Driver is Initilize
10:39:04.893 [main] INFO  Factile_Mode.DGBP_HSB_TestCase_10 - Navigated to homePage
10:39:18.750 [main] INFO  Factile_Mode.DGBP_HSB_TestCase_10 - At customization page>> Check Diaplay Answer button>> 
10:42:26.769 [main] INFO  MultipleUsers.FiftyUsersJoin - Driver is Initilize
10:42:27.540 [main] INFO  MultipleUsers.FiftyUsersJoin - Navigated to homePage
10:52:56.626 [main] INFO  MultipleUsers.FiftyUsersJoin - Driver is Initilize
10:52:57.545 [main] INFO  MultipleUsers.FiftyUsersJoin - Navigated to homePage
11:10:57.351 [main] INFO  MultipleUsers.FiftyUsersJoin - Driver is Initilize
11:10:58.070 [main] INFO  MultipleUsers.FiftyUsersJoin - Navigated to homePage
11:40:14.385 [main] INFO  MultipleUsers.FiftyUsersJoin - Driver is Initilize
11:40:15.124 [main] INFO  MultipleUsers.FiftyUsersJoin - Navigated to homePage
11:43:17.407 [main] INFO  MultipleUsers.FiftyUsersJoin - Driver is Initilize
11:43:18.162 [main] INFO  MultipleUsers.FiftyUsersJoin - Navigated to homePage
12:01:17.678 [main] INFO  MultipleUsers.FiftyUsersJoin - Driver is Initilize
12:01:18.431 [main] INFO  MultipleUsers.FiftyUsersJoin - Navigated to homePage
14:10:24.785 [main] INFO  Factile_Mode.DGBP_HSB_TestCase_4 - Driver is Initilize
14:10:27.038 [main] INFO  Factile_Mode.DGBP_HSB_TestCase_4 - Navigated to homePage
14:12:33.071 [main] INFO  Factile_Mode.DGBP_HSB_TestCase_4 - When unchecked from customization setting>>Twitter link is displaying
14:12:33.071 [main] INFO  Factile_Mode.DGBP_HSB_TestCase_4 - When unchecked from customization setting>>Pintrest link is displaying
14:12:40.122 [main] INFO  Factile_Mode.DGBP_HSB_TestCase_5 - Driver is Initilize
14:12:40.959 [main] INFO  Factile_Mode.DGBP_HSB_TestCase_5 - Navigated to homePage
14:14:41.282 [main] INFO  Factile_Mode.DGBP_HSB_TestCase_4 - Driver is Initilize
14:14:42.099 [main] INFO  Factile_Mode.DGBP_HSB_TestCase_4 - Navigated to homePage
14:16:48.678 [main] INFO  Factile_Mode.DGBP_HSB_TestCase_4 - When unchecked from customization setting>>Twitter link is displaying
14:16:48.678 [main] INFO  Factile_Mode.DGBP_HSB_TestCase_4 - When unchecked from customization setting>>Pintrest link is displaying
14:16:55.694 [main] INFO  Factile_Mode.DGBP_HSB_TestCase_5 - Driver is Initilize
14:16:56.335 [main] INFO  Factile_Mode.DGBP_HSB_TestCase_5 - Navigated to homePage
14:19:55.630 [main] INFO  Factile_Mode.DGBP_HSB_TestCase_5 - SMO(Twiiter & Pintrest) Links not present on gameboard at moderater screen
14:20:02.486 [main] INFO  Factile_Mode.DGBP_HSB_TestCase_6 - Driver is Initilize
14:20:03.286 [main] INFO  Factile_Mode.DGBP_HSB_TestCase_6 - Navigated to homePage
14:20:19.318 [main] INFO  Factile_Mode.DGBP_HSB_TestCase_6 - At customization page>> UnCheck display exact case>> 
14:21:42.495 [main] INFO  Factile_Mode.DGBP_HSB_TestCase_6 - when unchecked from customization setting>>Exact case is not displayed
14:21:49.221 [main] INFO  Factile_Mode.DGBP_HSB_TestCase_7 - Driver is Initilize
14:21:49.984 [main] INFO  Factile_Mode.DGBP_HSB_TestCase_7 - Navigated to homePage
14:22:06.008 [main] INFO  Factile_Mode.DGBP_HSB_TestCase_7 - At customization page>> UnCheck display exact case>> 
14:24:57.631 [main] INFO  Factile_Mode.DGBP_HSB_TestCase_7 - when Checked from customization setting>>Exact case is  displayed
14:25:04.600 [main] INFO  Factile_Mode.DGBP_HSB_TestCase_8 - Driver is Initilize
14:25:05.584 [main] INFO  Factile_Mode.DGBP_HSB_TestCase_8 - Navigated to homePage
14:25:19.974 [main] INFO  Factile_Mode.DGBP_HSB_TestCase_8 - At customization page>> UnCheck Hide Category with Points>> 
14:27:09.681 [main] INFO  Factile_Mode.DGBP_HSB_TestCase_8 - category with points is =CAT1 FOR 100
14:27:16.484 [main] INFO  Factile_Mode.DGBP_HSB_TestCase_9 - Driver is Initilize
14:27:17.325 [main] INFO  Factile_Mode.DGBP_HSB_TestCase_9 - Navigated to homePage
14:27:31.959 [main] INFO  Factile_Mode.DGBP_HSB_TestCase_9 - At customization page>> Check Hide Category with Points>> 
14:29:23.432 [main] INFO  Factile_Mode.DGBP_HSB_TestCase_9 - Hide category with points is working fine
14:29:30.267 [main] INFO  Factile_Mode.DGBP_HSB_TestCase_10 - Driver is Initilize
14:29:30.909 [main] INFO  Factile_Mode.DGBP_HSB_TestCase_10 - Navigated to homePage
14:29:43.437 [main] INFO  Factile_Mode.DGBP_HSB_TestCase_10 - At customization page>> Check Diaplay Answer button>> 
