17:33:09.956 [main] INFO  Factile_Mode_v3.changePassword - Driver is Initilize
17:33:15.730 [main] INFO  Factile_Mode_v3.changePassword - Navigated to homePage
17:36:25.822 [main] INFO  Factile_Mode_v3.changePassword - Driver is Initilize
17:36:31.062 [main] INFO  Factile_Mode_v3.changePassword - Navigated to homePage
17:38:43.201 [main] INFO  Factile_Mode_v3.sign_UP - Driver is Initilize
17:38:48.342 [main] INFO  Factile_Mode_v3.sign_UP - Navigated to homePage
17:38:52.617 [main] INFO  Factile_Mode_v3.log_In - Driver is Initilize
17:38:57.943 [main] INFO  Factile_Mode_v3.log_In - Navigated to homePage
17:39:00.285 [main] INFO  Factile_Mode_v3.forgetPassword - Driver is Initilize
17:39:07.427 [main] INFO  Factile_Mode_v3.forgetPassword - Navigated to homePage
17:42:39.126 [main] INFO  Factile_Mode_v3.sign_UP - Driver is Initilize
17:42:46.244 [main] INFO  Factile_Mode_v3.sign_UP - Navigated to homePage
17:42:51.883 [main] INFO  Factile_Mode_v3.log_In - Driver is Initilize
17:42:56.340 [main] INFO  Factile_Mode_v3.log_In - Navigated to homePage
17:42:59.219 [main] INFO  Factile_Mode_v3.forgetPassword - Driver is Initilize
17:43:04.155 [main] INFO  Factile_Mode_v3.forgetPassword - Navigated to homePage
17:44:27.097 [main] INFO  Factile_Mode_v3.twoFactorAuthentication - Driver is Initilize
17:44:32.380 [main] INFO  Factile_Mode_v3.twoFactorAuthentication - Navigated to homePage
17:45:19.692 [main] INFO  Factile_Mode_v3.changePassword - Driver is Initilize
17:45:24.894 [main] INFO  Factile_Mode_v3.changePassword - Navigated to homePage
17:46:08.956 [main] INFO  Factile_Mode_v3.forgetPassword - Driver is Initilize
17:46:15.390 [main] INFO  Factile_Mode_v3.forgetPassword - Navigated to homePage
17:50:33.091 [main] INFO  Factile_Mode_v3.forgetPassword - Driver is Initilize
17:50:37.983 [main] INFO  Factile_Mode_v3.forgetPassword - Navigated to homePage
17:54:13.740 [main] INFO  Factile_Mode_v3.forgetPassword - Driver is Initilize
17:54:19.031 [main] INFO  Factile_Mode_v3.forgetPassword - Navigated to homePage
17:54:41.547 [main] INFO  Factile_Mode_v3.forgetPassword - Driver is Initilize
17:54:47.073 [main] INFO  Factile_Mode_v3.forgetPassword - Navigated to homePage
17:56:38.229 [main] INFO  Factile_Mode_v3.forgetPassword - Driver is Initilize
17:56:43.187 [main] INFO  Factile_Mode_v3.forgetPassword - Navigated to homePage
18:15:39.641 [main] INFO  Factile_Mode_v3.changePassword - Driver is Initilize
18:15:44.716 [main] INFO  Factile_Mode_v3.changePassword - Navigated to homePage
18:28:16.841 [main] INFO  Factile_Mode_v3.support_Form - Driver is Initilize
18:28:21.921 [main] INFO  Factile_Mode_v3.support_Form - Navigated to homePage
18:36:13.840 [main] INFO  Factile_Mode_v3.support_Form - Driver is Initilize
18:36:18.905 [main] INFO  Factile_Mode_v3.support_Form - Navigated to homePage
18:36:50.124 [main] INFO  Factile_Mode_v3.support_Form - Driver is Initilize
18:36:55.209 [main] INFO  Factile_Mode_v3.support_Form - Navigated to homePage
18:40:02.739 [main] INFO  Factile_Mode_v3.support_Form - Driver is Initilize
18:40:07.809 [main] INFO  Factile_Mode_v3.support_Form - Navigated to homePage
18:40:55.525 [main] INFO  Factile_Mode_v3.support_Form - Driver is Initilize
18:41:00.972 [main] INFO  Factile_Mode_v3.support_Form - Navigated to homePage
18:44:05.955 [main] INFO  Factile_Mode_v3.support_Form - Driver is Initilize
18:44:10.915 [main] INFO  Factile_Mode_v3.support_Form - Navigated to homePage
18:44:40.429 [main] INFO  Factile_Mode_v3.support_Form - Driver is Initilize
18:44:44.997 [main] INFO  Factile_Mode_v3.support_Form - Navigated to homePage
18:45:12.757 [main] INFO  Factile_Mode_v3.support_Form - Driver is Initilize
18:45:17.843 [main] INFO  Factile_Mode_v3.support_Form - Navigated to homePage
18:47:36.011 [main] INFO  Factile_Mode_v3.support_Form - Driver is Initilize
18:47:41.034 [main] INFO  Factile_Mode_v3.support_Form - Navigated to homePage
18:49:01.169 [main] INFO  Factile_Mode_v3.support_Form - Driver is Initilize
18:49:06.144 [main] INFO  Factile_Mode_v3.support_Form - Navigated to homePage
18:50:28.453 [main] INFO  Factile_Mode_v3.support_Form - Driver is Initilize
18:50:33.472 [main] INFO  Factile_Mode_v3.support_Form - Navigated to homePage
18:52:04.215 [main] INFO  Factile_Mode_v3.support_Form - Driver is Initilize
18:52:09.121 [main] INFO  Factile_Mode_v3.support_Form - Navigated to homePage
18:54:06.259 [main] INFO  Factile_Mode_v3.support_Form - Driver is Initilize
18:54:11.217 [main] INFO  Factile_Mode_v3.support_Form - Navigated to homePage
18:55:18.305 [main] INFO  Factile_Mode_v3.support_Form - Driver is Initilize
18:55:23.143 [main] INFO  Factile_Mode_v3.support_Form - Navigated to homePage
18:56:08.461 [main] INFO  Factile_Mode_v3.support_Form - Driver is Initilize
18:56:13.540 [main] INFO  Factile_Mode_v3.support_Form - Navigated to homePage
18:57:00.300 [main] INFO  Factile_Mode_v3.support_Form - Driver is Initilize
18:57:04.480 [main] INFO  Factile_Mode_v3.support_Form - Navigated to homePage
