13:52:29.220 [main] INFO  Factile_Mode_v3.HideCategoryWithPoints - Driver is Initilize
13:52:33.481 [main] INFO  Factile_Mode_v3.HideCategoryWithPoints - Navigated to homePage
13:53:44.564 [main] INFO  Factile_Mode_v3.HideCategoryWithPoints - Driver is Initilize
13:53:48.666 [main] INFO  Factile_Mode_v3.HideCategoryWithPoints - Navigated to homePage
13:57:35.085 [main] INFO  Factile_Mode_v3.HideCategoryWithPoints - Driver is Initilize
13:57:39.907 [main] INFO  Factile_Mode_v3.HideCategoryWithPoints - Navigated to homePage
14:09:02.040 [main] INFO  Factile_Mode_v3.HideCategoryWithPoints - Driver is Initilize
14:09:06.427 [main] INFO  Factile_Mode_v3.HideCategoryWithPoints - Navigated to homePage
14:14:03.721 [main] INFO  Factile_Mode_v3.HideCategoryWithPoints - Driver is Initilize
14:14:08.409 [main] INFO  Factile_Mode_v3.HideCategoryWithPoints - Navigated to homePage
14:21:50.041 [main] INFO  Factile_Mode_v3.HideCategoryWithPoints - Driver is Initilize
14:21:55.067 [main] INFO  Factile_Mode_v3.HideCategoryWithPoints - Navigated to homePage
15:02:43.665 [main] INFO  Factile_Mode_v3.HideCategoryWithPoints - Driver is Initilize
15:02:48.380 [main] INFO  Factile_Mode_v3.HideCategoryWithPoints - Navigated to homePage
15:05:17.543 [main] INFO  Factile_Mode_v3.HideCategoryWithPoints - Driver is Initilize
15:05:22.105 [main] INFO  Factile_Mode_v3.HideCategoryWithPoints - Navigated to homePage
15:20:10.506 [main] INFO  Factile_Mode_v3.HideCategoryWithPoints - Driver is Initilize
15:20:15.098 [main] INFO  Factile_Mode_v3.HideCategoryWithPoints - Navigated to homePage
15:30:39.707 [main] INFO  Factile_Mode_v3.HideCategoryWithPoints - Driver is Initilize
15:30:43.626 [main] INFO  Factile_Mode_v3.HideCategoryWithPoints - Navigated to homePage
15:32:07.331 [main] INFO  Factile_Mode_v3.HideCategoryWithPoints - Driver is Initilize
15:32:12.172 [main] INFO  Factile_Mode_v3.HideCategoryWithPoints - Navigated to homePage
15:37:27.557 [main] INFO  Factile_Mode_v3.HideCategoryWithPoints - Driver is Initilize
15:37:32.386 [main] INFO  Factile_Mode_v3.HideCategoryWithPoints - Navigated to homePage
15:39:09.225 [main] INFO  Factile_Mode_v3.HideCategoryWithPoints - Driver is Initilize
15:39:13.943 [main] INFO  Factile_Mode_v3.HideCategoryWithPoints - Navigated to homePage
15:41:02.828 [main] INFO  Factile_Mode_v3.HideCategoryWithPoints - Driver is Initilize
15:41:07.408 [main] INFO  Factile_Mode_v3.HideCategoryWithPoints - Navigated to homePage
16:07:01.974 [main] INFO  Factile_Mode.DGBP_HSB_TestCase_9 - Driver is Initilize
16:07:06.745 [main] INFO  Factile_Mode.DGBP_HSB_TestCase_9 - Navigated to homePage
16:12:36.330 [main] INFO  Factile_Mode.DGBP_HSB_TestCase_9 - Driver is Initilize
16:12:41.098 [main] INFO  Factile_Mode.DGBP_HSB_TestCase_9 - Navigated to homePage
16:14:49.062 [main] INFO  Factile_Mode_v3.HideCategoryWithPoints - Driver is Initilize
16:14:53.483 [main] INFO  Factile_Mode_v3.HideCategoryWithPoints - Navigated to homePage
16:18:34.660 [main] INFO  Factile_Mode_v3.HideCategoryWithPoints - Driver is Initilize
16:18:39.220 [main] INFO  Factile_Mode_v3.HideCategoryWithPoints - Navigated to homePage
16:22:12.497 [main] INFO  Factile_Mode_v3.HideCategoryWithPoints - Driver is Initilize
16:22:17.085 [main] INFO  Factile_Mode_v3.HideCategoryWithPoints - Navigated to homePage
16:24:45.517 [main] INFO  Factile_Mode_v3.HideCategoryWithPoints - Driver is Initilize
16:24:50.260 [main] INFO  Factile_Mode_v3.HideCategoryWithPoints - Navigated to homePage
16:37:34.474 [main] INFO  Factile_Mode_v3.HideCategoryWithPoints - Driver is Initilize
16:37:39.123 [main] INFO  Factile_Mode_v3.HideCategoryWithPoints - Navigated to homePage
16:39:16.276 [main] INFO  Factile_Mode_v3.HideCategoryWithPoints - Driver is Initilize
16:39:20.784 [main] INFO  Factile_Mode_v3.HideCategoryWithPoints - Navigated to homePage
16:41:18.418 [main] INFO  Factile_Mode_v3.HideCategoryWithPoints - Driver is Initilize
16:41:23.170 [main] INFO  Factile_Mode_v3.HideCategoryWithPoints - Navigated to homePage
16:50:42.668 [main] INFO  Factile_Mode_v3.HideCategoryWithPoints - Driver is Initilize
16:50:46.886 [main] INFO  Factile_Mode_v3.HideCategoryWithPoints - Navigated to homePage
17:14:14.492 [main] INFO  Factile_Mode_v3.HideCategoryWithPoints - Driver is Initilize
17:14:18.989 [main] INFO  Factile_Mode_v3.HideCategoryWithPoints - Navigated to homePage
17:25:02.769 [main] INFO  Factile_Mode_v3.TwoFactorAuthentication - Driver is Initilize
17:25:07.860 [main] INFO  Factile_Mode_v3.TwoFactorAuthentication - Navigated to homePage
17:25:58.231 [main] INFO  Factile_Mode_v3.TwoFactorAuthentication - Driver is Initilize
17:26:02.974 [main] INFO  Factile_Mode_v3.TwoFactorAuthentication - Navigated to homePage
10:18:44.406 [main] INFO  Factile_Mode_v3.HideCategoryWithPoints - Driver is Initilize
10:18:52.643 [main] INFO  Factile_Mode_v3.HideCategoryWithPoints - Navigated to homePage
10:28:00.356 [main] INFO  Factile_Mode_v3.HideCategoryWithPoints - Driver is Initilize
