11:28:24.680 [main] INFO  Factile_Mode.DGBP_HSB_TestCase_17 - Navigated to homePage
11:33:16.260 [main] INFO  Factile_Mode.DGBP_HSB_TestCase_18 - Driver is Initilize
11:33:19.321 [main] INFO  Factile_Mode.DGBP_HSB_TestCase_18 - Navigated to homePage
12:29:01.871 [main] INFO  Factile_Mode.DGBP_HSB_TestCase_8 - Driver is Initilize
12:29:05.805 [main] INFO  Factile_Mode.DGBP_HSB_TestCase_8 - Navigated to homePage
12:29:31.726 [main] INFO  Factile_Mode.DGBP_HSB_TestCase_8 - At customization page>> UnCheck Hide Category with Points>> 
12:31:29.026 [main] INFO  Factile_Mode.DGBP_HSB_TestCase_8 - category with points is =T3 FOR 100
12:31:52.996 [main] INFO  Factile_Mode.DGBM_B_TestCase_1 - Driver is Initilize
12:31:55.978 [main] INFO  Factile_Mode.DGBM_B_TestCase_1 - Navigated to homePage
12:34:11.369 [main] INFO  Factile_Mode.DGBM_B_TestCase_1 - Left logo is present>>=factile
12:34:21.553 [main] INFO  Factile_Mode.DGBP_B_TestCase_2 - Driver is Initilize
12:34:24.547 [main] INFO  Factile_Mode.DGBP_B_TestCase_2 - Navigated to homePage
12:34:51.030 [main] INFO  Factile_Mode.DGBP_B_TestCase_2 - Mascot image is uploaded
12:36:38.198 [main] INFO  Factile_Mode.DGBP_B_TestCase_2 - uploaded masoct is active & selected at player screen .
12:36:52.710 [main] INFO  Factile_Mode.DGBP_B_TestCase_2 - uploaded masoct is visible on player screen
12:36:59.621 [main] INFO  Factile_Mode.DGBP_HSB_TestCase_3 - Driver is Initilize
12:37:02.675 [main] INFO  Factile_Mode.DGBP_HSB_TestCase_3 - Navigated to homePage
12:40:36.672 [main] INFO  Factile_Mode.DGBP_HSB_TestCase_3 - Background image is successfully loaded at gameboard, image url is= background: url("https://factile-test-dynamic.s3.amazonaws.com/backgrounds/bg1605856109509pf88846.jpg");
12:40:36.693 [main] INFO  Factile_Mode.DGBP_HSB_TestCase_3 - At Modearter >> Game Board Color is=background-color: rgb(255, 255, 255);
12:40:36.712 [main] INFO  Factile_Mode.DGBP_HSB_TestCase_3 - At Modearter >> Question Tile Color & Dollar colour is=background-color: rgb(242, 184, 58); color: rgb(31, 31, 31);
12:40:36.730 [main] INFO  Factile_Mode.DGBP_HSB_TestCase_3 - At Modearter >> game category title color=color: rgb(135, 81, 232); font-size: 16px;
12:40:40.755 [main] INFO  Factile_Mode.DGBP_HSB_TestCase_3 - At player >> gameboard background image is>>background: url("https://factile-test-dynamic.s3.amazonaws.com/backgrounds/bg1605856109509pf88846.jpg");
12:40:40.772 [main] INFO  Factile_Mode.DGBP_HSB_TestCase_3 - At player >> gameboard gameboard colour is =>>background: rgb(255, 255, 255);
12:40:40.787 [main] INFO  Factile_Mode.DGBP_HSB_TestCase_3 - At player >>game tile color is =>>background: rgb(242, 184, 58);
12:40:40.804 [main] INFO  Factile_Mode.DGBP_HSB_TestCase_3 - At player >>Dollar colour is=>>color: rgb(31, 31, 31);
12:40:40.822 [main] INFO  Factile_Mode.DGBP_HSB_TestCase_3 - At Modearter >> game category Title color=color: rgb(135, 81, 232);
12:40:47.632 [main] INFO  Factile_Mode.DGBP_HSB_TestCase_4 - Driver is Initilize
12:40:50.682 [main] INFO  Factile_Mode.DGBP_HSB_TestCase_4 - Navigated to homePage
12:42:59.330 [main] INFO  Factile_Mode.DGBP_HSB_TestCase_4 - When unchecked from customization setting>>Twitter link is displaying
12:42:59.330 [main] INFO  Factile_Mode.DGBP_HSB_TestCase_4 - When unchecked from customization setting>>Pintrest link is displaying
12:43:06.116 [main] INFO  Factile_Mode.DGBP_HSB_TestCase_5 - Driver is Initilize
12:43:09.159 [main] INFO  Factile_Mode.DGBP_HSB_TestCase_5 - Navigated to homePage
12:46:07.972 [main] INFO  Factile_Mode.DGBP_HSB_TestCase_5 - SMO(Twiiter & Pintrest) Links not present on gameboard at moderater screen
12:46:14.832 [main] INFO  Factile_Mode.DGBP_HSB_TestCase_6 - Driver is Initilize
12:46:18.365 [main] INFO  Factile_Mode.DGBP_HSB_TestCase_6 - Navigated to homePage
12:46:34.882 [main] INFO  Factile_Mode.DGBP_HSB_TestCase_6 - At customization page>> UnCheck display exact case>> 
12:47:57.872 [main] INFO  Factile_Mode.DGBP_HSB_TestCase_6 - when unchecked from customization setting>>Exact case is not displayed
12:48:04.679 [main] INFO  Factile_Mode.DGBP_HSB_TestCase_7 - Driver is Initilize
12:48:07.636 [main] INFO  Factile_Mode.DGBP_HSB_TestCase_7 - Navigated to homePage
12:48:23.851 [main] INFO  Factile_Mode.DGBP_HSB_TestCase_7 - At customization page>> UnCheck display exact case>> 
12:51:17.227 [main] INFO  Factile_Mode.DGBP_HSB_TestCase_7 - when Checked from customization setting>>Exact case is  displayed
12:51:24.074 [main] INFO  Factile_Mode.DGBP_HSB_TestCase_8 - Driver is Initilize
12:51:27.117 [main] INFO  Factile_Mode.DGBP_HSB_TestCase_8 - Navigated to homePage
12:51:59.727 [main] INFO  Factile_Mode.DGBP_HSB_TestCase_8 - At customization page>> UnCheck Hide Category with Points>> 
12:53:52.737 [main] INFO  Factile_Mode.DGBP_HSB_TestCase_8 - category with points is =T3 FOR 100
12:53:59.574 [main] INFO  Factile_Mode.DGBP_HSB_TestCase_9 - Driver is Initilize
12:54:02.588 [main] INFO  Factile_Mode.DGBP_HSB_TestCase_9 - Navigated to homePage
