10:28:10.603 [main] INFO  Factile_Mode_v3.HideCategoryWithPoints - Navigated to homePage
10:38:25.736 [main] INFO  Factile_Mode_v3.HideCategoryWithPoints - Driver is Initilize
10:38:33.645 [main] INFO  Factile_Mode_v3.HideCategoryWithPoints - Navigated to homePage
11:54:42.655 [main] INFO  Factile_Mode_v3.HideCategoryWithPoints - Driver is Initilize
11:54:50.855 [main] INFO  Factile_Mode_v3.HideCategoryWithPoints - Navigated to homePage
11:55:27.487 [main] INFO  Factile_Mode_v3.HideCategoryWithPoints - Driver is Initilize
11:55:35.122 [main] INFO  Factile_Mode_v3.HideCategoryWithPoints - Navigated to homePage
12:07:46.842 [main] INFO  Factile_Mode_v3.HideCategoryWithPoints - Driver is Initilize
12:08:32.243 [main] INFO  Factile_Mode_v3.HideCategoryWithPoints - Navigated to homePage
12:19:23.145 [main] INFO  Factile_Mode_v3.HideCategoryWithPoints - Driver is Initilize
12:19:30.448 [main] INFO  Factile_Mode_v3.HideCategoryWithPoints - Navigated to homePage
12:20:52.857 [main] INFO  Factile_Mode_v3.HideCategoryWithPoints - Driver is Initilize
12:20:59.264 [main] INFO  Factile_Mode_v3.HideCategoryWithPoints - Navigated to homePage
15:47:03.854 [main] INFO  Factile_Mode_v3.GoProToSubscriptionHomeSchoolMonthlyData_Verify - Driver is Initilize
15:47:16.450 [main] INFO  Factile_Mode_v3.GoProToSubscriptionHomeSchoolMonthlyData_Verify - Navigated to homePage
15:48:22.711 [main] INFO  Factile_Mode_v3.GoProToSubscriptionHomeSchoolYearlyData_Verify - Driver is Initilize
15:48:34.045 [main] INFO  Factile_Mode_v3.GoProToSubscriptionHomeSchoolYearlyData_Verify - Navigated to homePage
15:49:30.450 [main] INFO  Factile_Mode_v3.GoProToSubscriptionBussinessMonthlyData_Verify - Driver is Initilize
15:49:43.601 [main] INFO  Factile_Mode_v3.GoProToSubscriptionBussinessMonthlyData_Verify - Navigated to homePage
15:50:39.607 [main] INFO  Factile_Mode_v3.GoProToSubscriptionBussinessYearlyData_Verify - Driver is Initilize
15:50:49.003 [main] INFO  Factile_Mode_v3.GoProToSubscriptionBussinessYearlyData_Verify - Navigated to homePage
15:51:37.193 [main] INFO  Factile_Mode_v3.Sign_UP - Driver is Initilize
15:51:44.082 [main] INFO  Factile_Mode_v3.Sign_UP - Navigated to homePage
15:52:15.176 [main] INFO  Factile_Mode_v3.Log_In - Driver is Initilize
15:52:20.955 [main] INFO  Factile_Mode_v3.Log_In - Navigated to homePage
15:52:23.378 [main] INFO  Factile_Mode_v3.Sign_Out - Driver is Initilize
15:52:30.686 [main] INFO  Factile_Mode_v3.Sign_Out - Navigated to homePage
15:52:50.238 [main] INFO  Factile_Mode_v3.ForgetPassword - Driver is Initilize
15:53:10.481 [main] INFO  Factile_Mode_v3.ForgetPassword - Navigated to homePage
15:54:41.389 [main] INFO  Factile_Mode_v3.TwoFactorAuthentication - Driver is Initilize
15:54:49.640 [main] INFO  Factile_Mode_v3.TwoFactorAuthentication - Navigated to homePage
15:55:38.457 [main] INFO  Factile_Mode_v3.ChangePassword - Driver is Initilize
15:55:46.394 [main] INFO  Factile_Mode_v3.ChangePassword - Navigated to homePage
15:56:04.407 [main] INFO  Factile_Mode_v3.Support_Form - Driver is Initilize
15:56:11.279 [main] INFO  Factile_Mode_v3.Support_Form - Navigated to homePage
15:56:27.838 [main] INFO  Factile_Mode_v3.DeleteAccount - Driver is Initilize
15:56:30.960 [main] INFO  Factile_Mode_v3.DeleteAccount - Navigated to homePage
15:57:01.957 [main] INFO  Factile_Mode_v3.HeaderMenuInFreeAccount - Driver is Initilize
15:57:08.267 [main] INFO  Factile_Mode_v3.HeaderMenuInFreeAccount - Navigated to homePage
15:57:17.923 [main] INFO  Factile_Mode_v3.HeaderMenuInPaidAccount - Driver is Initilize
15:57:24.277 [main] INFO  Factile_Mode_v3.HeaderMenuInPaidAccount - Navigated to homePage
15:57:31.004 [main] INFO  Factile_Mode_v3.PageNotFound_Links_at_HomePage - Driver is Initilize
15:57:34.527 [main] INFO  Factile_Mode_v3.PageNotFound_Links_at_HomePage - Navigated to homePage
16:02:58.792 [main] INFO  Factile_Mode_v3.NoOfGameAllowedToCreate_IN_FreeAccount - Driver is Initilize
16:03:05.680 [main] INFO  Factile_Mode_v3.NoOfGameAllowedToCreate_IN_FreeAccount - Navigated to homePage
16:05:01.408 [main] INFO  Factile_Mode_v3.Sign_UP - Driver is Initilize
16:05:08.449 [main] INFO  Factile_Mode_v3.Sign_UP - Navigated to homePage
16:05:38.470 [main] INFO  Factile_Mode_v3.Log_In - Driver is Initilize
16:05:44.065 [main] INFO  Factile_Mode_v3.Log_In - Navigated to homePage
16:05:47.256 [main] INFO  Factile_Mode_v3.Sign_Out - Driver is Initilize
16:05:50.757 [main] INFO  Factile_Mode_v3.Sign_Out - Navigated to homePage
16:06:05.280 [main] INFO  Factile_Mode_v3.ForgetPassword - Driver is Initilize
16:06:13.178 [main] INFO  Factile_Mode_v3.ForgetPassword - Navigated to homePage
16:07:37.087 [main] INFO  Factile_Mode_v3.TwoFactorAuthentication - Driver is Initilize
16:07:47.959 [main] INFO  Factile_Mode_v3.TwoFactorAuthentication - Navigated to homePage
16:08:32.295 [main] INFO  Factile_Mode_v3.ChangePassword - Driver is Initilize
16:08:38.982 [main] INFO  Factile_Mode_v3.ChangePassword - Navigated to homePage
