13:14:20.409 [main] INFO  Factile_Mode_v3.ChangePassword - Navigated to homePage
13:14:36.793 [main] INFO  Factile_Mode_v3.Support_Form - Driver is Initilize
13:14:44.488 [main] INFO  Factile_Mode_v3.Support_Form - Navigated to homePage
13:15:01.348 [main] INFO  Factile_Mode_v3.DeleteAccount - Driver is Initilize
13:15:06.275 [main] INFO  Factile_Mode_v3.DeleteAccount - Navigated to homePage
13:15:36.759 [main] INFO  Factile_Mode_v3.HeaderMenuInFreeAccount - Driver is Initilize
13:15:42.249 [main] INFO  Factile_Mode_v3.HeaderMenuInFreeAccount - Navigated to homePage
13:15:47.820 [main] INFO  Factile_Mode_v3.HeaderMenuInPaidAccount - Driver is Initilize
13:15:53.147 [main] INFO  Factile_Mode_v3.HeaderMenuInPaidAccount - Navigated to homePage
13:16:01.349 [main] INFO  Factile_Mode_v3.PageNotFound_Links_at_HomePage - Driver is Initilize
13:16:08.674 [main] INFO  Factile_Mode_v3.PageNotFound_Links_at_HomePage - Navigated to homePage
13:30:36.128 [main] INFO  Factile_Mode_v3.GoProToSubscriptionHomeSchoolMonthlyData_Verify - Driver is Initilize
13:30:42.987 [main] INFO  Factile_Mode_v3.GoProToSubscriptionHomeSchoolMonthlyData_Verify - Navigated to homePage
13:31:29.878 [main] INFO  Factile_Mode_v3.GoProToSubscriptionHomeSchoolYearlyData_Verify - Driver is Initilize
13:31:36.370 [main] INFO  Factile_Mode_v3.GoProToSubscriptionHomeSchoolYearlyData_Verify - Navigated to homePage
13:32:25.236 [main] INFO  Factile_Mode_v3.GoProToSubscriptionBussinessMonthlyData_Verify - Driver is Initilize
13:32:31.771 [main] INFO  Factile_Mode_v3.GoProToSubscriptionBussinessMonthlyData_Verify - Navigated to homePage
13:33:31.606 [main] INFO  Factile_Mode_v3.GoProToSubscriptionBussinessYearlyData_Verify - Driver is Initilize
13:33:44.548 [main] INFO  Factile_Mode_v3.GoProToSubscriptionBussinessYearlyData_Verify - Navigated to homePage
13:34:53.984 [main] INFO  Factile_Mode_v3.Sign_UP - Driver is Initilize
13:35:01.619 [main] INFO  Factile_Mode_v3.Sign_UP - Navigated to homePage
13:35:29.489 [main] INFO  Factile_Mode_v3.Log_In - Driver is Initilize
13:35:36.507 [main] INFO  Factile_Mode_v3.Log_In - Navigated to homePage
13:35:39.328 [main] INFO  Factile_Mode_v3.Sign_Out - Driver is Initilize
13:35:45.000 [main] INFO  Factile_Mode_v3.Sign_Out - Navigated to homePage
13:36:00.190 [main] INFO  Factile_Mode_v3.ForgetPassword - Driver is Initilize
13:36:08.939 [main] INFO  Factile_Mode_v3.ForgetPassword - Navigated to homePage
13:36:47.906 [main] INFO  Factile_Mode_v3.TwoFactorAuthentication - Driver is Initilize
13:36:54.673 [main] INFO  Factile_Mode_v3.TwoFactorAuthentication - Navigated to homePage
13:37:40.800 [main] INFO  Factile_Mode_v3.ChangePassword - Driver is Initilize
13:37:46.261 [main] INFO  Factile_Mode_v3.ChangePassword - Navigated to homePage
13:38:04.006 [main] INFO  Factile_Mode_v3.Support_Form - Driver is Initilize
13:38:10.440 [main] INFO  Factile_Mode_v3.Support_Form - Navigated to homePage
13:38:27.736 [main] INFO  Factile_Mode_v3.DeleteAccount - Driver is Initilize
13:38:32.847 [main] INFO  Factile_Mode_v3.DeleteAccount - Navigated to homePage
13:39:05.733 [main] INFO  Factile_Mode_v3.HeaderMenuInFreeAccount - Driver is Initilize
13:39:13.736 [main] INFO  Factile_Mode_v3.HeaderMenuInFreeAccount - Navigated to homePage
13:39:22.219 [main] INFO  Factile_Mode_v3.HeaderMenuInPaidAccount - Driver is Initilize
13:39:26.873 [main] INFO  Factile_Mode_v3.HeaderMenuInPaidAccount - Navigated to homePage
13:39:32.518 [main] INFO  Factile_Mode_v3.PageNotFound_Links_at_HomePage - Driver is Initilize
13:39:40.168 [main] INFO  Factile_Mode_v3.PageNotFound_Links_at_HomePage - Navigated to homePage
13:49:14.648 [main] INFO  Factile_Mode_v3.PageNotFound_Links_at_HomePage - Driver is Initilize
13:49:23.212 [main] INFO  Factile_Mode_v3.PageNotFound_Links_at_HomePage - Navigated to homePage
13:58:19.583 [main] INFO  Factile_Mode_v3.PageNotFound_Links_at_HomePage - Driver is Initilize
13:58:26.137 [main] INFO  Factile_Mode_v3.PageNotFound_Links_at_HomePage - Navigated to homePage
14:03:08.786 [main] INFO  Factile_Mode_v3.PageNotFound_Links_at_HomePage - Driver is Initilize
14:03:16.531 [main] INFO  Factile_Mode_v3.PageNotFound_Links_at_HomePage - Navigated to homePage
14:08:32.622 [main] INFO  Factile_Mode_v3.PageNotFound_Links_at_HomePage - Driver is Initilize
14:08:41.066 [main] INFO  Factile_Mode_v3.PageNotFound_Links_at_HomePage - Navigated to homePage
14:13:05.513 [main] INFO  Factile_Mode_v3.PageNotFound_Links_at_HomePage - Driver is Initilize
14:13:12.785 [main] INFO  Factile_Mode_v3.PageNotFound_Links_at_HomePage - Navigated to homePage
14:17:34.659 [main] INFO  Factile_Mode_v3.PageNotFound_Links_at_HomePage - Driver is Initilize
14:17:41.393 [main] INFO  Factile_Mode_v3.PageNotFound_Links_at_HomePage - Navigated to homePage
14:30:11.622 [main] INFO  Factile_Mode_v3.PageNotFound_Links_at_HomePage - Driver is Initilize
14:30:18.439 [main] INFO  Factile_Mode_v3.PageNotFound_Links_at_HomePage - Navigated to homePage
