07:08:36.972 [main] INFO  Factile_Mode_v3.Sign_UP - Navigated to homePage
07:08:45.049 [main] INFO  Factile_Mode_v3.Log_In - Driver is Initilize
07:08:50.017 [main] INFO  Factile_Mode_v3.Log_In - Navigated to homePage
07:08:52.693 [main] INFO  Factile_Mode_v3.Sign_Out - Driver is Initilize
07:08:57.817 [main] INFO  Factile_Mode_v3.Sign_Out - Navigated to homePage
07:09:08.608 [main] INFO  Factile_Mode_v3.ForgetPassword - Driver is Initilize
07:09:13.611 [main] INFO  Factile_Mode_v3.ForgetPassword - Navigated to homePage
07:09:46.974 [main] INFO  Factile_Mode_v3.TwoFactorAuthentication - Driver is Initilize
07:09:51.985 [main] INFO  Factile_Mode_v3.TwoFactorAuthentication - Navigated to homePage
07:10:36.020 [main] INFO  Factile_Mode_v3.ChangePassword - Driver is Initilize
07:10:41.082 [main] INFO  Factile_Mode_v3.ChangePassword - Navigated to homePage
07:10:55.056 [main] INFO  Factile_Mode_v3.Support_Form - Driver is Initilize
07:11:00.014 [main] INFO  Factile_Mode_v3.Support_Form - Navigated to homePage
07:11:13.874 [main] INFO  Factile_Mode_v3.DeleteAccount - Driver is Initilize
07:11:18.897 [main] INFO  Factile_Mode_v3.DeleteAccount - Navigated to homePage
07:11:37.549 [main] INFO  Factile_Mode_v3.HeaderMenuInFreeAccount - Driver is Initilize
07:11:42.582 [main] INFO  Factile_Mode_v3.HeaderMenuInFreeAccount - Navigated to homePage
07:11:48.098 [main] INFO  Factile_Mode_v3.HeaderMenuInPaidAccount - Driver is Initilize
07:11:53.151 [main] INFO  Factile_Mode_v3.HeaderMenuInPaidAccount - Navigated to homePage
07:11:58.620 [main] INFO  Factile_Mode_v3.PageNotFound_Links_at_HomePage - Driver is Initilize
07:12:03.836 [main] INFO  Factile_Mode_v3.PageNotFound_Links_at_HomePage - Navigated to homePage
07:15:25.082 [main] INFO  Factile_Mode_v3.GoProToSubscriptionHomeSchoolMonthlyData_Verify - Driver is Initilize
07:15:28.605 [main] INFO  Factile_Mode_v3.GoProToSubscriptionHomeSchoolMonthlyData_Verify - Navigated to homePage
07:15:59.893 [main] INFO  Factile_Mode_v3.GoProToSubscriptionHomeSchoolYearlyData_Verify - Driver is Initilize
07:16:03.999 [main] INFO  Factile_Mode_v3.GoProToSubscriptionHomeSchoolYearlyData_Verify - Navigated to homePage
07:16:31.225 [main] INFO  Factile_Mode_v3.GoProToSubscriptionBussinessMonthlyData_Verify - Driver is Initilize
07:16:35.155 [main] INFO  Factile_Mode_v3.GoProToSubscriptionBussinessMonthlyData_Verify - Navigated to homePage
07:17:04.781 [main] INFO  Factile_Mode_v3.GoProToSubscriptionBussinessYearlyData_Verify - Driver is Initilize
07:17:08.972 [main] INFO  Factile_Mode_v3.GoProToSubscriptionBussinessYearlyData_Verify - Navigated to homePage
07:34:59.833 [main] INFO  Factile_Mode_v3.Sign_UP - Driver is Initilize
07:35:05.859 [main] INFO  Factile_Mode_v3.Sign_UP - Navigated to homePage
07:35:13.897 [main] INFO  Factile_Mode_v3.Log_In - Driver is Initilize
07:35:19.130 [main] INFO  Factile_Mode_v3.Log_In - Navigated to homePage
07:35:21.723 [main] INFO  Factile_Mode_v3.Sign_Out - Driver is Initilize
07:35:26.632 [main] INFO  Factile_Mode_v3.Sign_Out - Navigated to homePage
07:35:37.435 [main] INFO  Factile_Mode_v3.ForgetPassword - Driver is Initilize
07:35:42.676 [main] INFO  Factile_Mode_v3.ForgetPassword - Navigated to homePage
07:36:15.161 [main] INFO  Factile_Mode_v3.TwoFactorAuthentication - Driver is Initilize
07:36:20.567 [main] INFO  Factile_Mode_v3.TwoFactorAuthentication - Navigated to homePage
07:37:04.758 [main] INFO  Factile_Mode_v3.ChangePassword - Driver is Initilize
07:37:09.868 [main] INFO  Factile_Mode_v3.ChangePassword - Navigated to homePage
07:37:23.929 [main] INFO  Factile_Mode_v3.Support_Form - Driver is Initilize
07:37:29.133 [main] INFO  Factile_Mode_v3.Support_Form - Navigated to homePage
07:37:43.143 [main] INFO  Factile_Mode_v3.DeleteAccount - Driver is Initilize
07:37:48.037 [main] INFO  Factile_Mode_v3.DeleteAccount - Navigated to homePage
07:38:07.477 [main] INFO  Factile_Mode_v3.HeaderMenuInFreeAccount - Driver is Initilize
07:38:12.515 [main] INFO  Factile_Mode_v3.HeaderMenuInFreeAccount - Navigated to homePage
07:38:18.000 [main] INFO  Factile_Mode_v3.HeaderMenuInPaidAccount - Driver is Initilize
07:38:22.953 [main] INFO  Factile_Mode_v3.HeaderMenuInPaidAccount - Navigated to homePage
07:38:28.557 [main] INFO  Factile_Mode_v3.PageNotFound_Links_at_HomePage - Driver is Initilize
07:38:33.408 [main] INFO  Factile_Mode_v3.PageNotFound_Links_at_HomePage - Navigated to homePage
07:42:09.584 [main] INFO  Factile_Mode_v3.GoProToSubscriptionHomeSchoolMonthlyData_Verify - Driver is Initilize
07:42:14.513 [main] INFO  Factile_Mode_v3.GoProToSubscriptionHomeSchoolMonthlyData_Verify - Navigated to homePage
07:42:45.962 [main] INFO  Factile_Mode_v3.GoProToSubscriptionHomeSchoolYearlyData_Verify - Driver is Initilize
07:42:50.828 [main] INFO  Factile_Mode_v3.GoProToSubscriptionHomeSchoolYearlyData_Verify - Navigated to homePage
07:43:19.379 [main] INFO  Factile_Mode_v3.GoProToSubscriptionBussinessMonthlyData_Verify - Driver is Initilize
