16:06:05.416 [main] INFO  Factile_Mode.DGBP_HSB_TestCase_16 - Game_Point_Symbol_$_After is working fine
16:07:04.029 [main] INFO  Factile_Mode.DGBP_HSB_TestCase_17 - Driver is Initilize
16:07:04.961 [main] INFO  Factile_Mode.DGBP_HSB_TestCase_17 - Navigated to homePage
16:09:44.908 [main] INFO  Factile_Mode.DGBP_HSB_TestCase_17 - Game_Point_Symbol_€_After is working fine
16:23:16.264 [main] INFO  Factile_Mode.DGBP_HSB_TestCase_20 - Driver is Initilize
16:23:17.698 [main] INFO  Factile_Mode.DGBP_HSB_TestCase_20 - Navigated to homePage
16:25:31.488 [main] INFO  Factile_Mode.DGBP_HSB_TestCase_20 - Driver is Initilize
16:25:32.293 [main] INFO  Factile_Mode.DGBP_HSB_TestCase_20 - Navigated to homePage
16:29:15.534 [main] INFO  Factile_Mode.DGBP_HSB_TestCase_20 - Driver is Initilize
16:29:16.251 [main] INFO  Factile_Mode.DGBP_HSB_TestCase_20 - Navigated to homePage
16:37:19.849 [main] INFO  Factile_Mode.DGBP_HSB_TestCase_22 - Driver is Initilize
16:37:20.968 [main] INFO  Factile_Mode.DGBP_HSB_TestCase_22 - Navigated to homePage
16:37:40.504 [main] INFO  Factile_Mode.DGBP_HSB_TestCase_22 - At customization page>> >>Show skip answer is selected 
16:45:19.185 [main] INFO  Factile_Mode.DGBP_HSB_TestCase_23 - Driver is Initilize
16:45:20.161 [main] INFO  Factile_Mode.DGBP_HSB_TestCase_23 - Navigated to homePage
16:45:42.187 [main] INFO  Factile_Mode.DGBP_HSB_TestCase_23 - At customization page>> >>Show Final Factile Category Hint at Wager Time is checked
18:32:18.321 [main] INFO  Factile_Mode.DGBP_HSB_TestCase_15 - Driver is Initilize
18:32:19.269 [main] INFO  Factile_Mode.DGBP_HSB_TestCase_15 - Navigated to homePage
18:32:43.204 [main] INFO  Factile_Mode.DGBP_HSB_TestCase_15 - At customization page>> Play as Numbered Tiles instead of Jeopardy-style is checked >> 
18:33:53.547 [main] INFO  Factile_Mode.DGBP_HSB_TestCase_15 - Game_Point_Symbol_$_Before is working fine
18:34:00.524 [main] INFO  Factile_Mode.DGBP_HSB_TestCase_16 - Driver is Initilize
18:34:01.473 [main] INFO  Factile_Mode.DGBP_HSB_TestCase_16 - Navigated to homePage
18:36:40.639 [main] INFO  Factile_Mode.DGBP_HSB_TestCase_16 - Game_Point_Symbol_$_After is working fine
18:36:47.391 [main] INFO  Factile_Mode.DGBP_HSB_TestCase_17 - Driver is Initilize
18:36:48.347 [main] INFO  Factile_Mode.DGBP_HSB_TestCase_17 - Navigated to homePage
18:39:28.195 [main] INFO  Factile_Mode.DGBP_HSB_TestCase_17 - Game_Point_Symbol_€_After is working fine
18:39:34.923 [main] INFO  Factile_Mode.DGBP_HSB_TestCase_18 - Driver is Initilize
18:39:35.859 [main] INFO  Factile_Mode.DGBP_HSB_TestCase_18 - Navigated to homePage
18:42:15.259 [main] INFO  Factile_Mode.DGBP_HSB_TestCase_18 - Game_Point_Symbol_€_Before is working fine
18:42:22.276 [main] INFO  Factile_Mode.DGBP_HSB_TestCase_19 - Driver is Initilize
18:42:24.462 [main] INFO  Factile_Mode.DGBP_HSB_TestCase_19 - Navigated to homePage
18:44:49.956 [main] INFO  Factile_Mode.DGBP_HSB_TestCase_20 - Driver is Initilize
18:44:50.840 [main] INFO  Factile_Mode.DGBP_HSB_TestCase_20 - Navigated to homePage
18:47:16.182 [main] INFO  Factile_Mode.DGBP_HSB_TestCase_21 - Driver is Initilize
18:47:17.124 [main] INFO  Factile_Mode.DGBP_HSB_TestCase_21 - Navigated to homePage
18:47:29.177 [main] INFO  Factile_Mode.DGBP_HSB_TestCase_21 - At customization page>> >>Show skip answer is selected 
18:49:30.282 [main] INFO  Factile_Mode.DGBP_HSB_TestCase_22 - Driver is Initilize
18:49:31.773 [main] INFO  Factile_Mode.DGBP_HSB_TestCase_22 - Navigated to homePage
18:49:51.047 [main] INFO  Factile_Mode.DGBP_HSB_TestCase_22 - At customization page>> >>Show skip answer is selected 
18:57:52.066 [main] INFO  Factile_Mode.DGBP_HSB_TestCase_23 - Driver is Initilize
18:57:52.980 [main] INFO  Factile_Mode.DGBP_HSB_TestCase_23 - Navigated to homePage
18:58:15.300 [main] INFO  Factile_Mode.DGBP_HSB_TestCase_23 - At customization page>> >>Show Final Factile Category Hint at Wager Time is checked
19:00:29.580 [main] INFO  Factile_Mode.DGBP_HSB_TestCase_24 - Driver is Initilize
19:00:30.762 [main] INFO  Factile_Mode.DGBP_HSB_TestCase_24 - Navigated to homePage
19:00:53.698 [main] INFO  Factile_Mode.DGBP_HSB_TestCase_24 - At customization page>> >>Allow multiple team to answer is checked at global setting
19:04:22.741 [main] INFO  Factile_Mode.DGBP_HSB_TestCase_25 - Driver is Initilize
19:04:23.603 [main] INFO  Factile_Mode.DGBP_HSB_TestCase_25 - Navigated to homePage
19:04:46.439 [main] INFO  Factile_Mode.DGBP_HSB_TestCase_25 - At customization page>> >>Allow multiple user to answer is unchecked at global setting
19:05:04.885 [main] INFO  Factile_Mode.DGBP_HSB_TestCase_19 - Driver is Initilize
19:05:05.596 [main] INFO  Factile_Mode.DGBP_HSB_TestCase_19 - Navigated to homePage
19:15:52.270 [main] INFO  Factile_Mode.DGBP_HSB_TestCase_19 - Driver is Initilize
19:15:53.199 [main] INFO  Factile_Mode.DGBP_HSB_TestCase_19 - Navigated to homePage
19:28:22.753 [main] INFO  Factile_Mode.DGBP_HSB_TestCase_19 - Driver is Initilize
