13:22:34.848 [main] INFO  Factile_Mode.DGBP_HSB_TestCase_16 - Navigated to homePage
13:25:14.985 [main] INFO  Factile_Mode.DGBP_HSB_TestCase_16 - Driver is Initilize
13:25:19.002 [main] INFO  Factile_Mode.DGBP_HSB_TestCase_16 - Navigated to homePage
13:29:23.618 [main] INFO  Factile_Mode.DGBP_HSB_TestCase_16 - Driver is Initilize
13:29:27.194 [main] INFO  Factile_Mode.DGBP_HSB_TestCase_16 - Navigated to homePage
13:35:28.879 [main] INFO  Factile_Mode.DGBP_HSB_TestCase_16 - Driver is Initilize
13:35:32.723 [main] INFO  Factile_Mode.DGBP_HSB_TestCase_16 - Navigated to homePage
13:41:06.989 [main] INFO  Factile_Mode.DGBP_HSB_TestCase_16 - Driver is Initilize
13:41:12.293 [main] INFO  Factile_Mode.DGBP_HSB_TestCase_16 - Navigated to homePage
13:43:59.691 [main] INFO  Factile_Mode.DGBP_HSB_TestCase_16 - JGame_Point_Symbol_$_After is working fine
14:41:58.794 [main] INFO  Factile_Mode.DGBP_HSB_TestCase_15 - Driver is Initilize
14:42:02.648 [main] INFO  Factile_Mode.DGBP_HSB_TestCase_15 - Navigated to homePage
14:42:30.711 [main] INFO  Factile_Mode.DGBP_HSB_TestCase_15 - At customization page>> Play as Numbered Tiles instead of Jeopardy-style is checked >> 
14:44:45.809 [main] INFO  Factile_Mode.DGBP_HSB_TestCase_15 - JGame_Point_Symbol_$_Before is working fine
17:57:41.381 [main] INFO  Factile_Mode.DGBP_HSB_TestCase_15 - Driver is Initilize
17:57:45.012 [main] INFO  Factile_Mode.DGBP_HSB_TestCase_15 - Navigated to homePage
17:58:12.640 [main] INFO  Factile_Mode.DGBP_HSB_TestCase_15 - At customization page>> Play as Numbered Tiles instead of Jeopardy-style is checked >> 
18:00:27.284 [main] INFO  Factile_Mode.DGBP_HSB_TestCase_15 - JGame_Point_Symbol_$_Before is working fine
18:08:29.651 [main] INFO  Factile_Mode.DGBP_HSB_TestCase_15 - Driver is Initilize
18:08:33.352 [main] INFO  Factile_Mode.DGBP_HSB_TestCase_15 - Navigated to homePage
18:08:58.361 [main] INFO  Factile_Mode.DGBP_HSB_TestCase_15 - At customization page>> Play as Numbered Tiles instead of Jeopardy-style is checked >> 
18:17:57.767 [main] INFO  Factile_Mode.DGBP_HSB_TestCase_15 - Driver is Initilize
18:18:01.436 [main] INFO  Factile_Mode.DGBP_HSB_TestCase_15 - Navigated to homePage
18:18:27.349 [main] INFO  Factile_Mode.DGBP_HSB_TestCase_15 - At customization page>> Play as Numbered Tiles instead of Jeopardy-style is checked >> 
18:20:52.270 [main] INFO  Factile_Mode.DGBP_HSB_TestCase_15 - Driver is Initilize
18:20:56.064 [main] INFO  Factile_Mode.DGBP_HSB_TestCase_15 - Navigated to homePage
18:21:20.580 [main] INFO  Factile_Mode.DGBP_HSB_TestCase_15 - At customization page>> Play as Numbered Tiles instead of Jeopardy-style is checked >> 
18:24:04.052 [main] INFO  Factile_Mode.DGBP_HSB_TestCase_15 - Driver is Initilize
18:24:08.103 [main] INFO  Factile_Mode.DGBP_HSB_TestCase_15 - Navigated to homePage
18:24:33.252 [main] INFO  Factile_Mode.DGBP_HSB_TestCase_15 - At customization page>> Play as Numbered Tiles instead of Jeopardy-style is checked >> 
18:28:52.323 [main] INFO  Factile_Mode.DGBP_HSB_TestCase_15 - Driver is Initilize
18:28:55.935 [main] INFO  Factile_Mode.DGBP_HSB_TestCase_15 - Navigated to homePage
18:29:39.016 [main] INFO  Factile_Mode.DGBP_HSB_TestCase_15 - At customization page>> Play as Numbered Tiles instead of Jeopardy-style is checked >> 
18:31:58.792 [main] INFO  Factile_Mode.DGBP_HSB_TestCase_15 - JGame_Point_Symbol_$_Before is working fine
12:25:21.954 [main] INFO  Factile_Mode.DGBM_B_TestCase_21 - Driver is Initilize
12:25:28.055 [main] INFO  Factile_Mode.DGBM_B_TestCase_21 - Navigated to homePage
12:27:57.903 [main] INFO  Factile_Mode.DGBM_B_TestCase_21 - Left logo is present>>=factile
12:28:31.607 [main] INFO  Factile_Mode.DGBM_B_TestCase_21 - Driver is Initilize
12:28:37.903 [main] INFO  Factile_Mode.DGBM_B_TestCase_21 - Navigated to homePage
12:31:10.228 [main] INFO  Factile_Mode.DGBM_B_TestCase_21 - Left logo is present>>=factile
12:32:10.148 [main] INFO  Factile_Mode.DGB_B_TestCase_21 - Driver is Initilize
12:32:13.888 [main] INFO  Factile_Mode.DGB_B_TestCase_21 - Navigated to homePage
12:34:46.717 [main] INFO  Factile_Mode.DGB_B_TestCase_21 - Left logo is present>>=factile
12:37:46.831 [main] INFO  Factile_Mode.DGB_B_TestCase_21 - Driver is Initilize
12:37:50.509 [main] INFO  Factile_Mode.DGB_B_TestCase_21 - Navigated to homePage
13:01:24.242 [main] INFO  Factile_Mode.DGB_B_TestCase_21 - Driver is Initilize
13:01:28.168 [main] INFO  Factile_Mode.DGB_B_TestCase_21 - Navigated to homePage
13:06:03.920 [main] INFO  Factile_Mode.DGB_B_TestCase_21 - Driver is Initilize
13:06:07.645 [main] INFO  Factile_Mode.DGB_B_TestCase_21 - Navigated to homePage
13:10:33.841 [main] INFO  Factile_Mode.DGB_B_TestCase_21 - Driver is Initilize
13:10:37.627 [main] INFO  Factile_Mode.DGB_B_TestCase_21 - Navigated to homePage
13:15:09.112 [main] INFO  Factile_Mode.DGB_B_TestCase_21 - Driver is Initilize
13:15:12.957 [main] INFO  Factile_Mode.DGB_B_TestCase_21 - Navigated to homePage
13:17:54.309 [main] INFO  Factile_Mode.DGB_B_TestCase_21 - Driver is Initilize
