15:33:06.798 [main] INFO  Factile_Mode.DGBP_HSB_TestCase_5 - Driver is Initilize
15:33:11.291 [main] INFO  Factile_Mode.DGBP_HSB_TestCase_5 - Navigated to homePage
15:35:01.392 [main] INFO  Factile_Mode.DGBP_HSB_TestCase_5 - SMO(Twiiter & Pintrest) Links not present on gameboard at moderater screen
15:35:08.362 [main] INFO  Factile_Mode.DGBP_HSB_TestCase_6 - Driver is Initilize
15:35:13.102 [main] INFO  Factile_Mode.DGBP_HSB_TestCase_6 - Navigated to homePage
15:36:03.805 [main] INFO  Factile_Mode.DGBP_HSB_TestCase_7 - Driver is Initilize
15:36:08.661 [main] INFO  Factile_Mode.DGBP_HSB_TestCase_7 - Navigated to homePage
15:36:27.749 [main] INFO  Factile_Mode.DGBP_HSB_TestCase_7 - At customization page>> UnCheck display exact case>> 
15:37:17.326 [main] INFO  Factile_Mode.DGBP_HSB_TestCase_8 - Driver is Initilize
15:37:21.867 [main] INFO  Factile_Mode.DGBP_HSB_TestCase_8 - Navigated to homePage
15:37:39.383 [main] INFO  Factile_Mode.DGBP_HSB_TestCase_8 - At customization page>> UnCheck Hide Category with Points>> 
15:38:44.332 [main] INFO  Factile_Mode.DGBP_HSB_TestCase_8 - category with points is =T3 FOR 100
15:38:51.153 [main] INFO  Factile_Mode.DGBP_HSB_TestCase_9 - Driver is Initilize
15:38:55.778 [main] INFO  Factile_Mode.DGBP_HSB_TestCase_9 - Navigated to homePage
15:39:16.745 [main] INFO  Factile_Mode.DGBP_HSB_TestCase_9 - At customization page>> Check Hide Category with Points>> 
15:40:47.259 [main] INFO  Factile_Mode.DGBP_HSB_TestCase_10 - Driver is Initilize
15:40:51.673 [main] INFO  Factile_Mode.DGBP_HSB_TestCase_10 - Navigated to homePage
15:41:07.699 [main] INFO  Factile_Mode.DGBP_HSB_TestCase_10 - At customization page>> Check Diaplay Answer button>> 
15:43:25.691 [main] INFO  Factile_Mode.DGBP_HSB_TestCase_10 - Display answer is working fine
15:43:32.651 [main] INFO  Factile_Mode.DGBP_HSB_TestCase_11 - Driver is Initilize
15:43:37.415 [main] INFO  Factile_Mode.DGBP_HSB_TestCase_11 - Navigated to homePage
15:44:02.899 [main] INFO  Factile_Mode.DGBP_HSB_TestCase_11 - At customization page>> UNCheck Turn off tag name>> 
15:45:23.380 [main] INFO  Factile_Mode.DGBP_HSB_TestCase_11 - Display Tag name is working fine
15:45:30.211 [main] INFO  Factile_Mode.DGBP_HSB_TestCase_12 - Driver is Initilize
15:45:34.938 [main] INFO  Factile_Mode.DGBP_HSB_TestCase_12 - Navigated to homePage
15:46:52.886 [main] INFO  Factile_Mode.DGBP_HSB_TestCase_12 - At customization page>> Check Turn off tag name>> 
15:47:02.742 [main] INFO  Factile_Mode.DGBP_HSB_TestCase_12 - Tag name turn off is working fine
15:48:52.020 [main] INFO  Factile_Mode.DGBP_HSB_TestCase_12 - Tag name turn off is working fine
15:48:58.916 [main] INFO  Factile_Mode.DGBP_HSB_TestCase_13 - Driver is Initilize
15:49:03.458 [main] INFO  Factile_Mode.DGBP_HSB_TestCase_13 - Navigated to homePage
15:49:36.001 [main] INFO  Factile_Mode.DGBP_HSB_TestCase_14 - Driver is Initilize
15:49:41.549 [main] INFO  Factile_Mode.DGBP_HSB_TestCase_14 - Navigated to homePage
15:50:19.989 [main] INFO  Factile_Mode.DGBP_HSB_TestCase_14 - At customization page>> Play as Numbered Tiles instead of Jeopardy-style is checked >> 
15:51:15.670 [main] INFO  Factile_Mode.DGBP_HSB_TestCase_14 -  Play as Numbered Tiles instead of Jeopardy-style is working fine 
15:51:22.540 [main] INFO  Factile_Mode.DGBP_HSB_TestCase_15 - Driver is Initilize
15:51:27.764 [main] INFO  Factile_Mode.DGBP_HSB_TestCase_15 - Navigated to homePage
15:52:02.183 [main] INFO  Factile_Mode.DGBP_HSB_TestCase_15 - At customization page>> Play as Numbered Tiles instead of Jeopardy-style is checked >> 
15:53:16.461 [main] INFO  Factile_Mode.DGBP_HSB_TestCase_16 - Driver is Initilize
15:53:21.168 [main] INFO  Factile_Mode.DGBP_HSB_TestCase_16 - Navigated to homePage
15:54:21.067 [main] INFO  Factile_Mode.DGBP_HSB_TestCase_17 - Driver is Initilize
15:54:25.867 [main] INFO  Factile_Mode.DGBP_HSB_TestCase_17 - Navigated to homePage
15:57:05.457 [main] INFO  Factile_Mode.DGBP_HSB_TestCase_17 - JGame_Point_Symbol_€_After is working fine
15:57:12.248 [main] INFO  Factile_Mode.DGBP_HSB_TestCase_18 - Driver is Initilize
15:57:18.122 [main] INFO  Factile_Mode.DGBP_HSB_TestCase_18 - Navigated to homePage
16:00:03.902 [main] INFO  Factile_Mode.DGBP_HSB_TestCase_18 - JGame_Point_Symbol_€_Before is working fine
16:12:28.645 [main] INFO  Factile_Mode.DGBP_HSB_TestCase_19 - Driver is Initilize
16:12:33.384 [main] INFO  Factile_Mode.DGBP_HSB_TestCase_19 - Navigated to homePage
16:18:42.484 [main] INFO  Factile_Mode.DGBP_HSB_TestCase_19 - Driver is Initilize
16:18:49.860 [main] INFO  Factile_Mode.DGBP_HSB_TestCase_19 - Navigated to homePage
17:35:10.004 [main] INFO  Factile_Mode.DGBM_B_TestCase_1 - Driver is Initilize
17:35:14.785 [main] INFO  Factile_Mode.DGBM_B_TestCase_1 - Navigated to homePage
17:36:20.558 [main] INFO  Factile_Mode.DGBM_B_TestCase_1 - Left logo is present>>=factile
17:36:30.717 [main] INFO  Factile_Mode.DGBP_B_TestCase_2 - Driver is Initilize
17:36:35.885 [main] INFO  Factile_Mode.DGBP_B_TestCase_2 - Navigated to homePage
