13:38:11.411 [main] INFO  Factile_Mode.DGBP_HSB_TestCase_11 - Display Tag name is working fine
13:39:57.139 [main] INFO  Factile_Mode.DGBP_HSB_TestCase_10 - Driver is Initilize
13:39:57.870 [main] INFO  Factile_Mode.DGBP_HSB_TestCase_10 - Navigated to homePage
13:40:07.761 [main] INFO  Factile_Mode.DGBP_HSB_TestCase_10 - At customization page>> Check Diaplay Answer button>> 
13:41:17.474 [main] INFO  Factile_Mode.DGBP_HSB_TestCase_10 - Display answer is working fine
14:02:44.422 [main] INFO  Factile_Mode.DGBM_B_TestCase_1 - Driver is Initilize
14:02:45.806 [main] INFO  Factile_Mode.DGBM_B_TestCase_1 - Navigated to homePage
14:08:37.699 [main] INFO  Factile_Mode.DGBM_B_TestCase_1 - Driver is Initilize
14:08:38.389 [main] INFO  Factile_Mode.DGBM_B_TestCase_1 - Navigated to homePage
14:13:24.420 [main] INFO  Factile_Mode.DGBM_B_TestCase_1 - Driver is Initilize
14:13:25.060 [main] INFO  Factile_Mode.DGBM_B_TestCase_1 - Navigated to homePage
14:17:31.038 [main] INFO  Factile_Mode.DGBM_B_TestCase_1 - Driver is Initilize
14:17:31.831 [main] INFO  Factile_Mode.DGBM_B_TestCase_1 - Navigated to homePage
14:22:15.057 [main] INFO  Factile_Mode.DGBM_B_TestCase_1 - Driver is Initilize
14:22:15.803 [main] INFO  Factile_Mode.DGBM_B_TestCase_1 - Navigated to homePage
14:24:36.707 [main] INFO  Factile_Mode.DGBM_B_TestCase_1 - Left logo is present>>=factile
14:38:04.666 [main] INFO  Factile_Mode.DGBP_HSB_TestCase_3 - Driver is Initilize
14:38:05.472 [main] INFO  Factile_Mode.DGBP_HSB_TestCase_3 - Navigated to homePage
14:40:35.531 [main] INFO  Factile_Mode.DGBP_HSB_TestCase_3 - Background image is successfully loaded at gameboard, image url is= background: url("https://factile-dynamic.s3.amazonaws.com/backgrounds/bg1611565769303pf91997.jpg");
14:40:35.551 [main] INFO  Factile_Mode.DGBP_HSB_TestCase_3 - At Modearter >> Game Board Color is=background-color: rgb(255, 255, 255);
14:40:35.578 [main] INFO  Factile_Mode.DGBP_HSB_TestCase_3 - At Modearter >> Question Tile Color & Dollar colour is=background-color: rgb(242, 184, 58); color: rgb(31, 31, 31);
14:40:35.600 [main] INFO  Factile_Mode.DGBP_HSB_TestCase_3 - At Modearter >> game category title color=color: rgb(135, 81, 232); font-size: 16px;
14:40:39.631 [main] INFO  Factile_Mode.DGBP_HSB_TestCase_3 - At player >> gameboard background image is>>background: url("https://factile-dynamic.s3.amazonaws.com/backgrounds/bg1611565769303pf91997.jpg");
14:40:39.649 [main] INFO  Factile_Mode.DGBP_HSB_TestCase_3 - At player >> gameboard gameboard colour is =>>background: rgb(255, 255, 255);
14:40:39.667 [main] INFO  Factile_Mode.DGBP_HSB_TestCase_3 - At player >>game tile color is =>>background: rgb(242, 184, 58);
14:40:39.688 [main] INFO  Factile_Mode.DGBP_HSB_TestCase_3 - At player >>Dollar colour is=>>color: rgb(31, 31, 31);
14:40:39.708 [main] INFO  Factile_Mode.DGBP_HSB_TestCase_3 - At Modearter >> game category Title color=color: rgb(135, 81, 232);
14:46:24.553 [main] INFO  Factile_Mode.DGBM_B_TestCase_1 - Driver is Initilize
14:46:25.463 [main] INFO  Factile_Mode.DGBM_B_TestCase_1 - Navigated to homePage
14:48:47.096 [main] INFO  Factile_Mode.DGBM_B_TestCase_1 - Left logo is present>>=factile
14:48:57.101 [main] INFO  Factile_Mode.DGBP_B_TestCase_2 - Driver is Initilize
14:48:57.792 [main] INFO  Factile_Mode.DGBP_B_TestCase_2 - Navigated to homePage
14:53:48.083 [main] INFO  Factile_Mode.DGBP_B_TestCase_2 - Mascot image is uploaded
14:55:30.562 [main] INFO  Factile_Mode.DGBP_HSB_TestCase_3 - Driver is Initilize
14:55:31.401 [main] INFO  Factile_Mode.DGBP_HSB_TestCase_3 - Navigated to homePage
14:58:01.456 [main] INFO  Factile_Mode.DGBP_HSB_TestCase_3 - Background image is successfully loaded at gameboard, image url is= background: url("https://factile-dynamic.s3.amazonaws.com/backgrounds/bg1611566816162pf79963.jpg");
14:58:01.473 [main] INFO  Factile_Mode.DGBP_HSB_TestCase_3 - At Modearter >> Game Board Color is=background-color: rgb(255, 255, 255);
14:58:01.494 [main] INFO  Factile_Mode.DGBP_HSB_TestCase_3 - At Modearter >> Question Tile Color & Dollar colour is=background-color: rgb(242, 184, 58); color: rgb(31, 31, 31);
14:58:01.514 [main] INFO  Factile_Mode.DGBP_HSB_TestCase_3 - At Modearter >> game category title color=color: rgb(135, 81, 232); font-size: 16px;
14:58:05.571 [main] INFO  Factile_Mode.DGBP_HSB_TestCase_3 - At player >> gameboard background image is>>background: url("https://factile-dynamic.s3.amazonaws.com/backgrounds/bg1611566816162pf79963.jpg");
14:58:05.591 [main] INFO  Factile_Mode.DGBP_HSB_TestCase_3 - At player >> gameboard gameboard colour is =>>background: rgb(255, 255, 255);
14:58:05.611 [main] INFO  Factile_Mode.DGBP_HSB_TestCase_3 - At player >>game tile color is =>>background: rgb(242, 184, 58);
14:58:05.629 [main] INFO  Factile_Mode.DGBP_HSB_TestCase_3 - At player >>Dollar colour is=>>color: rgb(31, 31, 31);
14:58:05.647 [main] INFO  Factile_Mode.DGBP_HSB_TestCase_3 - At Modearter >> game category Title color=color: rgb(135, 81, 232);
