16:09:34.757 [main] INFO  Factile_Mode.DGBP_HSB_TestCase_23 - At customization page>> >>Show Final Factile Category Hint at Wager Time is checked
16:13:15.103 [main] INFO  Factile_Mode.DGBP_HSB_TestCase_23 - Driver is Initilize
16:13:22.721 [main] INFO  Factile_Mode.DGBP_HSB_TestCase_23 - Navigated to homePage
16:14:05.680 [main] INFO  Factile_Mode.DGBP_HSB_TestCase_23 - At customization page>> >>Show Final Factile Category Hint at Wager Time is checked
10:08:46.184 [main] INFO  Factile_Mode.DGBP_HSB_TestCase_23 - Driver is Initilize
10:08:47.927 [main] INFO  Factile_Mode.DGBP_HSB_TestCase_23 - Navigated to homePage
10:09:08.994 [main] INFO  Factile_Mode.DGBP_HSB_TestCase_23 - At customization page>> >>Show Final Factile Category Hint at Wager Time is checked
10:10:59.619 [main] INFO  Factile_Mode.DGBP_HSB_TestCase_23 - Driver is Initilize
10:11:00.509 [main] INFO  Factile_Mode.DGBP_HSB_TestCase_23 - Navigated to homePage
10:11:22.078 [main] INFO  Factile_Mode.DGBP_HSB_TestCase_23 - At customization page>> >>Show Final Factile Category Hint at Wager Time is checked
10:16:59.551 [main] INFO  Factile_Mode.DGBP_HSB_TestCase_23 - Driver is Initilize
10:17:00.337 [main] INFO  Factile_Mode.DGBP_HSB_TestCase_23 - Navigated to homePage
10:17:21.695 [main] INFO  Factile_Mode.DGBP_HSB_TestCase_23 - At customization page>> >>Show Final Factile Category Hint at Wager Time is checked
10:33:07.679 [main] INFO  Factile_Mode.DGBP_HSB_TestCase_23 - Driver is Initilize
10:33:08.557 [main] INFO  Factile_Mode.DGBP_HSB_TestCase_23 - Navigated to homePage
10:33:30.295 [main] INFO  Factile_Mode.DGBP_HSB_TestCase_23 - At customization page>> >>Show Final Factile Category Hint at Wager Time is checked
10:43:09.644 [main] INFO  Factile_Mode.DGBP_HSB_TestCase_24 - Driver is Initilize
10:43:10.407 [main] INFO  Factile_Mode.DGBP_HSB_TestCase_24 - Navigated to homePage
10:43:32.994 [main] INFO  Factile_Mode.DGBP_HSB_TestCase_24 - At customization page>> >>Allow multiple team to answer is checked at global setting
10:55:27.265 [main] INFO  Factile_Mode.DGBP_HSB_TestCase_25 - Driver is Initilize
10:55:28.929 [main] INFO  Factile_Mode.DGBP_HSB_TestCase_25 - Navigated to homePage
10:55:52.579 [main] INFO  Factile_Mode.DGBP_HSB_TestCase_25 - At customization page>> >>Allow multiple user to answer is unchecked at global setting
11:11:33.316 [main] INFO  Factile_Mode.DGBP_HSB_TestCase_23 - Driver is Initilize
11:11:37.466 [main] INFO  Factile_Mode.DGBP_HSB_TestCase_23 - Navigated to homePage
11:19:49.053 [main] INFO  Factile_Mode.DGBP_HSB_TestCase_23 - Driver is Initilize
11:19:52.898 [main] INFO  Factile_Mode.DGBP_HSB_TestCase_23 - Navigated to homePage
11:20:19.687 [main] INFO  Factile_Mode.DGBP_HSB_TestCase_23 - At customization page>> >>Show Final Factile Category Hint at Wager Time is checked
14:16:08.697 [main] INFO  Factile_Mode.DGBP_HSB_TestCase_23 - Driver is Initilize
14:16:09.868 [main] INFO  Factile_Mode.DGBP_HSB_TestCase_23 - Navigated to homePage
14:16:34.897 [main] INFO  Factile_Mode.DGBP_HSB_TestCase_23 - At customization page>> >>Show Final Factile Category Hint at Wager Time is checked
14:18:43.154 [main] INFO  Factile_Mode.DGBP_HSB_TestCase_24 - Driver is Initilize
14:18:44.000 [main] INFO  Factile_Mode.DGBP_HSB_TestCase_24 - Navigated to homePage
14:19:07.195 [main] INFO  Factile_Mode.DGBP_HSB_TestCase_24 - At customization page>> >>Allow multiple team to answer is checked at global setting
14:28:39.250 [main] INFO  Factile_Mode.DGBP_HSB_TestCase_25 - Driver is Initilize
14:28:40.105 [main] INFO  Factile_Mode.DGBP_HSB_TestCase_25 - Navigated to homePage
14:29:02.815 [main] INFO  Factile_Mode.DGBP_HSB_TestCase_25 - At customization page>> >>Allow multiple user to answer is unchecked at global setting
14:38:00.307 [main] INFO  Factile_Mode.DGBP_HSB_TestCase_23 - Driver is Initilize
14:38:03.053 [main] INFO  Factile_Mode.DGBP_HSB_TestCase_23 - Navigated to homePage
14:38:35.390 [main] INFO  Factile_Mode.DGBP_HSB_TestCase_23 - At customization page>> >>Show Final Factile Category Hint at Wager Time is checked
14:49:39.295 [main] INFO  Factile_Mode.DGBP_HSB_TestCase_23 - Driver is Initilize
14:49:40.221 [main] INFO  Factile_Mode.DGBP_HSB_TestCase_23 - Navigated to homePage
14:50:05.906 [main] INFO  Factile_Mode.DGBP_HSB_TestCase_23 - At customization page>> >>Show Final Factile Category Hint at Wager Time is checked
14:55:59.080 [main] INFO  Factile_Mode.DGBP_HSB_TestCase_23 - Driver is Initilize
14:56:00.496 [main] INFO  Factile_Mode.DGBP_HSB_TestCase_23 - Navigated to homePage
14:56:23.930 [main] INFO  Factile_Mode.DGBP_HSB_TestCase_23 - At customization page>> >>Show Final Factile Category Hint at Wager Time is checked
15:11:28.547 [main] INFO  Factile_Mode.DGBP_HSB_TestCase_23 - Driver is Initilize
15:11:29.614 [main] INFO  Factile_Mode.DGBP_HSB_TestCase_23 - Navigated to homePage
15:12:17.416 [main] INFO  Factile_Mode.DGBP_HSB_TestCase_23 - At customization page>> >>Show Final Factile Category Hint at Wager Time is checked
