21:24:11.245 [main] INFO  Factile_Mode.DGBP_HSB_TestCase_7 - Navigated to homePage
21:25:11.736 [main] INFO  Factile_Mode.DGBP_HSB_TestCase_7 - At customization page>> UnCheck display exact case>> 
21:27:42.059 [main] INFO  Factile_Mode.DGBM_B_TestCase_1 - Driver is Initilize
21:27:48.067 [main] INFO  Factile_Mode.DGBM_B_TestCase_1 - Navigated to homePage
21:29:04.841 [main] INFO  Factile_Mode.DGBP_B_TestCase_2 - Driver is Initilize
21:29:10.348 [main] INFO  Factile_Mode.DGBP_B_TestCase_2 - Navigated to homePage
21:29:38.917 [main] INFO  Factile_Mode.DGBP_B_TestCase_2 - Mascot image is uploaded
21:29:48.864 [main] INFO  Factile_Mode.DGBP_HSB_TestCase_3 - Driver is Initilize
21:29:54.330 [main] INFO  Factile_Mode.DGBP_HSB_TestCase_3 - Navigated to homePage
21:31:56.250 [main] INFO  TestCases_Execution.TestCase_1 - Driver is Initilize
21:32:01.959 [main] INFO  TestCases_Execution.TestCase_1 - Navigated to homePage
21:32:24.715 [main] INFO  TestCases_Execution.TestCase_1 - Driver is Initilize
21:32:30.253 [main] INFO  TestCases_Execution.TestCase_1 - Navigated to homePage
21:34:20.581 [main] INFO  TestCases_Execution.TestCase_1 - SMO(Twiiter & Pintrest) Links not present on gameboard at moderater screen
21:34:26.014 [main] INFO  Factile_Mode.DGBP_HSB_TestCase_6 - Driver is Initilize
21:34:31.360 [main] INFO  Factile_Mode.DGBP_HSB_TestCase_6 - Navigated to homePage
21:35:11.517 [main] INFO  Factile_Mode.DGBP_HSB_TestCase_7 - Driver is Initilize
21:35:16.980 [main] INFO  Factile_Mode.DGBP_HSB_TestCase_7 - Navigated to homePage
21:35:34.289 [main] INFO  Factile_Mode.DGBP_HSB_TestCase_7 - At customization page>> UnCheck display exact case>> 
21:36:35.662 [main] INFO  Factile_Mode.DGBP_HSB_TestCase_8 - Driver is Initilize
21:36:42.285 [main] INFO  Factile_Mode.DGBP_HSB_TestCase_8 - Navigated to homePage
21:36:58.802 [main] INFO  Factile_Mode.DGBP_HSB_TestCase_8 - At customization page>> UnCheck Hide Category with Points>> 
21:38:04.282 [main] INFO  Factile_Mode.DGBP_HSB_TestCase_9 - Driver is Initilize
21:38:12.863 [main] INFO  Factile_Mode.DGBP_HSB_TestCase_9 - Navigated to homePage
21:38:31.045 [main] INFO  Factile_Mode.DGBP_HSB_TestCase_9 - At customization page>> Check Hide Category with Points>> 
21:39:26.963 [main] INFO  Factile_Mode.DGBP_HSB_TestCase_10 - Driver is Initilize
21:39:40.902 [main] INFO  Factile_Mode.DGBP_HSB_TestCase_10 - Navigated to homePage
21:39:54.996 [main] INFO  Factile_Mode.DGBP_HSB_TestCase_10 - At customization page>> Check Diaplay Answer button>> 
21:41:00.202 [main] INFO  Factile_Mode.DGBP_HSB_TestCase_11 - Driver is Initilize
21:41:09.000 [main] INFO  Factile_Mode.DGBP_HSB_TestCase_11 - Navigated to homePage
21:41:39.332 [main] INFO  Factile_Mode.DGBP_HSB_TestCase_12 - Driver is Initilize
21:41:44.461 [main] INFO  Factile_Mode.DGBP_HSB_TestCase_12 - Navigated to homePage
21:41:58.650 [main] INFO  Factile_Mode.DGBP_HSB_TestCase_12 - At customization page>> Check Turn off tag name>> 
21:42:07.074 [main] INFO  Factile_Mode.DGBP_HSB_TestCase_12 - Tag name turn off is working fine
21:42:57.212 [main] INFO  Factile_Mode.DGBP_HSB_TestCase_13 - Driver is Initilize
21:43:02.082 [main] INFO  Factile_Mode.DGBP_HSB_TestCase_13 - Navigated to homePage
21:43:59.797 [main] INFO  Factile_Mode.DGBP_HSB_TestCase_14 - Driver is Initilize
21:44:04.643 [main] INFO  Factile_Mode.DGBP_HSB_TestCase_14 - Navigated to homePage
21:44:23.982 [main] INFO  Factile_Mode.DGBP_HSB_TestCase_15 - Driver is Initilize
21:44:33.629 [main] INFO  Factile_Mode.DGBP_HSB_TestCase_15 - Navigated to homePage
21:44:50.418 [main] INFO  Factile_Mode.DGBP_HSB_TestCase_15 - At customization page>> Play as Numbered Tiles instead of Jeopardy-style is checked >> 
21:46:55.379 [main] INFO  Factile_Mode.DGBP_HSB_TestCase_15 - JGame_Point_Symbol_$_Before is working fine
21:50:32.610 [main] INFO  Factile_Mode.DGBM_B_TestCase_1 - Driver is Initilize
21:50:39.817 [main] INFO  Factile_Mode.DGBM_B_TestCase_1 - Navigated to homePage
21:52:05.897 [main] INFO  Factile_Mode.DGBP_B_TestCase_2 - Driver is Initilize
21:52:11.496 [main] INFO  Factile_Mode.DGBP_B_TestCase_2 - Navigated to homePage
21:52:44.464 [main] INFO  Factile_Mode.DGBP_B_TestCase_2 - Mascot image is uploaded
21:52:54.883 [main] INFO  Factile_Mode.DGBP_HSB_TestCase_3 - Driver is Initilize
21:52:59.362 [main] INFO  Factile_Mode.DGBP_HSB_TestCase_3 - Navigated to homePage
21:53:28.068 [main] INFO  TestCases_Execution.TestCase_1 - Driver is Initilize
21:53:56.244 [main] INFO  TestCases_Execution.TestCase_1 - Navigated to homePage
21:54:52.699 [main] INFO  TestCases_Execution.TestCase_1 - Driver is Initilize
21:55:00.930 [main] INFO  TestCases_Execution.TestCase_1 - Navigated to homePage
21:56:50.101 [main] INFO  Factile_Mode.DGBP_HSB_TestCase_6 - Driver is Initilize
21:56:55.437 [main] INFO  Factile_Mode.DGBP_HSB_TestCase_6 - Navigated to homePage
21:57:32.169 [main] INFO  Factile_Mode.DGBP_HSB_TestCase_7 - Driver is Initilize
21:57:39.051 [main] INFO  Factile_Mode.DGBP_HSB_TestCase_7 - Navigated to homePage
