07:43:24.417 [main] INFO  Factile_Mode_v3.GoProToSubscriptionBussinessMonthlyData_Verify - Navigated to homePage
07:43:52.587 [main] INFO  Factile_Mode_v3.GoProToSubscriptionBussinessYearlyData_Verify - Driver is Initilize
07:43:57.515 [main] INFO  Factile_Mode_v3.GoProToSubscriptionBussinessYearlyData_Verify - Navigated to homePage
15:25:34.312 [main] INFO  Factile_Mode_v3.Sign_UP - Driver is Initilize
15:25:41.750 [main] INFO  Factile_Mode_v3.Sign_UP - Navigated to homePage
15:25:50.153 [main] INFO  Factile_Mode_v3.Log_In - Driver is Initilize
15:25:54.507 [main] INFO  Factile_Mode_v3.Log_In - Navigated to homePage
15:25:57.105 [main] INFO  Factile_Mode_v3.Sign_Out - Driver is Initilize
15:26:01.759 [main] INFO  Factile_Mode_v3.Sign_Out - Navigated to homePage
15:26:11.923 [main] INFO  Factile_Mode_v3.ForgetPassword - Driver is Initilize
15:26:16.563 [main] INFO  Factile_Mode_v3.ForgetPassword - Navigated to homePage
15:27:23.020 [main] INFO  Factile_Mode_v3.TwoFactorAuthentication - Driver is Initilize
15:27:27.282 [main] INFO  Factile_Mode_v3.TwoFactorAuthentication - Navigated to homePage
15:28:33.843 [main] INFO  Factile_Mode_v3.ChangePassword - Driver is Initilize
15:28:38.539 [main] INFO  Factile_Mode_v3.ChangePassword - Navigated to homePage
15:29:46.383 [main] INFO  Factile_Mode_v3.Support_Form - Driver is Initilize
15:29:50.961 [main] INFO  Factile_Mode_v3.Support_Form - Navigated to homePage
15:30:59.982 [main] INFO  Factile_Mode_v3.DeleteAccount - Driver is Initilize
15:31:05.003 [main] INFO  Factile_Mode_v3.DeleteAccount - Navigated to homePage
15:31:23.889 [main] INFO  Factile_Mode_v3.HeaderMenuInFreeAccount - Driver is Initilize
15:31:28.226 [main] INFO  Factile_Mode_v3.HeaderMenuInFreeAccount - Navigated to homePage
15:31:33.964 [main] INFO  Factile_Mode_v3.HeaderMenuInPaidAccount - Driver is Initilize
15:31:38.238 [main] INFO  Factile_Mode_v3.HeaderMenuInPaidAccount - Navigated to homePage
15:31:44.229 [main] INFO  Factile_Mode_v3.PageNotFound_Links_at_HomePage - Driver is Initilize
15:31:49.082 [main] INFO  Factile_Mode_v3.PageNotFound_Links_at_HomePage - Navigated to homePage
15:32:27.732 [main] INFO  Factile_Mode_v3.GoProToSubscriptionHomeSchoolMonthlyData_Verify - Driver is Initilize
15:32:32.918 [main] INFO  Factile_Mode_v3.GoProToSubscriptionHomeSchoolMonthlyData_Verify - Navigated to homePage
15:34:50.863 [main] INFO  Factile_Mode_v3.GoProToSubscriptionHomeSchoolYearlyData_Verify - Driver is Initilize
15:34:55.083 [main] INFO  Factile_Mode_v3.GoProToSubscriptionHomeSchoolYearlyData_Verify - Navigated to homePage
15:37:12.577 [main] INFO  Factile_Mode_v3.GoProToSubscriptionBussinessMonthlyData_Verify - Driver is Initilize
15:37:17.300 [main] INFO  Factile_Mode_v3.GoProToSubscriptionBussinessMonthlyData_Verify - Navigated to homePage
15:38:35.037 [main] INFO  Factile_Mode_v3.GoProToSubscriptionBussinessYearlyData_Verify - Driver is Initilize
15:38:39.885 [main] INFO  Factile_Mode_v3.GoProToSubscriptionBussinessYearlyData_Verify - Navigated to homePage
15:44:50.372 [main] INFO  Factile_Mode_v3.Support_Form - Driver is Initilize
15:44:54.774 [main] INFO  Factile_Mode_v3.Support_Form - Navigated to homePage
15:54:02.520 [main] INFO  Factile_Mode_v3.Support_Form - Driver is Initilize
15:54:07.103 [main] INFO  Factile_Mode_v3.Support_Form - Navigated to homePage
15:56:43.813 [main] INFO  Factile_Mode_v3.Support_Form - Driver is Initilize
15:56:48.303 [main] INFO  Factile_Mode_v3.Support_Form - Navigated to homePage
15:59:46.672 [main] INFO  Factile_Mode_v3.ChangePassword - Driver is Initilize
15:59:51.166 [main] INFO  Factile_Mode_v3.ChangePassword - Navigated to homePage
16:03:28.927 [main] INFO  Factile_Mode_v3.ChangePassword - Driver is Initilize
16:03:41.230 [main] INFO  Factile_Mode_v3.ChangePassword - Navigated to homePage
16:21:03.723 [main] INFO  Factile_Mode_v3.ChangePassword - Driver is Initilize
16:21:08.691 [main] INFO  Factile_Mode_v3.ChangePassword - Navigated to homePage
16:21:56.588 [main] INFO  Factile_Mode_v3.ChangePassword - Driver is Initilize
16:22:00.041 [main] INFO  Factile_Mode_v3.ChangePassword - Navigated to homePage
16:26:44.266 [main] INFO  Factile_Mode_v3.FreeAccount_NoOfGameAllowedToCreate - Driver is Initilize
16:26:49.301 [main] INFO  Factile_Mode_v3.FreeAccount_NoOfGameAllowedToCreate - Navigated to homePage
16:31:17.232 [main] INFO  Factile_Mode_v3.GoProToSubscriptionBussinessMonthlyData_Verify - Driver is Initilize
16:31:22.033 [main] INFO  Factile_Mode_v3.GoProToSubscriptionBussinessMonthlyData_Verify - Navigated to homePage
16:48:53.193 [main] INFO  Factile_Mode_v3.GoProToSubscriptionBussinessMonthlyData_Verify - Driver is Initilize
16:48:58.481 [main] INFO  Factile_Mode_v3.GoProToSubscriptionBussinessMonthlyData_Verify - Navigated to homePage
17:18:36.565 [main] INFO  Factile_Mode_v3.HeaderMenuInFreeAccount - Driver is Initilize
17:18:41.280 [main] INFO  Factile_Mode_v3.HeaderMenuInFreeAccount - Navigated to homePage
