18:14:59.566 [main] INFO  Factile_Mode_v3.PageNotFound_Links_at_HomePage - Driver is Initilize
18:15:04.572 [main] INFO  Factile_Mode_v3.PageNotFound_Links_at_HomePage - Navigated to homePage
18:18:28.635 [main] INFO  Factile_Mode_v3.GoProToSubscriptionHomeSchoolMonthlyData_Verify - Driver is Initilize
18:18:33.675 [main] INFO  Factile_Mode_v3.GoProToSubscriptionHomeSchoolMonthlyData_Verify - Navigated to homePage
18:19:01.419 [main] INFO  Factile_Mode_v3.GoProToSubscriptionHomeSchoolYearlyData_Verify - Driver is Initilize
18:19:06.730 [main] INFO  Factile_Mode_v3.GoProToSubscriptionHomeSchoolYearlyData_Verify - Navigated to homePage
18:20:09.599 [main] INFO  Factile_Mode_v3.GoProToSubscriptionBussinessMonthlyData_Verify - Driver is Initilize
18:20:15.364 [main] INFO  Factile_Mode_v3.GoProToSubscriptionBussinessMonthlyData_Verify - Navigated to homePage
18:20:44.468 [main] INFO  Factile_Mode_v3.GoProToSubscriptionBussinessYearlyData_Verify - Driver is Initilize
18:20:49.651 [main] INFO  Factile_Mode_v3.GoProToSubscriptionBussinessYearlyData_Verify - Navigated to homePage
18:21:09.194 [main] INFO  Factile_Mode_v3.FreeAccount_NoOfGameAllowedToCreate - Driver is Initilize
18:21:14.033 [main] INFO  Factile_Mode_v3.FreeAccount_NoOfGameAllowedToCreate - Navigated to homePage
18:22:38.541 [main] INFO  Factile_Mode_v3.Sign_UP - Driver is Initilize
18:22:43.674 [main] INFO  Factile_Mode_v3.Sign_UP - Navigated to homePage
18:22:51.830 [main] INFO  Factile_Mode_v3.Log_In - Driver is Initilize
18:22:56.959 [main] INFO  Factile_Mode_v3.Log_In - Navigated to homePage
18:22:59.351 [main] INFO  Factile_Mode_v3.Sign_Out - Driver is Initilize
18:23:04.619 [main] INFO  Factile_Mode_v3.Sign_Out - Navigated to homePage
18:23:14.678 [main] INFO  Factile_Mode_v3.ForgetPassword - Driver is Initilize
18:23:19.649 [main] INFO  Factile_Mode_v3.ForgetPassword - Navigated to homePage
18:23:53.202 [main] INFO  Factile_Mode_v3.TwoFactorAuthentication - Driver is Initilize
18:23:58.192 [main] INFO  Factile_Mode_v3.TwoFactorAuthentication - Navigated to homePage
18:24:42.468 [main] INFO  Factile_Mode_v3.ChangePassword - Driver is Initilize
18:24:47.767 [main] INFO  Factile_Mode_v3.ChangePassword - Navigated to homePage
18:24:56.655 [main] INFO  Factile_Mode_v3.Support_Form - Driver is Initilize
18:25:01.545 [main] INFO  Factile_Mode_v3.Support_Form - Navigated to homePage
18:25:16.075 [main] INFO  Factile_Mode_v3.DeleteAccount - Driver is Initilize
18:25:20.949 [main] INFO  Factile_Mode_v3.DeleteAccount - Navigated to homePage
18:25:40.349 [main] INFO  Factile_Mode_v3.HeaderMenuInFreeAccount - Driver is Initilize
18:25:44.966 [main] INFO  Factile_Mode_v3.HeaderMenuInFreeAccount - Navigated to homePage
18:25:50.525 [main] INFO  Factile_Mode_v3.HeaderMenuInPaidAccount - Driver is Initilize
18:25:55.276 [main] INFO  Factile_Mode_v3.HeaderMenuInPaidAccount - Navigated to homePage
18:26:01.760 [main] INFO  Factile_Mode_v3.PageNotFound_Links_at_HomePage - Driver is Initilize
18:26:07.135 [main] INFO  Factile_Mode_v3.PageNotFound_Links_at_HomePage - Navigated to homePage
18:29:32.846 [main] INFO  Factile_Mode_v3.GoProToSubscriptionHomeSchoolMonthlyData_Verify - Driver is Initilize
18:29:37.742 [main] INFO  Factile_Mode_v3.GoProToSubscriptionHomeSchoolMonthlyData_Verify - Navigated to homePage
18:30:02.517 [main] INFO  Factile_Mode_v3.GoProToSubscriptionHomeSchoolYearlyData_Verify - Driver is Initilize
18:30:07.584 [main] INFO  Factile_Mode_v3.GoProToSubscriptionHomeSchoolYearlyData_Verify - Navigated to homePage
18:30:36.787 [main] INFO  Factile_Mode_v3.GoProToSubscriptionBussinessMonthlyData_Verify - Driver is Initilize
18:30:41.695 [main] INFO  Factile_Mode_v3.GoProToSubscriptionBussinessMonthlyData_Verify - Navigated to homePage
18:31:11.262 [main] INFO  Factile_Mode_v3.GoProToSubscriptionBussinessYearlyData_Verify - Driver is Initilize
18:31:16.240 [main] INFO  Factile_Mode_v3.GoProToSubscriptionBussinessYearlyData_Verify - Navigated to homePage
18:31:37.848 [main] INFO  Factile_Mode_v3.FreeAccount_NoOfGameAllowedToCreate - Driver is Initilize
18:31:42.827 [main] INFO  Factile_Mode_v3.FreeAccount_NoOfGameAllowedToCreate - Navigated to homePage
18:33:54.625 [main] INFO  Factile_Mode_v3.ChangePassword - Driver is Initilize
18:33:59.742 [main] INFO  Factile_Mode_v3.ChangePassword - Navigated to homePage
18:34:24.830 [main] INFO  Factile_Mode_v3.Sign_UP - Driver is Initilize
18:34:29.973 [main] INFO  Factile_Mode_v3.Sign_UP - Navigated to homePage
18:34:38.124 [main] INFO  Factile_Mode_v3.Log_In - Driver is Initilize
18:34:43.200 [main] INFO  Factile_Mode_v3.Log_In - Navigated to homePage
18:34:46.150 [main] INFO  Factile_Mode_v3.Sign_Out - Driver is Initilize
18:34:51.125 [main] INFO  Factile_Mode_v3.Sign_Out - Navigated to homePage
18:35:01.545 [main] INFO  Factile_Mode_v3.ForgetPassword - Driver is Initilize
18:35:06.998 [main] INFO  Factile_Mode_v3.ForgetPassword - Navigated to homePage
18:35:41.537 [main] INFO  Factile_Mode_v3.TwoFactorAuthentication - Driver is Initilize
