12:10:17.203 [main] INFO  Factile_Mode_v3.GoProToSubscriptionBussinessMonthlyData_Verify - Driver is Initilize
12:10:25.081 [main] INFO  Factile_Mode_v3.GoProToSubscriptionBussinessMonthlyData_Verify - Navigated to homePage
12:13:13.225 [main] INFO  Factile_Mode_v3.GoProToSubscriptionBussinessMonthlyData_Verify - Driver is Initilize
12:13:23.383 [main] INFO  Factile_Mode_v3.GoProToSubscriptionBussinessMonthlyData_Verify - Navigated to homePage
12:14:51.268 [main] INFO  Factile_Mode_v3.GoProToSubscriptionBussinessMonthlyData_Verify - Driver is Initilize
12:15:01.209 [main] INFO  Factile_Mode_v3.GoProToSubscriptionBussinessMonthlyData_Verify - Navigated to homePage
12:29:04.598 [main] INFO  Factile_Mode_v3.GoProToSubscriptionBussinessMonthlyData_Verify - Driver is Initilize
12:29:11.491 [main] INFO  Factile_Mode_v3.GoProToSubscriptionBussinessMonthlyData_Verify - Navigated to homePage
12:36:50.163 [main] INFO  Factile_Mode_v3.GoProToSubscriptionBussinessMonthlyData_Verify - Driver is Initilize
12:36:57.708 [main] INFO  Factile_Mode_v3.GoProToSubscriptionBussinessMonthlyData_Verify - Navigated to homePage
12:41:49.431 [main] INFO  Factile_Mode_v3.GoProToSubscriptionBussinessMonthlyData_Verify - Driver is Initilize
12:41:57.925 [main] INFO  Factile_Mode_v3.GoProToSubscriptionBussinessMonthlyData_Verify - Navigated to homePage
12:43:47.362 [main] INFO  Factile_Mode_v3.GoProToSubscriptionBussinessMonthlyData_Verify - Driver is Initilize
12:43:57.641 [main] INFO  Factile_Mode_v3.GoProToSubscriptionBussinessMonthlyData_Verify - Navigated to homePage
13:17:21.948 [main] INFO  Factile_Mode_v3.GoProToSubscriptionBussinessMonthlyData_Verify - Driver is Initilize
13:17:36.705 [main] INFO  Factile_Mode_v3.GoProToSubscriptionBussinessMonthlyData_Verify - Navigated to homePage
13:21:20.915 [main] INFO  Factile_Mode_v3.GoProToSubscriptionBussinessMonthlyData_Verify - Driver is Initilize
13:21:28.678 [main] INFO  Factile_Mode_v3.GoProToSubscriptionBussinessMonthlyData_Verify - Navigated to homePage
13:52:51.457 [main] INFO  Factile_Mode_v3.GoProToSubscriptionBussinessMonthlyData_Verify - Driver is Initilize
13:52:58.049 [main] INFO  Factile_Mode_v3.GoProToSubscriptionBussinessMonthlyData_Verify - Navigated to homePage
14:52:42.566 [main] INFO  Factile_Mode_v3.GoProToSubscriptionBussinessMonthlyData_Verify - Driver is Initilize
14:52:49.406 [main] INFO  Factile_Mode_v3.GoProToSubscriptionBussinessMonthlyData_Verify - Navigated to homePage
15:00:13.097 [main] INFO  Factile_Mode_v3.GoProToSubscriptionBussinessMonthlyData_Verify - Driver is Initilize
15:00:19.871 [main] INFO  Factile_Mode_v3.GoProToSubscriptionBussinessMonthlyData_Verify - Navigated to homePage
15:01:54.878 [main] INFO  Factile_Mode_v3.GoProToSubscriptionBussinessMonthlyData_Verify - Driver is Initilize
15:02:03.625 [main] INFO  Factile_Mode_v3.GoProToSubscriptionBussinessMonthlyData_Verify - Navigated to homePage
15:04:04.416 [main] INFO  Factile_Mode_v3.GoProToSubscriptionBussinessMonthlyData_Verify - Driver is Initilize
15:04:14.060 [main] INFO  Factile_Mode_v3.GoProToSubscriptionBussinessMonthlyData_Verify - Navigated to homePage
15:16:22.063 [main] INFO  Factile_Mode_v3.GoProToSubscriptionHomeSchoolMonthlyData_Verify - Driver is Initilize
15:16:35.190 [main] INFO  Factile_Mode_v3.GoProToSubscriptionHomeSchoolMonthlyData_Verify - Navigated to homePage
15:54:20.516 [main] INFO  Factile_Mode_v3.GoProToSubscriptionBussinessYearlyData_Verify - Driver is Initilize
15:54:28.815 [main] INFO  Factile_Mode_v3.GoProToSubscriptionBussinessYearlyData_Verify - Navigated to homePage
16:19:21.497 [main] INFO  Factile_Mode_v3.GoProToSubscriptionBussinessYearlyData_Verify - Driver is Initilize
16:19:28.296 [main] INFO  Factile_Mode_v3.GoProToSubscriptionBussinessYearlyData_Verify - Navigated to homePage
16:22:16.063 [main] INFO  Factile_Mode_v3.GoProToSubscriptionBussinessYearlyData_Verify - Driver is Initilize
16:22:23.940 [main] INFO  Factile_Mode_v3.GoProToSubscriptionBussinessYearlyData_Verify - Navigated to homePage
16:26:52.944 [main] INFO  Factile_Mode_v3.GoProToSubscriptionBussinessYearlyData_Verify - Driver is Initilize
16:27:00.352 [main] INFO  Factile_Mode_v3.GoProToSubscriptionBussinessYearlyData_Verify - Navigated to homePage
16:37:43.604 [main] INFO  Factile_Mode_v3.GoProToSubscriptionBussinessYearlyData_Verify - Driver is Initilize
16:37:50.856 [main] INFO  Factile_Mode_v3.GoProToSubscriptionBussinessYearlyData_Verify - Navigated to homePage
16:46:14.627 [main] INFO  Factile_Mode_v3.GoProToSubscriptionBussinessYearlyData_Verify - Driver is Initilize
16:46:21.949 [main] INFO  Factile_Mode_v3.GoProToSubscriptionBussinessYearlyData_Verify - Navigated to homePage
16:48:25.151 [main] INFO  Factile_Mode_v3.GoProToSubscriptionBussinessYearlyData_Verify - Driver is Initilize
16:48:33.103 [main] INFO  Factile_Mode_v3.GoProToSubscriptionBussinessYearlyData_Verify - Navigated to homePage
16:50:20.521 [main] INFO  Factile_Mode_v3.GoProToSubscriptionBussinessYearlyData_Verify - Driver is Initilize
